#
# A fatal error has been detected by the Java Runtime Environment:
#
#  EXCEPTION_ACCESS_VIOLATION (0xc0000005) at pc=0x000000006d38c220, pid=6924, tid=7548
#
# JRE version: 7.0_11-b21
# Java VM: Java HotSpot(TM) 64-Bit Server VM (23.6-b04 mixed mode windows-amd64 compressed oops)
# Problematic frame:
# C  [MSVCR100.dll+0x3c220]
#
# Failed to write core dump. Minidumps are not enabled by default on client versions of Windows
#
# If you would like to submit a bug report, please visit:
#   http://bugreport.sun.com/bugreport/crash.jsp
#

---------------  T H R E A D  ---------------

Current thread (0x00000000757c8800):  JavaThread "Live mode timer" [_thread_in_vm, id=7548, stack(0x0000000164040000,0x0000000168040000)]

siginfo: ExceptionCode=0xc0000005, reading address 0x00000001f621fff8

Registers:
RAX=0x000000000000003f, RBX=0x00000000757c8800, RCX=0x00000007cc70af78, RDX=0xfffffffa29b15088
RSP=0x000000016803f328, RBP=0x0000000034621320, RSI=0x0000000000000000, RDI=0x0000000000800000
R8 =0x00000000005a0000, R9 =0x00000001f5f50000, R10=0x00000001f64f0000, R11=0x00000007cc16afb8
R12=0x00000001f5c80040, R13=0x00000006fbd2bdd8, R14=0x000000016803f548, R15=0x00000000757c8800
RIP=0x000000006d38c220, EFLAGS=0x0000000000010216

Top of Stack: (sp=0x000000016803f328)
0x000000016803f328:   00000000691720b9 000000016803f4e0
0x000000016803f338:   0000000069167df6 00000000757c8800
0x000000016803f348:   0000000000400000 00000001f5c80040
0x000000016803f358:   0000000071cbea00 00000000757c8800
0x000000016803f368:   0000000000000000 0000000071cbe9e0
0x000000016803f378:   00000000df834c1f 0000000034621320
0x000000016803f388:   000007feeea8c905 00000000757c89d8
0x000000016803f398:   000000016803f4e0 0000000000400000
0x000000016803f3a8:   0000000000400000 00000001f5c80040
0x000000016803f3b8:   000000006803f100 00000000757c89d8
0x000000016803f3c8:   fffffffffffffffe 000000016803f548
0x000000016803f3d8:   000000006d3b8d17 0000000600000002
0x000000016803f3e8:   0000000000000050 00000000757c8800
0x000000016803f3f8:   000000016803f560 00002f9791b445f8
0x000000016803f408:   000000006d3b01db 0000000000000000
0x000000016803f418:   0000000035786315 00000000df834c1f 

Instructions: (pc=0x000000006d38c220)
0x000000006d38c200:   48 81 e9 80 00 00 00 0f 18 04 0a 0f 18 44 0a 40
0x000000006d38c210:   ff c8 75 ec 48 81 c1 00 10 00 00 b8 40 00 00 00
0x000000006d38c220:   4c 8b 4c 0a f8 4c 8b 54 0a f0 4c 0f c3 49 f8 4c
0x000000006d38c230:   0f c3 51 f0 4c 8b 4c 0a e8 4c 8b 54 0a e0 4c 0f 


Register to memory mapping:

RAX=0x000000000000003f is an unknown value
RBX=0x00000000757c8800 is a thread
RCX=0x00000007cc70af78 is an unknown value
RDX=0xfffffffa29b15088 is an unknown value
RSP=0x000000016803f328 is pointing into the stack for thread: 0x00000000757c8800
RBP=0x0000000034621320 is an unknown value
RSI=0x0000000000000000 is an unknown value
RDI=0x0000000000800000 is pointing into the stack for thread: 0x00000000345bb000
R8 =0x00000000005a0000 is pointing into the stack for thread: 0x00000000345bb000
R9 =0x00000001f5f50000 is an unknown value
R10=0x00000001f64f0000 is an unknown value
R11=0x00000007cc16afb8 is an unknown value
R12=0x00000001f5c80040 is an unknown value
R13=0x00000006fbd2bdd8 is an oop
{constMethod} 
 - klass: {other class}
 - method:       0x00000006fbd2bde0 {method} 'CMMCore_getLastImageMD__SWIG_0' '(JLmmcorej/CMMCore;JJJLmmcorej/Metadata;)Ljava/lang/Object;' in 'mmcorej/MMCoreJJNI'
 - exceptions:   0x00000006f8001d50
R14=0x000000016803f548 is pointing into the stack for thread: 0x00000000757c8800
R15=0x00000000757c8800 is a thread


Stack: [0x0000000164040000,0x0000000168040000],  sp=0x000000016803f328,  free space=65532k
Native frames: (J=compiled Java code, j=interpreted, Vv=VM code, C=native code)
C  [MSVCR100.dll+0x3c220]

Java frames: (J=compiled Java code, j=interpreted, Vv=VM code)
j  mmcorej.MMCoreJJNI.CMMCore_getLastImageMD__SWIG_0(JLmmcorej/CMMCore;JJJLmmcorej/Metadata;)Ljava/lang/Object;+0
j  mmcorej.CMMCore.getLastImageMD(JJLmmcorej/Metadata;)Ljava/lang/Object;+14
j  mmcorej.CMMCore.getLastTaggedImage(I)Lmmcorej/TaggedImage;+13
j  mmcorej.CMMCore.getLastTaggedImage()Lmmcorej/TaggedImage;+2
j  org.micromanager.acquisition.LiveModeTimer$3.run()V+59
j  java.util.TimerThread.mainLoop()V+221
j  java.util.TimerThread.run()V+1
v  ~StubRoutines::call_stub

---------------  P R O C E S S  ---------------

Java Threads: ( => current thread )
  0x00000000757cb800 JavaThread "Timer-1581" [_thread_blocked, id=876, stack(0x00000003c0710000,0x00000003c4710000)]
  0x00000000757ca000 JavaThread "Command Window doExecuteCommand" [_thread_in_native, id=7844, stack(0x000000001b220000,0x000000001f220000)]
  0x00000000757cb000 JavaThread "Display thread" [_thread_blocked, id=884, stack(0x00000003c8710000,0x00000003cc710000)]
=>0x00000000757c8800 JavaThread "Live mode timer" [_thread_in_vm, id=7548, stack(0x0000000164040000,0x0000000168040000)]
  0x0000000074cb1000 JavaThread "pool-11-thread-1" [_thread_blocked, id=1280, stack(0x00000003cc710000,0x00000003d0710000)]
  0x0000000074caf800 JavaThread "zSelector" [_thread_blocked, id=6120, stack(0x00000003c4710000,0x00000003c8710000)]
  0x0000000074cae000 JavaThread "Thread-82" [_thread_blocked, id=6044, stack(0x00000003bc710000,0x00000003c0710000)]
  0x00000000707bb000 JavaThread "pool-10-thread-1" [_thread_blocked, id=6392, stack(0x00000001940d0000,0x00000001980d0000)]
  0x00000000707b8800 JavaThread "BeanShell interpreter" [_thread_blocked, id=7316, stack(0x000000010bff0000,0x000000010fff0000)]
  0x00000000707bd000 JavaThread "Thread-60" [_thread_blocked, id=4880, stack(0x00000000d3ff0000,0x00000000d7ff0000)]
  0x0000000071b40000 JavaThread "Swing-Shell" daemon [_thread_blocked, id=6080, stack(0x0000000123ff0000,0x0000000127ff0000)]
  0x00000000707b8000 JavaThread "Code Analyzer updating thread" [_thread_blocked, id=6852, stack(0x0000000103ff0000,0x0000000107ff0000)]
  0x00000000707b7000 JavaThread "Code Analyzer updating thread" [_thread_blocked, id=3948, stack(0x00000000ffff0000,0x0000000103ff0000)]
  0x00000000707b6800 JavaThread "Code Analyzer updating thread" [_thread_blocked, id=8100, stack(0x00000000fbff0000,0x00000000ffff0000)]
  0x00000000707b5800 JavaThread "Code Analyzer updating thread" [_thread_blocked, id=7912, stack(0x00000000f7ff0000,0x00000000fbff0000)]
  0x00000000707b5000 JavaThread "Code Analyzer updating thread" [_thread_blocked, id=6896, stack(0x00000000f3ff0000,0x00000000f7ff0000)]
  0x00000000707b4000 JavaThread "Code Analyzer updating thread" [_thread_blocked, id=8096, stack(0x00000000efff0000,0x00000000f3ff0000)]
  0x00000000707b3800 JavaThread "Code Analyzer updating thread" [_thread_blocked, id=6828, stack(0x00000000ebff0000,0x00000000efff0000)]
  0x00000000707b2800 JavaThread "Active Reference Queue Daemon" daemon [_thread_blocked, id=7440, stack(0x00000000e7ff0000,0x00000000ebff0000)]
  0x00000000707b1000 JavaThread "Timer-1" daemon [_thread_blocked, id=4200, stack(0x00000000e3ff0000,0x00000000e7ff0000)]
  0x00000000707b2000 JavaThread "ClipboardMonitor Timer" daemon [_thread_blocked, id=7808, stack(0x00000000dfff0000,0x00000000e3ff0000)]
  0x00000000707b0800 JavaThread "Explorer NavigationContext request queue" daemon [_thread_blocked, id=7032, stack(0x00000000dbff0000,0x00000000dfff0000)]
  0x000000007102d800 JavaThread "AddressBar directory emptiness poller" daemon [_thread_blocked, id=1072, stack(0x00000000cfff0000,0x00000000d3ff0000)]
  0x00000000712ab800 JavaThread "Explorer Refresh Service 566362015" daemon [_thread_blocked, id=8172, stack(0x00000000cbff0000,0x00000000cfff0000)]
  0x000000006258e000 JavaThread "TimerQueue" daemon [_thread_blocked, id=2952, stack(0x00000000bfff0000,0x00000000c3ff0000)]
  0x0000000061a65000 JavaThread "Thread-3" daemon [_thread_blocked, id=7960, stack(0x00000000afff0000,0x00000000b3ff0000)]
  0x000000006192e800 JavaThread "FelixPackageAdmin" daemon [_thread_blocked, id=7728, stack(0x00000000bbff0000,0x00000000bfff0000)]
  0x000000006192d800 JavaThread "FelixStartLevel" daemon [_thread_blocked, id=4652, stack(0x00000000b7ff0000,0x00000000bbff0000)]
  0x000000006185a000 JavaThread "FelixDispatchQueue" daemon [_thread_blocked, id=5284, stack(0x00000000b3ff0000,0x00000000b7ff0000)]
  0x0000000061ab3800 JavaThread "AWT-EventQueue-0" [_thread_blocked, id=6476, stack(0x00000000abff0000,0x00000000afff0000)]
  0x000000006167d000 JavaThread "AWT-Windows" daemon [_thread_in_native, id=5508, stack(0x00000000a3ff0000,0x00000000a7ff0000)]
  0x00000000614c3800 JavaThread "AWT-Shutdown" [_thread_blocked, id=6772, stack(0x000000009fff0000,0x00000000a3ff0000)]
  0x00000000614c2800 JavaThread "Java2D Disposer" daemon [_thread_blocked, id=7948, stack(0x000000009bff0000,0x000000009fff0000)]
  0x0000000034645000 JavaThread "Timer-0" [_thread_blocked, id=6488, stack(0x0000000097ff0000,0x000000009bff0000)]
  0x00000000613bd000 JavaThread "EventMgr Dispatcher" daemon [_thread_in_native, id=1584, stack(0x0000000093ff0000,0x0000000097ff0000)]
  0x0000000035236000 JavaThread "Service Thread" daemon [_thread_blocked, id=7592, stack(0x000000008bff0000,0x000000008fff0000)]
  0x0000000035235800 JavaThread "C2 CompilerThread1" daemon [_thread_blocked, id=6348, stack(0x0000000087ff0000,0x000000008bff0000)]
  0x000000003521d800 JavaThread "C2 CompilerThread0" daemon [_thread_blocked, id=6652, stack(0x0000000083ff0000,0x0000000087ff0000)]
  0x000000003521c800 JavaThread "Attach Listener" daemon [_thread_blocked, id=7092, stack(0x000000007fff0000,0x0000000083ff0000)]
  0x0000000035191000 JavaThread "Finalizer" daemon [_thread_blocked, id=5168, stack(0x0000000077270000,0x000000007b270000)]
  0x000000003518b000 JavaThread "Reference Handler" daemon [_thread_blocked, id=5004, stack(0x0000000063570000,0x0000000067570000)]
  0x00000000345bb000 JavaThread "main" [_thread_blocked, id=8008, stack(0x0000000000030000,0x0000000004030000)]

Other Threads:
  0x0000000035188800 VMThread [stack: 0x000000005d120000,0x0000000061120000] [id=6640]
  0x0000000035253000 WatcherThread [stack: 0x000000008fff0000,0x0000000093ff0000] [id=7928]

VM state:synchronizing (normal execution)

VM Mutex/Monitor currently owned by a thread:  ([mutex/lock_event])
[0x000000003441f6a0] Threads_lock - owner thread: 0x0000000035188800

Heap
 PSYoungGen      total 761152K, used 215899K [0x00000007c0000000, 0x00000007efbb0000, 0x0000000800000000)
  eden space 740544K, 27% used [0x00000007c0000000,0x00000007cc96afb8,0x00000007ed330000)
  from space 20608K, 46% used [0x00000007ee790000,0x00000007ef0fbfa0,0x00000007efbb0000)
  to   space 20736K, 0% used [0x00000007ed330000,0x00000007ed330000,0x00000007ee770000)
 ParOldGen       total 129024K, used 74964K [0x0000000700000000, 0x0000000707e00000, 0x00000007c0000000)
  object space 129024K, 58% used [0x0000000700000000,0x0000000704935330,0x0000000707e00000)
 PSPermGen       total 97920K, used 85255K [0x00000006f8000000, 0x00000006fdfa0000, 0x0000000700000000)
  object space 97920K, 87% used [0x00000006f8000000,0x00000006fd341fb0,0x00000006fdfa0000)

Card table byte_map: [0x0000000038780000,0x0000000038fd0000] byte_map_base: 0x0000000034fc0000

Polling page: 0x0000000009f20000

Code Cache  [0x0000000035780000, 0x0000000035e50000, 0x0000000038780000)
 total_blobs=2965 nmethods=2191 adapters=722 free_code_cache=42381Kb largest_free_block=43223680

Compilation events (10 events):
Event: 107.865 Thread 0x000000003521d800 nmethod 2423 0x0000000035dd21d0 code [0x0000000035dd2320, 0x0000000035dd2398]
Event: 107.866 Thread 0x0000000035235800 nmethod 2424 0x0000000035db80d0 code [0x0000000035db8220, 0x0000000035db82f8]
Event: 107.965 Thread 0x000000003521d800 2425             com.mathworks.widgets.text.STPMessagePanel$MessagePanelToolTipListener::isTipShowing (13 bytes)
Event: 107.965 Thread 0x000000003521d800 nmethod 2425 0x0000000035db7e10 code [0x0000000035db7f40, 0x0000000035db7fb8]
Event: 107.981 Thread 0x0000000035235800 2426             java.awt.Component::areBoundsValid (29 bytes)
Event: 107.982 Thread 0x0000000035235800 nmethod 2426 0x0000000035dccf10 code [0x0000000035dcd060, 0x0000000035dcd138]
Event: 108.052 Thread 0x000000003521d800 2427             com.mathworks.widgets.text.MWToolTipSupport$SupportToolTipAndComponentAWTListener::isTipShowing (16 bytes)
Event: 108.053 Thread 0x000000003521d800 nmethod 2427 0x0000000035dccc90 code [0x0000000035dccdc0, 0x0000000035dcce58]
Event: 108.449 Thread 0x0000000035235800 2428             javax.swing.plaf.basic.BasicHTML::getBaseline (43 bytes)
Event: 108.450 Thread 0x0000000035235800 nmethod 2428 0x0000000035d6b350 code [0x0000000035d6b4a0, 0x0000000035d6b568]

GC Heap History (10 events):
Event: 85.476 GC heap before
{Heap before GC invocations=30 (full 2):
 PSYoungGen      total 621568K, used 602871K [0x00000007c0000000, 0x00000007ea6b0000, 0x0000000800000000)
  eden space 594432K, 100% used [0x00000007c0000000,0x00000007e4480000,0x00000007e4480000)
  from space 27136K, 31% used [0x00000007e4480000,0x00000007e4cbdc20,0x00000007e5f00000)
  to   space 25856K, 0% used [0x00000007e8d70000,0x00000007e8d70000,0x00000007ea6b0000)
 ParOldGen       total 129024K, used 74964K [0x0000000700000000, 0x0000000707e00000, 0x00000007c0000000)
  object space 129024K, 58% used [0x0000000700000000,0x0000000704935330,0x0000000707e00000)
 PSPermGen       total 97920K, used 85023K [0x00000006f8000000, 0x00000006fdfa0000, 0x0000000700000000)
  object space 97920K, 86% used [0x00000006f8000000,0x00000006fd307cb8,0x00000006fdfa0000)
Event: 85.492 GC heap after
Heap after GC invocations=30 (full 2):
 PSYoungGen      total 666688K, used 8375K [0x00000007c0000000, 0x00000007ea450000, 0x0000000800000000)
  eden space 643264K, 0% used [0x00000007c0000000,0x00000007c0000000,0x00000007e7430000)
  from space 23424K, 35% used [0x00000007e8d70000,0x00000007e959dc20,0x00000007ea450000)
  to   space 24640K, 0% used [0x00000007e7430000,0x00000007e7430000,0x00000007e8c40000)
 ParOldGen       total 129024K, used 74964K [0x0000000700000000, 0x0000000707e00000, 0x00000007c0000000)
  object space 129024K, 58% used [0x0000000700000000,0x0000000704935330,0x0000000707e00000)
 PSPermGen       total 97920K, used 85023K [0x00000006f8000000, 0x00000006fdfa0000, 0x0000000700000000)
  object space 97920K, 86% used [0x00000006f8000000,0x00000006fd307cb8,0x00000006fdfa0000)
}
Event: 89.198 GC heap before
{Heap before GC invocations=31 (full 2):
 PSYoungGen      total 666688K, used 650538K [0x00000007c0000000, 0x00000007ea450000, 0x0000000800000000)
  eden space 643264K, 99% used [0x00000007c0000000,0x00000007e731ce90,0x00000007e7430000)
  from space 23424K, 35% used [0x00000007e8d70000,0x00000007e959dc20,0x00000007ea450000)
  to   space 24640K, 0% used [0x00000007e7430000,0x00000007e7430000,0x00000007e8c40000)
 ParOldGen       total 129024K, used 74964K [0x0000000700000000, 0x0000000707e00000, 0x00000007c0000000)
  object space 129024K, 58% used [0x0000000700000000,0x0000000704935330,0x0000000707e00000)
 PSPermGen       total 97920K, used 85052K [0x00000006f8000000, 0x00000006fdfa0000, 0x0000000700000000)
  object space 97920K, 86% used [0x00000006f8000000,0x00000006fd30f200,0x00000006fdfa0000)
Event: 89.212 GC heap after
Heap after GC invocations=31 (full 2):
 PSYoungGen      total 667904K, used 8631K [0x00000007c0000000, 0x00000007ed420000, 0x0000000800000000)
  eden space 643264K, 0% used [0x00000007c0000000,0x00000007c0000000,0x00000007e7430000)
  from space 24640K, 35% used [0x00000007e7430000,0x00000007e7c9dc20,0x00000007e8c40000)
  to   space 23488K, 0% used [0x00000007ebd30000,0x00000007ebd30000,0x00000007ed420000)
 ParOldGen       total 129024K, used 74964K [0x0000000700000000, 0x0000000707e00000, 0x00000007c0000000)
  object space 129024K, 58% used [0x0000000700000000,0x0000000704935330,0x0000000707e00000)
 PSPermGen       total 97920K, used 85052K [0x00000006f8000000, 0x00000006fdfa0000, 0x0000000700000000)
  object space 97920K, 86% used [0x00000006f8000000,0x00000006fd30f200,0x00000006fdfa0000)
}
Event: 99.163 GC heap before
{Heap before GC invocations=32 (full 2):
 PSYoungGen      total 667904K, used 651895K [0x00000007c0000000, 0x00000007ed420000, 0x0000000800000000)
  eden space 643264K, 100% used [0x00000007c0000000,0x00000007e7430000,0x00000007e7430000)
  from space 24640K, 35% used [0x00000007e7430000,0x00000007e7c9dc20,0x00000007e8c40000)
  to   space 23488K, 0% used [0x00000007ebd30000,0x00000007ebd30000,0x00000007ed420000)
 ParOldGen       total 129024K, used 74964K [0x0000000700000000, 0x0000000707e00000, 0x00000007c0000000)
  object space 129024K, 58% used [0x0000000700000000,0x0000000704935330,0x0000000707e00000)
 PSPermGen       total 97920K, used 85174K [0x00000006f8000000, 0x00000006fdfa0000, 0x0000000700000000)
  object space 97920K, 86% used [0x00000006f8000000,0x00000006fd32d928,0x00000006fdfa0000)
Event: 99.178 GC heap after
Heap after GC invocations=32 (full 2):
 PSYoungGen      total 704320K, used 12336K [0x00000007c0000000, 0x00000007eccf0000, 0x0000000800000000)
  eden space 688192K, 0% used [0x00000007c0000000,0x00000007c0000000,0x00000007ea010000)
  from space 16128K, 76% used [0x00000007ebd30000,0x00000007ec93c280,0x00000007eccf0000)
  to   space 22976K, 0% used [0x00000007ea010000,0x00000007ea010000,0x00000007eb680000)
 ParOldGen       total 129024K, used 74964K [0x0000000700000000, 0x0000000707e00000, 0x00000007c0000000)
  object space 129024K, 58% used [0x0000000700000000,0x0000000704935330,0x0000000707e00000)
 PSPermGen       total 97920K, used 85174K [0x00000006f8000000, 0x00000006fdfa0000, 0x0000000700000000)
  object space 97920K, 86% used [0x00000006f8000000,0x00000006fd32d928,0x00000006fdfa0000)
}
Event: 103.056 GC heap before
{Heap before GC invocations=33 (full 2):
 PSYoungGen      total 704320K, used 698661K [0x00000007c0000000, 0x00000007eccf0000, 0x0000000800000000)
  eden space 688192K, 99% used [0x00000007c0000000,0x00000007e9e3d548,0x00000007ea010000)
  from space 16128K, 76% used [0x00000007ebd30000,0x00000007ec93c280,0x00000007eccf0000)
  to   space 22976K, 0% used [0x00000007ea010000,0x00000007ea010000,0x00000007eb680000)
 ParOldGen       total 129024K, used 74964K [0x0000000700000000, 0x0000000707e00000, 0x00000007c0000000)
  object space 129024K, 58% used [0x0000000700000000,0x0000000704935330,0x0000000707e00000)
 PSPermGen       total 97920K, used 85201K [0x00000006f8000000, 0x00000006fdfa0000, 0x0000000700000000)
  object space 97920K, 87% used [0x00000006f8000000,0x00000006fd334718,0x00000006fdfa0000)
Event: 103.076 GC heap after
Heap after GC invocations=33 (full 2):
 PSYoungGen      total 711168K, used 9575K [0x00000007c0000000, 0x00000007efce0000, 0x0000000800000000)
  eden space 688192K, 0% used [0x00000007c0000000,0x00000007c0000000,0x00000007ea010000)
  from space 22976K, 41% used [0x00000007ea010000,0x00000007ea969d20,0x00000007eb680000)
  to   space 21824K, 0% used [0x00000007ee790000,0x00000007ee790000,0x00000007efce0000)
 ParOldGen       total 129024K, used 74964K [0x0000000700000000, 0x0000000707e00000, 0x00000007c0000000)
  object space 129024K, 58% used [0x0000000700000000,0x0000000704935330,0x0000000707e00000)
 PSPermGen       total 97920K, used 85201K [0x00000006f8000000, 0x00000006fdfa0000, 0x0000000700000000)
  object space 97920K, 87% used [0x00000006f8000000,0x00000006fd334718,0x00000006fdfa0000)
}
Event: 107.007 GC heap before
{Heap before GC invocations=34 (full 2):
 PSYoungGen      total 711168K, used 697008K [0x00000007c0000000, 0x00000007efce0000, 0x0000000800000000)
  eden space 688192K, 99% used [0x00000007c0000000,0x00000007e9f52460,0x00000007ea010000)
  from space 22976K, 41% used [0x00000007ea010000,0x00000007ea969d20,0x00000007eb680000)
  to   space 21824K, 0% used [0x00000007ee790000,0x00000007ee790000,0x00000007efce0000)
 ParOldGen       total 129024K, used 74964K [0x0000000700000000, 0x0000000707e00000, 0x00000007c0000000)
  object space 129024K, 58% used [0x0000000700000000,0x0000000704935330,0x0000000707e00000)
 PSPermGen       total 97920K, used 85220K [0x00000006f8000000, 0x00000006fdfa0000, 0x0000000700000000)
  object space 97920K, 87% used [0x00000006f8000000,0x00000006fd3392d8,0x00000006fdfa0000)
Event: 107.025 GC heap after
Heap after GC invocations=34 (full 2):
 PSYoungGen      total 761152K, used 9647K [0x00000007c0000000, 0x00000007efbb0000, 0x0000000800000000)
  eden space 740544K, 0% used [0x00000007c0000000,0x00000007c0000000,0x00000007ed330000)
  from space 20608K, 46% used [0x00000007ee790000,0x00000007ef0fbfa0,0x00000007efbb0000)
  to   space 20736K, 0% used [0x00000007ed330000,0x00000007ed330000,0x00000007ee770000)
 ParOldGen       total 129024K, used 74964K [0x0000000700000000, 0x0000000707e00000, 0x00000007c0000000)
  object space 129024K, 58% used [0x0000000700000000,0x0000000704935330,0x0000000707e00000)
 PSPermGen       total 97920K, used 85220K [0x00000006f8000000, 0x00000006fdfa0000, 0x0000000700000000)
  object space 97920K, 87% used [0x00000006f8000000,0x00000006fd3392d8,0x00000006fdfa0000)
}

Deoptimization events (10 events):
Event: 93.296 Thread 0x00000000345bb000 Uncommon trap -34 fr.pc 0x0000000035d3e8f8
Event: 93.296 Thread 0x00000000345bb000 Uncommon trap -34 fr.pc 0x0000000035d3e8f8
Event: 99.433 Thread 0x0000000061ab3800 Uncommon trap -34 fr.pc 0x0000000035d4047c
Event: 99.433 Thread 0x0000000061ab3800 Uncommon trap -34 fr.pc 0x0000000035d4047c
Event: 99.506 Thread 0x0000000061ab3800 Uncommon trap -34 fr.pc 0x0000000035d03454
Event: 102.682 Thread 0x0000000061ab3800 Uncommon trap -83 fr.pc 0x0000000035abb9d0
Event: 103.652 Thread 0x0000000061ab3800 Uncommon trap -34 fr.pc 0x0000000035d03454
Event: 104.160 Thread 0x00000000757cb000 Uncommon trap -28 fr.pc 0x0000000035e31844
Event: 107.038 Thread 0x0000000061ab3800 Uncommon trap -83 fr.pc 0x0000000035d07134
Event: 108.448 Thread 0x0000000061ab3800 Uncommon trap -83 fr.pc 0x0000000035d014b4

Internal exceptions (10 events):
Event: 107.844 Thread 0x00000000345bb000 Threw 0x00000007c9fb2de0 at C:\jdk7u1_64p\jdk7u11\hotspot\src\share\vm\prims\jni.cpp:716
Event: 107.844 Thread 0x00000000345bb000 Threw 0x00000007c9fb4348 at C:\jdk7u1_64p\jdk7u11\hotspot\src\share\vm\prims\jni.cpp:716
Event: 107.844 Thread 0x00000000345bb000 Threw 0x00000007c9fb57d8 at C:\jdk7u1_64p\jdk7u11\hotspot\src\share\vm\prims\jni.cpp:716
Event: 107.844 Thread 0x00000000345bb000 Threw 0x00000007c9fb6ac0 at C:\jdk7u1_64p\jdk7u11\hotspot\src\share\vm\prims\jni.cpp:716
Event: 107.844 Thread 0x00000000345bb000 Threw 0x00000007c9fb7da8 at C:\jdk7u1_64p\jdk7u11\hotspot\src\share\vm\prims\jni.cpp:716
Event: 107.844 Thread 0x00000000345bb000 Threw 0x00000007c9fb9078 at C:\jdk7u1_64p\jdk7u11\hotspot\src\share\vm\prims\jni.cpp:716
Event: 107.844 Thread 0x00000000345bb000 Threw 0x00000007c9fba330 at C:\jdk7u1_64p\jdk7u11\hotspot\src\share\vm\prims\jni.cpp:716
Event: 107.844 Thread 0x00000000345bb000 Threw 0x00000007c9fba810 at C:\jdk7u1_64p\jdk7u11\hotspot\src\share\vm\prims\jvm.cpp:1166
Event: 108.447 Thread 0x0000000061ab3800 Threw 0x00000007cb2c0ff8 at C:\jdk7u1_64p\jdk7u11\hotspot\src\share\vm\prims\jvm.cpp:1166
Event: 108.448 Thread 0x0000000061ab3800 Implicit null exception at 0x0000000035d0141b to 0x0000000035d0149c

Events (10 events):
Event: 107.997 Thread 0x00000000757c9800 Thread exited: 0x00000000757c9800
Event: 108.436 Thread 0x00000000757cb800 Thread exited: 0x00000000757cb800
Event: 108.437 Thread 0x00000000757c9800 Thread added: 0x00000000757c9800
Event: 108.442 Thread 0x00000000757c9800 Thread exited: 0x00000000757c9800
Event: 108.442 Thread 0x00000000757cb800 Thread added: 0x00000000757cb800
Event: 108.447 loading class 0x0000000070468070
Event: 108.447 loading class 0x0000000070468070 done
Event: 108.448 Thread 0x0000000061ab3800 DEOPT PACKING pc=0x0000000035d014b4 sp=0x00000000affed930
Event: 108.448 Thread 0x0000000061ab3800 DEOPT UNPACKING pc=0x00000000357b9164 sp=0x00000000affed870 mode 2
Event: 108.926 Executing VM operation: RevokeBias


Dynamic libraries:
0x0000000140000000 - 0x0000000140029000 	C:\Program Files\MATLAB\R2013b\bin\win64\matlab.exe
0x0000000077090000 - 0x0000000077239000 	C:\Windows\SYSTEM32\ntdll.dll
0x0000000076f70000 - 0x000000007708f000 	C:\Windows\system32\kernel32.dll
0x000007fefd180000 - 0x000007fefd1ec000 	C:\Windows\system32\KERNELBASE.dll
0x0000000074b70000 - 0x0000000074bf7000 	C:\Windows\System32\SYSFER.DLL
0x000000006f060000 - 0x000000006f3dc000 	C:\Program Files\MATLAB\R2013b\bin\win64\libmwservices.dll
0x000000006fe80000 - 0x000000006ff56000 	C:\Program Files\MATLAB\R2013b\bin\win64\libmwi18n.dll
0x000000006fe70000 - 0x000000006fe7d000 	C:\Program Files\MATLAB\R2013b\bin\win64\libmwresource_core.dll
0x000000006d6e0000 - 0x000000006d778000 	C:\Program Files\MATLAB\R2013b\bin\win64\MSVCP100.dll
0x000000006d350000 - 0x000000006d422000 	C:\Program Files\MATLAB\R2013b\bin\win64\MSVCR100.dll
0x0000000072f40000 - 0x0000000072f4e000 	C:\Program Files\MATLAB\R2013b\bin\win64\boost_date_time-vc100-mt-1_49.dll
0x0000000072f10000 - 0x0000000072f3c000 	C:\Program Files\MATLAB\R2013b\bin\win64\boost_filesystem-vc100-mt-1_49.dll
0x0000000072f00000 - 0x0000000072f09000 	C:\Program Files\MATLAB\R2013b\bin\win64\boost_system-vc100-mt-1_49.dll
0x000007fefdad0000 - 0x000007fefdbab000 	C:\Windows\system32\ADVAPI32.dll
0x000007fefd650000 - 0x000007fefd6ef000 	C:\Windows\system32\msvcrt.dll
0x000007fefe020000 - 0x000007fefe03f000 	C:\Windows\SYSTEM32\sechost.dll
0x000007fefdbb0000 - 0x000007fefdcdd000 	C:\Windows\system32\RPCRT4.dll
0x0000000072e70000 - 0x0000000072e95000 	C:\Program Files\MATLAB\R2013b\bin\win64\LIBEXPAT.dll
0x000000006cd20000 - 0x000000006ceaa000 	C:\Program Files\MATLAB\R2013b\bin\win64\icuin49.dll
0x000000006b070000 - 0x000000006b1ae000 	C:\Program Files\MATLAB\R2013b\bin\win64\icuuc49.dll
0x0000000069f40000 - 0x000000006b062000 	C:\Program Files\MATLAB\R2013b\bin\win64\icudt49.dll
0x0000000072ef0000 - 0x0000000072f00000 	C:\Program Files\MATLAB\R2013b\bin\win64\icuio49.dll
0x0000000004220000 - 0x00000000042db000 	C:\Program Files\MATLAB\R2013b\bin\win64\libut.dll
0x000000006f960000 - 0x000000006fb07000 	C:\Program Files\MATLAB\R2013b\bin\win64\libmwfl.dll
0x00000000042e0000 - 0x00000000046ef000 	C:\Program Files\MATLAB\R2013b\bin\win64\libmwMATLAB_res.dll
0x000000006c380000 - 0x000000006c45f000 	C:\Program Files\MATLAB\R2013b\bin\win64\boost_regex-vc100-mt-1_49.dll
0x0000000076e70000 - 0x0000000076f6a000 	C:\Windows\system32\USER32.dll
0x000007fefdfb0000 - 0x000007fefe017000 	C:\Windows\system32\GDI32.dll
0x000007fefe0e0000 - 0x000007fefe0ee000 	C:\Windows\system32\LPK.dll
0x000007fefde60000 - 0x000007fefdf29000 	C:\Windows\system32\USP10.dll
0x0000000072e50000 - 0x0000000072e61000 	C:\Program Files\MATLAB\R2013b\bin\win64\boost_signals-vc100-mt-1_49.dll
0x000000006f8a0000 - 0x000000006f8b1000 	C:\Program Files\MATLAB\R2013b\bin\win64\boost_thread-vc100-mt-1_49.dll
0x000000006d600000 - 0x000000006d68c000 	C:\Program Files\MATLAB\R2013b\bin\win64\boost_log-vc100-mt-1_49.dll
0x0000000077260000 - 0x0000000077267000 	C:\Windows\system32\PSAPI.DLL
0x000007fefdf60000 - 0x000007fefdfad000 	C:\Windows\system32\WS2_32.dll
0x000007fefd640000 - 0x000007fefd648000 	C:\Windows\system32\NSI.dll
0x000007fef4380000 - 0x000007fef43b3000 	C:\Program Files\MATLAB\R2013b\bin\win64\tbb.dll
0x000007fefdce0000 - 0x000007fefdcf9000 	C:\Windows\system32\imagehlp.dll
0x000007fefb320000 - 0x000007fefb34c000 	C:\Windows\system32\POWRPROF.dll
0x000007fefd210000 - 0x000007fefd3e7000 	C:\Windows\system32\SETUPAPI.dll
0x000007fefce90000 - 0x000007fefcec6000 	C:\Windows\system32\CFGMGR32.dll
0x000007fefdd80000 - 0x000007fefde57000 	C:\Windows\system32\OLEAUT32.dll
0x000007fefe280000 - 0x000007fefe483000 	C:\Windows\system32\ole32.dll
0x000007fefce70000 - 0x000007fefce8a000 	C:\Windows\system32\DEVOBJ.dll
0x00000000046f0000 - 0x00000000047eb000 	C:\Program Files\MATLAB\R2013b\bin\win64\libmx.dll
0x000007fef3fb0000 - 0x000007fef3fd8000 	C:\Program Files\MATLAB\R2013b\bin\win64\tbbmalloc.dll
0x000000006d330000 - 0x000000006d347000 	C:\Program Files\MATLAB\R2013b\bin\win64\zlib1.dll
0x000000006ef00000 - 0x000000006ef4e000 	C:\Program Files\MATLAB\R2013b\bin\win64\libmwregexp.dll
0x000000006eeb0000 - 0x000000006eef7000 	C:\Program Files\MATLAB\R2013b\bin\win64\mpath.dll
0x00000000047f0000 - 0x0000000004e18000 	C:\Program Files\MATLAB\R2013b\bin\win64\mlutil.dll
0x000000006e870000 - 0x000000006e8e7000 	C:\Program Files\MATLAB\R2013b\bin\win64\xmlcore.dll
0x0000000069cf0000 - 0x0000000069f31000 	C:\Program Files\MATLAB\R2013b\bin\win64\xerces-c_2_7.dll
0x000000006e5f0000 - 0x000000006e613000 	C:\Program Files\MATLAB\R2013b\bin\win64\libmwMATLAB_settings_res.dll
0x0000000072600000 - 0x0000000072610000 	C:\Program Files\MATLAB\R2013b\bin\win64\boost_iostreams-vc100-mt-1_49.dll
0x000000006d2e0000 - 0x000000006d326000 	C:\Program Files\MATLAB\R2013b\bin\win64\boost_serialization-vc100-mt-1_49.dll
0x000007fefe490000 - 0x000007feff218000 	C:\Windows\system32\SHELL32.dll
0x000007feff220000 - 0x000007feff291000 	C:\Windows\system32\SHLWAPI.dll
0x000000006e580000 - 0x000000006e586000 	C:\Program Files\MATLAB\R2013b\bin\win64\libmwnativedisplay.dll
0x00000000685f0000 - 0x000000006863d000 	C:\Program Files\MATLAB\R2013b\bin\win64\opccore.dll
0x00000000684f0000 - 0x00000000685c6000 	C:\Program Files\MATLAB\R2013b\bin\win64\opcmodel.dll
0x00000000684c0000 - 0x00000000684ed000 	C:\Program Files\MATLAB\R2013b\bin\win64\opczippackage.dll
0x000000006eb30000 - 0x000000006eb3e000 	C:\Program Files\MATLAB\R2013b\bin\win64\libminizip.dll
0x0000000068340000 - 0x00000000683a6000 	C:\Program Files\MATLAB\R2013b\bin\win64\opcmwservices.dll
0x000007fef9d50000 - 0x000007fef9df0000 	C:\Windows\WinSxS\amd64_microsoft.windows.common-controls_6595b64144ccf1df_5.82.7601.18201_none_a4d3b9377117c3df\COMCTL32.dll
0x000007feff300000 - 0x000007feff397000 	C:\Windows\system32\COMDLG32.dll
0x000007fefa550000 - 0x000007fefa566000 	C:\Windows\system32\NETAPI32.dll
0x000007fefc280000 - 0x000007fefc28c000 	C:\Windows\system32\netutils.dll
0x000007fefc930000 - 0x000007fefc953000 	C:\Windows\system32\srvcli.dll
0x000007fefa530000 - 0x000007fefa545000 	C:\Windows\system32\wkscli.dll
0x000000006e4d0000 - 0x000000006e57d000 	C:\Program Files\MATLAB\R2013b\bin\win64\mcr.dll
0x000000006e110000 - 0x000000006e4d0000 	C:\Program Files\MATLAB\R2013b\bin\win64\iqm.dll
0x0000000180000000 - 0x00000001800c2000 	C:\Program Files\MATLAB\R2013b\bin\win64\m_dispatcher.dll
0x0000000004e30000 - 0x000000000562b000 	C:\Program Files\MATLAB\R2013b\bin\win64\m_interpreter.dll
0x0000000005630000 - 0x0000000005654000 	C:\Program Files\MATLAB\R2013b\bin\win64\libmex.dll
0x0000000005660000 - 0x00000000056db000 	C:\Program Files\MATLAB\R2013b\bin\win64\profiler.dll
0x000000006d450000 - 0x000000006d5c8000 	C:\Program Files\MATLAB\R2013b\bin\win64\libmwmathutil.dll
0x00000000056e0000 - 0x0000000005707000 	C:\Program Files\MATLAB\R2013b\bin\win64\libmwmathrng.dll
0x0000000005710000 - 0x0000000005720000 	C:\Program Files\MATLAB\R2013b\bin\win64\libmwmfl_rng.dll
0x0000000005720000 - 0x0000000005838000 	C:\Program Files\MATLAB\R2013b\bin\win64\libmwmathcore.dll
0x0000000005840000 - 0x00000000058a3000 	C:\Program Files\MATLAB\R2013b\bin\win64\libmwspmatrix.dll
0x00000000058b0000 - 0x0000000005b12000 	C:\Program Files\MATLAB\R2013b\bin\win64\mcos.dll
0x000000006cfc0000 - 0x000000006d01c000 	C:\Program Files\MATLAB\R2013b\bin\win64\libmwcholmod.dll
0x000000006cfb0000 - 0x000000006cfbc000 	C:\Program Files\MATLAB\R2013b\bin\win64\libmwamd.dll
0x000000006cfa0000 - 0x000000006cfab000 	C:\Program Files\MATLAB\R2013b\bin\win64\libmwcolamd.dll
0x000000006cf80000 - 0x000000006cf93000 	C:\Program Files\MATLAB\R2013b\bin\win64\libmwblas.dll
0x000000006cf60000 - 0x000000006cf75000 	C:\Program Files\MATLAB\R2013b\bin\win64\libmwbinder.dll
0x000000006cf50000 - 0x000000006cf5b000 	C:\Program Files\MATLAB\R2013b\bin\win64\libmwompwrapper.dll
0x000000006ced0000 - 0x000000006cf4f000 	C:\Program Files\MATLAB\R2013b\bin\win64\libmwlapack.dll
0x000000006ceb0000 - 0x000000006ced0000 	C:\Program Files\MATLAB\R2013b\bin\win64\m_pcodeio.dll
0x0000000005b20000 - 0x0000000005b7c000 	C:\Program Files\MATLAB\R2013b\bin\win64\m_ir.dll
0x0000000005b80000 - 0x0000000006235000 	C:\Program Files\MATLAB\R2013b\bin\win64\m_parser.dll
0x000000006c780000 - 0x000000006c797000 	C:\Program Files\MATLAB\R2013b\bin\win64\ir_xfmr.dll
0x000000006c770000 - 0x000000006c780000 	C:\Program Files\MATLAB\R2013b\bin\win64\mtok.dll
0x000000006c740000 - 0x000000006c768000 	C:\Program Files\MATLAB\R2013b\bin\win64\m_pcodegen.dll
0x000007feec860000 - 0x000007feec985000 	C:\Windows\system32\dbghelp.dll
0x000000006c710000 - 0x000000006c73f000 	C:\Program Files\MATLAB\R2013b\bin\win64\libmwbridge.dll
0x000000006c650000 - 0x000000006c706000 	C:\Program Files\MATLAB\R2013b\bin\win64\udd.dll
0x0000000006240000 - 0x0000000006391000 	C:\Program Files\MATLAB\R2013b\bin\win64\libmwgui.dll
0x000000006c4d0000 - 0x000000006c4f8000 	C:\Program Files\MATLAB\R2013b\bin\win64\graphics_util.dll
0x000000006cc60000 - 0x000000006cd18000 	C:\Program Files\MATLAB\R2013b\bin\win64\libtex_base.dll
0x00000000063a0000 - 0x0000000006d06000 	C:\Program Files\MATLAB\R2013b\bin\win64\hg.dll
0x000000006ba60000 - 0x000000006babd000 	C:\Program Files\MATLAB\R2013b\bin\win64\libmat.dll
0x000000006b850000 - 0x000000006ba58000 	C:\Program Files\MATLAB\R2013b\bin\win64\hdf5dll.dll
0x000000006b780000 - 0x000000006b848000 	C:\Program Files\MATLAB\R2013b\bin\win64\jmi.dll
0x000000006b770000 - 0x000000006b77e000 	C:\Program Files\MATLAB\R2013b\bin\win64\nativejava_services.dll
0x0000000006d20000 - 0x0000000006d62000 	C:\Program Files\MATLAB\R2013b\bin\win64\libmwhardcopy.dll
0x000000006b6d0000 - 0x000000006b72e000 	C:\Program Files\MATLAB\R2013b\bin\win64\libuij.dll
0x000000006b490000 - 0x000000006b695000 	C:\Program Files\MATLAB\R2013b\bin\win64\hgdatatypes.dll
0x0000000006d70000 - 0x0000000006e82000 	C:\Program Files\MATLAB\R2013b\bin\win64\hgutils.dll
0x000000006b2f0000 - 0x000000006b39e000 	C:\Program Files\MATLAB\R2013b\bin\win64\udd_mi.dll
0x000000006b2b0000 - 0x000000006b2e6000 	C:\Program Files\MATLAB\R2013b\bin\win64\libmwgbtutils.dll
0x000000006b290000 - 0x000000006b2a3000 	C:\Program Files\MATLAB\R2013b\bin\win64\libmwgbt.dll
0x0000000006e90000 - 0x000000000715f000 	C:\Program Files\MATLAB\R2013b\bin\win64\uiw.dll
0x0000000007160000 - 0x0000000007169000 	C:\Program Files\MATLAB\R2013b\bin\win64\uinone.dll
0x0000000007170000 - 0x000000000719c000 	C:\Program Files\MATLAB\R2013b\bin\win64\libmwnativedialogs.dll
0x00000000071b0000 - 0x00000000071bc000 	C:\Program Files\MATLAB\R2013b\bin\win64\libmwplatform_res.dll
0x000007fef4f00000 - 0x000007fef4f18000 	C:\Windows\system32\MPR.dll
0x0000000069790000 - 0x0000000069ced000 	C:\Program Files\MATLAB\R2013b\bin\win64\mfc100.dll
0x000007fef9d40000 - 0x000007fef9d47000 	C:\Windows\system32\MSIMG32.dll
0x000007fef9cc0000 - 0x000007fef9d31000 	C:\Windows\system32\WINSPOOL.DRV
0x00000000071c0000 - 0x00000000071dd000 	C:\Program Files\MATLAB\R2013b\bin\win64\mwoles05.DLL
0x00000000071e0000 - 0x000000000724c000 	C:\Program Files\MATLAB\R2013b\bin\win64\comcli.dll
0x0000000007250000 - 0x000000000727b000 	C:\Program Files\MATLAB\R2013b\bin\win64\ATL100.DLL
0x0000000007280000 - 0x000000000728c000 	C:\Program Files\MATLAB\R2013b\bin\win64\mlautoregister.dll
0x0000000007290000 - 0x00000000073ff000 	C:\Program Files\MATLAB\R2013b\bin\win64\mvm.dll
0x000007fefdf30000 - 0x000007fefdf5e000 	C:\Windows\system32\IMM32.DLL
0x000007fefd6f0000 - 0x000007fefd7f9000 	C:\Windows\system32\MSCTF.dll
0x000007fefb720000 - 0x000007fefb776000 	C:\Windows\system32\UxTheme.dll

VM Arguments:
jvm_args: -XX:PermSize=32m -Xms64m -XX:NewRatio=3 -XX:MaxPermSize=128m -Xmx4096m -XX:MaxDirectMemorySize=2147400000 -Dsun.java2d.noddraw=true -Dsun.awt.nopixfmt=true -Xshare:off -Xrs -XX:-UseSplitVerifier -Djava.library.path=C:\Program Files\MATLAB\R2013b\bin\win64;C:\Program Files\MATLAB\R2013b\sys\jxbrowser\win64\lib;C:\Program Files\Micro-Manager-1.4.17 vfprintf abort -Duser.language=en -Duser.country=US -XX:ParallelGCThreads=6 
java_command: <unknown>
Launcher Type: generic

Environment Variables:
PATH=C:\Program Files (x86)\Google\Chrome\Application;C:\Python27\Lib\site-packages\PyQt4;C:\Windows\system32;C:\Windows;C:\Windows\System32\Wbem;C:\Windows\System32\WindowsPowerShell\v1.0\;C:\Program Files\TortoiseSVN\bin;C:\Python27;C:\Python27\DLLs;C:\Python27\Scripts;C:\Python27\Lib\site-packages\vtk;C:\Python27\gnuplot\binary;C:\Program Files (x86)\pythonxy\SciTE-3.3.2-3;C:\Program Files (x86)\pythonxy\console;C:\MinGW32-xy\bin;C:\Program Files (x86)\IVI Foundation\VISA\WinNT\Bin;\Serial;\Serial;C:\Program Files\SiliconSoftware\Runtime5.2.2\BIN;C:\Program Files\MATLAB\R2013b\bin;C:\Program Files\Micro-Manager-1.4.17;C:\BitFlow SDK 5.70\Bin64;C:\BitFlow SDK 5.70\Bin32;C:\Program Files\CameraLink\Serial;C:\Program Files (x86)\CameraLink\Serial;C:\Program Files\Micro-Manager-1.4.17
USERNAME=nicuser
OS=Windows_NT
PROCESSOR_IDENTIFIER=Intel64 Family 6 Model 45 Stepping 7, GenuineIntel



---------------  S Y S T E M  ---------------

OS: Windows 7 , 64 bit Build 7601 Service Pack 1

CPU:total 16 (4 cores per cpu, 2 threads per core) family 6 model 45 stepping 7, cmov, cx8, fxsr, mmx, sse, sse2, sse3, ssse3, sse4.1, sse4.2, popcnt, avx, ht, tsc, tscinvbit, tscinv

Memory: 4k page, physical 33476304k(21210560k free), swap 66950744k(54366416k free)

vm_info: Java HotSpot(TM) 64-Bit Server VM (23.6-b04) for windows-amd64 JRE (1.7.0_11-b21), built on Jan 12 2013 02:38:42 by "java_re" with unknown MS VC++:1600

time: Tue Jan 13 18:15:05 2015
elapsed time: 108 seconds

