#
# A fatal error has been detected by the Java Runtime Environment:
#
#  EXCEPTION_UNCAUGHT_CXX_EXCEPTION (0xe06d7363) at pc=0x000007fefd3e940d, pid=5024, tid=5304
#
# JRE version: 7.0_11-b21
# Java VM: Java HotSpot(TM) 64-Bit Server VM (23.6-b04 mixed mode windows-amd64 compressed oops)
# Problematic frame:
# C  [KERNELBASE.dll+0x940d]
#
# Failed to write core dump. Minidumps are not enabled by default on client versions of Windows
#
# If you would like to submit a bug report, please visit:
#   http://bugreport.sun.com/bugreport/crash.jsp
# The crash happened outside the Java Virtual Machine in native code.
# See problematic frame for where to report the bug.
#

---------------  T H R E A D  ---------------

Current thread (0x000000034238a000):  JavaThread "AcquisitionEngine2010 Thread (Clojure)" [_thread_in_native, id=5304, stack(0x000000039a3d0000,0x000000039e3d0000)]

siginfo: ExceptionCode=0xe06d7363, ExceptionInformation=0x0000000019930520 0x000000039e3ce1c0 0x000007feef281e08 0x000007feef220000 

Registers:
RAX=0x00000003e01b8d22, RBX=0x000000039e3ce1c0, RCX=0x000000039e3cd800, RDX=0x00000000000000d0
RSP=0x000000039e3cde10, RBP=0x000000039e3cdf40, RSI=0x000000006cb815e0, RDI=0x000007feef281e08
R8 =0x0000000000000000, R9 =0x0000000000000000, R10=0x000007feef220000, R11=0x000000039e3cde50
R12=0x0000000074271e30, R13=0x00000000756f3240, R14=0x00000000756f3220, R15=0x000000039e3ce908
RIP=0x000007fefd3e940d, EFLAGS=0x0000000000000206

Top of Stack: (sp=0x000000039e3cde10)
0x000000039e3cde10:   000000039e3ce1c0 000000006cb815e0
0x000000039e3cde20:   000007feef281e08 000007feef25418f
0x000000039e3cde30:   00000001e06d7363 0000000000000000
0x000000039e3cde40:   000007fefd3e940d 000007fe00000004
0x000000039e3cde50:   0000000019930520 000000039e3ce1c0
0x000000039e3cde60:   000007feef281e08 000007feef220000
0x000000039e3cde70:   000000006cb84cb0 000000039e3cdef8
0x000000039e3cde80:   00000000000013a0 000007fef55e1dee
0x000000039e3cde90:   000000000b17caf0 00000000000014b8
0x000000039e3cdea0:   000000039e3ce1d8 000007feef225e14
0x000000039e3cdeb0:   00000000756f3220 00000000756f3240
0x000000039e3cdec0:   0000000074271e30 000007feef281e08
0x000000039e3cded0:   000000006cb815e0 000007feef2505f9
0x000000039e3cdee0:   000000039e3ce1c0 000000039e3cdf50
0x000000039e3cdef0:   0000000000000001 000007feef2200f8
0x000000039e3cdf00:   00000001e06d7363 0000000000000000 

Instructions: (pc=0x000007fefd3e940d)
0x000007fefd3e93ed:   54 24 24 48 89 4c 24 28 4d 85 c9 0f 85 aa 18 00
0x000007fefd3e93fd:   00 89 4c 24 38 48 8d 4c 24 20 ff 15 93 1e 04 00
0x000007fefd3e940d:   48 81 c4 c8 00 00 00 c3 90 90 90 90 90 90 90 90
0x000007fefd3e941d:   90 90 90 48 8b c4 48 83 ec 78 41 f7 c0 fe ff ff 


Register to memory mapping:

RAX=0x00000003e01b8d22 is an unknown value
RBX=0x000000039e3ce1c0 is pointing into the stack for thread: 0x000000034238a000
RCX=0x000000039e3cd800 is pointing into the stack for thread: 0x000000034238a000
RDX=0x00000000000000d0 is an unknown value
RSP=0x000000039e3cde10 is pointing into the stack for thread: 0x000000034238a000
RBP=0x000000039e3cdf40 is pointing into the stack for thread: 0x000000034238a000
RSI=0x000000006cb815e0 is an unknown value
RDI=0x000007feef281e08 is an unknown value
R8 =0x0000000000000000 is an unknown value
R9 =0x0000000000000000 is an unknown value
R10=0x000007feef220000 is an unknown value
R11=0x000000039e3cde50 is pointing into the stack for thread: 0x000000034238a000
R12=0x0000000074271e30 is an unknown value
R13=0x00000000756f3240 is an unknown value
R14=0x00000000756f3220 is an unknown value
R15=0x000000039e3ce908 is pointing into the stack for thread: 0x000000034238a000


Stack: [0x000000039a3d0000,0x000000039e3d0000],  sp=0x000000039e3cde10,  free space=65527k
Native frames: (J=compiled Java code, j=interpreted, Vv=VM code, C=native code)
C  [KERNELBASE.dll+0x940d]
C  0x000007feef2346fd

Java frames: (J=compiled Java code, j=interpreted, Vv=VM code)
j  mmcorej.MMCoreJJNI.CMMCore_setProperty__SWIG_0(JLmmcorej/CMMCore;Ljava/lang/String;Ljava/lang/String;Ljava/lang/String;)V+0
j  mmcorej.CMMCore.setProperty(Ljava/lang/String;Ljava/lang/String;Ljava/lang/String;)V+8
v  ~StubRoutines::call_stub
j  sun.reflect.NativeMethodAccessorImpl.invoke0(Ljava/lang/reflect/Method;Ljava/lang/Object;[Ljava/lang/Object;)Ljava/lang/Object;+0
j  sun.reflect.NativeMethodAccessorImpl.invoke(Ljava/lang/Object;[Ljava/lang/Object;)Ljava/lang/Object;+87
J  clojure.lang.Reflector.invokeMatchingMethod(Ljava/lang/String;Ljava/util/List;Ljava/lang/Object;[Ljava/lang/Object;)Ljava/lang/Object;
J  clojure.lang.Reflector.invokeInstanceMethod(Ljava/lang/Object;Ljava/lang/String;[Ljava/lang/Object;)Ljava/lang/Object;
j  org.micromanager.acq_engine$set_property$attempt__846__auto____944.invoke()Ljava/lang/Object;+133
j  org.micromanager.acq_engine$set_property$fn__948.invoke()Ljava/lang/Object;+7
j  org.micromanager.acq_engine$set_property.invoke(Ljava/lang/Object;)Ljava/lang/Object;+161
j  clojure.core$map$fn__3811.invoke()Ljava/lang/Object;+293
J  clojure.lang.LazySeq.sval()Ljava/lang/Object;
J  clojure.lang.RT.seq(Ljava/lang/Object;)Lclojure/lang/ISeq;
J  clojure.core$seq.invoke(Ljava/lang/Object;)Ljava/lang/Object;
j  clojure.core$dorun.invoke(Ljava/lang/Object;)Ljava/lang/Object;+10
j  org.micromanager.acq_engine$return_config.invoke()Ljava/lang/Object;+116
j  org.micromanager.acq_engine$cleanup$fn__1247.invoke()Ljava/lang/Object;+9
j  org.micromanager.acq_engine$cleanup.invoke()Ljava/lang/Object;+95
j  org.micromanager.acq_engine$run_acquisition.invoke(Ljava/lang/Object;Ljava/lang/Object;Ljava/lang/Object;Ljava/lang/Object;Ljava/lang/Object;)Ljava/lang/Object;+338
j  org.micromanager.acq_engine$run$fn__1457.invoke()Ljava/lang/Object;+70
j  clojure.lang.AFn.run()V+1
j  java.lang.Thread.run()V+11
v  ~StubRoutines::call_stub

---------------  P R O C E S S  ---------------

Java Threads: ( => current thread )
  0x000000033953c800 JavaThread "zSelector" [_thread_blocked, id=3652, stack(0x00000003ca3d0000,0x00000003ce3d0000)]
  0x000000036cb78800 JavaThread "pool-12-thread-1" [_thread_blocked, id=6088, stack(0x00000003c63d0000,0x00000003ca3d0000)]
  0x000000003dc64800 JavaThread "clojure-agent-send-off-pool-1" [_thread_blocked, id=4400, stack(0x00000003c23d0000,0x00000003c63d0000)]
  0x000000034238b800 JavaThread "tagged image sink thread" [_thread_blocked, id=3400, stack(0x00000003ba3d0000,0x00000003be3d0000)]
  0x000000034238a800 JavaThread "Timer-3" [_thread_blocked, id=5164, stack(0x00000003aa3d0000,0x00000003ae3d0000)]
=>0x000000034238a000 JavaThread "AcquisitionEngine2010 Thread (Clojure)" [_thread_in_native, id=5304, stack(0x000000039a3d0000,0x000000039e3d0000)]
  0x000000007438e800 JavaThread "pool-11-thread-1" [_thread_blocked, id=4568, stack(0x000000039e3d0000,0x00000003a23d0000)]
  0x000000007438c800 JavaThread "Swing-Shell" daemon [_thread_blocked, id=4872, stack(0x00000001a80d0000,0x00000001ac0d0000)]
  0x0000000069354000 JavaThread "Beanshell interpreter" [_thread_blocked, id=5136, stack(0x0000000118000000,0x000000011c000000)]
  0x0000000069357000 JavaThread "Thread-39" [_thread_blocked, id=3372, stack(0x00000000a4000000,0x00000000a8000000)]
  0x0000000069351800 JavaThread "Code Analyzer updating thread" [_thread_blocked, id=2148, stack(0x0000000110000000,0x0000000114000000)]
  0x0000000069351000 JavaThread "Code Analyzer updating thread" [_thread_blocked, id=5284, stack(0x000000010c000000,0x0000000110000000)]
  0x0000000069350000 JavaThread "Code Analyzer updating thread" [_thread_blocked, id=2780, stack(0x0000000108000000,0x000000010c000000)]
  0x000000006934f800 JavaThread "Code Analyzer updating thread" [_thread_blocked, id=3936, stack(0x0000000104000000,0x0000000108000000)]
  0x000000006934e800 JavaThread "Active Reference Queue Daemon" daemon [_thread_blocked, id=3408, stack(0x0000000100000000,0x0000000104000000)]
  0x000000006934e000 JavaThread "Timer-1" daemon [_thread_blocked, id=5156, stack(0x00000000dc000000,0x00000000e0000000)]
  0x000000006934d000 JavaThread "ClipboardMonitor Timer" daemon [_thread_blocked, id=5928, stack(0x00000000d8000000,0x00000000dc000000)]
  0x000000006934c800 JavaThread "Explorer NavigationContext request queue" daemon [_thread_blocked, id=1812, stack(0x00000000d4000000,0x00000000d8000000)]
  0x000000006934b000 JavaThread "AddressBar directory emptiness poller" daemon [_thread_blocked, id=1580, stack(0x00000000cc000000,0x00000000d0000000)]
  0x0000000069349800 JavaThread "Explorer Refresh Service 1679778181" daemon [_thread_blocked, id=3048, stack(0x00000000c8000000,0x00000000cc000000)]
  0x0000000069348800 JavaThread "TimerQueue" daemon [_thread_blocked, id=3576, stack(0x00000000c0000000,0x00000000c4000000)]
  0x0000000069348000 JavaThread "Thread-3" daemon [_thread_blocked, id=3960, stack(0x00000000b0000000,0x00000000b4000000)]
  0x00000000691d0800 JavaThread "FelixPackageAdmin" daemon [_thread_blocked, id=5092, stack(0x00000000bc000000,0x00000000c0000000)]
  0x000000006932f000 JavaThread "FelixStartLevel" daemon [_thread_blocked, id=3876, stack(0x00000000b8000000,0x00000000bc000000)]
  0x00000000692d3800 JavaThread "FelixDispatchQueue" daemon [_thread_blocked, id=5868, stack(0x00000000b4000000,0x00000000b8000000)]
  0x0000000069174000 JavaThread "AWT-EventQueue-0" [_thread_blocked, id=3784, stack(0x00000000ac000000,0x00000000b0000000)]
  0x0000000068f20000 JavaThread "com.google.common.base.internal.Finalizer" daemon [_thread_blocked, id=4168, stack(0x00000000a8000000,0x00000000ac000000)]
  0x0000000068e62000 JavaThread "AWT-Windows" daemon [_thread_in_native, id=5540, stack(0x00000000a0000000,0x00000000a4000000)]
  0x0000000068e86800 JavaThread "AWT-Shutdown" [_thread_blocked, id=2208, stack(0x000000009c000000,0x00000000a0000000)]
  0x0000000068e85800 JavaThread "Java2D Disposer" daemon [_thread_blocked, id=1144, stack(0x0000000098000000,0x000000009c000000)]
  0x000000003d68a000 JavaThread "Timer-0" [_thread_blocked, id=4864, stack(0x0000000094000000,0x0000000098000000)]
  0x0000000068abe000 JavaThread "EventMgr Dispatcher" daemon [_thread_in_native, id=4476, stack(0x0000000090000000,0x0000000094000000)]
  0x000000003d91c000 JavaThread "Service Thread" daemon [_thread_blocked, id=4284, stack(0x0000000088000000,0x000000008c000000)]
  0x000000003d919000 JavaThread "C2 CompilerThread1" daemon [_thread_blocked, id=4420, stack(0x0000000084000000,0x0000000088000000)]
  0x000000003d906000 JavaThread "C2 CompilerThread0" daemon [_thread_blocked, id=1252, stack(0x0000000080000000,0x0000000084000000)]
  0x000000003d905000 JavaThread "Attach Listener" daemon [_thread_blocked, id=4896, stack(0x00000000776c0000,0x000000007b6c0000)]
  0x000000003d881000 JavaThread "Finalizer" daemon [_thread_blocked, id=4288, stack(0x00000000638a0000,0x00000000678a0000)]
  0x000000003d87b000 JavaThread "Reference Handler" daemon [_thread_blocked, id=4748, stack(0x000000005f8a0000,0x00000000638a0000)]
  0x000000001003b000 JavaThread "main" [_thread_blocked, id=6012, stack(0x0000000000030000,0x0000000004030000)]

Other Threads:
  0x000000003d876800 VMThread [stack: 0x000000005b8a0000,0x000000005f8a0000] [id=5192]
  0x000000003d960800 WatcherThread [stack: 0x000000008c000000,0x0000000090000000] [id=5600]

VM state:not at safepoint (normal execution)

VM Mutex/Monitor currently owned by a thread: None

Heap
 PSYoungGen      total 94848K, used 74121K [0x00000000fa000000, 0x0000000100000000, 0x0000000100000000)
  eden space 91904K, 80% used [0x00000000fa000000,0x00000000fe862520,0x00000000ff9c0000)
  from space 2944K, 0% used [0x00000000ffd20000,0x00000000ffd20000,0x0000000100000000)
  to   space 3200K, 0% used [0x00000000ff9c0000,0x00000000ff9c0000,0x00000000ffce0000)
 ParOldGen       total 144960K, used 63774K [0x00000000e8000000, 0x00000000f0d90000, 0x00000000fa000000)
  object space 144960K, 43% used [0x00000000e8000000,0x00000000ebe47ac0,0x00000000f0d90000)
 PSPermGen       total 105536K, used 88265K [0x00000000e0000000, 0x00000000e6710000, 0x00000000e8000000)
  object space 105536K, 83% used [0x00000000e0000000,0x00000000e56327e8,0x00000000e6710000)

Card table byte_map: [0x0000000020b30000,0x0000000020c40000] byte_map_base: 0x0000000020430000

Polling page: 0x0000000009b80000

Code Cache  [0x000000003de50000, 0x000000003e580000, 0x0000000040e50000)
 total_blobs=3005 nmethods=2218 adapters=735 free_code_cache=41942Kb largest_free_block=42832768

Compilation events (10 events):
Event: 205.856 Thread 0x000000003d919000 nmethod 2440 0x000000003e564410 code [0x000000003e564560, 0x000000003e564688]
Event: 205.859 Thread 0x000000003d906000 nmethod 2437 0x000000003e5678d0 code [0x000000003e567bc0, 0x000000003e568a48]
Event: 205.998 Thread 0x000000003d919000 2443             mmcorej.PropertySetting::finalize (5 bytes)
Event: 205.998 Thread 0x000000003d906000 2444  s          mmcorej.PropertySetting::delete (34 bytes)
Event: 206.000 Thread 0x000000003d919000 nmethod 2443 0x000000003e56f1d0 code [0x000000003e56f320, 0x000000003e56f648]
Event: 206.000 Thread 0x000000003d906000 nmethod 2444 0x000000003e56ec90 code [0x000000003e56ede0, 0x000000003e56f108]
Event: 206.035 Thread 0x000000003d906000 2445             clojure.lang.APersistentVector::doEquiv (158 bytes)
Event: 206.047 Thread 0x000000003d919000   57 %           ij.process.ShortProcessor::create8BitImage @ 53 (120 bytes)
Event: 206.050 Thread 0x000000003d919000 nmethod 57% 0x000000003e55b310 code [0x000000003e55b480, 0x000000003e55b798]
Event: 206.051 Thread 0x000000003d906000 nmethod 2445 0x000000003e574010 code [0x000000003e5742e0, 0x000000003e575250]

GC Heap History (10 events):
Event: 205.019 GC heap before
{Heap before GC invocations=4851 (full 14):
 PSYoungGen      total 95552K, used 91000K [0x00000000fa000000, 0x00000000fffa0000, 0x0000000100000000)
  eden space 93184K, 97% used [0x00000000fa000000,0x00000000ff8b5a88,0x00000000ffb00000)
  from space 2368K, 6% used [0x00000000ffd50000,0x00000000ffd785f0,0x00000000fffa0000)
  to   space 2368K, 0% used [0x00000000ffb00000,0x00000000ffb00000,0x00000000ffd50000)
 ParOldGen       total 139584K, used 92208K [0x00000000e8000000, 0x00000000f0850000, 0x00000000fa000000)
  object space 139584K, 66% used [0x00000000e8000000,0x00000000eda0c2d8,0x00000000f0850000)
 PSPermGen       total 108800K, used 88238K [0x00000000e0000000, 0x00000000e6a40000, 0x00000000e8000000)
  object space 108800K, 81% used [0x00000000e0000000,0x00000000e562b830,0x00000000e6a40000)
Event: 205.023 GC heap after
Heap after GC invocations=4851 (full 14):
 PSYoungGen      total 95552K, used 259K [0x00000000fa000000, 0x00000000fffc0000, 0x0000000100000000)
  eden space 93184K, 0% used [0x00000000fa000000,0x00000000fa000000,0x00000000ffb00000)
  from space 2368K, 10% used [0x00000000ffb00000,0x00000000ffb40fb8,0x00000000ffd50000)
  to   space 2240K, 0% used [0x00000000ffd90000,0x00000000ffd90000,0x00000000fffc0000)
 ParOldGen       total 139584K, used 92274K [0x00000000e8000000, 0x00000000f0850000, 0x00000000fa000000)
  object space 139584K, 66% used [0x00000000e8000000,0x00000000eda1c8c8,0x00000000f0850000)
 PSPermGen       total 108800K, used 88238K [0x00000000e0000000, 0x00000000e6a40000, 0x00000000e8000000)
  object space 108800K, 81% used [0x00000000e0000000,0x00000000e562b830,0x00000000e6a40000)
}
Event: 205.711 GC heap before
{Heap before GC invocations=4852 (full 14):
 PSYoungGen      total 95552K, used 93164K [0x00000000fa000000, 0x00000000fffc0000, 0x0000000100000000)
  eden space 93184K, 99% used [0x00000000fa000000,0x00000000ffaba0c8,0x00000000ffb00000)
  from space 2368K, 10% used [0x00000000ffb00000,0x00000000ffb40fb8,0x00000000ffd50000)
  to   space 2240K, 0% used [0x00000000ffd90000,0x00000000ffd90000,0x00000000fffc0000)
 ParOldGen       total 139584K, used 92274K [0x00000000e8000000, 0x00000000f0850000, 0x00000000fa000000)
  object space 139584K, 66% used [0x00000000e8000000,0x00000000eda1c8c8,0x00000000f0850000)
 PSPermGen       total 108800K, used 88242K [0x00000000e0000000, 0x00000000e6a40000, 0x00000000e8000000)
  object space 108800K, 81% used [0x00000000e0000000,0x00000000e562c978,0x00000000e6a40000)
Event: 205.715 GC heap after
Heap after GC invocations=4852 (full 14):
 PSYoungGen      total 95168K, used 2208K [0x00000000fa000000, 0x0000000100000000, 0x0000000100000000)
  eden space 92928K, 0% used [0x00000000fa000000,0x00000000fa000000,0x00000000ffac0000)
  from space 2240K, 98% used [0x00000000ffd90000,0x00000000fffb8030,0x00000000fffc0000)
  to   space 2688K, 0% used [0x00000000ffac0000,0x00000000ffac0000,0x00000000ffd60000)
 ParOldGen       total 139584K, used 109273K [0x00000000e8000000, 0x00000000f0850000, 0x00000000fa000000)
  object space 139584K, 78% used [0x00000000e8000000,0x00000000eeab66f0,0x00000000f0850000)
 PSPermGen       total 108800K, used 88242K [0x00000000e0000000, 0x00000000e6a40000, 0x00000000e8000000)
  object space 108800K, 81% used [0x00000000e0000000,0x00000000e562c978,0x00000000e6a40000)
}
Event: 205.784 GC heap before
{Heap before GC invocations=4853 (full 14):
 PSYoungGen      total 95168K, used 95136K [0x00000000fa000000, 0x0000000100000000, 0x0000000100000000)
  eden space 92928K, 100% used [0x00000000fa000000,0x00000000ffac0000,0x00000000ffac0000)
  from space 2240K, 98% used [0x00000000ffd90000,0x00000000fffb8030,0x00000000fffc0000)
  to   space 2688K, 0% used [0x00000000ffac0000,0x00000000ffac0000,0x00000000ffd60000)
 ParOldGen       total 139584K, used 109273K [0x00000000e8000000, 0x00000000f0850000, 0x00000000fa000000)
  object space 139584K, 78% used [0x00000000e8000000,0x00000000eeab66f0,0x00000000f0850000)
 PSPermGen       total 108800K, used 88243K [0x00000000e0000000, 0x00000000e6a40000, 0x00000000e8000000)
  object space 108800K, 81% used [0x00000000e0000000,0x00000000e562cdb8,0x00000000e6a40000)
Event: 205.788 GC heap after
Heap after GC invocations=4853 (full 14):
 PSYoungGen      total 94912K, used 1920K [0x00000000fa000000, 0x0000000100000000, 0x0000000100000000)
  eden space 92928K, 0% used [0x00000000fa000000,0x00000000fa000000,0x00000000ffac0000)
  from space 1984K, 96% used [0x00000000ffac0000,0x00000000ffca0030,0x00000000ffcb0000)
  to   space 2944K, 0% used [0x00000000ffd20000,0x00000000ffd20000,0x0000000100000000)
 ParOldGen       total 139584K, used 109544K [0x00000000e8000000, 0x00000000f0850000, 0x00000000fa000000)
  object space 139584K, 78% used [0x00000000e8000000,0x00000000eeafa320,0x00000000f0850000)
 PSPermGen       total 108800K, used 88243K [0x00000000e0000000, 0x00000000e6a40000, 0x00000000e8000000)
  object space 108800K, 81% used [0x00000000e0000000,0x00000000e562cdb8,0x00000000e6a40000)
}
Event: 205.869 GC heap before
{Heap before GC invocations=4854 (full 14):
 PSYoungGen      total 94912K, used 94605K [0x00000000fa000000, 0x0000000100000000, 0x0000000100000000)
  eden space 92928K, 99% used [0x00000000fa000000,0x00000000ffa83758,0x00000000ffac0000)
  from space 1984K, 96% used [0x00000000ffac0000,0x00000000ffca0030,0x00000000ffcb0000)
  to   space 2944K, 0% used [0x00000000ffd20000,0x00000000ffd20000,0x0000000100000000)
 ParOldGen       total 139584K, used 109544K [0x00000000e8000000, 0x00000000f0850000, 0x00000000fa000000)
  object space 139584K, 78% used [0x00000000e8000000,0x00000000eeafa320,0x00000000f0850000)
 PSPermGen       total 108800K, used 88246K [0x00000000e0000000, 0x00000000e6a40000, 0x00000000e8000000)
  object space 108800K, 81% used [0x00000000e0000000,0x00000000e562d968,0x00000000e6a40000)
Event: 205.872 GC heap after
Heap after GC invocations=4854 (full 14):
 PSYoungGen      total 94848K, used 2048K [0x00000000fa000000, 0x0000000100000000, 0x0000000100000000)
  eden space 91904K, 0% used [0x00000000fa000000,0x00000000fa000000,0x00000000ff9c0000)
  from space 2944K, 69% used [0x00000000ffd20000,0x00000000fff20030,0x0000000100000000)
  to   space 3200K, 0% used [0x00000000ff9c0000,0x00000000ff9c0000,0x00000000ffce0000)
 ParOldGen       total 139584K, used 120786K [0x00000000e8000000, 0x00000000f0850000, 0x00000000fa000000)
  object space 139584K, 86% used [0x00000000e8000000,0x00000000ef5f4918,0x00000000f0850000)
 PSPermGen       total 108800K, used 88246K [0x00000000e0000000, 0x00000000e6a40000, 0x00000000e8000000)
  object space 108800K, 81% used [0x00000000e0000000,0x00000000e562d968,0x00000000e6a40000)
}
Event: 205.872 GC heap before
{Heap before GC invocations=4855 (full 15):
 PSYoungGen      total 94848K, used 2048K [0x00000000fa000000, 0x0000000100000000, 0x0000000100000000)
  eden space 91904K, 0% used [0x00000000fa000000,0x00000000fa000000,0x00000000ff9c0000)
  from space 2944K, 69% used [0x00000000ffd20000,0x00000000fff20030,0x0000000100000000)
  to   space 3200K, 0% used [0x00000000ff9c0000,0x00000000ff9c0000,0x00000000ffce0000)
 ParOldGen       total 139584K, used 120786K [0x00000000e8000000, 0x00000000f0850000, 0x00000000fa000000)
  object space 139584K, 86% used [0x00000000e8000000,0x00000000ef5f4918,0x00000000f0850000)
 PSPermGen       total 108800K, used 88246K [0x00000000e0000000, 0x00000000e6a40000, 0x00000000e8000000)
  object space 108800K, 81% used [0x00000000e0000000,0x00000000e562d968,0x00000000e6a40000)
Event: 205.982 GC heap after
Heap after GC invocations=4855 (full 15):
 PSYoungGen      total 94848K, used 0K [0x00000000fa000000, 0x0000000100000000, 0x0000000100000000)
  eden space 91904K, 0% used [0x00000000fa000000,0x00000000fa000000,0x00000000ff9c0000)
  from space 2944K, 0% used [0x00000000ffd20000,0x00000000ffd20000,0x0000000100000000)
  to   space 3200K, 0% used [0x00000000ff9c0000,0x00000000ff9c0000,0x00000000ffce0000)
 ParOldGen       total 144960K, used 63774K [0x00000000e8000000, 0x00000000f0d90000, 0x00000000fa000000)
  object space 144960K, 43% used [0x00000000e8000000,0x00000000ebe47ac0,0x00000000f0d90000)
 PSPermGen       total 105536K, used 88245K [0x00000000e0000000, 0x00000000e6710000, 0x00000000e8000000)
  object space 105536K, 83% used [0x00000000e0000000,0x00000000e562d6a8,0x00000000e6710000)
}

Deoptimization events (10 events):
Event: 205.810 Thread 0x0000000069174000 Uncommon trap -34 fr.pc 0x000000003e4d2300
Event: 205.810 Thread 0x0000000069174000 Uncommon trap -34 fr.pc 0x000000003e4d2300
Event: 205.820 Thread 0x0000000069174000 Uncommon trap -34 fr.pc 0x000000003e400ba4
Event: 205.840 Thread 0x0000000069174000 Uncommon trap -34 fr.pc 0x000000003e400ba4
Event: 206.030 Thread 0x000000034238a000 Uncommon trap -58 fr.pc 0x000000003e3e5cbc
Event: 206.034 Thread 0x000000034238a000 Uncommon trap -58 fr.pc 0x000000003e3e5cbc
Event: 206.051 Thread 0x0000000069174000 Uncommon trap -58 fr.pc 0x000000003e37c63c
Event: 206.051 Thread 0x0000000069174000 Uncommon trap -58 fr.pc 0x000000003e37c63c
Event: 206.055 Thread 0x0000000069174000 Uncommon trap -34 fr.pc 0x000000003e400ba4
Event: 206.060 Thread 0x0000000069174000 Uncommon trap -34 fr.pc 0x000000003e400ba4

Internal exceptions (10 events):
Event: 205.852 Thread 0x000000003dc64800 Threw 0x00000000fe4861e8 at C:\jdk7u1_64p\jdk7u11\hotspot\src\share\vm\prims\jni.cpp:742
Event: 205.852 Thread 0x000000003dc64800 Threw 0x00000000fe492c88 at C:\jdk7u1_64p\jdk7u11\hotspot\src\share\vm\prims\jni.cpp:742
Event: 205.853 Thread 0x000000003dc64800 Threw 0x00000000fe49f728 at C:\jdk7u1_64p\jdk7u11\hotspot\src\share\vm\prims\jni.cpp:742
Event: 205.854 Thread 0x000000003dc64800 Threw 0x00000000fe4ac1c8 at C:\jdk7u1_64p\jdk7u11\hotspot\src\share\vm\prims\jni.cpp:742
Event: 205.861 Thread 0x000000003dc64800 Threw 0x00000000fefaff80 at C:\jdk7u1_64p\jdk7u11\hotspot\src\share\vm\prims\jni.cpp:742
Event: 205.861 Thread 0x000000003dc64800 Threw 0x00000000fefbca20 at C:\jdk7u1_64p\jdk7u11\hotspot\src\share\vm\prims\jni.cpp:742
Event: 205.862 Thread 0x000000003dc64800 Threw 0x00000000fefc94c0 at C:\jdk7u1_64p\jdk7u11\hotspot\src\share\vm\prims\jni.cpp:742
Event: 205.863 Thread 0x000000003dc64800 Threw 0x00000000fefd5f60 at C:\jdk7u1_64p\jdk7u11\hotspot\src\share\vm\prims\jni.cpp:742
Event: 205.864 Thread 0x000000003dc64800 Threw 0x00000000fefe2a00 at C:\jdk7u1_64p\jdk7u11\hotspot\src\share\vm\prims\jni.cpp:742
Event: 206.009 Thread 0x0000000069174000 Threw 0x00000000fd080838 at C:\jdk7u1_64p\jdk7u11\hotspot\src\share\vm\prims\jvm.cpp:1166

Events (10 events):
Event: 206.051 Thread 0x0000000069174000 DEOPT PACKING pc=0x000000003e37c63c sp=0x00000000afffda50
Event: 206.051 Thread 0x0000000069174000 DEOPT UNPACKING pc=0x000000003de89164 sp=0x00000000afffd9e8 mode 2
Event: 206.053 loading class 0x0000000068ef4f60
Event: 206.053 loading class 0x0000000068ef4f60 done
Event: 206.053 loading class 0x0000000075eb0580
Event: 206.053 loading class 0x0000000075eb0580 done
Event: 206.055 Thread 0x0000000069174000 DEOPT PACKING pc=0x000000003e400ba4 sp=0x00000000afffda10
Event: 206.055 Thread 0x0000000069174000 DEOPT UNPACKING pc=0x000000003de89164 sp=0x00000000afffd9a0 mode 2
Event: 206.060 Thread 0x0000000069174000 DEOPT PACKING pc=0x000000003e400ba4 sp=0x00000000afffd9b0
Event: 206.060 Thread 0x0000000069174000 DEOPT UNPACKING pc=0x000000003de89164 sp=0x00000000afffd940 mode 2


Dynamic libraries:
0x0000000140000000 - 0x0000000140029000 	C:\Program Files\MATLAB\R2013b\bin\win64\MATLAB.exe
0x00000000774f0000 - 0x0000000077699000 	C:\Windows\SYSTEM32\ntdll.dll
0x00000000772d0000 - 0x00000000773ef000 	C:\Windows\system32\kernel32.dll
0x000007fefd3e0000 - 0x000007fefd44c000 	C:\Windows\system32\KERNELBASE.dll
0x0000000075040000 - 0x00000000750c7000 	C:\Windows\System32\SYSFER.DLL
0x000000006f060000 - 0x000000006f3dc000 	C:\Program Files\MATLAB\R2013b\bin\win64\libmwservices.dll
0x000000006fe80000 - 0x000000006ff56000 	C:\Program Files\MATLAB\R2013b\bin\win64\libmwi18n.dll
0x000000006fe70000 - 0x000000006fe7d000 	C:\Program Files\MATLAB\R2013b\bin\win64\libmwresource_core.dll
0x000000006dab0000 - 0x000000006db48000 	C:\Program Files\MATLAB\R2013b\bin\win64\MSVCP100.dll
0x000000006d4f0000 - 0x000000006d5c2000 	C:\Program Files\MATLAB\R2013b\bin\win64\MSVCR100.dll
0x0000000073630000 - 0x000000007363e000 	C:\Program Files\MATLAB\R2013b\bin\win64\boost_date_time-vc100-mt-1_49.dll
0x000000006ddb0000 - 0x000000006dddc000 	C:\Program Files\MATLAB\R2013b\bin\win64\boost_filesystem-vc100-mt-1_49.dll
0x0000000073710000 - 0x0000000073719000 	C:\Program Files\MATLAB\R2013b\bin\win64\boost_system-vc100-mt-1_49.dll
0x000007fefde50000 - 0x000007fefdf2b000 	C:\Windows\system32\ADVAPI32.dll
0x000007fefe370000 - 0x000007fefe40f000 	C:\Windows\system32\msvcrt.dll
0x000007fefdce0000 - 0x000007fefdcff000 	C:\Windows\SYSTEM32\sechost.dll
0x000007fefda40000 - 0x000007fefdb6d000 	C:\Windows\system32\RPCRT4.dll
0x000000006dd80000 - 0x000000006dda5000 	C:\Program Files\MATLAB\R2013b\bin\win64\LIBEXPAT.dll
0x000000006c540000 - 0x000000006c6ca000 	C:\Program Files\MATLAB\R2013b\bin\win64\icuin49.dll
0x000000006c400000 - 0x000000006c53e000 	C:\Program Files\MATLAB\R2013b\bin\win64\icuuc49.dll
0x000000006b2d0000 - 0x000000006c3f2000 	C:\Program Files\MATLAB\R2013b\bin\win64\icudt49.dll
0x0000000070c60000 - 0x0000000070c70000 	C:\Program Files\MATLAB\R2013b\bin\win64\icuio49.dll
0x0000000004220000 - 0x00000000042db000 	C:\Program Files\MATLAB\R2013b\bin\win64\libut.dll
0x000000006f960000 - 0x000000006fb07000 	C:\Program Files\MATLAB\R2013b\bin\win64\libmwfl.dll
0x00000000042e0000 - 0x00000000046ef000 	C:\Program Files\MATLAB\R2013b\bin\win64\libmwMATLAB_res.dll
0x000000006b1f0000 - 0x000000006b2cf000 	C:\Program Files\MATLAB\R2013b\bin\win64\boost_regex-vc100-mt-1_49.dll
0x00000000773f0000 - 0x00000000774ea000 	C:\Windows\system32\USER32.dll
0x000007fefddd0000 - 0x000007fefde37000 	C:\Windows\system32\GDI32.dll
0x000007fefde40000 - 0x000007fefde4e000 	C:\Windows\system32\LPK.dll
0x000007feff260000 - 0x000007feff329000 	C:\Windows\system32\USP10.dll
0x000000006dd60000 - 0x000000006dd71000 	C:\Program Files\MATLAB\R2013b\bin\win64\boost_signals-vc100-mt-1_49.dll
0x000000006dd40000 - 0x000000006dd51000 	C:\Program Files\MATLAB\R2013b\bin\win64\boost_thread-vc100-mt-1_49.dll
0x000000006d460000 - 0x000000006d4ec000 	C:\Program Files\MATLAB\R2013b\bin\win64\boost_log-vc100-mt-1_49.dll
0x00000000776b0000 - 0x00000000776b7000 	C:\Windows\system32\PSAPI.DLL
0x000007fefdd80000 - 0x000007fefddcd000 	C:\Windows\system32\WS2_32.dll
0x000007fefd6e0000 - 0x000007fefd6e8000 	C:\Windows\system32\NSI.dll
0x000007fef4bf0000 - 0x000007fef4c23000 	C:\Program Files\MATLAB\R2013b\bin\win64\tbb.dll
0x000007fefe4b0000 - 0x000007fefe4c9000 	C:\Windows\system32\imagehlp.dll
0x000007fefb880000 - 0x000007fefb8ac000 	C:\Windows\system32\POWRPROF.dll
0x000007feff4c0000 - 0x000007feff697000 	C:\Windows\system32\SETUPAPI.dll
0x000007fefd340000 - 0x000007fefd376000 	C:\Windows\system32\CFGMGR32.dll
0x000007feff6a0000 - 0x000007feff777000 	C:\Windows\system32\OLEAUT32.dll
0x000007fefe160000 - 0x000007fefe363000 	C:\Windows\system32\ole32.dll
0x000007fefd3b0000 - 0x000007fefd3ca000 	C:\Windows\system32\DEVOBJ.dll
0x00000000046f0000 - 0x00000000047eb000 	C:\Program Files\MATLAB\R2013b\bin\win64\libmx.dll
0x000007fef6c70000 - 0x000007fef6c98000 	C:\Program Files\MATLAB\R2013b\bin\win64\tbbmalloc.dll
0x000000006da90000 - 0x000000006daa7000 	C:\Program Files\MATLAB\R2013b\bin\win64\zlib1.dll
0x000000006ef00000 - 0x000000006ef4e000 	C:\Program Files\MATLAB\R2013b\bin\win64\libmwregexp.dll
0x000000006eeb0000 - 0x000000006eef7000 	C:\Program Files\MATLAB\R2013b\bin\win64\mpath.dll
0x00000000047f0000 - 0x0000000004e18000 	C:\Program Files\MATLAB\R2013b\bin\win64\mlutil.dll
0x000000006e870000 - 0x000000006e8e7000 	C:\Program Files\MATLAB\R2013b\bin\win64\xmlcore.dll
0x000000006afa0000 - 0x000000006b1e1000 	C:\Program Files\MATLAB\R2013b\bin\win64\xerces-c_2_7.dll
0x000000006e5f0000 - 0x000000006e613000 	C:\Program Files\MATLAB\R2013b\bin\win64\libmwMATLAB_settings_res.dll
0x0000000073620000 - 0x0000000073630000 	C:\Program Files\MATLAB\R2013b\bin\win64\boost_iostreams-vc100-mt-1_49.dll
0x000000006d070000 - 0x000000006d0b6000 	C:\Program Files\MATLAB\R2013b\bin\win64\boost_serialization-vc100-mt-1_49.dll
0x000007fefe4d0000 - 0x000007feff258000 	C:\Windows\system32\SHELL32.dll
0x000007feff780000 - 0x000007feff7f1000 	C:\Windows\system32\SHLWAPI.dll
0x000000006e580000 - 0x000000006e586000 	C:\Program Files\MATLAB\R2013b\bin\win64\libmwnativedisplay.dll
0x00000000685f0000 - 0x000000006863d000 	C:\Program Files\MATLAB\R2013b\bin\win64\opccore.dll
0x00000000684f0000 - 0x00000000685c6000 	C:\Program Files\MATLAB\R2013b\bin\win64\opcmodel.dll
0x00000000684c0000 - 0x00000000684ed000 	C:\Program Files\MATLAB\R2013b\bin\win64\opczippackage.dll
0x0000000070c50000 - 0x0000000070c5e000 	C:\Program Files\MATLAB\R2013b\bin\win64\libminizip.dll
0x0000000068340000 - 0x00000000683a6000 	C:\Program Files\MATLAB\R2013b\bin\win64\opcmwservices.dll
0x000007fefa340000 - 0x000007fefa3e0000 	C:\Windows\WinSxS\amd64_microsoft.windows.common-controls_6595b64144ccf1df_5.82.7601.18201_none_a4d3b9377117c3df\COMCTL32.dll
0x000007fefd9a0000 - 0x000007fefda37000 	C:\Windows\system32\COMDLG32.dll
0x000007fefac10000 - 0x000007fefac26000 	C:\Windows\system32\NETAPI32.dll
0x000007fefc750000 - 0x000007fefc75c000 	C:\Windows\system32\netutils.dll
0x000007fefcd30000 - 0x000007fefcd53000 	C:\Windows\system32\srvcli.dll
0x000007fefabf0000 - 0x000007fefac05000 	C:\Windows\system32\wkscli.dll
0x000000006e4d0000 - 0x000000006e57d000 	C:\Program Files\MATLAB\R2013b\bin\win64\mcr.dll
0x000000006e110000 - 0x000000006e4d0000 	C:\Program Files\MATLAB\R2013b\bin\win64\iqm.dll
0x0000000180000000 - 0x00000001800c2000 	C:\Program Files\MATLAB\R2013b\bin\win64\m_dispatcher.dll
0x0000000004e30000 - 0x000000000562b000 	C:\Program Files\MATLAB\R2013b\bin\win64\m_interpreter.dll
0x000000006d760000 - 0x000000006d784000 	C:\Program Files\MATLAB\R2013b\bin\win64\libmex.dll
0x000000006d6e0000 - 0x000000006d75b000 	C:\Program Files\MATLAB\R2013b\bin\win64\profiler.dll
0x0000000005630000 - 0x00000000057a8000 	C:\Program Files\MATLAB\R2013b\bin\win64\libmwmathutil.dll
0x000000006d420000 - 0x000000006d447000 	C:\Program Files\MATLAB\R2013b\bin\win64\libmwmathrng.dll
0x000000006d410000 - 0x000000006d420000 	C:\Program Files\MATLAB\R2013b\bin\win64\libmwmfl_rng.dll
0x00000000057b0000 - 0x00000000058c8000 	C:\Program Files\MATLAB\R2013b\bin\win64\libmwmathcore.dll
0x000000006d2b0000 - 0x000000006d313000 	C:\Program Files\MATLAB\R2013b\bin\win64\libmwspmatrix.dll
0x00000000058d0000 - 0x0000000005b32000 	C:\Program Files\MATLAB\R2013b\bin\win64\mcos.dll
0x000000006cfc0000 - 0x000000006d01c000 	C:\Program Files\MATLAB\R2013b\bin\win64\libmwcholmod.dll
0x000000006cfb0000 - 0x000000006cfbc000 	C:\Program Files\MATLAB\R2013b\bin\win64\libmwamd.dll
0x000000006cfa0000 - 0x000000006cfab000 	C:\Program Files\MATLAB\R2013b\bin\win64\libmwcolamd.dll
0x000000006cf80000 - 0x000000006cf93000 	C:\Program Files\MATLAB\R2013b\bin\win64\libmwblas.dll
0x000000006cf60000 - 0x000000006cf75000 	C:\Program Files\MATLAB\R2013b\bin\win64\libmwbinder.dll
0x000000006cf50000 - 0x000000006cf5b000 	C:\Program Files\MATLAB\R2013b\bin\win64\libmwompwrapper.dll
0x000000006ced0000 - 0x000000006cf4f000 	C:\Program Files\MATLAB\R2013b\bin\win64\libmwlapack.dll
0x000000006ceb0000 - 0x000000006ced0000 	C:\Program Files\MATLAB\R2013b\bin\win64\m_pcodeio.dll
0x000000006ce50000 - 0x000000006ceac000 	C:\Program Files\MATLAB\R2013b\bin\win64\m_ir.dll
0x0000000005b40000 - 0x00000000061f5000 	C:\Program Files\MATLAB\R2013b\bin\win64\m_parser.dll
0x000000006c780000 - 0x000000006c797000 	C:\Program Files\MATLAB\R2013b\bin\win64\ir_xfmr.dll
0x000000006c770000 - 0x000000006c780000 	C:\Program Files\MATLAB\R2013b\bin\win64\mtok.dll
0x000000006c740000 - 0x000000006c768000 	C:\Program Files\MATLAB\R2013b\bin\win64\m_pcodegen.dll
0x000007fef5330000 - 0x000007fef5455000 	C:\Windows\system32\dbghelp.dll
0x000000006c710000 - 0x000000006c73f000 	C:\Program Files\MATLAB\R2013b\bin\win64\libmwbridge.dll
0x0000000006200000 - 0x00000000062b6000 	C:\Program Files\MATLAB\R2013b\bin\win64\udd.dll
0x00000000062c0000 - 0x0000000006411000 	C:\Program Files\MATLAB\R2013b\bin\win64\libmwgui.dll
0x0000000006420000 - 0x0000000006448000 	C:\Program Files\MATLAB\R2013b\bin\win64\graphics_util.dll
0x000000006aee0000 - 0x000000006af98000 	C:\Program Files\MATLAB\R2013b\bin\win64\libtex_base.dll
0x0000000006450000 - 0x0000000006db6000 	C:\Program Files\MATLAB\R2013b\bin\win64\hg.dll
0x0000000006dc0000 - 0x0000000006e1d000 	C:\Program Files\MATLAB\R2013b\bin\win64\libmat.dll
0x0000000006e20000 - 0x0000000007028000 	C:\Program Files\MATLAB\R2013b\bin\win64\hdf5dll.dll
0x0000000007040000 - 0x0000000007108000 	C:\Program Files\MATLAB\R2013b\bin\win64\jmi.dll
0x0000000007110000 - 0x000000000711e000 	C:\Program Files\MATLAB\R2013b\bin\win64\nativejava_services.dll
0x0000000007120000 - 0x0000000007162000 	C:\Program Files\MATLAB\R2013b\bin\win64\libmwhardcopy.dll
0x0000000007170000 - 0x00000000071ce000 	C:\Program Files\MATLAB\R2013b\bin\win64\libuij.dll
0x00000000071d0000 - 0x00000000073d5000 	C:\Program Files\MATLAB\R2013b\bin\win64\hgdatatypes.dll
0x00000000073e0000 - 0x00000000074f2000 	C:\Program Files\MATLAB\R2013b\bin\win64\hgutils.dll
0x0000000007500000 - 0x00000000075ae000 	C:\Program Files\MATLAB\R2013b\bin\win64\udd_mi.dll
0x00000000075b0000 - 0x00000000075e6000 	C:\Program Files\MATLAB\R2013b\bin\win64\libmwgbtutils.dll
0x00000000075f0000 - 0x0000000007603000 	C:\Program Files\MATLAB\R2013b\bin\win64\libmwgbt.dll
0x0000000007610000 - 0x00000000078df000 	C:\Program Files\MATLAB\R2013b\bin\win64\uiw.dll
0x00000000078e0000 - 0x00000000078e9000 	C:\Program Files\MATLAB\R2013b\bin\win64\uinone.dll
0x00000000078f0000 - 0x000000000791c000 	C:\Program Files\MATLAB\R2013b\bin\win64\libmwnativedialogs.dll
0x0000000007930000 - 0x000000000793c000 	C:\Program Files\MATLAB\R2013b\bin\win64\libmwplatform_res.dll
0x000007fef8770000 - 0x000007fef8788000 	C:\Windows\system32\MPR.dll
0x000000006a980000 - 0x000000006aedd000 	C:\Program Files\MATLAB\R2013b\bin\win64\mfc100.dll
0x000007fefa3e0000 - 0x000007fefa3e7000 	C:\Windows\system32\MSIMG32.dll
0x000007fefa2c0000 - 0x000007fefa331000 	C:\Windows\system32\WINSPOOL.DRV
0x0000000007940000 - 0x000000000795d000 	C:\Program Files\MATLAB\R2013b\bin\win64\mwoles05.DLL
0x0000000007960000 - 0x00000000079cc000 	C:\Program Files\MATLAB\R2013b\bin\win64\comcli.dll
0x000000006da60000 - 0x000000006da8b000 	C:\Program Files\MATLAB\R2013b\bin\win64\ATL100.DLL
0x00000000079d0000 - 0x00000000079dc000 	C:\Program Files\MATLAB\R2013b\bin\win64\mlautoregister.dll
0x00000000079e0000 - 0x0000000007b4f000 	C:\Program Files\MATLAB\R2013b\bin\win64\mvm.dll
0x000007feff490000 - 0x000007feff4be000 	C:\Windows\system32\IMM32.DLL
0x000007fefdb70000 - 0x000007fefdc79000 	C:\Windows\system32\MSCTF.dll
0x000007fefbca0000 - 0x000007fefbcf6000 	C:\Windows\system32\UxTheme.dll

VM Arguments:
jvm_args: -XX:PermSize=32m -Xms64m -XX:NewRatio=3 -XX:MaxPermSize=128m -Xmx384m -XX:MaxDirectMemorySize=2147400000 -Dsun.java2d.noddraw=true -Dsun.awt.nopixfmt=true -Xshare:off -Xrs -XX:-UseSplitVerifier -Djava.library.path=C:\Program Files\MATLAB\R2013b\bin\win64;C:\Program Files\MATLAB\R2013b\sys\jxbrowser\win64\lib;C:\Program Files\Micro-Manager-1.4.17 vfprintf abort -Duser.language=en -Duser.country=US -XX:ParallelGCThreads=6 
java_command: <unknown>
Launcher Type: generic

Environment Variables:
PATH=C:\Python27\Lib\site-packages\PyQt4;C:\Windows\system32;C:\Windows;C:\Windows\System32\Wbem;C:\Windows\System32\WindowsPowerShell\v1.0\;C:\Program Files\TortoiseSVN\bin;C:\Python27;C:\Python27\DLLs;C:\Python27\Scripts;C:\Python27\Lib\site-packages\vtk;C:\Python27\gnuplot\binary;C:\Program Files (x86)\pythonxy\SciTE-3.3.2-3;C:\Program Files (x86)\pythonxy\console;C:\MinGW32-xy\bin;C:\Program Files (x86)\IVI Foundation\VISA\WinNT\Bin;C:\BitFlow SDK 5.70\Bin64;C:\BitFlow SDK 5.70\Bin32;C:\Program Files\CameraLink\Serial;C:\Program Files (x86)\CameraLink\Serial;C:\Program Files\SiliconSoftware\Runtime5.2.2\BIN;C:\Program Files\MATLAB\R2013b\bin;C:\Program Files\Micro-Manager-1.4.17;C:\Program Files\Micro-Manager-1.4.17
USERNAME=nicuser
OS=Windows_NT
PROCESSOR_IDENTIFIER=Intel64 Family 6 Model 45 Stepping 7, GenuineIntel



---------------  S Y S T E M  ---------------

OS: Windows 7 , 64 bit Build 7601 Service Pack 1

CPU:total 16 (4 cores per cpu, 2 threads per core) family 6 model 45 stepping 7, cmov, cx8, fxsr, mmx, sse, sse2, sse3, ssse3, sse4.1, sse4.2, popcnt, avx, ht, tsc, tscinvbit, tscinv

Memory: 4k page, physical 33476304k(20905116k free), swap 66950744k(54038552k free)

vm_info: Java HotSpot(TM) 64-Bit Server VM (23.6-b04) for windows-amd64 JRE (1.7.0_11-b21), built on Jan 12 2013 02:38:42 by "java_re" with unknown MS VC++:1600

time: Thu Jul 31 10:44:00 2014
elapsed time: 206 seconds

