#
# A fatal error has been detected by the Java Runtime Environment:
#
#  EXCEPTION_ACCESS_VIOLATION (0xc0000005) at pc=0x000000006b3ac220, pid=5968, tid=3160
#
# JRE version: 7.0_11-b21
# Java VM: Java HotSpot(TM) 64-Bit Server VM (23.6-b04 mixed mode windows-amd64 compressed oops)
# Problematic frame:
# C  [MSVCR100.dll+0x3c220]
#
# Failed to write core dump. Minidumps are not enabled by default on client versions of Windows
#
# If you would like to submit a bug report, please visit:
#   http://bugreport.sun.com/bugreport/crash.jsp
#

---------------  T H R E A D  ---------------

Current thread (0x0000000073bf7800):  JavaThread "Live mode timer" [_thread_in_vm, id=3160, stack(0x00000003ac5e0000,0x00000003b05e0000)]

siginfo: ExceptionCode=0xc0000005, reading address 0x00000001da8bfff8

Registers:
RAX=0x000000000000003f, RBX=0x0000000073bf7800, RCX=0x00000007d88c6698, RDX=0xfffffffa01ff9968
RSP=0x00000003b05df1a8, RBP=0x00000000748fda30, RSI=0x0000000000000000, RDI=0x0000000000800000
R8 =0x00000000005a0000, R9 =0x00000001da5f0000, R10=0x00000001dab90000, R11=0x00000007d83266d8
R12=0x00000001da320040, R13=0x00000006fbd7d0b8, R14=0x00000003b05df3c8, R15=0x0000000073bf7800
RIP=0x000000006b3ac220, EFLAGS=0x0000000000010216

Top of Stack: (sp=0x00000003b05df1a8)
0x00000003b05df1a8:   00000000690020b9 00000003b05df360
0x00000003b05df1b8:   0000000068ff7df6 0000000073bf7800
0x00000003b05df1c8:   0000000000400000 00000001da320040
0x00000003b05df1d8:   00000000731df7c0 0000000073bf7800
0x00000003b05df1e8:   0000000000000000 00000000731df7a0
0x00000003b05df1f8:   00000000df8391b1 00000000748fda30
0x00000003b05df208:   000007feee57c905 0000000073bf79d8
0x00000003b05df218:   00000003b05df360 0000000000400000
0x00000003b05df228:   0000000000400000 00000001da320040
0x00000003b05df238:   00000000b05def80 0000000073bf79d8
0x00000003b05df248:   fffffffffffffffe 00000003b05df3c8
0x00000003b05df258:   000000006b3d8d17 0000000600000002
0x00000003b05df268:   0000000000000050 0000000073bf7800
0x00000003b05df278:   00000003b05df3e0 00003442d6f0a664
0x00000003b05df288:   000000006b3d01db 0000000000000000
0x00000003b05df298:   0000000034d96315 00000000df8391b1 

Instructions: (pc=0x000000006b3ac220)
0x000000006b3ac200:   48 81 e9 80 00 00 00 0f 18 04 0a 0f 18 44 0a 40
0x000000006b3ac210:   ff c8 75 ec 48 81 c1 00 10 00 00 b8 40 00 00 00
0x000000006b3ac220:   4c 8b 4c 0a f8 4c 8b 54 0a f0 4c 0f c3 49 f8 4c
0x000000006b3ac230:   0f c3 51 f0 4c 8b 4c 0a e8 4c 8b 54 0a e0 4c 0f 


Register to memory mapping:

RAX=0x000000000000003f is an unknown value
RBX=0x0000000073bf7800 is a thread
RCX=0x00000007d88c6698 is an unknown value
RDX=0xfffffffa01ff9968 is an unknown value
RSP=0x00000003b05df1a8 is pointing into the stack for thread: 0x0000000073bf7800
RBP=0x00000000748fda30 is an unknown value
RSI=0x0000000000000000 is an unknown value
RDI=0x0000000000800000 is pointing into the stack for thread: 0x0000000034639000
R8 =0x00000000005a0000 is pointing into the stack for thread: 0x0000000034639000
R9 =0x00000001da5f0000 is an unknown value
R10=0x00000001dab90000 is an unknown value
R11=0x00000007d83266d8 is an unknown value
R12=0x00000001da320040 is an unknown value
R13=0x00000006fbd7d0b8 is an oop
{constMethod} 
 - klass: {other class}
 - method:       0x00000006fbd7d0c0 {method} 'CMMCore_getLastImageMD__SWIG_0' '(JLmmcorej/CMMCore;JJJLmmcorej/Metadata;)Ljava/lang/Object;' in 'mmcorej/MMCoreJJNI'
 - exceptions:   0x00000006f8001d50
R14=0x00000003b05df3c8 is pointing into the stack for thread: 0x0000000073bf7800
R15=0x0000000073bf7800 is a thread


Stack: [0x00000003ac5e0000,0x00000003b05e0000],  sp=0x00000003b05df1a8,  free space=65532k
Native frames: (J=compiled Java code, j=interpreted, Vv=VM code, C=native code)
C  [MSVCR100.dll+0x3c220]

Java frames: (J=compiled Java code, j=interpreted, Vv=VM code)
j  mmcorej.MMCoreJJNI.CMMCore_getLastImageMD__SWIG_0(JLmmcorej/CMMCore;JJJLmmcorej/Metadata;)Ljava/lang/Object;+0
j  mmcorej.CMMCore.getLastImageMD(JJLmmcorej/Metadata;)Ljava/lang/Object;+14
j  mmcorej.CMMCore.getLastTaggedImage(I)Lmmcorej/TaggedImage;+13
j  mmcorej.CMMCore.getLastTaggedImage()Lmmcorej/TaggedImage;+2
j  org.micromanager.acquisition.LiveModeTimer$3.run()V+59
j  java.util.TimerThread.mainLoop()V+221
j  java.util.TimerThread.run()V+1
v  ~StubRoutines::call_stub

---------------  P R O C E S S  ---------------

Java Threads: ( => current thread )
  0x0000000073bf8800 JavaThread "Timer-1755" [_thread_blocked, id=6308, stack(0x00000003c85e0000,0x00000003cc5e0000)]
  0x0000000073bf9000 JavaThread "Display thread" [_thread_blocked, id=1168, stack(0x00000003cc5e0000,0x00000003d05e0000)]
=>0x0000000073bf7800 JavaThread "Live mode timer" [_thread_in_vm, id=3160, stack(0x00000003ac5e0000,0x00000003b05e0000)]
  0x0000000071fe1800 JavaThread "pool-11-thread-1" [_thread_blocked, id=4832, stack(0x00000003c45e0000,0x00000003c85e0000)]
  0x0000000071fe0000 JavaThread "zSelector" [_thread_blocked, id=6424, stack(0x00000003bc5e0000,0x00000003c05e0000)]
  0x0000000071fde800 JavaThread "Thread-66" [_thread_blocked, id=2900, stack(0x00000003b45e0000,0x00000003b85e0000)]
  0x0000000061a6d000 JavaThread "pool-10-thread-1" [_thread_blocked, id=5204, stack(0x00000001880d0000,0x000000018c0d0000)]
  0x0000000071a82800 JavaThread "BeanShell interpreter" [_thread_blocked, id=3132, stack(0x00000000c3ff0000,0x00000000c7ff0000)]
  0x0000000071a83000 JavaThread "Thread-46" [_thread_blocked, id=6472, stack(0x00000000a3ff0000,0x00000000a7ff0000)]
  0x0000000071a7d000 JavaThread "Swing-Shell" daemon [_thread_blocked, id=6316, stack(0x000000011bff0000,0x000000011fff0000)]
  0x0000000061a75800 JavaThread "Code Analyzer updating thread" [_thread_blocked, id=5208, stack(0x0000000107ff0000,0x000000010bff0000)]
  0x0000000061a74800 JavaThread "Code Analyzer updating thread" [_thread_blocked, id=6628, stack(0x0000000103ff0000,0x0000000107ff0000)]
  0x0000000061a74000 JavaThread "Code Analyzer updating thread" [_thread_blocked, id=1744, stack(0x00000000ffff0000,0x0000000103ff0000)]
  0x0000000061a73000 JavaThread "Code Analyzer updating thread" [_thread_blocked, id=2396, stack(0x00000000fbff0000,0x00000000ffff0000)]
  0x0000000061a72800 JavaThread "Code Analyzer updating thread" [_thread_blocked, id=6972, stack(0x00000000f7ff0000,0x00000000fbff0000)]
  0x0000000061a71800 JavaThread "Code Analyzer updating thread" [_thread_blocked, id=5776, stack(0x00000000f3ff0000,0x00000000f7ff0000)]
  0x0000000061a71000 JavaThread "Code Analyzer updating thread" [_thread_blocked, id=5824, stack(0x00000000efff0000,0x00000000f3ff0000)]
  0x0000000061a70000 JavaThread "Code Analyzer updating thread" [_thread_blocked, id=6464, stack(0x00000000ebff0000,0x00000000efff0000)]
  0x0000000061a6f800 JavaThread "Active Reference Queue Daemon" daemon [_thread_blocked, id=5960, stack(0x00000000e7ff0000,0x00000000ebff0000)]
  0x0000000061a6e800 JavaThread "Timer-1" daemon [_thread_blocked, id=5480, stack(0x00000000e3ff0000,0x00000000e7ff0000)]
  0x0000000061a6e000 JavaThread "ClipboardMonitor Timer" daemon [_thread_blocked, id=3916, stack(0x00000000dfff0000,0x00000000e3ff0000)]
  0x0000000061a6c800 JavaThread "Explorer NavigationContext request queue" daemon [_thread_blocked, id=3940, stack(0x00000000d7ff0000,0x00000000dbff0000)]
  0x0000000061a6a000 JavaThread "AddressBar directory emptiness poller" daemon [_thread_blocked, id=1064, stack(0x00000000cbff0000,0x00000000cfff0000)]
  0x0000000070f28800 JavaThread "Explorer Refresh Service 2053522966" daemon [_thread_blocked, id=6912, stack(0x00000000c7ff0000,0x00000000cbff0000)]
  0x0000000061ce6000 JavaThread "TimerQueue" daemon [_thread_blocked, id=5040, stack(0x00000000bbff0000,0x00000000bfff0000)]
  0x0000000061131000 JavaThread "Thread-3" daemon [_thread_blocked, id=4764, stack(0x00000000abff0000,0x00000000afff0000)]
  0x00000000610da000 JavaThread "FelixPackageAdmin" daemon [_thread_blocked, id=5296, stack(0x00000000b7ff0000,0x00000000bbff0000)]
  0x00000000610d9000 JavaThread "FelixStartLevel" daemon [_thread_blocked, id=6372, stack(0x00000000b3ff0000,0x00000000b7ff0000)]
  0x0000000060f24800 JavaThread "FelixDispatchQueue" daemon [_thread_blocked, id=3620, stack(0x00000000afff0000,0x00000000b3ff0000)]
  0x0000000060f84800 JavaThread "AWT-EventQueue-0" [_thread_blocked, id=5064, stack(0x00000000a7ff0000,0x00000000abff0000)]
  0x0000000060dbd000 JavaThread "AWT-Windows" daemon [_thread_in_native, id=5288, stack(0x000000009fff0000,0x00000000a3ff0000)]
  0x0000000060dbc000 JavaThread "AWT-Shutdown" [_thread_blocked, id=6900, stack(0x000000009bff0000,0x000000009fff0000)]
  0x0000000060d14800 JavaThread "Java2D Disposer" daemon [_thread_blocked, id=5700, stack(0x0000000097ff0000,0x000000009bff0000)]
  0x0000000060b62000 JavaThread "Timer-0" [_thread_blocked, id=7000, stack(0x0000000093ff0000,0x0000000097ff0000)]
  0x0000000060a72000 JavaThread "EventMgr Dispatcher" daemon [_thread_in_native, id=1356, stack(0x000000008fff0000,0x0000000093ff0000)]
  0x0000000034a51000 JavaThread "Service Thread" daemon [_thread_blocked, id=6348, stack(0x0000000087ff0000,0x000000008bff0000)]
  0x0000000034a50000 JavaThread "C2 CompilerThread1" daemon [_thread_blocked, id=6080, stack(0x0000000083ff0000,0x0000000087ff0000)]
  0x0000000034a4b800 JavaThread "C2 CompilerThread0" daemon [_thread_blocked, id=4688, stack(0x000000007fff0000,0x0000000083ff0000)]
  0x0000000034a4a800 JavaThread "Attach Listener" daemon [_thread_blocked, id=6568, stack(0x000000007af60000,0x000000007ef60000)]
  0x00000000349dc800 JavaThread "Finalizer" daemon [_thread_blocked, id=6596, stack(0x0000000076f60000,0x000000007af60000)]
  0x00000000349d6800 JavaThread "Reference Handler" daemon [_thread_blocked, id=4664, stack(0x0000000063570000,0x0000000067570000)]
  0x0000000034639000 JavaThread "main" [_thread_in_Java, id=6688, stack(0x0000000000030000,0x0000000004030000)]

Other Threads:
  0x00000000349bc000 VMThread [stack: 0x000000005c620000,0x0000000060620000] [id=5004]
  0x0000000034a96000 WatcherThread [stack: 0x000000008bff0000,0x000000008fff0000] [id=6796]

VM state:not at safepoint (normal execution)

VM Mutex/Monitor currently owned by a thread: None

Heap
 PSYoungGen      total 780800K, used 434115K [0x00000007c0000000, 0x00000007f5460000, 0x0000000800000000)
  eden space 733760K, 55% used [0x00000007c0000000,0x00000007d8b266d8,0x00000007ecc90000)
  from space 47040K, 62% used [0x00000007ecc90000,0x00000007ee95a8f0,0x00000007efa80000)
  to   space 46720K, 0% used [0x00000007f26c0000,0x00000007f26c0000,0x00000007f5460000)
 ParOldGen       total 124992K, used 72322K [0x0000000700000000, 0x0000000707a10000, 0x00000007c0000000)
  object space 124992K, 57% used [0x0000000700000000,0x00000007046a08b0,0x0000000707a10000)
 PSPermGen       total 131072K, used 85440K [0x00000006f8000000, 0x0000000700000000, 0x0000000700000000)
  object space 131072K, 65% used [0x00000006f8000000,0x00000006fd370240,0x0000000700000000)

Card table byte_map: [0x0000000037d90000,0x00000000385e0000] byte_map_base: 0x00000000345d0000

Polling page: 0x00000000094c0000

Code Cache  [0x0000000034d90000, 0x00000000354f0000, 0x0000000037d90000)
 total_blobs=3176 nmethods=2402 adapters=722 free_code_cache=41752Kb largest_free_block=42633024

Compilation events (10 events):
Event: 440.246 Thread 0x0000000034a50000 2661             java.util.Formatter$Flags::parse (67 bytes)
Event: 440.247 Thread 0x0000000034a4b800 2662             java.awt.Container::insets (42 bytes)
Event: 440.249 Thread 0x0000000034a4b800 nmethod 2662 0x00000000354dad90 code [0x00000000354daf00, 0x00000000354db1c8]
Event: 440.249 Thread 0x0000000034a50000 nmethod 2661 0x0000000034e98190 code [0x0000000034e98300, 0x0000000034e98598]
Event: 440.337 Thread 0x0000000034a4b800 2663             java.util.Vector$ListItr::nextIndex (5 bytes)
Event: 440.337 Thread 0x0000000034a4b800 nmethod 2663 0x00000000354de790 code [0x00000000354de8c0, 0x00000000354de918]
Event: 440.357 Thread 0x0000000034a50000 2664   !         java.util.AbstractList$Itr::next (45 bytes)
Event: 440.359 Thread 0x0000000034a50000 nmethod 2664 0x00000000354dbe90 code [0x00000000354dbfe0, 0x00000000354dc168]
Event: 440.734 Thread 0x0000000034a4b800 2665             java.awt.geom.Path2D$Float::pointCrossings (413 bytes)
Event: 440.738 Thread 0x0000000034a4b800 nmethod 2665 0x00000000354d9c50 code [0x00000000354d9de0, 0x00000000354da640]

GC Heap History (10 events):
Event: 414.869 GC heap before
{Heap before GC invocations=27 (full 2):
 PSYoungGen      total 686656K, used 669531K [0x00000007c0000000, 0x00000007ed170000, 0x0000000800000000)
  eden space 639680K, 100% used [0x00000007c0000000,0x00000007e70b0000,0x00000007e70b0000)
  from space 46976K, 63% used [0x00000007e9f50000,0x00000007ebc76cc0,0x00000007ecd30000)
  to   space 47744K, 0% used [0x00000007e70b0000,0x00000007e70b0000,0x00000007e9f50000)
 ParOldGen       total 124992K, used 72322K [0x0000000700000000, 0x0000000707a10000, 0x00000007c0000000)
  object space 124992K, 57% used [0x0000000700000000,0x00000007046a08b0,0x0000000707a10000)
 PSPermGen       total 131072K, used 85158K [0x00000006f8000000, 0x0000000700000000, 0x0000000700000000)
  object space 131072K, 64% used [0x00000006f8000000,0x00000006fd329bf0,0x0000000700000000)
Event: 414.885 GC heap after
Heap after GC invocations=27 (full 2):
 PSYoungGen      total 687424K, used 27224K [0x00000007c0000000, 0x00000007efce0000, 0x0000000800000000)
  eden space 639680K, 0% used [0x00000007c0000000,0x00000007c0000000,0x00000007e70b0000)
  from space 47744K, 57% used [0x00000007e70b0000,0x00000007e8b460d0,0x00000007e9f50000)
  to   space 47232K, 0% used [0x00000007ecec0000,0x00000007ecec0000,0x00000007efce0000)
 ParOldGen       total 124992K, used 72322K [0x0000000700000000, 0x0000000707a10000, 0x00000007c0000000)
  object space 124992K, 57% used [0x0000000700000000,0x00000007046a08b0,0x0000000707a10000)
 PSPermGen       total 131072K, used 85158K [0x00000006f8000000, 0x0000000700000000, 0x0000000700000000)
  object space 131072K, 64% used [0x00000006f8000000,0x00000006fd329bf0,0x0000000700000000)
}
Event: 418.363 GC heap before
{Heap before GC invocations=28 (full 2):
 PSYoungGen      total 687424K, used 665683K [0x00000007c0000000, 0x00000007efce0000, 0x0000000800000000)
  eden space 639680K, 99% used [0x00000007c0000000,0x00000007e6f7eb40,0x00000007e70b0000)
  from space 47744K, 57% used [0x00000007e70b0000,0x00000007e8b460d0,0x00000007e9f50000)
  to   space 47232K, 0% used [0x00000007ecec0000,0x00000007ecec0000,0x00000007efce0000)
 ParOldGen       total 124992K, used 72322K [0x0000000700000000, 0x0000000707a10000, 0x00000007c0000000)
  object space 124992K, 57% used [0x0000000700000000,0x00000007046a08b0,0x0000000707a10000)
 PSPermGen       total 131072K, used 85198K [0x00000006f8000000, 0x0000000700000000, 0x0000000700000000)
  object space 131072K, 65% used [0x00000006f8000000,0x00000006fd333870,0x0000000700000000)
Event: 418.383 GC heap after
Heap after GC invocations=28 (full 2):
 PSYoungGen      total 736256K, used 27192K [0x00000007c0000000, 0x00000007efc80000, 0x0000000800000000)
  eden space 689408K, 0% used [0x00000007c0000000,0x00000007c0000000,0x00000007ea140000)
  from space 46848K, 58% used [0x00000007ecec0000,0x00000007ee94e0d0,0x00000007efc80000)
  to   space 46592K, 0% used [0x00000007ea140000,0x00000007ea140000,0x00000007ecec0000)
 ParOldGen       total 124992K, used 72322K [0x0000000700000000, 0x0000000707a10000, 0x00000007c0000000)
  object space 124992K, 57% used [0x0000000700000000,0x00000007046a08b0,0x0000000707a10000)
 PSPermGen       total 131072K, used 85198K [0x00000006f8000000, 0x0000000700000000, 0x0000000700000000)
  object space 131072K, 65% used [0x00000006f8000000,0x00000006fd333870,0x0000000700000000)
}
Event: 422.090 GC heap before
{Heap before GC invocations=29 (full 2):
 PSYoungGen      total 736256K, used 714784K [0x00000007c0000000, 0x00000007efc80000, 0x0000000800000000)
  eden space 689408K, 99% used [0x00000007c0000000,0x00000007e9f79f68,0x00000007ea140000)
  from space 46848K, 58% used [0x00000007ecec0000,0x00000007ee94e0d0,0x00000007efc80000)
  to   space 46592K, 0% used [0x00000007ea140000,0x00000007ea140000,0x00000007ecec0000)
 ParOldGen       total 124992K, used 72322K [0x0000000700000000, 0x0000000707a10000, 0x00000007c0000000)
  object space 124992K, 57% used [0x0000000700000000,0x00000007046a08b0,0x0000000707a10000)
 PSPermGen       total 131072K, used 85220K [0x00000006f8000000, 0x0000000700000000, 0x0000000700000000)
  object space 131072K, 65% used [0x00000006f8000000,0x00000006fd339228,0x0000000700000000)
Event: 422.103 GC heap after
Heap after GC invocations=29 (full 2):
 PSYoungGen      total 736000K, used 27360K [0x00000007c0000000, 0x00000007f2c40000, 0x0000000800000000)
  eden space 689408K, 0% used [0x00000007c0000000,0x00000007c0000000,0x00000007ea140000)
  from space 46592K, 58% used [0x00000007ea140000,0x00000007ebbf8180,0x00000007ecec0000)
  to   space 45952K, 0% used [0x00000007eff60000,0x00000007eff60000,0x00000007f2c40000)
 ParOldGen       total 124992K, used 72322K [0x0000000700000000, 0x0000000707a10000, 0x00000007c0000000)
  object space 124992K, 57% used [0x0000000700000000,0x00000007046a08b0,0x0000000707a10000)
 PSPermGen       total 131072K, used 85220K [0x00000006f8000000, 0x0000000700000000, 0x0000000700000000)
  object space 131072K, 65% used [0x00000006f8000000,0x00000006fd339228,0x0000000700000000)
}
Event: 434.429 GC heap before
{Heap before GC invocations=30 (full 2):
 PSYoungGen      total 736000K, used 716768K [0x00000007c0000000, 0x00000007f2c40000, 0x0000000800000000)
  eden space 689408K, 100% used [0x00000007c0000000,0x00000007ea140000,0x00000007ea140000)
  from space 46592K, 58% used [0x00000007ea140000,0x00000007ebbf8180,0x00000007ecec0000)
  to   space 45952K, 0% used [0x00000007eff60000,0x00000007eff60000,0x00000007f2c40000)
 ParOldGen       total 124992K, used 72322K [0x0000000700000000, 0x0000000707a10000, 0x00000007c0000000)
  object space 124992K, 57% used [0x0000000700000000,0x00000007046a08b0,0x0000000707a10000)
 PSPermGen       total 131072K, used 85335K [0x00000006f8000000, 0x0000000700000000, 0x0000000700000000)
  object space 131072K, 65% used [0x00000006f8000000,0x00000006fd355d20,0x0000000700000000)
Event: 434.453 GC heap after
Heap after GC invocations=30 (full 2):
 PSYoungGen      total 775808K, used 32149K [0x00000007c0000000, 0x00000007f2870000, 0x0000000800000000)
  eden space 733760K, 0% used [0x00000007c0000000,0x00000007c0000000,0x00000007ecc90000)
  from space 42048K, 76% used [0x00000007eff60000,0x00000007f1ec5410,0x00000007f2870000)
  to   space 47040K, 0% used [0x00000007ecc90000,0x00000007ecc90000,0x00000007efa80000)
 ParOldGen       total 124992K, used 72322K [0x0000000700000000, 0x0000000707a10000, 0x00000007c0000000)
  object space 124992K, 57% used [0x0000000700000000,0x00000007046a08b0,0x0000000707a10000)
 PSPermGen       total 131072K, used 85335K [0x00000006f8000000, 0x0000000700000000, 0x0000000700000000)
  object space 131072K, 65% used [0x00000006f8000000,0x00000006fd355d20,0x0000000700000000)
}
Event: 438.402 GC heap before
{Heap before GC invocations=31 (full 2):
 PSYoungGen      total 775808K, used 765619K [0x00000007c0000000, 0x00000007f2870000, 0x0000000800000000)
  eden space 733760K, 99% used [0x00000007c0000000,0x00000007ecc47b08,0x00000007ecc90000)
  from space 42048K, 76% used [0x00000007eff60000,0x00000007f1ec5410,0x00000007f2870000)
  to   space 47040K, 0% used [0x00000007ecc90000,0x00000007ecc90000,0x00000007efa80000)
 ParOldGen       total 124992K, used 72322K [0x0000000700000000, 0x0000000707a10000, 0x00000007c0000000)
  object space 124992K, 57% used [0x0000000700000000,0x00000007046a08b0,0x0000000707a10000)
 PSPermGen       total 131072K, used 85371K [0x00000006f8000000, 0x0000000700000000, 0x0000000700000000)
  object space 131072K, 65% used [0x00000006f8000000,0x00000006fd35ec90,0x0000000700000000)
Event: 438.416 GC heap after
Heap after GC invocations=31 (full 2):
 PSYoungGen      total 780800K, used 29482K [0x00000007c0000000, 0x00000007f5460000, 0x0000000800000000)
  eden space 733760K, 0% used [0x00000007c0000000,0x00000007c0000000,0x00000007ecc90000)
  from space 47040K, 62% used [0x00000007ecc90000,0x00000007ee95a8f0,0x00000007efa80000)
  to   space 46720K, 0% used [0x00000007f26c0000,0x00000007f26c0000,0x00000007f5460000)
 ParOldGen       total 124992K, used 72322K [0x0000000700000000, 0x0000000707a10000, 0x00000007c0000000)
  object space 124992K, 57% used [0x0000000700000000,0x00000007046a08b0,0x0000000707a10000)
 PSPermGen       total 131072K, used 85371K [0x00000006f8000000, 0x0000000700000000, 0x0000000700000000)
  object space 131072K, 65% used [0x00000006f8000000,0x00000006fd35ec90,0x0000000700000000)
}

Deoptimization events (10 events):
Event: 430.611 Thread 0x0000000034639000 Uncommon trap -34 fr.pc 0x00000000354482f8
Event: 430.618 Thread 0x0000000034639000 Uncommon trap -34 fr.pc 0x00000000354482f8
Event: 430.618 Thread 0x0000000034639000 Uncommon trap -34 fr.pc 0x00000000354482f8
Event: 435.129 Thread 0x0000000073bf9000 Uncommon trap -28 fr.pc 0x00000000353ab444
Event: 436.231 Thread 0x0000000060f84800 Uncommon trap -83 fr.pc 0x00000000354204ec
Event: 436.232 Thread 0x0000000060f84800 Uncommon trap -83 fr.pc 0x00000000353a62b4
Event: 436.232 Thread 0x0000000060f84800 Uncommon trap -83 fr.pc 0x000000003537a774
Event: 437.645 Thread 0x0000000060f84800 Uncommon trap -34 fr.pc 0x00000000353e1dcc
Event: 437.650 Thread 0x0000000060f84800 Uncommon trap -34 fr.pc 0x0000000035148f7c
Event: 439.030 Thread 0x0000000060f84800 Uncommon trap -34 fr.pc 0x0000000035148f7c

Internal exceptions (10 events):
Event: 439.032 Thread 0x0000000060f84800 Threw 0x00000007c719d270 at C:\jdk7u1_64p\jdk7u11\hotspot\src\share\vm\prims\jvm.cpp:1166
Event: 439.720 Thread 0x0000000060f84800 Threw 0x00000007ceb93030 at C:\jdk7u1_64p\jdk7u11\hotspot\src\share\vm\prims\jvm.cpp:1166
Event: 440.321 Thread 0x0000000060f84800 Threw 0x00000007d59d4f58 at C:\jdk7u1_64p\jdk7u11\hotspot\src\share\vm\prims\jvm.cpp:1166
Event: 440.322 Thread 0x0000000060f84800 Threw 0x00000007d59f41a8 at C:\jdk7u1_64p\jdk7u11\hotspot\src\share\vm\prims\jvm.cpp:1166
Event: 440.322 Thread 0x0000000060f84800 Threw 0x00000007d5a16d50 at C:\jdk7u1_64p\jdk7u11\hotspot\src\share\vm\prims\jvm.cpp:1166
Event: 440.322 Thread 0x0000000060f84800 Threw 0x00000007d5a40708 at C:\jdk7u1_64p\jdk7u11\hotspot\src\share\vm\prims\jvm.cpp:1166
Event: 440.323 Thread 0x0000000060f84800 Threw 0x00000007d5a66628 at C:\jdk7u1_64p\jdk7u11\hotspot\src\share\vm\prims\jvm.cpp:1166
Event: 440.324 Thread 0x0000000073bf7000 Threw 0x00000007d5defef0 at C:\jdk7u1_64p\jdk7u11\hotspot\src\share\vm\prims\jvm.cpp:1166
Event: 440.324 Thread 0x0000000073bf7000 Threw 0x00000007d5e16ce0 at C:\jdk7u1_64p\jdk7u11\hotspot\src\share\vm\prims\jvm.cpp:1166
Event: 441.432 Thread 0x0000000060f84800 Threw 0x00000007d7044a40 at C:\jdk7u1_64p\jdk7u11\hotspot\src\share\vm\prims\jvm.cpp:1166

Events (10 events):
Event: 440.325 Executing VM operation: RevokeBias
Event: 440.329 Executing VM operation: RevokeBias done
Event: 440.329 Thread 0x0000000073bf7000 Thread exited: 0x0000000073bf7000
Event: 440.337 Thread 0x0000000034a4b800 flushing nmethod 0x0000000034f58a10
Event: 440.923 Thread 0x0000000073bf7000 Thread added: 0x0000000073bf7000
Event: 440.923 Thread 0x0000000073bf8800 Thread exited: 0x0000000073bf8800
Event: 440.928 Thread 0x0000000073bf8800 Thread added: 0x0000000073bf8800
Event: 440.928 Thread 0x0000000073bf7000 Thread exited: 0x0000000073bf7000
Event: 441.432 loading class 0x0000000071761b70
Event: 441.432 loading class 0x0000000071761b70 done


Dynamic libraries:
0x0000000140000000 - 0x0000000140029000 	C:\Program Files\MATLAB\R2013b\bin\win64\matlab.exe
0x0000000076d80000 - 0x0000000076f29000 	C:\Windows\SYSTEM32\ntdll.dll
0x0000000076c60000 - 0x0000000076d7f000 	C:\Windows\system32\kernel32.dll
0x000007fefce90000 - 0x000007fefcefc000 	C:\Windows\system32\KERNELBASE.dll
0x0000000074860000 - 0x00000000748e7000 	C:\Windows\System32\SYSFER.DLL
0x000000006f060000 - 0x000000006f3dc000 	C:\Program Files\MATLAB\R2013b\bin\win64\libmwservices.dll
0x000000006fe80000 - 0x000000006ff56000 	C:\Program Files\MATLAB\R2013b\bin\win64\libmwi18n.dll
0x000000006fe70000 - 0x000000006fe7d000 	C:\Program Files\MATLAB\R2013b\bin\win64\libmwresource_core.dll
0x000000006c8e0000 - 0x000000006c978000 	C:\Program Files\MATLAB\R2013b\bin\win64\MSVCP100.dll
0x000000006b370000 - 0x000000006b442000 	C:\Program Files\MATLAB\R2013b\bin\win64\MSVCR100.dll
0x0000000072bd0000 - 0x0000000072bde000 	C:\Program Files\MATLAB\R2013b\bin\win64\boost_date_time-vc100-mt-1_49.dll
0x000000006d010000 - 0x000000006d03c000 	C:\Program Files\MATLAB\R2013b\bin\win64\boost_filesystem-vc100-mt-1_49.dll
0x0000000072bb0000 - 0x0000000072bb9000 	C:\Program Files\MATLAB\R2013b\bin\win64\boost_system-vc100-mt-1_49.dll
0x000007fefda10000 - 0x000007fefdaeb000 	C:\Windows\system32\ADVAPI32.dll
0x000007fefdaf0000 - 0x000007fefdb8f000 	C:\Windows\system32\msvcrt.dll
0x000007fefcf00000 - 0x000007fefcf1f000 	C:\Windows\SYSTEM32\sechost.dll
0x000007fefd150000 - 0x000007fefd27d000 	C:\Windows\system32\RPCRT4.dll
0x000000006cf90000 - 0x000000006cfb5000 	C:\Program Files\MATLAB\R2013b\bin\win64\LIBEXPAT.dll
0x000000006b1e0000 - 0x000000006b36a000 	C:\Program Files\MATLAB\R2013b\bin\win64\icuin49.dll
0x000000006b0a0000 - 0x000000006b1de000 	C:\Program Files\MATLAB\R2013b\bin\win64\icuuc49.dll
0x0000000069f70000 - 0x000000006b092000 	C:\Program Files\MATLAB\R2013b\bin\win64\icudt49.dll
0x0000000072b40000 - 0x0000000072b50000 	C:\Program Files\MATLAB\R2013b\bin\win64\icuio49.dll
0x0000000004250000 - 0x000000000430b000 	C:\Program Files\MATLAB\R2013b\bin\win64\libut.dll
0x000000006f960000 - 0x000000006fb07000 	C:\Program Files\MATLAB\R2013b\bin\win64\libmwfl.dll
0x0000000004310000 - 0x000000000471f000 	C:\Program Files\MATLAB\R2013b\bin\win64\libmwMATLAB_res.dll
0x0000000069e90000 - 0x0000000069f6f000 	C:\Program Files\MATLAB\R2013b\bin\win64\boost_regex-vc100-mt-1_49.dll
0x0000000076b60000 - 0x0000000076c5a000 	C:\Windows\system32\USER32.dll
0x000007fefd9a0000 - 0x000007fefda07000 	C:\Windows\system32\GDI32.dll
0x000007fefd6e0000 - 0x000007fefd6ee000 	C:\Windows\system32\LPK.dll
0x000007fefd8d0000 - 0x000007fefd999000 	C:\Windows\system32\USP10.dll
0x000000006f6a0000 - 0x000000006f6b1000 	C:\Program Files\MATLAB\R2013b\bin\win64\boost_signals-vc100-mt-1_49.dll
0x000000006c8c0000 - 0x000000006c8d1000 	C:\Program Files\MATLAB\R2013b\bin\win64\boost_thread-vc100-mt-1_49.dll
0x000000006c830000 - 0x000000006c8bc000 	C:\Program Files\MATLAB\R2013b\bin\win64\boost_log-vc100-mt-1_49.dll
0x0000000076f50000 - 0x0000000076f57000 	C:\Windows\system32\PSAPI.DLL
0x000007fefdd90000 - 0x000007fefdddd000 	C:\Windows\system32\WS2_32.dll
0x000007feff080000 - 0x000007feff088000 	C:\Windows\system32\NSI.dll
0x000007fef7810000 - 0x000007fef7843000 	C:\Program Files\MATLAB\R2013b\bin\win64\tbb.dll
0x000007fefd390000 - 0x000007fefd3a9000 	C:\Windows\system32\imagehlp.dll
0x000007fefb240000 - 0x000007fefb26c000 	C:\Windows\system32\POWRPROF.dll
0x000007fefd6f0000 - 0x000007fefd8c7000 	C:\Windows\system32\SETUPAPI.dll
0x000007fefcd60000 - 0x000007fefcd96000 	C:\Windows\system32\CFGMGR32.dll
0x000007fefdc30000 - 0x000007fefdd07000 	C:\Windows\system32\OLEAUT32.dll
0x000007fefdde0000 - 0x000007fefdfe3000 	C:\Windows\system32\ole32.dll
0x000007fefcd00000 - 0x000007fefcd1a000 	C:\Windows\system32\DEVOBJ.dll
0x0000000004720000 - 0x000000000481b000 	C:\Program Files\MATLAB\R2013b\bin\win64\libmx.dll
0x000007feefc10000 - 0x000007feefc38000 	C:\Program Files\MATLAB\R2013b\bin\win64\tbbmalloc.dll
0x000000006c5a0000 - 0x000000006c5b7000 	C:\Program Files\MATLAB\R2013b\bin\win64\zlib1.dll
0x000000006ef00000 - 0x000000006ef4e000 	C:\Program Files\MATLAB\R2013b\bin\win64\libmwregexp.dll
0x000000006eeb0000 - 0x000000006eef7000 	C:\Program Files\MATLAB\R2013b\bin\win64\mpath.dll
0x0000000004820000 - 0x0000000004e48000 	C:\Program Files\MATLAB\R2013b\bin\win64\mlutil.dll
0x000000006e870000 - 0x000000006e8e7000 	C:\Program Files\MATLAB\R2013b\bin\win64\xmlcore.dll
0x0000000069c40000 - 0x0000000069e81000 	C:\Program Files\MATLAB\R2013b\bin\win64\xerces-c_2_7.dll
0x000000006e5f0000 - 0x000000006e613000 	C:\Program Files\MATLAB\R2013b\bin\win64\libmwMATLAB_settings_res.dll
0x0000000071060000 - 0x0000000071070000 	C:\Program Files\MATLAB\R2013b\bin\win64\boost_iostreams-vc100-mt-1_49.dll
0x000000006c550000 - 0x000000006c596000 	C:\Program Files\MATLAB\R2013b\bin\win64\boost_serialization-vc100-mt-1_49.dll
0x000007fefe020000 - 0x000007fefeda8000 	C:\Windows\system32\SHELL32.dll
0x000007fefedb0000 - 0x000007fefee21000 	C:\Windows\system32\SHLWAPI.dll
0x000000006e580000 - 0x000000006e586000 	C:\Program Files\MATLAB\R2013b\bin\win64\libmwnativedisplay.dll
0x00000000685f0000 - 0x000000006863d000 	C:\Program Files\MATLAB\R2013b\bin\win64\opccore.dll
0x00000000684f0000 - 0x00000000685c6000 	C:\Program Files\MATLAB\R2013b\bin\win64\opcmodel.dll
0x00000000684c0000 - 0x00000000684ed000 	C:\Program Files\MATLAB\R2013b\bin\win64\opczippackage.dll
0x000000006db80000 - 0x000000006db8e000 	C:\Program Files\MATLAB\R2013b\bin\win64\libminizip.dll
0x0000000068340000 - 0x00000000683a6000 	C:\Program Files\MATLAB\R2013b\bin\win64\opcmwservices.dll
0x000007fef9ec0000 - 0x000007fef9f60000 	C:\Windows\WinSxS\amd64_microsoft.windows.common-controls_6595b64144ccf1df_5.82.7601.18201_none_a4d3b9377117c3df\COMCTL32.dll
0x000007fefdb90000 - 0x000007fefdc27000 	C:\Windows\system32\COMDLG32.dll
0x000007fefa540000 - 0x000007fefa556000 	C:\Windows\system32\NETAPI32.dll
0x000007fefbf70000 - 0x000007fefbf7c000 	C:\Windows\system32\netutils.dll
0x000007fefc5a0000 - 0x000007fefc5c3000 	C:\Windows\system32\srvcli.dll
0x000007fefa520000 - 0x000007fefa535000 	C:\Windows\system32\wkscli.dll
0x000000006e4d0000 - 0x000000006e57d000 	C:\Program Files\MATLAB\R2013b\bin\win64\mcr.dll
0x000000006e110000 - 0x000000006e4d0000 	C:\Program Files\MATLAB\R2013b\bin\win64\iqm.dll
0x0000000180000000 - 0x00000001800c2000 	C:\Program Files\MATLAB\R2013b\bin\win64\m_dispatcher.dll
0x0000000004e50000 - 0x000000000564b000 	C:\Program Files\MATLAB\R2013b\bin\win64\m_interpreter.dll
0x000000006d760000 - 0x000000006d784000 	C:\Program Files\MATLAB\R2013b\bin\win64\libmex.dll
0x000000006d6e0000 - 0x000000006d75b000 	C:\Program Files\MATLAB\R2013b\bin\win64\profiler.dll
0x000000006d450000 - 0x000000006d5c8000 	C:\Program Files\MATLAB\R2013b\bin\win64\libmwmathutil.dll
0x000000006d420000 - 0x000000006d447000 	C:\Program Files\MATLAB\R2013b\bin\win64\libmwmathrng.dll
0x000000006d410000 - 0x000000006d420000 	C:\Program Files\MATLAB\R2013b\bin\win64\libmwmfl_rng.dll
0x0000000005650000 - 0x0000000005768000 	C:\Program Files\MATLAB\R2013b\bin\win64\libmwmathcore.dll
0x000000006d2b0000 - 0x000000006d313000 	C:\Program Files\MATLAB\R2013b\bin\win64\libmwspmatrix.dll
0x0000000005770000 - 0x00000000059d2000 	C:\Program Files\MATLAB\R2013b\bin\win64\mcos.dll
0x00000000059e0000 - 0x0000000005a3c000 	C:\Program Files\MATLAB\R2013b\bin\win64\libmwcholmod.dll
0x0000000004130000 - 0x000000000413c000 	C:\Program Files\MATLAB\R2013b\bin\win64\libmwamd.dll
0x0000000004140000 - 0x000000000414b000 	C:\Program Files\MATLAB\R2013b\bin\win64\libmwcolamd.dll
0x0000000005a40000 - 0x0000000005a53000 	C:\Program Files\MATLAB\R2013b\bin\win64\libmwblas.dll
0x000000006cf60000 - 0x000000006cf75000 	C:\Program Files\MATLAB\R2013b\bin\win64\libmwbinder.dll
0x000000006cf50000 - 0x000000006cf5b000 	C:\Program Files\MATLAB\R2013b\bin\win64\libmwompwrapper.dll
0x000000006ced0000 - 0x000000006cf4f000 	C:\Program Files\MATLAB\R2013b\bin\win64\libmwlapack.dll
0x000000006ceb0000 - 0x000000006ced0000 	C:\Program Files\MATLAB\R2013b\bin\win64\m_pcodeio.dll
0x000000006ce50000 - 0x000000006ceac000 	C:\Program Files\MATLAB\R2013b\bin\win64\m_ir.dll
0x0000000005a60000 - 0x0000000006115000 	C:\Program Files\MATLAB\R2013b\bin\win64\m_parser.dll
0x000000006c780000 - 0x000000006c797000 	C:\Program Files\MATLAB\R2013b\bin\win64\ir_xfmr.dll
0x000000006c770000 - 0x000000006c780000 	C:\Program Files\MATLAB\R2013b\bin\win64\mtok.dll
0x000000006c740000 - 0x000000006c768000 	C:\Program Files\MATLAB\R2013b\bin\win64\m_pcodegen.dll
0x000007feec930000 - 0x000007feeca55000 	C:\Windows\system32\dbghelp.dll
0x000000006c710000 - 0x000000006c73f000 	C:\Program Files\MATLAB\R2013b\bin\win64\libmwbridge.dll
0x000000006c650000 - 0x000000006c706000 	C:\Program Files\MATLAB\R2013b\bin\win64\udd.dll
0x0000000006120000 - 0x0000000006271000 	C:\Program Files\MATLAB\R2013b\bin\win64\libmwgui.dll
0x000000006c4d0000 - 0x000000006c4f8000 	C:\Program Files\MATLAB\R2013b\bin\win64\graphics_util.dll
0x0000000069b80000 - 0x0000000069c38000 	C:\Program Files\MATLAB\R2013b\bin\win64\libtex_base.dll
0x000000006bac0000 - 0x000000006c426000 	C:\Program Files\MATLAB\R2013b\bin\win64\hg.dll
0x000000006ba60000 - 0x000000006babd000 	C:\Program Files\MATLAB\R2013b\bin\win64\libmat.dll
0x000000006b850000 - 0x000000006ba58000 	C:\Program Files\MATLAB\R2013b\bin\win64\hdf5dll.dll
0x000000006b780000 - 0x000000006b848000 	C:\Program Files\MATLAB\R2013b\bin\win64\jmi.dll
0x000000006b770000 - 0x000000006b77e000 	C:\Program Files\MATLAB\R2013b\bin\win64\nativejava_services.dll
0x0000000006290000 - 0x00000000062d2000 	C:\Program Files\MATLAB\R2013b\bin\win64\libmwhardcopy.dll
0x000000006b6d0000 - 0x000000006b72e000 	C:\Program Files\MATLAB\R2013b\bin\win64\libuij.dll
0x000000006b490000 - 0x000000006b695000 	C:\Program Files\MATLAB\R2013b\bin\win64\hgdatatypes.dll
0x00000000062e0000 - 0x00000000063f2000 	C:\Program Files\MATLAB\R2013b\bin\win64\hgutils.dll
0x0000000006400000 - 0x00000000064ae000 	C:\Program Files\MATLAB\R2013b\bin\win64\udd_mi.dll
0x00000000064b0000 - 0x00000000064e6000 	C:\Program Files\MATLAB\R2013b\bin\win64\libmwgbtutils.dll
0x00000000064f0000 - 0x0000000006503000 	C:\Program Files\MATLAB\R2013b\bin\win64\libmwgbt.dll
0x0000000006510000 - 0x00000000067df000 	C:\Program Files\MATLAB\R2013b\bin\win64\uiw.dll
0x00000000067e0000 - 0x00000000067e9000 	C:\Program Files\MATLAB\R2013b\bin\win64\uinone.dll
0x00000000067f0000 - 0x000000000681c000 	C:\Program Files\MATLAB\R2013b\bin\win64\libmwnativedialogs.dll
0x0000000006830000 - 0x000000000683c000 	C:\Program Files\MATLAB\R2013b\bin\win64\libmwplatform_res.dll
0x000007fef4d50000 - 0x000007fef4d68000 	C:\Windows\system32\MPR.dll
0x0000000069620000 - 0x0000000069b7d000 	C:\Program Files\MATLAB\R2013b\bin\win64\mfc100.dll
0x000007fef9f60000 - 0x000007fef9f67000 	C:\Windows\system32\MSIMG32.dll
0x000007fef9e40000 - 0x000007fef9eb1000 	C:\Windows\system32\WINSPOOL.DRV
0x0000000006840000 - 0x000000000685d000 	C:\Program Files\MATLAB\R2013b\bin\win64\mwoles05.DLL
0x0000000006860000 - 0x00000000068cc000 	C:\Program Files\MATLAB\R2013b\bin\win64\comcli.dll
0x00000000068d0000 - 0x00000000068fb000 	C:\Program Files\MATLAB\R2013b\bin\win64\ATL100.DLL
0x0000000006900000 - 0x000000000690c000 	C:\Program Files\MATLAB\R2013b\bin\win64\mlautoregister.dll
0x0000000006910000 - 0x0000000006a7f000 	C:\Program Files\MATLAB\R2013b\bin\win64\mvm.dll
0x000007fefdff0000 - 0x000007fefe01e000 	C:\Windows\system32\IMM32.DLL
0x000007fefd280000 - 0x000007fefd389000 	C:\Windows\system32\MSCTF.dll
0x000007fefb490000 - 0x000007fefb4e6000 	C:\Windows\system32\UxTheme.dll

VM Arguments:
jvm_args: -XX:PermSize=32m -Xms64m -XX:NewRatio=3 -XX:MaxPermSize=128m -Xmx4096m -XX:MaxDirectMemorySize=2147400000 -Dsun.java2d.noddraw=true -Dsun.awt.nopixfmt=true -Xshare:off -Xrs -XX:-UseSplitVerifier -Djava.library.path=C:\Program Files\MATLAB\R2013b\bin\win64;C:\Program Files\MATLAB\R2013b\sys\jxbrowser\win64\lib;C:\Program Files\Micro-Manager-1.4.17 vfprintf abort -Duser.language=en -Duser.country=US -XX:ParallelGCThreads=6 
java_command: <unknown>
Launcher Type: generic

Environment Variables:
PATH=C:\Python27\Lib\site-packages\PyQt4;C:\Windows\system32;C:\Windows;C:\Windows\System32\Wbem;C:\Windows\System32\WindowsPowerShell\v1.0\;C:\Program Files\TortoiseSVN\bin;C:\Python27;C:\Python27\DLLs;C:\Python27\Scripts;C:\Python27\Lib\site-packages\vtk;C:\Python27\gnuplot\binary;C:\Program Files (x86)\pythonxy\SciTE-3.3.2-3;C:\Program Files (x86)\pythonxy\console;C:\MinGW32-xy\bin;C:\Program Files (x86)\IVI Foundation\VISA\WinNT\Bin;\Serial;\Serial;C:\Program Files\SiliconSoftware\Runtime5.2.2\BIN;C:\Program Files\MATLAB\R2013b\bin;C:\Program Files\Micro-Manager-1.4.17;C:\BitFlow SDK 5.70\Bin64;C:\BitFlow SDK 5.70\Bin32;C:\Program Files\CameraLink\Serial;C:\Program Files (x86)\CameraLink\Serial;C:\Program Files\Micro-Manager-1.4.17
USERNAME=nicuser
OS=Windows_NT
PROCESSOR_IDENTIFIER=Intel64 Family 6 Model 45 Stepping 7, GenuineIntel



---------------  S Y S T E M  ---------------

OS: Windows 7 , 64 bit Build 7601 Service Pack 1

CPU:total 16 (4 cores per cpu, 2 threads per core) family 6 model 45 stepping 7, cmov, cx8, fxsr, mmx, sse, sse2, sse3, ssse3, sse4.1, sse4.2, popcnt, avx, ht, tsc, tscinvbit, tscinv

Memory: 4k page, physical 33476304k(20798012k free), swap 66950748k(54037036k free)

vm_info: Java HotSpot(TM) 64-Bit Server VM (23.6-b04) for windows-amd64 JRE (1.7.0_11-b21), built on Jan 12 2013 02:38:42 by "java_re" with unknown MS VC++:1600

time: Mon Jan 19 14:55:03 2015
elapsed time: 441 seconds

