#
# A fatal error has been detected by the Java Runtime Environment:
#
#  EXCEPTION_UNCAUGHT_CXX_EXCEPTION (0xe06d7363) at pc=0x000007fefcf9940d, pid=4720, tid=5460
#
# JRE version: 7.0_11-b21
# Java VM: Java HotSpot(TM) 64-Bit Server VM (23.6-b04 mixed mode windows-amd64 compressed oops)
# Problematic frame:
# C  [KERNELBASE.dll+0x940d]
#
# Failed to write core dump. Minidumps are not enabled by default on client versions of Windows
#
# If you would like to submit a bug report, please visit:
#   http://bugreport.sun.com/bugreport/crash.jsp
# The crash happened outside the Java Virtual Machine in native code.
# See problematic frame for where to report the bug.
#

---------------  T H R E A D  ---------------

Current thread (0x000000007d8f5800):  JavaThread "AcquisitionEngine2010 Thread (Clojure)" [_thread_in_native, id=5460, stack(0x00000003e5a20000,0x00000003e9a20000)]

siginfo: ExceptionCode=0xe06d7363, ExceptionInformation=0x0000000019930520 0x00000003e9a1e750 0x000007feef881e08 0x000007feef820000 

Registers:
RAX=0x000000039e810381, RBX=0x00000003e9a1e750, RCX=0x00000003e9a1dd90, RDX=0x00000000000000d0
RSP=0x00000003e9a1e3a0, RBP=0x00000003e9a1e4d0, RSI=0x000000006c4115e0, RDI=0x000007feef881e08
R8 =0x0000000000000000, R9 =0x0000000000000000, R10=0x000007feef820000, R11=0x00000003e9a1e3e0
R12=0x000000003e005ae0, R13=0x00000000719b02d0, R14=0x00000000719abb70, R15=0x00000003e9a1ee98
RIP=0x000007fefcf9940d, EFLAGS=0x0000000000000206

Top of Stack: (sp=0x00000003e9a1e3a0)
0x00000003e9a1e3a0:   00000003e9a1e750 000000006c4115e0
0x00000003e9a1e3b0:   000007feef881e08 000007feef85418f
0x00000003e9a1e3c0:   00000001e06d7363 0000000000000000
0x00000003e9a1e3d0:   000007fefcf9940d 000007fe00000004
0x00000003e9a1e3e0:   0000000019930520 00000003e9a1e750
0x00000003e9a1e3f0:   000007feef881e08 000007feef820000
0x00000003e9a1e400:   000000006c414cb0 00000003e9a1e488
0x00000003e9a1e410:   0000000000001270 000007fef6241dee
0x00000003e9a1e420:   000000006bd994b0 0000000000001554
0x00000003e9a1e430:   00000003e9a1e768 000007feef825e14
0x00000003e9a1e440:   00000000719abb70 00000000719b02d0
0x00000003e9a1e450:   000000003e005ae0 000007feef881e08
0x00000003e9a1e460:   000000006c4115e0 000007feef8505f9
0x00000003e9a1e470:   00000003e9a1e750 00000003e9a1e4e0
0x00000003e9a1e480:   0000000000000001 000007feef8200f8
0x00000003e9a1e490:   00000001e06d7363 0000000000000000 

Instructions: (pc=0x000007fefcf9940d)
0x000007fefcf993ed:   54 24 24 48 89 4c 24 28 4d 85 c9 0f 85 aa 18 00
0x000007fefcf993fd:   00 89 4c 24 38 48 8d 4c 24 20 ff 15 93 1e 04 00
0x000007fefcf9940d:   48 81 c4 c8 00 00 00 c3 90 90 90 90 90 90 90 90
0x000007fefcf9941d:   90 90 90 48 8b c4 48 83 ec 78 41 f7 c0 fe ff ff 


Register to memory mapping:

RAX=0x000000039e810381 is an unknown value
RBX=0x00000003e9a1e750 is pointing into the stack for thread: 0x000000007d8f5800
RCX=0x00000003e9a1dd90 is pointing into the stack for thread: 0x000000007d8f5800
RDX=0x00000000000000d0 is an unknown value
RSP=0x00000003e9a1e3a0 is pointing into the stack for thread: 0x000000007d8f5800
RBP=0x00000003e9a1e4d0 is pointing into the stack for thread: 0x000000007d8f5800
RSI=0x000000006c4115e0 is an unknown value
RDI=0x000007feef881e08 is an unknown value
R8 =0x0000000000000000 is an unknown value
R9 =0x0000000000000000 is an unknown value
R10=0x000007feef820000 is an unknown value
R11=0x00000003e9a1e3e0 is pointing into the stack for thread: 0x000000007d8f5800
R12=0x000000003e005ae0 is an unknown value
R13=0x00000000719b02d0 is an unknown value
R14=0x00000000719abb70 is an unknown value
R15=0x00000003e9a1ee98 is pointing into the stack for thread: 0x000000007d8f5800


Stack: [0x00000003e5a20000,0x00000003e9a20000],  sp=0x00000003e9a1e3a0,  free space=65528k
Native frames: (J=compiled Java code, j=interpreted, Vv=VM code, C=native code)
C  [KERNELBASE.dll+0x940d]
C  0x000007feef8346fd

Java frames: (J=compiled Java code, j=interpreted, Vv=VM code)
j  mmcorej.MMCoreJJNI.CMMCore_setProperty__SWIG_0(JLmmcorej/CMMCore;Ljava/lang/String;Ljava/lang/String;Ljava/lang/String;)V+0
j  mmcorej.CMMCore.setProperty(Ljava/lang/String;Ljava/lang/String;Ljava/lang/String;)V+8
j  sun.reflect.GeneratedMethodAccessor83.invoke(Ljava/lang/Object;[Ljava/lang/Object;)Ljava/lang/Object;+56
J  clojure.lang.Reflector.invokeMatchingMethod(Ljava/lang/String;Ljava/util/List;Ljava/lang/Object;[Ljava/lang/Object;)Ljava/lang/Object;
J  clojure.lang.Reflector.invokeInstanceMethod(Ljava/lang/Object;Ljava/lang/String;[Ljava/lang/Object;)Ljava/lang/Object;
j  org.micromanager.acq_engine$set_property$attempt__846__auto____944.invoke()Ljava/lang/Object;+133
j  org.micromanager.acq_engine$set_property$fn__948.invoke()Ljava/lang/Object;+7
j  org.micromanager.acq_engine$set_property.invoke(Ljava/lang/Object;)Ljava/lang/Object;+161
J  clojure.core$map$fn__3811.invoke()Ljava/lang/Object;
J  clojure.lang.LazySeq.sval()Ljava/lang/Object;
J  clojure.lang.RT.seq(Ljava/lang/Object;)Lclojure/lang/ISeq;
J  clojure.core$seq.invoke(Ljava/lang/Object;)Ljava/lang/Object;
j  clojure.core$dorun.invoke(Ljava/lang/Object;)Ljava/lang/Object;+10
j  org.micromanager.acq_engine$return_config.invoke()Ljava/lang/Object;+116
j  org.micromanager.acq_engine$cleanup$fn__1247.invoke()Ljava/lang/Object;+9
j  org.micromanager.acq_engine$cleanup.invoke()Ljava/lang/Object;+95
j  org.micromanager.acq_engine$run_acquisition.invoke(Ljava/lang/Object;Ljava/lang/Object;Ljava/lang/Object;Ljava/lang/Object;Ljava/lang/Object;)Ljava/lang/Object;+338
j  org.micromanager.acq_engine$run$fn__1457.invoke()Ljava/lang/Object;+70
j  clojure.lang.AFn.run()V+1
j  java.lang.Thread.run()V+11
v  ~StubRoutines::call_stub

---------------  P R O C E S S  ---------------

Java Threads: ( => current thread )
  0x000000007d8f4800 JavaThread "tagged image sink thread" [_thread_blocked, id=1596, stack(0x00000003e9a20000,0x00000003eda20000)]
=>0x000000007d8f5800 JavaThread "AcquisitionEngine2010 Thread (Clojure)" [_thread_in_native, id=5460, stack(0x00000003e5a20000,0x00000003e9a20000)]
  0x0000000071c51000 JavaThread "clojure-agent-send-off-pool-0" [_thread_blocked, id=212, stack(0x000000038cdf0000,0x0000000390df0000)]
  0x000000006666a800 JavaThread "Beanshell interpreter" [_thread_blocked, id=3768, stack(0x00000000d0000000,0x00000000d4000000)]
  0x0000000066669000 JavaThread "Thread-39" [_thread_blocked, id=5504, stack(0x00000000b0000000,0x00000000b4000000)]
  0x0000000066668000 JavaThread "Code Analyzer updating thread" [_thread_blocked, id=3520, stack(0x00000000fc000000,0x0000000100000000)]
  0x0000000066667800 JavaThread "Code Analyzer updating thread" [_thread_blocked, id=5380, stack(0x00000000f8000000,0x00000000fc000000)]
  0x0000000066666800 JavaThread "Code Analyzer updating thread" [_thread_blocked, id=5092, stack(0x00000000f4000000,0x00000000f8000000)]
  0x0000000066666000 JavaThread "Code Analyzer updating thread" [_thread_blocked, id=5236, stack(0x00000000f0000000,0x00000000f4000000)]
  0x0000000066665000 JavaThread "Active Reference Queue Daemon" daemon [_thread_blocked, id=5036, stack(0x00000000ec000000,0x00000000f0000000)]
  0x0000000066663800 JavaThread "Timer-1" daemon [_thread_blocked, id=3816, stack(0x00000000e8000000,0x00000000ec000000)]
  0x0000000066664800 JavaThread "ClipboardMonitor Timer" daemon [_thread_blocked, id=3712, stack(0x00000000e4000000,0x00000000e8000000)]
  0x0000000066662800 JavaThread "Explorer NavigationContext request queue" daemon [_thread_blocked, id=5908, stack(0x00000000e0000000,0x00000000e4000000)]
  0x0000000066661000 JavaThread "AddressBar directory emptiness poller" daemon [_thread_blocked, id=5856, stack(0x00000000d8000000,0x00000000dc000000)]
  0x000000006665f800 JavaThread "Explorer Refresh Service 1679778181" daemon [_thread_blocked, id=4956, stack(0x00000000d4000000,0x00000000d8000000)]
  0x000000006665f000 JavaThread "TimerQueue" daemon [_thread_blocked, id=2152, stack(0x00000000cc000000,0x00000000d0000000)]
  0x000000006665e000 JavaThread "Thread-3" daemon [_thread_blocked, id=4088, stack(0x00000000bc000000,0x00000000c0000000)]
  0x0000000066295000 JavaThread "FelixPackageAdmin" daemon [_thread_blocked, id=5936, stack(0x00000000c8000000,0x00000000cc000000)]
  0x00000000661dd800 JavaThread "FelixStartLevel" daemon [_thread_blocked, id=5556, stack(0x00000000c4000000,0x00000000c8000000)]
  0x000000006636d000 JavaThread "FelixDispatchQueue" daemon [_thread_blocked, id=3228, stack(0x00000000c0000000,0x00000000c4000000)]
  0x0000000065fdf800 JavaThread "AWT-EventQueue-0" [_thread_blocked, id=5488, stack(0x00000000b8000000,0x00000000bc000000)]
  0x0000000065ff8000 JavaThread "com.google.common.base.internal.Finalizer" daemon [_thread_blocked, id=3960, stack(0x00000000b4000000,0x00000000b8000000)]
  0x0000000065fcd000 JavaThread "AWT-Windows" daemon [_thread_in_native, id=3792, stack(0x00000000ac000000,0x00000000b0000000)]
  0x0000000065fcc000 JavaThread "AWT-Shutdown" [_thread_blocked, id=1284, stack(0x00000000a8000000,0x00000000ac000000)]
  0x0000000065f60800 JavaThread "Java2D Disposer" daemon [_thread_blocked, id=552, stack(0x00000000a4000000,0x00000000a8000000)]
  0x0000000065be4800 JavaThread "Timer-0" [_thread_blocked, id=5736, stack(0x00000000a0000000,0x00000000a4000000)]
  0x000000003e1fa000 JavaThread "EventMgr Dispatcher" daemon [_thread_in_native, id=6020, stack(0x000000009c000000,0x00000000a0000000)]
  0x000000003dcbf000 JavaThread "Service Thread" daemon [_thread_blocked, id=1588, stack(0x0000000094000000,0x0000000098000000)]
  0x000000003dcbc800 JavaThread "C2 CompilerThread1" daemon [_thread_blocked, id=3120, stack(0x0000000090000000,0x0000000094000000)]
  0x000000003dcb7800 JavaThread "C2 CompilerThread0" daemon [_thread_blocked, id=1708, stack(0x000000008c000000,0x0000000090000000)]
  0x000000003dcb6800 JavaThread "Attach Listener" daemon [_thread_blocked, id=5184, stack(0x0000000088000000,0x000000008c000000)]
  0x000000003dc41800 JavaThread "Finalizer" daemon [_thread_blocked, id=3784, stack(0x0000000084000000,0x0000000088000000)]
  0x000000003dc33800 JavaThread "Reference Handler" daemon [_thread_blocked, id=6036, stack(0x0000000080000000,0x0000000084000000)]
  0x000000003da1c000 JavaThread "main" [_thread_blocked, id=3800, stack(0x0000000000030000,0x0000000004030000)]

Other Threads:
  0x000000003dc2f000 VMThread [stack: 0x00000000771a0000,0x000000007b1a0000] [id=4236]
  0x000000003dd03800 WatcherThread [stack: 0x0000000098000000,0x000000009c000000] [id=3456]

VM state:not at safepoint (normal execution)

VM Mutex/Monitor currently owned by a thread: None

Heap
 PSYoungGen      total 1010688K, used 597510K [0x00000007c0000000, 0x0000000800000000, 0x0000000800000000)
  eden space 985216K, 58% used [0x00000007c0000000,0x00000007e2edace8,0x00000007fc220000)
  from space 25472K, 99% used [0x00000007fc220000,0x00000007fdac6ba0,0x00000007fdb00000)
  to   space 34496K, 0% used [0x00000007fde50000,0x00000007fde50000,0x0000000800000000)
 ParOldGen       total 1108928K, used 925272K [0x0000000700000000, 0x0000000743af0000, 0x00000007c0000000)
  object space 1108928K, 83% used [0x0000000700000000,0x00000007387962c0,0x0000000743af0000)
 PSPermGen       total 84480K, used 84179K [0x00000006f8000000, 0x00000006fd280000, 0x0000000700000000)
  object space 84480K, 99% used [0x00000006f8000000,0x00000006fd234de0,0x00000006fd280000)

Card table byte_map: [0x0000000041210000,0x0000000041a60000] byte_map_base: 0x000000003da50000

Polling page: 0x000000000a150000

Code Cache  [0x000000003e210000, 0x000000003e8e0000, 0x0000000041210000)
 total_blobs=2860 nmethods=2083 adapters=725 free_code_cache=42345Kb largest_free_block=43251264

Compilation events (10 events):
Event: 233.594 Thread 0x000000003dcbc800 2303             org.apache.xerces.impl.dtd.XMLDTDValidator::addDTDDefaultAttrsAndValidate (1020 bytes)
Event: 234.037 Thread 0x000000003dcbc800 nmethod 2303 0x000000003e8c2910 code [0x000000003e8c2de0, 0x000000003e8c5eb8]
Event: 234.603 Thread 0x000000003dcb7800 2304             clojure.pprint$fn__6776::invoke (71 bytes)
Event: 234.607 Thread 0x000000003dcb7800 nmethod 2304 0x000000003e714890 code [0x000000003e714a40, 0x000000003e714f48]
Event: 235.272 Thread 0x000000003dcbc800 2305   !         javax.swing.RepaintManager::paintDirtyRegions (368 bytes)
Event: 235.321 Thread 0x000000003dcbc800 nmethod 2305 0x000000003e8cb0d0 code [0x000000003e8cb4a0, 0x000000003e8cdcc8]
Event: 236.936 Thread 0x000000003dcb7800 2306             sun.misc.FloatingDecimal::developLongDigits (380 bytes)
Event: 236.946 Thread 0x000000003dcb7800 nmethod 2306 0x000000003e711710 code [0x000000003e7118c0, 0x000000003e712108]
Event: 237.021 Thread 0x000000003dcbc800 2307             clojure.lang.PersistentHashMap::createNode (87 bytes)
Event: 237.024 Thread 0x000000003dcbc800 nmethod 2307 0x000000003e8aa490 code [0x000000003e8aa600, 0x000000003e8aa818]

GC Heap History (10 events):
Event: 234.063 GC heap before
{Heap before GC invocations=744 (full 58):
 PSYoungGen      total 1016704K, used 286K [0x00000007c0000000, 0x0000000800000000, 0x0000000800000000)
  eden space 984192K, 0% used [0x00000007c0000000,0x00000007c0000000,0x00000007fc120000)
  from space 32512K, 0% used [0x00000007fe040000,0x00000007fe087ab0,0x0000000800000000)
  to   space 31872K, 0% used [0x00000007fc120000,0x00000007fc120000,0x00000007fe040000)
 ParOldGen       total 909440K, used 867991K [0x0000000700000000, 0x0000000737820000, 0x00000007c0000000)
  object space 909440K, 95% used [0x0000000700000000,0x0000000734fa5c90,0x0000000737820000)
 PSPermGen       total 84480K, used 84177K [0x00000006f8000000, 0x00000006fd280000, 0x0000000700000000)
  object space 84480K, 99% used [0x00000006f8000000,0x00000006fd2346a0,0x00000006fd280000)
Event: 234.190 GC heap after
Heap after GC invocations=744 (full 58):
 PSYoungGen      total 1016704K, used 0K [0x00000007c0000000, 0x0000000800000000, 0x0000000800000000)
  eden space 984192K, 0% used [0x00000007c0000000,0x00000007c0000000,0x00000007fc120000)
  from space 32512K, 0% used [0x00000007fe040000,0x00000007fe040000,0x0000000800000000)
  to   space 31872K, 0% used [0x00000007fc120000,0x00000007fc120000,0x00000007fe040000)
 ParOldGen       total 909440K, used 868048K [0x0000000700000000, 0x0000000737820000, 0x00000007c0000000)
  object space 909440K, 95% used [0x0000000700000000,0x0000000734fb4240,0x0000000737820000)
 PSPermGen       total 84480K, used 84177K [0x00000006f8000000, 0x00000006fd280000, 0x0000000700000000)
  object space 84480K, 99% used [0x00000006f8000000,0x00000006fd2346a0,0x00000006fd280000)
}
Event: 234.203 GC heap before
{Heap before GC invocations=745 (full 58):
 PSYoungGen      total 1016704K, used 984192K [0x00000007c0000000, 0x0000000800000000, 0x0000000800000000)
  eden space 984192K, 100% used [0x00000007c0000000,0x00000007fc120000,0x00000007fc120000)
  from space 32512K, 0% used [0x00000007fe040000,0x00000007fe040000,0x0000000800000000)
  to   space 31872K, 0% used [0x00000007fc120000,0x00000007fc120000,0x00000007fe040000)
 ParOldGen       total 909440K, used 868048K [0x0000000700000000, 0x0000000737820000, 0x00000007c0000000)
  object space 909440K, 95% used [0x0000000700000000,0x0000000734fb4240,0x0000000737820000)
 PSPermGen       total 84480K, used 84177K [0x00000006f8000000, 0x00000006fd280000, 0x0000000700000000)
  object space 84480K, 99% used [0x00000006f8000000,0x00000006fd2346a0,0x00000006fd280000)
Event: 234.207 GC heap after
Heap after GC invocations=745 (full 58):
 PSYoungGen      total 984256K, used 64K [0x00000007c0000000, 0x00000007ffdc0000, 0x0000000800000000)
  eden space 984192K, 0% used [0x00000007c0000000,0x00000007c0000000,0x00000007fc120000)
  from space 64K, 100% used [0x00000007fc120000,0x00000007fc130000,0x00000007fc130000)
  to   space 31040K, 0% used [0x00000007fdf70000,0x00000007fdf70000,0x00000007ffdc0000)
 ParOldGen       total 909440K, used 868048K [0x0000000700000000, 0x0000000737820000, 0x00000007c0000000)
  object space 909440K, 95% used [0x0000000700000000,0x0000000734fb4240,0x0000000737820000)
 PSPermGen       total 84480K, used 84177K [0x00000006f8000000, 0x00000006fd280000, 0x0000000700000000)
  object space 84480K, 99% used [0x00000006f8000000,0x00000006fd2346a0,0x00000006fd280000)
}
Event: 234.714 GC heap before
{Heap before GC invocations=746 (full 58):
 PSYoungGen      total 984256K, used 984256K [0x00000007c0000000, 0x00000007ffdc0000, 0x0000000800000000)
  eden space 984192K, 100% used [0x00000007c0000000,0x00000007fc120000,0x00000007fc120000)
  from space 64K, 100% used [0x00000007fc120000,0x00000007fc130000,0x00000007fc130000)
  to   space 31040K, 0% used [0x00000007fdf70000,0x00000007fdf70000,0x00000007ffdc0000)
 ParOldGen       total 909440K, used 868048K [0x0000000700000000, 0x0000000737820000, 0x00000007c0000000)
  object space 909440K, 95% used [0x0000000700000000,0x0000000734fb4240,0x0000000737820000)
 PSPermGen       total 84480K, used 84177K [0x00000006f8000000, 0x00000006fd280000, 0x0000000700000000)
  object space 84480K, 99% used [0x00000006f8000000,0x00000006fd234748,0x00000006fd280000)
Event: 234.718 GC heap after
Heap after GC invocations=746 (full 58):
 PSYoungGen      total 1016256K, used 288K [0x00000007c0000000, 0x0000000800000000, 0x0000000800000000)
  eden space 985216K, 0% used [0x00000007c0000000,0x00000007c0000000,0x00000007fc220000)
  from space 31040K, 0% used [0x00000007fdf70000,0x00000007fdfb8000,0x00000007ffdc0000)
  to   space 30016K, 0% used [0x00000007fc220000,0x00000007fc220000,0x00000007fdf70000)
 ParOldGen       total 909440K, used 868048K [0x0000000700000000, 0x0000000737820000, 0x00000007c0000000)
  object space 909440K, 95% used [0x0000000700000000,0x0000000734fb4240,0x0000000737820000)
 PSPermGen       total 84480K, used 84177K [0x00000006f8000000, 0x00000006fd280000, 0x0000000700000000)
  object space 84480K, 99% used [0x00000006f8000000,0x00000006fd234748,0x00000006fd280000)
}
Event: 236.766 GC heap before
{Heap before GC invocations=747 (full 58):
 PSYoungGen      total 1016256K, used 982347K [0x00000007c0000000, 0x0000000800000000, 0x0000000800000000)
  eden space 985216K, 99% used [0x00000007c0000000,0x00000007fbf0af38,0x00000007fc220000)
  from space 31040K, 0% used [0x00000007fdf70000,0x00000007fdfb8000,0x00000007ffdc0000)
  to   space 30016K, 0% used [0x00000007fc220000,0x00000007fc220000,0x00000007fdf70000)
 ParOldGen       total 909440K, used 868048K [0x0000000700000000, 0x0000000737820000, 0x00000007c0000000)
  object space 909440K, 95% used [0x0000000700000000,0x0000000734fb4240,0x0000000737820000)
 PSPermGen       total 84480K, used 84179K [0x00000006f8000000, 0x00000006fd280000, 0x0000000700000000)
  object space 84480K, 99% used [0x00000006f8000000,0x00000006fd234de0,0x00000006fd280000)
Event: 236.793 GC heap after
Heap after GC invocations=747 (full 58):
 PSYoungGen      total 1010688K, used 25438K [0x00000007c0000000, 0x0000000800000000, 0x0000000800000000)
  eden space 985216K, 0% used [0x00000007c0000000,0x00000007c0000000,0x00000007fc220000)
  from space 25472K, 99% used [0x00000007fc220000,0x00000007fdaf7ae0,0x00000007fdb00000)
  to   space 34496K, 0% used [0x00000007fde50000,0x00000007fde50000,0x0000000800000000)
 ParOldGen       total 925952K, used 925392K [0x0000000700000000, 0x0000000738840000, 0x00000007c0000000)
  object space 925952K, 99% used [0x0000000700000000,0x00000007387b42b0,0x0000000738840000)
 PSPermGen       total 84480K, used 84179K [0x00000006f8000000, 0x00000006fd280000, 0x0000000700000000)
  object space 84480K, 99% used [0x00000006f8000000,0x00000006fd234de0,0x00000006fd280000)
}
Event: 236.793 GC heap before
{Heap before GC invocations=748 (full 59):
 PSYoungGen      total 1010688K, used 25438K [0x00000007c0000000, 0x0000000800000000, 0x0000000800000000)
  eden space 985216K, 0% used [0x00000007c0000000,0x00000007c0000000,0x00000007fc220000)
  from space 25472K, 99% used [0x00000007fc220000,0x00000007fdaf7ae0,0x00000007fdb00000)
  to   space 34496K, 0% used [0x00000007fde50000,0x00000007fde50000,0x0000000800000000)
 ParOldGen       total 925952K, used 925392K [0x0000000700000000, 0x0000000738840000, 0x00000007c0000000)
  object space 925952K, 99% used [0x0000000700000000,0x00000007387b42b0,0x0000000738840000)
 PSPermGen       total 84480K, used 84179K [0x00000006f8000000, 0x00000006fd280000, 0x0000000700000000)
  object space 84480K, 99% used [0x00000006f8000000,0x00000006fd234de0,0x00000006fd280000)
Event: 236.917 GC heap after
Heap after GC invocations=748 (full 59):
 PSYoungGen      total 1010688K, used 25242K [0x00000007c0000000, 0x0000000800000000, 0x0000000800000000)
  eden space 985216K, 0% used [0x00000007c0000000,0x00000007c0000000,0x00000007fc220000)
  from space 25472K, 99% used [0x00000007fc220000,0x00000007fdac6ba0,0x00000007fdb00000)
  to   space 34496K, 0% used [0x00000007fde50000,0x00000007fde50000,0x0000000800000000)
 ParOldGen       total 1108928K, used 925272K [0x0000000700000000, 0x0000000743af0000, 0x00000007c0000000)
  object space 1108928K, 83% used [0x0000000700000000,0x00000007387962c0,0x0000000743af0000)
 PSPermGen       total 84480K, used 84179K [0x00000006f8000000, 0x00000006fd280000, 0x0000000700000000)
  object space 84480K, 99% used [0x00000006f8000000,0x00000006fd234de0,0x00000006fd280000)
}

Deoptimization events (10 events):
Event: 109.351 Thread 0x0000000071c51000 Uncommon trap -58 fr.pc 0x000000003e717be0
Event: 112.351 Thread 0x0000000072265000 Uncommon trap -34 fr.pc 0x000000003e7e0b64
Event: 112.351 Thread 0x0000000072265000 Uncommon trap -34 fr.pc 0x000000003e7e0b64
Event: 143.795 Thread 0x0000000071c51000 Uncommon trap -58 fr.pc 0x000000003e717be0
Event: 157.189 Thread 0x0000000065fdf800 Uncommon trap -34 fr.pc 0x000000003e68d890
Event: 157.293 Thread 0x0000000065fdf800 Uncommon trap -34 fr.pc 0x000000003e68d890
Event: 158.189 Thread 0x0000000065fdf800 Uncommon trap -34 fr.pc 0x000000003e68d890
Event: 158.197 Thread 0x0000000065fdf800 Uncommon trap -34 fr.pc 0x000000003e68d890
Event: 167.499 Thread 0x0000000065fdf800 Uncommon trap -83 fr.pc 0x000000003e712f10
Event: 170.229 Thread 0x0000000071c51000 Uncommon trap -58 fr.pc 0x000000003e717be0

Internal exceptions (10 events):
Event: 236.647 Thread 0x0000000071c51000 Threw 0x00000007f37876f8 at C:\jdk7u1_64p\jdk7u11\hotspot\src\share\vm\prims\jni.cpp:742
Event: 236.648 Thread 0x0000000071c51000 Threw 0x00000007f3794198 at C:\jdk7u1_64p\jdk7u11\hotspot\src\share\vm\prims\jni.cpp:742
Event: 236.649 Thread 0x0000000071c51000 Threw 0x00000007f37a0c38 at C:\jdk7u1_64p\jdk7u11\hotspot\src\share\vm\prims\jni.cpp:742
Event: 236.650 Thread 0x0000000071c51000 Threw 0x00000007f37ad6d8 at C:\jdk7u1_64p\jdk7u11\hotspot\src\share\vm\prims\jni.cpp:742
Event: 236.651 Thread 0x0000000071c51000 Threw 0x00000007f37ba178 at C:\jdk7u1_64p\jdk7u11\hotspot\src\share\vm\prims\jni.cpp:742
Event: 236.652 Thread 0x0000000071c51000 Threw 0x00000007f37c6c18 at C:\jdk7u1_64p\jdk7u11\hotspot\src\share\vm\prims\jni.cpp:742
Event: 236.653 Thread 0x0000000071c51000 Threw 0x00000007f37d36b8 at C:\jdk7u1_64p\jdk7u11\hotspot\src\share\vm\prims\jni.cpp:742
Event: 236.654 Thread 0x0000000071c51000 Threw 0x00000007f37e0158 at C:\jdk7u1_64p\jdk7u11\hotspot\src\share\vm\prims\jni.cpp:742
Event: 236.655 Thread 0x0000000071c51000 Threw 0x00000007f37ecbf8 at C:\jdk7u1_64p\jdk7u11\hotspot\src\share\vm\prims\jni.cpp:742
Event: 236.656 Thread 0x0000000071c51000 Threw 0x00000007f37f9698 at C:\jdk7u1_64p\jdk7u11\hotspot\src\share\vm\prims\jni.cpp:742

Events (10 events):
Event: 236.923 Thread 0x000000007dadb000 Thread added: 0x000000007dadb000
Event: 236.923 Thread 0x000000007dadb000 Thread exited: 0x000000007dadb000
Event: 236.923 Thread 0x000000007dadb000 Thread added: 0x000000007dadb000
Event: 236.923 Thread 0x000000007dadb000 Thread exited: 0x000000007dadb000
Event: 236.923 Thread 0x000000007dadb000 Thread added: 0x000000007dadb000
Event: 236.923 Thread 0x000000007dadb000 Thread exited: 0x000000007dadb000
Event: 236.923 Thread 0x000000007dadb000 Thread added: 0x000000007dadb000
Event: 236.923 Thread 0x000000007dadb000 Thread exited: 0x000000007dadb000
Event: 236.924 Thread 0x000000007dadb000 Thread added: 0x000000007dadb000
Event: 236.924 Thread 0x000000007dadb000 Thread exited: 0x000000007dadb000


Dynamic libraries:
0x0000000140000000 - 0x0000000140029000 	C:\Program Files\MATLAB\R2013b\bin\win64\MATLAB.exe
0x0000000076fd0000 - 0x0000000077179000 	C:\Windows\SYSTEM32\ntdll.dll
0x0000000076eb0000 - 0x0000000076fcf000 	C:\Windows\system32\kernel32.dll
0x000007fefcf90000 - 0x000007fefcffc000 	C:\Windows\system32\KERNELBASE.dll
0x0000000074b10000 - 0x0000000074b97000 	C:\Windows\System32\SYSFER.DLL
0x000000006f060000 - 0x000000006f3dc000 	C:\Program Files\MATLAB\R2013b\bin\win64\libmwservices.dll
0x000000006fe80000 - 0x000000006ff56000 	C:\Program Files\MATLAB\R2013b\bin\win64\libmwi18n.dll
0x000000006fe70000 - 0x000000006fe7d000 	C:\Program Files\MATLAB\R2013b\bin\win64\libmwresource_core.dll
0x0000000073100000 - 0x0000000073198000 	C:\Program Files\MATLAB\R2013b\bin\win64\MSVCP100.dll
0x000000006df20000 - 0x000000006dff2000 	C:\Program Files\MATLAB\R2013b\bin\win64\MSVCR100.dll
0x00000000731d0000 - 0x00000000731de000 	C:\Program Files\MATLAB\R2013b\bin\win64\boost_date_time-vc100-mt-1_49.dll
0x000000006def0000 - 0x000000006df1c000 	C:\Program Files\MATLAB\R2013b\bin\win64\boost_filesystem-vc100-mt-1_49.dll
0x00000000731e0000 - 0x00000000731e9000 	C:\Program Files\MATLAB\R2013b\bin\win64\boost_system-vc100-mt-1_49.dll
0x000007fefde80000 - 0x000007fefdf5b000 	C:\Windows\system32\ADVAPI32.dll
0x000007fefd6d0000 - 0x000007fefd76f000 	C:\Windows\system32\msvcrt.dll
0x000007fefdf60000 - 0x000007fefdf7f000 	C:\Windows\SYSTEM32\sechost.dll
0x000007fefd5a0000 - 0x000007fefd6cd000 	C:\Windows\system32\RPCRT4.dll
0x000000006dec0000 - 0x000000006dee5000 	C:\Program Files\MATLAB\R2013b\bin\win64\LIBEXPAT.dll
0x000000006cfc0000 - 0x000000006d14a000 	C:\Program Files\MATLAB\R2013b\bin\win64\icuin49.dll
0x000000006dd80000 - 0x000000006debe000 	C:\Program Files\MATLAB\R2013b\bin\win64\icuuc49.dll
0x0000000069b30000 - 0x000000006ac52000 	C:\Program Files\MATLAB\R2013b\bin\win64\icudt49.dll
0x00000000730f0000 - 0x0000000073100000 	C:\Program Files\MATLAB\R2013b\bin\win64\icuio49.dll
0x0000000004220000 - 0x00000000042db000 	C:\Program Files\MATLAB\R2013b\bin\win64\libut.dll
0x000000006f960000 - 0x000000006fb07000 	C:\Program Files\MATLAB\R2013b\bin\win64\libmwfl.dll
0x00000000042e0000 - 0x00000000046ef000 	C:\Program Files\MATLAB\R2013b\bin\win64\libmwMATLAB_res.dll
0x000000006d410000 - 0x000000006d4ef000 	C:\Program Files\MATLAB\R2013b\bin\win64\boost_regex-vc100-mt-1_49.dll
0x0000000076db0000 - 0x0000000076eaa000 	C:\Windows\system32\USER32.dll
0x000007fefdd80000 - 0x000007fefdde7000 	C:\Windows\system32\GDI32.dll
0x000007fefddf0000 - 0x000007fefddfe000 	C:\Windows\system32\LPK.dll
0x000007fefdaa0000 - 0x000007fefdb69000 	C:\Windows\system32\USP10.dll
0x0000000070730000 - 0x0000000070741000 	C:\Program Files\MATLAB\R2013b\bin\win64\boost_signals-vc100-mt-1_49.dll
0x000000006d590000 - 0x000000006d5a1000 	C:\Program Files\MATLAB\R2013b\bin\win64\boost_thread-vc100-mt-1_49.dll
0x000000006cf30000 - 0x000000006cfbc000 	C:\Program Files\MATLAB\R2013b\bin\win64\boost_log-vc100-mt-1_49.dll
0x0000000077190000 - 0x0000000077197000 	C:\Windows\system32\PSAPI.DLL
0x000007fefd3e0000 - 0x000007fefd42d000 	C:\Windows\system32\WS2_32.dll
0x000007fefd9f0000 - 0x000007fefd9f8000 	C:\Windows\system32\NSI.dll
0x000007fef75d0000 - 0x000007fef7603000 	C:\Program Files\MATLAB\R2013b\bin\win64\tbb.dll
0x000007fefeff0000 - 0x000007feff009000 	C:\Windows\system32\imagehlp.dll
0x000007fefab70000 - 0x000007fefab9c000 	C:\Windows\system32\POWRPROF.dll
0x000007fefd810000 - 0x000007fefd9e7000 	C:\Windows\system32\SETUPAPI.dll
0x000007fefcf40000 - 0x000007fefcf76000 	C:\Windows\system32\CFGMGR32.dll
0x000007feff010000 - 0x000007feff0e7000 	C:\Windows\system32\OLEAUT32.dll
0x000007fefdb70000 - 0x000007fefdd73000 	C:\Windows\system32\ole32.dll
0x000007fefcf20000 - 0x000007fefcf3a000 	C:\Windows\system32\DEVOBJ.dll
0x00000000046f0000 - 0x00000000047eb000 	C:\Program Files\MATLAB\R2013b\bin\win64\libmx.dll
0x000007fef75a0000 - 0x000007fef75c8000 	C:\Program Files\MATLAB\R2013b\bin\win64\tbbmalloc.dll
0x000000006d570000 - 0x000000006d587000 	C:\Program Files\MATLAB\R2013b\bin\win64\zlib1.dll
0x000000006ef00000 - 0x000000006ef4e000 	C:\Program Files\MATLAB\R2013b\bin\win64\libmwregexp.dll
0x000000006eeb0000 - 0x000000006eef7000 	C:\Program Files\MATLAB\R2013b\bin\win64\mpath.dll
0x00000000047f0000 - 0x0000000004e18000 	C:\Program Files\MATLAB\R2013b\bin\win64\mlutil.dll
0x000000006e870000 - 0x000000006e8e7000 	C:\Program Files\MATLAB\R2013b\bin\win64\xmlcore.dll
0x000000006bb40000 - 0x000000006bd81000 	C:\Program Files\MATLAB\R2013b\bin\win64\xerces-c_2_7.dll
0x000000006e5f0000 - 0x000000006e613000 	C:\Program Files\MATLAB\R2013b\bin\win64\libmwMATLAB_settings_res.dll
0x0000000004e30000 - 0x0000000004e40000 	C:\Program Files\MATLAB\R2013b\bin\win64\boost_iostreams-vc100-mt-1_49.dll
0x000000006d520000 - 0x000000006d566000 	C:\Program Files\MATLAB\R2013b\bin\win64\boost_serialization-vc100-mt-1_49.dll
0x000007fefdf80000 - 0x000007fefed08000 	C:\Windows\system32\SHELL32.dll
0x000007fefde00000 - 0x000007fefde71000 	C:\Windows\system32\SHLWAPI.dll
0x000000006e580000 - 0x000000006e586000 	C:\Program Files\MATLAB\R2013b\bin\win64\libmwnativedisplay.dll
0x00000000685f0000 - 0x000000006863d000 	C:\Program Files\MATLAB\R2013b\bin\win64\opccore.dll
0x00000000684f0000 - 0x00000000685c6000 	C:\Program Files\MATLAB\R2013b\bin\win64\opcmodel.dll
0x00000000684c0000 - 0x00000000684ed000 	C:\Program Files\MATLAB\R2013b\bin\win64\opczippackage.dll
0x0000000071700000 - 0x000000007170e000 	C:\Program Files\MATLAB\R2013b\bin\win64\libminizip.dll
0x0000000068340000 - 0x00000000683a6000 	C:\Program Files\MATLAB\R2013b\bin\win64\opcmwservices.dll
0x000007fef9740000 - 0x000007fef97e0000 	C:\Windows\WinSxS\amd64_microsoft.windows.common-controls_6595b64144ccf1df_5.82.7601.18201_none_a4d3b9377117c3df\COMCTL32.dll
0x000007fefd770000 - 0x000007fefd807000 	C:\Windows\system32\COMDLG32.dll
0x000007fef9fe0000 - 0x000007fef9ff6000 	C:\Windows\system32\NETAPI32.dll
0x000007fefbf10000 - 0x000007fefbf1c000 	C:\Windows\system32\netutils.dll
0x000007fefc550000 - 0x000007fefc573000 	C:\Windows\system32\srvcli.dll
0x000007fefc460000 - 0x000007fefc475000 	C:\Windows\system32\wkscli.dll
0x000000006e4d0000 - 0x000000006e57d000 	C:\Program Files\MATLAB\R2013b\bin\win64\mcr.dll
0x000000006e110000 - 0x000000006e4d0000 	C:\Program Files\MATLAB\R2013b\bin\win64\iqm.dll
0x0000000180000000 - 0x00000001800c2000 	C:\Program Files\MATLAB\R2013b\bin\win64\m_dispatcher.dll
0x0000000004e40000 - 0x000000000563b000 	C:\Program Files\MATLAB\R2013b\bin\win64\m_interpreter.dll
0x000000006d760000 - 0x000000006d784000 	C:\Program Files\MATLAB\R2013b\bin\win64\libmex.dll
0x000000006d6e0000 - 0x000000006d75b000 	C:\Program Files\MATLAB\R2013b\bin\win64\profiler.dll
0x0000000005640000 - 0x00000000057b8000 	C:\Program Files\MATLAB\R2013b\bin\win64\libmwmathutil.dll
0x00000000057c0000 - 0x00000000057e7000 	C:\Program Files\MATLAB\R2013b\bin\win64\libmwmathrng.dll
0x00000000057f0000 - 0x0000000005800000 	C:\Program Files\MATLAB\R2013b\bin\win64\libmwmfl_rng.dll
0x0000000005800000 - 0x0000000005918000 	C:\Program Files\MATLAB\R2013b\bin\win64\libmwmathcore.dll
0x000000006d2b0000 - 0x000000006d313000 	C:\Program Files\MATLAB\R2013b\bin\win64\libmwspmatrix.dll
0x0000000005920000 - 0x0000000005b82000 	C:\Program Files\MATLAB\R2013b\bin\win64\mcos.dll
0x0000000005b90000 - 0x0000000005bec000 	C:\Program Files\MATLAB\R2013b\bin\win64\libmwcholmod.dll
0x0000000005bf0000 - 0x0000000005bfc000 	C:\Program Files\MATLAB\R2013b\bin\win64\libmwamd.dll
0x0000000005c00000 - 0x0000000005c0b000 	C:\Program Files\MATLAB\R2013b\bin\win64\libmwcolamd.dll
0x0000000005c10000 - 0x0000000005c23000 	C:\Program Files\MATLAB\R2013b\bin\win64\libmwblas.dll
0x0000000005c30000 - 0x0000000005c45000 	C:\Program Files\MATLAB\R2013b\bin\win64\libmwbinder.dll
0x0000000005c50000 - 0x0000000005c5b000 	C:\Program Files\MATLAB\R2013b\bin\win64\libmwompwrapper.dll
0x0000000005c60000 - 0x0000000005cdf000 	C:\Program Files\MATLAB\R2013b\bin\win64\libmwlapack.dll
0x000000006ceb0000 - 0x000000006ced0000 	C:\Program Files\MATLAB\R2013b\bin\win64\m_pcodeio.dll
0x000000006ce50000 - 0x000000006ceac000 	C:\Program Files\MATLAB\R2013b\bin\win64\m_ir.dll
0x0000000005ce0000 - 0x0000000006395000 	C:\Program Files\MATLAB\R2013b\bin\win64\m_parser.dll
0x000000006c780000 - 0x000000006c797000 	C:\Program Files\MATLAB\R2013b\bin\win64\ir_xfmr.dll
0x000000006c770000 - 0x000000006c780000 	C:\Program Files\MATLAB\R2013b\bin\win64\mtok.dll
0x000000006c740000 - 0x000000006c768000 	C:\Program Files\MATLAB\R2013b\bin\win64\m_pcodegen.dll
0x000007feef070000 - 0x000007feef195000 	C:\Windows\system32\dbghelp.dll
0x000000006c710000 - 0x000000006c73f000 	C:\Program Files\MATLAB\R2013b\bin\win64\libmwbridge.dll
0x000000006c650000 - 0x000000006c706000 	C:\Program Files\MATLAB\R2013b\bin\win64\udd.dll
0x00000000063a0000 - 0x00000000064f1000 	C:\Program Files\MATLAB\R2013b\bin\win64\libmwgui.dll
0x000000006c4d0000 - 0x000000006c4f8000 	C:\Program Files\MATLAB\R2013b\bin\win64\graphics_util.dll
0x0000000006500000 - 0x00000000065b8000 	C:\Program Files\MATLAB\R2013b\bin\win64\libtex_base.dll
0x00000000065c0000 - 0x0000000006f26000 	C:\Program Files\MATLAB\R2013b\bin\win64\hg.dll
0x000000006ba60000 - 0x000000006babd000 	C:\Program Files\MATLAB\R2013b\bin\win64\libmat.dll
0x000000006b850000 - 0x000000006ba58000 	C:\Program Files\MATLAB\R2013b\bin\win64\hdf5dll.dll
0x000000006b780000 - 0x000000006b848000 	C:\Program Files\MATLAB\R2013b\bin\win64\jmi.dll
0x000000006b770000 - 0x000000006b77e000 	C:\Program Files\MATLAB\R2013b\bin\win64\nativejava_services.dll
0x0000000006f40000 - 0x0000000006f82000 	C:\Program Files\MATLAB\R2013b\bin\win64\libmwhardcopy.dll
0x000000006b6d0000 - 0x000000006b72e000 	C:\Program Files\MATLAB\R2013b\bin\win64\libuij.dll
0x000000006b490000 - 0x000000006b695000 	C:\Program Files\MATLAB\R2013b\bin\win64\hgdatatypes.dll
0x0000000006f90000 - 0x00000000070a2000 	C:\Program Files\MATLAB\R2013b\bin\win64\hgutils.dll
0x000000006b2f0000 - 0x000000006b39e000 	C:\Program Files\MATLAB\R2013b\bin\win64\udd_mi.dll
0x000000006b2b0000 - 0x000000006b2e6000 	C:\Program Files\MATLAB\R2013b\bin\win64\libmwgbtutils.dll
0x000000006b290000 - 0x000000006b2a3000 	C:\Program Files\MATLAB\R2013b\bin\win64\libmwgbt.dll
0x000000006afc0000 - 0x000000006b28f000 	C:\Program Files\MATLAB\R2013b\bin\win64\uiw.dll
0x000000006afb0000 - 0x000000006afb9000 	C:\Program Files\MATLAB\R2013b\bin\win64\uinone.dll
0x000000006af80000 - 0x000000006afac000 	C:\Program Files\MATLAB\R2013b\bin\win64\libmwnativedialogs.dll
0x000000006af70000 - 0x000000006af7c000 	C:\Program Files\MATLAB\R2013b\bin\win64\libmwplatform_res.dll
0x000007fefba50000 - 0x000007fefba68000 	C:\Windows\system32\MPR.dll
0x00000000070c0000 - 0x000000000761d000 	C:\Program Files\MATLAB\R2013b\bin\win64\mfc100.dll
0x000007fef97e0000 - 0x000007fef97e7000 	C:\Windows\system32\MSIMG32.dll
0x000007fef93a0000 - 0x000007fef9411000 	C:\Windows\system32\WINSPOOL.DRV
0x000000006af50000 - 0x000000006af6d000 	C:\Program Files\MATLAB\R2013b\bin\win64\mwoles05.DLL
0x000000006aee0000 - 0x000000006af4c000 	C:\Program Files\MATLAB\R2013b\bin\win64\comcli.dll
0x0000000007620000 - 0x000000000764b000 	C:\Program Files\MATLAB\R2013b\bin\win64\ATL100.DLL
0x000000006aed0000 - 0x000000006aedc000 	C:\Program Files\MATLAB\R2013b\bin\win64\mlautoregister.dll
0x0000000007650000 - 0x00000000077bf000 	C:\Program Files\MATLAB\R2013b\bin\win64\mvm.dll
0x000007fefed10000 - 0x000007fefed3e000 	C:\Windows\system32\IMM32.DLL
0x000007feff0f0000 - 0x000007feff1f9000 	C:\Windows\system32\MSCTF.dll
0x000007fefb350000 - 0x000007fefb3a6000 	C:\Windows\system32\UxTheme.dll

VM Arguments:
jvm_args: -XX:PermSize=32m -Xms64m -XX:NewRatio=3 -XX:MaxPermSize=128m -Xmx4096m -XX:MaxDirectMemorySize=2147400000 -Dsun.java2d.noddraw=true -Dsun.awt.nopixfmt=true -Xshare:off -Xrs -XX:-UseSplitVerifier -Djava.library.path=C:\Program Files\MATLAB\R2013b\bin\win64;C:\Program Files\MATLAB\R2013b\sys\jxbrowser\win64\lib;C:\Program Files\Micro-Manager-1.4.17 vfprintf abort -Duser.language=en -Duser.country=US -XX:ParallelGCThreads=6 
java_command: <unknown>
Launcher Type: generic

Environment Variables:
PATH=C:\Python27\Lib\site-packages\PyQt4;C:\Windows\system32;C:\Windows;C:\Windows\System32\Wbem;C:\Windows\System32\WindowsPowerShell\v1.0\;C:\Program Files\TortoiseSVN\bin;C:\Python27;C:\Python27\DLLs;C:\Python27\Scripts;C:\Python27\Lib\site-packages\vtk;C:\Python27\gnuplot\binary;C:\Program Files (x86)\pythonxy\SciTE-3.3.2-3;C:\Program Files (x86)\pythonxy\console;C:\MinGW32-xy\bin;C:\Program Files (x86)\IVI Foundation\VISA\WinNT\Bin;\Serial;\Serial;C:\Program Files\SiliconSoftware\Runtime5.2.2\BIN;C:\Program Files\MATLAB\R2013b\bin;C:\Program Files\Micro-Manager-1.4.17;C:\BitFlow SDK 5.70\Bin64;C:\BitFlow SDK 5.70\Bin32;C:\Program Files\CameraLink\Serial;C:\Program Files (x86)\CameraLink\Serial;C:\Program Files\Micro-Manager-1.4.17
USERNAME=nicuser
OS=Windows_NT
PROCESSOR_IDENTIFIER=Intel64 Family 6 Model 45 Stepping 7, GenuineIntel



---------------  S Y S T E M  ---------------

OS: Windows 7 , 64 bit Build 7601 Service Pack 1

CPU:total 16 (4 cores per cpu, 2 threads per core) family 6 model 45 stepping 7, cmov, cx8, fxsr, mmx, sse, sse2, sse3, ssse3, sse4.1, sse4.2, popcnt, avx, ht, tsc, tscinvbit, tscinv

Memory: 4k page, physical 33476304k(18127568k free), swap 66950744k(50909808k free)

vm_info: Java HotSpot(TM) 64-Bit Server VM (23.6-b04) for windows-amd64 JRE (1.7.0_11-b21), built on Jan 12 2013 02:38:42 by "java_re" with unknown MS VC++:1600

time: Thu Aug 21 17:19:06 2014
elapsed time: 237 seconds

