#
# A fatal error has been detected by the Java Runtime Environment:
#
#  EXCEPTION_UNCAUGHT_CXX_EXCEPTION (0xe06d7363) at pc=0x000007fefd3e940d, pid=1620, tid=5360
#
# JRE version: 7.0_11-b21
# Java VM: Java HotSpot(TM) 64-Bit Server VM (23.6-b04 mixed mode windows-amd64 compressed oops)
# Problematic frame:
# C  [KERNELBASE.dll+0x940d]
#
# Failed to write core dump. Minidumps are not enabled by default on client versions of Windows
#
# If you would like to submit a bug report, please visit:
#   http://bugreport.sun.com/bugreport/crash.jsp
# The crash happened outside the Java Virtual Machine in native code.
# See problematic frame for where to report the bug.
#

---------------  T H R E A D  ---------------

Current thread (0x00000000739ab800):  JavaThread "AcquisitionEngine2010 Thread (Clojure)" [_thread_in_native, id=5360, stack(0x00000001940d0000,0x00000001980d0000)]

siginfo: ExceptionCode=0xe06d7363, ExceptionInformation=0x0000000019930520 0x00000001980ce410 0x000007feef361e08 0x000007feef300000 

Registers:
RAX=0x00000001e62ab7d5, RBX=0x00000001980ce410, RCX=0x00000001980cda50, RDX=0x00000000000000d0
RSP=0x00000001980ce060, RBP=0x00000001980ce190, RSI=0x000000006caa6bf0, RDI=0x000007feef361e08
R8 =0x0000000000000000, R9 =0x0000000000000000, R10=0x000007feef300000, R11=0x00000001980ce0a0
R12=0x00000000697db830, R13=0x000000007212dd00, R14=0x0000000072131fd0, R15=0x00000001980ceb58
RIP=0x000007fefd3e940d, EFLAGS=0x0000000000000202

Top of Stack: (sp=0x00000001980ce060)
0x00000001980ce060:   00000001980ce410 000000006caa6bf0
0x00000001980ce070:   000007feef361e08 000007feef33418f
0x00000001980ce080:   00000001e06d7363 0000000000000000
0x00000001980ce090:   000007fefd3e940d 000007fe00000004
0x00000001980ce0a0:   0000000019930520 00000001980ce410
0x00000001980ce0b0:   000007feef361e08 000007feef300000
0x00000001980ce0c0:   000000006caa6520 00000001980ce148
0x00000001980ce0d0:   0000000000000654 000007fef6cb1dee
0x00000001980ce0e0:   000000006c7c0d60 00000000000014f0
0x00000001980ce0f0:   00000001980ce428 000007feef305e14
0x00000001980ce100:   0000000072131fd0 000000007212dd00
0x00000001980ce110:   00000000697db830 000007feef361e08
0x00000001980ce120:   000000006caa6bf0 000007feef3305f9
0x00000001980ce130:   00000001980ce410 00000001980ce1a0
0x00000001980ce140:   0000000000000001 000007feef3000f8
0x00000001980ce150:   00000001e06d7363 0000000000000000 

Instructions: (pc=0x000007fefd3e940d)
0x000007fefd3e93ed:   54 24 24 48 89 4c 24 28 4d 85 c9 0f 85 aa 18 00
0x000007fefd3e93fd:   00 89 4c 24 38 48 8d 4c 24 20 ff 15 93 1e 04 00
0x000007fefd3e940d:   48 81 c4 c8 00 00 00 c3 90 90 90 90 90 90 90 90
0x000007fefd3e941d:   90 90 90 48 8b c4 48 83 ec 78 41 f7 c0 fe ff ff 


Register to memory mapping:

RAX=0x00000001e62ab7d5 is an unknown value
RBX=0x00000001980ce410 is pointing into the stack for thread: 0x00000000739ab800
RCX=0x00000001980cda50 is pointing into the stack for thread: 0x00000000739ab800
RDX=0x00000000000000d0 is an unknown value
RSP=0x00000001980ce060 is pointing into the stack for thread: 0x00000000739ab800
RBP=0x00000001980ce190 is pointing into the stack for thread: 0x00000000739ab800
RSI=0x000000006caa6bf0 is an unknown value
RDI=0x000007feef361e08 is an unknown value
R8 =0x0000000000000000 is an unknown value
R9 =0x0000000000000000 is an unknown value
R10=0x000007feef300000 is an unknown value
R11=0x00000001980ce0a0 is pointing into the stack for thread: 0x00000000739ab800
R12=0x00000000697db830 is an unknown value
R13=0x000000007212dd00 is an unknown value
R14=0x0000000072131fd0 is an unknown value
R15=0x00000001980ceb58 is pointing into the stack for thread: 0x00000000739ab800


Stack: [0x00000001940d0000,0x00000001980d0000],  sp=0x00000001980ce060,  free space=65528k
Native frames: (J=compiled Java code, j=interpreted, Vv=VM code, C=native code)
C  [KERNELBASE.dll+0x940d]
C  0x000007feef3146fd

Java frames: (J=compiled Java code, j=interpreted, Vv=VM code)
j  mmcorej.MMCoreJJNI.CMMCore_setProperty__SWIG_0(JLmmcorej/CMMCore;Ljava/lang/String;Ljava/lang/String;Ljava/lang/String;)V+0
j  mmcorej.CMMCore.setProperty(Ljava/lang/String;Ljava/lang/String;Ljava/lang/String;)V+8
v  ~StubRoutines::call_stub
j  sun.reflect.NativeMethodAccessorImpl.invoke0(Ljava/lang/reflect/Method;Ljava/lang/Object;[Ljava/lang/Object;)Ljava/lang/Object;+0
j  sun.reflect.NativeMethodAccessorImpl.invoke(Ljava/lang/Object;[Ljava/lang/Object;)Ljava/lang/Object;+87
J  clojure.lang.Reflector.invokeMatchingMethod(Ljava/lang/String;Ljava/util/List;Ljava/lang/Object;[Ljava/lang/Object;)Ljava/lang/Object;
J  clojure.lang.Reflector.invokeInstanceMethod(Ljava/lang/Object;Ljava/lang/String;[Ljava/lang/Object;)Ljava/lang/Object;
j  org.micromanager.acq_engine$set_property$attempt__846__auto____944.invoke()Ljava/lang/Object;+133
j  org.micromanager.acq_engine$set_property$fn__948.invoke()Ljava/lang/Object;+7
j  org.micromanager.acq_engine$set_property.invoke(Ljava/lang/Object;)Ljava/lang/Object;+161
j  clojure.core$map$fn__3811.invoke()Ljava/lang/Object;+293
J  clojure.lang.RT.seq(Ljava/lang/Object;)Lclojure/lang/ISeq;
J  clojure.core$seq.invoke(Ljava/lang/Object;)Ljava/lang/Object;
j  clojure.core$dorun.invoke(Ljava/lang/Object;)Ljava/lang/Object;+10
j  org.micromanager.acq_engine$return_config.invoke()Ljava/lang/Object;+116
j  org.micromanager.acq_engine$cleanup$fn__1247.invoke()Ljava/lang/Object;+9
j  org.micromanager.acq_engine$cleanup.invoke()Ljava/lang/Object;+95
j  org.micromanager.acq_engine$run_acquisition.invoke(Ljava/lang/Object;Ljava/lang/Object;Ljava/lang/Object;Ljava/lang/Object;Ljava/lang/Object;)Ljava/lang/Object;+338
j  org.micromanager.acq_engine$run$fn__1457.invoke()Ljava/lang/Object;+70
j  clojure.lang.AFn.run()V+1
j  java.lang.Thread.run()V+11
v  ~StubRoutines::call_stub

---------------  P R O C E S S  ---------------

Java Threads: ( => current thread )
  0x00000002c7838800 JavaThread "zSelector" [_thread_blocked, id=5828, stack(0x0000000174040000,0x0000000178040000)]
  0x0000000069155800 JavaThread "Image Fetcher 0" daemon [_thread_blocked, id=3464, stack(0x0000000170040000,0x0000000174040000)]
  0x0000000069156800 JavaThread "pool-10-thread-1" [_thread_blocked, id=6040, stack(0x000000016c040000,0x0000000170040000)]
  0x00000000739a2000 JavaThread "pool-11-thread-1" [_thread_blocked, id=460, stack(0x00000001a00d0000,0x00000001a40d0000)]
  0x00000000739ab000 JavaThread "clojure-agent-send-off-pool-0" [_thread_blocked, id=3724, stack(0x00000003a1100000,0x00000003a5100000)]
  0x00000000739ac800 JavaThread "tagged image sink thread" [_thread_blocked, id=5792, stack(0x000000019c0d0000,0x00000001a00d0000)]
  0x00000000739a5800 JavaThread "Timer-2" [_thread_blocked, id=4992, stack(0x00000001980d0000,0x000000019c0d0000)]
=>0x00000000739ab800 JavaThread "AcquisitionEngine2010 Thread (Clojure)" [_thread_in_native, id=5360, stack(0x00000001940d0000,0x00000001980d0000)]
  0x00000000739a3800 JavaThread "Inactive RequestProcessor thread [Was:TimedSoftReference/org.openide.util.TimedSoftReference]" daemon [_thread_blocked, id=5976, stack(0x000000013c000000,0x0000000140000000)]
  0x00000000739a6800 JavaThread "Beanshell interpreter" [_thread_blocked, id=880, stack(0x0000000118000000,0x000000011c000000)]
  0x00000000739a5000 JavaThread "Thread-42" [_thread_blocked, id=4104, stack(0x00000000cc000000,0x00000000d0000000)]
  0x000000007399f800 JavaThread "Code Analyzer updating thread" [_thread_blocked, id=2104, stack(0x0000000110000000,0x0000000114000000)]
  0x000000007399f000 JavaThread "Code Analyzer updating thread" [_thread_blocked, id=5144, stack(0x000000010c000000,0x0000000110000000)]
  0x000000007399e000 JavaThread "Code Analyzer updating thread" [_thread_blocked, id=4872, stack(0x0000000108000000,0x000000010c000000)]
  0x000000007399d800 JavaThread "Code Analyzer updating thread" [_thread_blocked, id=4176, stack(0x0000000104000000,0x0000000108000000)]
  0x0000000069159800 JavaThread "Active Reference Queue Daemon" daemon [_thread_blocked, id=416, stack(0x0000000100000000,0x0000000104000000)]
  0x0000000069158800 JavaThread "Timer-1" daemon [_thread_blocked, id=4664, stack(0x00000000dc000000,0x00000000e0000000)]
  0x0000000069158000 JavaThread "ClipboardMonitor Timer" daemon [_thread_blocked, id=1180, stack(0x00000000d8000000,0x00000000dc000000)]
  0x0000000069157000 JavaThread "Explorer NavigationContext request queue" daemon [_thread_blocked, id=5584, stack(0x00000000d4000000,0x00000000d8000000)]
  0x0000000069155000 JavaThread "AddressBar directory emptiness poller" daemon [_thread_blocked, id=5352, stack(0x00000000c8000000,0x00000000cc000000)]
  0x0000000069154000 JavaThread "Explorer Refresh Service 31787691" daemon [_thread_blocked, id=5376, stack(0x00000000c4000000,0x00000000c8000000)]
  0x0000000069153800 JavaThread "TimerQueue" daemon [_thread_blocked, id=2984, stack(0x00000000c0000000,0x00000000c4000000)]
  0x0000000069152800 JavaThread "Thread-3" daemon [_thread_blocked, id=1628, stack(0x00000000b0000000,0x00000000b4000000)]
  0x0000000069256800 JavaThread "FelixPackageAdmin" daemon [_thread_blocked, id=5320, stack(0x00000000bc000000,0x00000000c0000000)]
  0x0000000069069000 JavaThread "FelixStartLevel" daemon [_thread_blocked, id=5924, stack(0x00000000b8000000,0x00000000bc000000)]
  0x000000006932c000 JavaThread "FelixDispatchQueue" daemon [_thread_blocked, id=1600, stack(0x00000000b4000000,0x00000000b8000000)]
  0x0000000068f77800 JavaThread "AWT-EventQueue-0" [_thread_in_Java, id=1564, stack(0x00000000ac000000,0x00000000b0000000)]
  0x0000000068f66800 JavaThread "com.google.common.base.internal.Finalizer" daemon [_thread_blocked, id=4980, stack(0x00000000a8000000,0x00000000ac000000)]
  0x0000000068e2c800 JavaThread "AWT-Windows" daemon [_thread_in_native, id=2992, stack(0x00000000a0000000,0x00000000a4000000)]
  0x0000000068e2b800 JavaThread "AWT-Shutdown" [_thread_blocked, id=2400, stack(0x000000009c000000,0x00000000a0000000)]
  0x0000000068e7b800 JavaThread "Java2D Disposer" daemon [_thread_blocked, id=1540, stack(0x0000000098000000,0x000000009c000000)]
  0x00000000102d1000 JavaThread "Timer-0" [_thread_blocked, id=4868, stack(0x0000000094000000,0x0000000098000000)]
  0x0000000068ab2000 JavaThread "EventMgr Dispatcher" daemon [_thread_in_native, id=1936, stack(0x0000000090000000,0x0000000094000000)]
  0x000000003db06800 JavaThread "Service Thread" daemon [_thread_blocked, id=4480, stack(0x0000000088000000,0x000000008c000000)]
  0x000000003dafc000 JavaThread "C2 CompilerThread1" daemon [_thread_in_native, id=5116, stack(0x0000000084000000,0x0000000088000000)]
  0x000000003daf7000 JavaThread "C2 CompilerThread0" daemon [_thread_in_native, id=1428, stack(0x0000000080000000,0x0000000084000000)]
  0x000000003daf6800 JavaThread "Attach Listener" daemon [_thread_blocked, id=6020, stack(0x00000000776c0000,0x000000007b6c0000)]
  0x000000003da7b000 JavaThread "Finalizer" daemon [_thread_blocked, id=4456, stack(0x0000000063980000,0x0000000067980000)]
  0x000000003da75000 JavaThread "Reference Handler" daemon [_thread_blocked, id=5664, stack(0x000000005f980000,0x0000000063980000)]
  0x000000003d8c0800 JavaThread "main" [_thread_blocked, id=5032, stack(0x0000000000030000,0x0000000004030000)]

Other Threads:
  0x000000003da70800 VMThread [stack: 0x000000005b980000,0x000000005f980000] [id=5332]
  0x000000003db56000 WatcherThread [stack: 0x000000008c000000,0x0000000090000000] [id=4808]

VM state:not at safepoint (normal execution)

VM Mutex/Monitor currently owned by a thread: None

Heap
 PSYoungGen      total 85440K, used 39420K [0x00000000fa000000, 0x00000000fff90000, 0x0000000100000000)
  eden space 72576K, 51% used [0x00000000fa000000,0x00000000fc462a60,0x00000000fe6e0000)
  from space 12864K, 16% used [0x00000000fe6e0000,0x00000000fe8fc860,0x00000000ff370000)
  to   space 12160K, 0% used [0x00000000ff3b0000,0x00000000ff3b0000,0x00000000fff90000)
 ParOldGen       total 124160K, used 62618K [0x00000000e8000000, 0x00000000ef940000, 0x00000000fa000000)
  object space 124160K, 50% used [0x00000000e8000000,0x00000000ebd269b0,0x00000000ef940000)
 PSPermGen       total 124160K, used 84979K [0x00000000e0000000, 0x00000000e7940000, 0x00000000e8000000)
  object space 124160K, 68% used [0x00000000e0000000,0x00000000e52fcd50,0x00000000e7940000)

Card table byte_map: [0x000000001caf0000,0x000000001cc00000] byte_map_base: 0x000000001c3f0000

Polling page: 0x000000000a360000

Code Cache  [0x000000003e040000, 0x000000003e5d0000, 0x0000000041040000)
 total_blobs=2539 nmethods=1763 adapters=725 free_code_cache=43606Kb largest_free_block=44548416

Compilation events (10 events):
Event: 71.602 Thread 0x000000003daf7000 1932             clojure.lang.ATransientMap::conj (139 bytes)
Event: 71.604 Thread 0x000000003dafc000 nmethod 1931 0x000000003e548bd0 code [0x000000003e548d60, 0x000000003e5491b8]
Event: 71.604 Thread 0x000000003dafc000 1933             clojure.lang.ATransientMap::conj (6 bytes)
Event: 71.609 Thread 0x000000003daf7000 nmethod 1932 0x000000003e5b3e10 code [0x000000003e5b3fe0, 0x000000003e5b4698]
Event: 71.609 Thread 0x000000003daf7000 1934             clojure.lang.PersistentHashSet::cons (33 bytes)
Event: 71.610 Thread 0x000000003daf7000 nmethod 1934 0x000000003e5b2c50 code [0x000000003e5b2dc0, 0x000000003e5b2f98]
Event: 71.611 Thread 0x000000003daf7000 1935             clojure.lang.PersistentHashMap$BitmapIndexedNode::without (187 bytes)
Event: 71.612 Thread 0x000000003dafc000 nmethod 1933 0x000000003e54a090 code [0x000000003e54a260, 0x000000003e54a918]
Event: 71.612 Thread 0x000000003dafc000 1936             clojure.lang.APersistentVector::doEquiv (158 bytes)
Event: 71.629 Thread 0x000000003dafc000 nmethod 1936 0x000000003e5be4d0 code [0x000000003e5be7a0, 0x000000003e5bf730]

GC Heap History (10 events):
Event: 68.255 GC heap before
{Heap before GC invocations=524 (full 6):
 PSYoungGen      total 76480K, used 76417K [0x00000000fa000000, 0x00000000ffef0000, 0x0000000100000000)
  eden space 76224K, 100% used [0x00000000fa000000,0x00000000fea70000,0x00000000fea70000)
  from space 256K, 75% used [0x00000000fea70000,0x00000000feaa05f0,0x00000000feab0000)
  to   space 10496K, 0% used [0x00000000ff4b0000,0x00000000ff4b0000,0x00000000ffef0000)
 ParOldGen       total 97280K, used 81349K [0x00000000e8000000, 0x00000000edf00000, 0x00000000fa000000)
  object space 97280K, 83% used [0x00000000e8000000,0x00000000ecf71738,0x00000000edf00000)
 PSPermGen       total 125312K, used 82885K [0x00000000e0000000, 0x00000000e7a60000, 0x00000000e8000000)
  object space 125312K, 66% used [0x00000000e0000000,0x00000000e50f1460,0x00000000e7a60000)
Event: 68.260 GC heap after
Heap after GC invocations=524 (full 6):
 PSYoungGen      total 87104K, used 288K [0x00000000fa000000, 0x0000000100000000, 0x0000000100000000)
  eden space 76608K, 0% used [0x00000000fa000000,0x00000000fa000000,0x00000000fead0000)
  from space 10496K, 2% used [0x00000000ff4b0000,0x00000000ff4f8000,0x00000000ffef0000)
  to   space 10112K, 0% used [0x00000000fead0000,0x00000000fead0000,0x00000000ff4b0000)
 ParOldGen       total 97280K, used 81407K [0x00000000e8000000, 0x00000000edf00000, 0x00000000fa000000)
  object space 97280K, 83% used [0x00000000e8000000,0x00000000ecf7fd28,0x00000000edf00000)
 PSPermGen       total 125312K, used 82885K [0x00000000e0000000, 0x00000000e7a60000, 0x00000000e8000000)
  object space 125312K, 66% used [0x00000000e0000000,0x00000000e50f1460,0x00000000e7a60000)
}
Event: 71.289 GC heap before
{Heap before GC invocations=525 (full 6):
 PSYoungGen      total 87104K, used 76896K [0x00000000fa000000, 0x0000000100000000, 0x0000000100000000)
  eden space 76608K, 100% used [0x00000000fa000000,0x00000000fead0000,0x00000000fead0000)
  from space 10496K, 2% used [0x00000000ff4b0000,0x00000000ff4f8000,0x00000000ffef0000)
  to   space 10112K, 0% used [0x00000000fead0000,0x00000000fead0000,0x00000000ff4b0000)
 ParOldGen       total 97280K, used 81407K [0x00000000e8000000, 0x00000000edf00000, 0x00000000fa000000)
  object space 97280K, 83% used [0x00000000e8000000,0x00000000ecf7fd28,0x00000000edf00000)
 PSPermGen       total 125312K, used 83617K [0x00000000e0000000, 0x00000000e7a60000, 0x00000000e8000000)
  object space 125312K, 66% used [0x00000000e0000000,0x00000000e51a8408,0x00000000e7a60000)
Event: 71.294 GC heap after
Heap after GC invocations=525 (full 6):
 PSYoungGen      total 85952K, used 9309K [0x00000000fa000000, 0x0000000100000000, 0x0000000100000000)
  eden space 76608K, 0% used [0x00000000fa000000,0x00000000fa000000,0x00000000fead0000)
  from space 9344K, 99% used [0x00000000fead0000,0x00000000ff3e7538,0x00000000ff3f0000)
  to   space 11904K, 0% used [0x00000000ff460000,0x00000000ff460000,0x0000000100000000)
 ParOldGen       total 97280K, used 88524K [0x00000000e8000000, 0x00000000edf00000, 0x00000000fa000000)
  object space 97280K, 90% used [0x00000000e8000000,0x00000000ed673180,0x00000000edf00000)
 PSPermGen       total 125312K, used 83617K [0x00000000e0000000, 0x00000000e7a60000, 0x00000000e8000000)
  object space 125312K, 66% used [0x00000000e0000000,0x00000000e51a8408,0x00000000e7a60000)
}
Event: 71.294 GC heap before
{Heap before GC invocations=526 (full 7):
 PSYoungGen      total 85952K, used 9309K [0x00000000fa000000, 0x0000000100000000, 0x0000000100000000)
  eden space 76608K, 0% used [0x00000000fa000000,0x00000000fa000000,0x00000000fead0000)
  from space 9344K, 99% used [0x00000000fead0000,0x00000000ff3e7538,0x00000000ff3f0000)
  to   space 11904K, 0% used [0x00000000ff460000,0x00000000ff460000,0x0000000100000000)
 ParOldGen       total 97280K, used 88524K [0x00000000e8000000, 0x00000000edf00000, 0x00000000fa000000)
  object space 97280K, 90% used [0x00000000e8000000,0x00000000ed673180,0x00000000edf00000)
 PSPermGen       total 125312K, used 83617K [0x00000000e0000000, 0x00000000e7a60000, 0x00000000e8000000)
  object space 125312K, 66% used [0x00000000e0000000,0x00000000e51a8408,0x00000000e7a60000)
Event: 71.396 GC heap after
Heap after GC invocations=526 (full 7):
 PSYoungGen      total 85952K, used 0K [0x00000000fa000000, 0x0000000100000000, 0x0000000100000000)
  eden space 76608K, 0% used [0x00000000fa000000,0x00000000fa000000,0x00000000fead0000)
  from space 9344K, 0% used [0x00000000fead0000,0x00000000fead0000,0x00000000ff3f0000)
  to   space 11904K, 0% used [0x00000000ff460000,0x00000000ff460000,0x0000000100000000)
 ParOldGen       total 124160K, used 62610K [0x00000000e8000000, 0x00000000ef940000, 0x00000000fa000000)
  object space 124160K, 50% used [0x00000000e8000000,0x00000000ebd249b0,0x00000000ef940000)
 PSPermGen       total 124160K, used 83615K [0x00000000e0000000, 0x00000000e7940000, 0x00000000e8000000)
  object space 124160K, 67% used [0x00000000e0000000,0x00000000e51a7ce0,0x00000000e7940000)
}
Event: 71.505 GC heap before
{Heap before GC invocations=527 (full 7):
 PSYoungGen      total 85952K, used 76608K [0x00000000fa000000, 0x0000000100000000, 0x0000000100000000)
  eden space 76608K, 100% used [0x00000000fa000000,0x00000000fead0000,0x00000000fead0000)
  from space 9344K, 0% used [0x00000000fead0000,0x00000000fead0000,0x00000000ff3f0000)
  to   space 11904K, 0% used [0x00000000ff460000,0x00000000ff460000,0x0000000100000000)
 ParOldGen       total 124160K, used 62610K [0x00000000e8000000, 0x00000000ef940000, 0x00000000fa000000)
  object space 124160K, 50% used [0x00000000e8000000,0x00000000ebd249b0,0x00000000ef940000)
 PSPermGen       total 124160K, used 84659K [0x00000000e0000000, 0x00000000e7940000, 0x00000000e8000000)
  object space 124160K, 68% used [0x00000000e0000000,0x00000000e52ace10,0x00000000e7940000)
Event: 71.509 GC heap after
Heap after GC invocations=527 (full 7):
 PSYoungGen      total 84480K, used 8077K [0x00000000fa000000, 0x0000000100000000, 0x0000000100000000)
  eden space 72576K, 0% used [0x00000000fa000000,0x00000000fa000000,0x00000000fe6e0000)
  from space 11904K, 67% used [0x00000000ff460000,0x00000000ffc435b8,0x0000000100000000)
  to   space 12864K, 0% used [0x00000000fe6e0000,0x00000000fe6e0000,0x00000000ff370000)
 ParOldGen       total 124160K, used 62610K [0x00000000e8000000, 0x00000000ef940000, 0x00000000fa000000)
  object space 124160K, 50% used [0x00000000e8000000,0x00000000ebd249b0,0x00000000ef940000)
 PSPermGen       total 124160K, used 84659K [0x00000000e0000000, 0x00000000e7940000, 0x00000000e8000000)
  object space 124160K, 68% used [0x00000000e0000000,0x00000000e52ace10,0x00000000e7940000)
}
Event: 71.576 GC heap before
{Heap before GC invocations=528 (full 7):
 PSYoungGen      total 84480K, used 80653K [0x00000000fa000000, 0x0000000100000000, 0x0000000100000000)
  eden space 72576K, 100% used [0x00000000fa000000,0x00000000fe6e0000,0x00000000fe6e0000)
  from space 11904K, 67% used [0x00000000ff460000,0x00000000ffc435b8,0x0000000100000000)
  to   space 12864K, 0% used [0x00000000fe6e0000,0x00000000fe6e0000,0x00000000ff370000)
 ParOldGen       total 124160K, used 62610K [0x00000000e8000000, 0x00000000ef940000, 0x00000000fa000000)
  object space 124160K, 50% used [0x00000000e8000000,0x00000000ebd249b0,0x00000000ef940000)
 PSPermGen       total 124160K, used 84872K [0x00000000e0000000, 0x00000000e7940000, 0x00000000e8000000)
  object space 124160K, 68% used [0x00000000e0000000,0x00000000e52e2030,0x00000000e7940000)
Event: 71.579 GC heap after
Heap after GC invocations=528 (full 7):
 PSYoungGen      total 85440K, used 2162K [0x00000000fa000000, 0x00000000fff90000, 0x0000000100000000)
  eden space 72576K, 0% used [0x00000000fa000000,0x00000000fa000000,0x00000000fe6e0000)
  from space 12864K, 16% used [0x00000000fe6e0000,0x00000000fe8fc860,0x00000000ff370000)
  to   space 12160K, 0% used [0x00000000ff3b0000,0x00000000ff3b0000,0x00000000fff90000)
 ParOldGen       total 124160K, used 62618K [0x00000000e8000000, 0x00000000ef940000, 0x00000000fa000000)
  object space 124160K, 50% used [0x00000000e8000000,0x00000000ebd269b0,0x00000000ef940000)
 PSPermGen       total 124160K, used 84872K [0x00000000e0000000, 0x00000000e7940000, 0x00000000e8000000)
  object space 124160K, 68% used [0x00000000e0000000,0x00000000e52e2030,0x00000000e7940000)
}

Deoptimization events (10 events):
Event: 71.598 Thread 0x00000000739ab800 Uncommon trap -58 fr.pc 0x000000003e3ceb7c
Event: 71.598 Thread 0x00000000739ab800 Uncommon trap -58 fr.pc 0x000000003e3cf514
Event: 71.598 Thread 0x00000000739ab800 Uncommon trap -58 fr.pc 0x000000003e32f37c
Event: 71.598 Thread 0x00000000739ab800 Uncommon trap -58 fr.pc 0x000000003e3ceb7c
Event: 71.598 Thread 0x00000000739ab800 Uncommon trap -58 fr.pc 0x000000003e3cf514
Event: 71.598 Thread 0x00000000739ab800 Uncommon trap -58 fr.pc 0x000000003e3ceb7c
Event: 71.603 Thread 0x00000000739ab800 Uncommon trap -58 fr.pc 0x000000003e4c19bc
Event: 71.604 Thread 0x00000000739ab800 Uncommon trap -34 fr.pc 0x000000003e494b54
Event: 71.607 Thread 0x00000000739ab800 Uncommon trap -122 fr.pc 0x000000003e54bcd8
Event: 71.611 Thread 0x00000000739ab800 Uncommon trap -83 fr.pc 0x000000003e1c0c34

Internal exceptions (10 events):
Event: 71.584 Thread 0x0000000069156800 Threw 0x00000000fb2cccc0 at C:\jdk7u1_64p\jdk7u11\hotspot\src\share\vm\interpreter\linkResolver.cpp:805
Event: 71.586 Thread 0x0000000068f77800 Threw 0x00000000fb5fc2a8 at C:\jdk7u1_64p\jdk7u11\hotspot\src\share\vm\prims\jvm.cpp:1166
Event: 71.587 Thread 0x0000000068f77800 Threw 0x00000000fb60da08 at C:\jdk7u1_64p\jdk7u11\hotspot\src\share\vm\prims\jvm.cpp:1166
Event: 71.588 Thread 0x0000000068f77800 Threw 0x00000000fb62fbf0 at C:\jdk7u1_64p\jdk7u11\hotspot\src\share\vm\prims\jvm.cpp:1166
Event: 71.593 Thread 0x00000000739ab800 Threw 0x00000000fb649010 at C:\jdk7u1_64p\jdk7u11\hotspot\src\share\vm\prims\jvm.cpp:1166
Event: 71.594 Thread 0x00000000739ab800 Threw 0x00000000fb685368 at C:\jdk7u1_64p\jdk7u11\hotspot\src\share\vm\prims\jvm.cpp:1166
Event: 71.595 Thread 0x00000000739ab800 Threw 0x00000000fb6b87c0 at C:\jdk7u1_64p\jdk7u11\hotspot\src\share\vm\prims\jvm.cpp:1166
Event: 71.596 Thread 0x00000000739ab800 Threw 0x00000000fb767190 at C:\jdk7u1_64p\jdk7u11\hotspot\src\share\vm\prims\jvm.cpp:1166
Event: 71.597 Thread 0x00000000739ab800 Threw 0x00000000fb799d68 at C:\jdk7u1_64p\jdk7u11\hotspot\src\share\vm\prims\jvm.cpp:1166
Event: 71.623 Thread 0x0000000068f77800 Threw 0x00000000fbeb1c08 at C:\jdk7u1_64p\jdk7u11\hotspot\src\share\vm\prims\jvm.cpp:1166

Events (10 events):
Event: 71.611 Thread 0x00000000739ab800 DEOPT UNPACKING pc=0x000000003e079164 sp=0x00000001980cf258 mode 2
Event: 71.623 Executing VM operation: RevokeBias
Event: 71.623 Executing VM operation: RevokeBias done
Event: 71.623 Executing VM operation: RevokeBias
Event: 71.623 Executing VM operation: RevokeBias done
Event: 71.623 Thread 0x00000002c7838800 Thread added: 0x00000002c7838800
Event: 71.623 loading class 0x000000006957c3c0
Event: 71.623 loading class 0x000000006957c3c0 done
Event: 71.628 loading class 0x00000000692da130
Event: 71.628 loading class 0x00000000692da130 done


Dynamic libraries:
0x0000000140000000 - 0x0000000140029000 	C:\Program Files\MATLAB\R2013b\bin\win64\MATLAB.exe
0x00000000774f0000 - 0x0000000077699000 	C:\Windows\SYSTEM32\ntdll.dll
0x00000000772d0000 - 0x00000000773ef000 	C:\Windows\system32\kernel32.dll
0x000007fefd3e0000 - 0x000007fefd44c000 	C:\Windows\system32\KERNELBASE.dll
0x0000000075040000 - 0x00000000750c7000 	C:\Windows\System32\SYSFER.DLL
0x000000006f060000 - 0x000000006f3dc000 	C:\Program Files\MATLAB\R2013b\bin\win64\libmwservices.dll
0x000000006fe80000 - 0x000000006ff56000 	C:\Program Files\MATLAB\R2013b\bin\win64\libmwi18n.dll
0x000000006fe70000 - 0x000000006fe7d000 	C:\Program Files\MATLAB\R2013b\bin\win64\libmwresource_core.dll
0x000000006dd40000 - 0x000000006ddd8000 	C:\Program Files\MATLAB\R2013b\bin\win64\MSVCP100.dll
0x000000006da70000 - 0x000000006db42000 	C:\Program Files\MATLAB\R2013b\bin\win64\MSVCR100.dll
0x0000000073710000 - 0x000000007371e000 	C:\Program Files\MATLAB\R2013b\bin\win64\boost_date_time-vc100-mt-1_49.dll
0x000000006d5a0000 - 0x000000006d5cc000 	C:\Program Files\MATLAB\R2013b\bin\win64\boost_filesystem-vc100-mt-1_49.dll
0x0000000073630000 - 0x0000000073639000 	C:\Program Files\MATLAB\R2013b\bin\win64\boost_system-vc100-mt-1_49.dll
0x000007fefde50000 - 0x000007fefdf2b000 	C:\Windows\system32\ADVAPI32.dll
0x000007fefe370000 - 0x000007fefe40f000 	C:\Windows\system32\msvcrt.dll
0x000007fefdce0000 - 0x000007fefdcff000 	C:\Windows\SYSTEM32\sechost.dll
0x000007fefda40000 - 0x000007fefdb6d000 	C:\Windows\system32\RPCRT4.dll
0x000000006d570000 - 0x000000006d595000 	C:\Program Files\MATLAB\R2013b\bin\win64\LIBEXPAT.dll
0x000000006c3b0000 - 0x000000006c53a000 	C:\Program Files\MATLAB\R2013b\bin\win64\icuin49.dll
0x000000006c590000 - 0x000000006c6ce000 	C:\Program Files\MATLAB\R2013b\bin\win64\icuuc49.dll
0x000000006b280000 - 0x000000006c3a2000 	C:\Program Files\MATLAB\R2013b\bin\win64\icudt49.dll
0x0000000073620000 - 0x0000000073630000 	C:\Program Files\MATLAB\R2013b\bin\win64\icuio49.dll
0x0000000004280000 - 0x000000000433b000 	C:\Program Files\MATLAB\R2013b\bin\win64\libut.dll
0x000000006f960000 - 0x000000006fb07000 	C:\Program Files\MATLAB\R2013b\bin\win64\libmwfl.dll
0x0000000004340000 - 0x000000000474f000 	C:\Program Files\MATLAB\R2013b\bin\win64\libmwMATLAB_res.dll
0x000000006d490000 - 0x000000006d56f000 	C:\Program Files\MATLAB\R2013b\bin\win64\boost_regex-vc100-mt-1_49.dll
0x00000000773f0000 - 0x00000000774ea000 	C:\Windows\system32\USER32.dll
0x000007fefddd0000 - 0x000007fefde37000 	C:\Windows\system32\GDI32.dll
0x000007fefde40000 - 0x000007fefde4e000 	C:\Windows\system32\LPK.dll
0x000007feff260000 - 0x000007feff329000 	C:\Windows\system32\USP10.dll
0x0000000070c50000 - 0x0000000070c61000 	C:\Program Files\MATLAB\R2013b\bin\win64\boost_signals-vc100-mt-1_49.dll
0x000000006d470000 - 0x000000006d481000 	C:\Program Files\MATLAB\R2013b\bin\win64\boost_thread-vc100-mt-1_49.dll
0x000000006d030000 - 0x000000006d0bc000 	C:\Program Files\MATLAB\R2013b\bin\win64\boost_log-vc100-mt-1_49.dll
0x00000000776b0000 - 0x00000000776b7000 	C:\Windows\system32\PSAPI.DLL
0x000007fefdd80000 - 0x000007fefddcd000 	C:\Windows\system32\WS2_32.dll
0x000007fefd6e0000 - 0x000007fefd6e8000 	C:\Windows\system32\NSI.dll
0x000007fef55c0000 - 0x000007fef55f3000 	C:\Program Files\MATLAB\R2013b\bin\win64\tbb.dll
0x000007fefe4b0000 - 0x000007fefe4c9000 	C:\Windows\system32\imagehlp.dll
0x000007fefb880000 - 0x000007fefb8ac000 	C:\Windows\system32\POWRPROF.dll
0x000007feff4c0000 - 0x000007feff697000 	C:\Windows\system32\SETUPAPI.dll
0x000007fefd340000 - 0x000007fefd376000 	C:\Windows\system32\CFGMGR32.dll
0x000007feff6a0000 - 0x000007feff777000 	C:\Windows\system32\OLEAUT32.dll
0x000007fefe160000 - 0x000007fefe363000 	C:\Windows\system32\ole32.dll
0x000007fefd3b0000 - 0x000007fefd3ca000 	C:\Windows\system32\DEVOBJ.dll
0x0000000004750000 - 0x000000000484b000 	C:\Program Files\MATLAB\R2013b\bin\win64\libmx.dll
0x000007fef7880000 - 0x000007fef78a8000 	C:\Program Files\MATLAB\R2013b\bin\win64\tbbmalloc.dll
0x000000006d450000 - 0x000000006d467000 	C:\Program Files\MATLAB\R2013b\bin\win64\zlib1.dll
0x000000006ef00000 - 0x000000006ef4e000 	C:\Program Files\MATLAB\R2013b\bin\win64\libmwregexp.dll
0x000000006eeb0000 - 0x000000006eef7000 	C:\Program Files\MATLAB\R2013b\bin\win64\mpath.dll
0x0000000004850000 - 0x0000000004e78000 	C:\Program Files\MATLAB\R2013b\bin\win64\mlutil.dll
0x000000006e870000 - 0x000000006e8e7000 	C:\Program Files\MATLAB\R2013b\bin\win64\xmlcore.dll
0x000000006b030000 - 0x000000006b271000 	C:\Program Files\MATLAB\R2013b\bin\win64\xerces-c_2_7.dll
0x000000006e5f0000 - 0x000000006e613000 	C:\Program Files\MATLAB\R2013b\bin\win64\libmwMATLAB_settings_res.dll
0x000000006f810000 - 0x000000006f820000 	C:\Program Files\MATLAB\R2013b\bin\win64\boost_iostreams-vc100-mt-1_49.dll
0x000000006cee0000 - 0x000000006cf26000 	C:\Program Files\MATLAB\R2013b\bin\win64\boost_serialization-vc100-mt-1_49.dll
0x000007fefe4d0000 - 0x000007feff258000 	C:\Windows\system32\SHELL32.dll
0x000007feff780000 - 0x000007feff7f1000 	C:\Windows\system32\SHLWAPI.dll
0x000000006e580000 - 0x000000006e586000 	C:\Program Files\MATLAB\R2013b\bin\win64\libmwnativedisplay.dll
0x00000000685f0000 - 0x000000006863d000 	C:\Program Files\MATLAB\R2013b\bin\win64\opccore.dll
0x00000000684f0000 - 0x00000000685c6000 	C:\Program Files\MATLAB\R2013b\bin\win64\opcmodel.dll
0x00000000684c0000 - 0x00000000684ed000 	C:\Program Files\MATLAB\R2013b\bin\win64\opczippackage.dll
0x000000006edc0000 - 0x000000006edce000 	C:\Program Files\MATLAB\R2013b\bin\win64\libminizip.dll
0x0000000068340000 - 0x00000000683a6000 	C:\Program Files\MATLAB\R2013b\bin\win64\opcmwservices.dll
0x000007fefa340000 - 0x000007fefa3e0000 	C:\Windows\WinSxS\amd64_microsoft.windows.common-controls_6595b64144ccf1df_5.82.7601.18201_none_a4d3b9377117c3df\COMCTL32.dll
0x000007fefd9a0000 - 0x000007fefda37000 	C:\Windows\system32\COMDLG32.dll
0x000007fefac10000 - 0x000007fefac26000 	C:\Windows\system32\NETAPI32.dll
0x000007fefc750000 - 0x000007fefc75c000 	C:\Windows\system32\netutils.dll
0x000007fefcd30000 - 0x000007fefcd53000 	C:\Windows\system32\srvcli.dll
0x000007fefabf0000 - 0x000007fefac05000 	C:\Windows\system32\wkscli.dll
0x000000006e4d0000 - 0x000000006e57d000 	C:\Program Files\MATLAB\R2013b\bin\win64\mcr.dll
0x000000006e110000 - 0x000000006e4d0000 	C:\Program Files\MATLAB\R2013b\bin\win64\iqm.dll
0x0000000180000000 - 0x00000001800c2000 	C:\Program Files\MATLAB\R2013b\bin\win64\m_dispatcher.dll
0x0000000004e80000 - 0x000000000567b000 	C:\Program Files\MATLAB\R2013b\bin\win64\m_interpreter.dll
0x000000006d760000 - 0x000000006d784000 	C:\Program Files\MATLAB\R2013b\bin\win64\libmex.dll
0x000000006d6e0000 - 0x000000006d75b000 	C:\Program Files\MATLAB\R2013b\bin\win64\profiler.dll
0x0000000005680000 - 0x00000000057f8000 	C:\Program Files\MATLAB\R2013b\bin\win64\libmwmathutil.dll
0x000000006d420000 - 0x000000006d447000 	C:\Program Files\MATLAB\R2013b\bin\win64\libmwmathrng.dll
0x000000006d410000 - 0x000000006d420000 	C:\Program Files\MATLAB\R2013b\bin\win64\libmwmfl_rng.dll
0x0000000005800000 - 0x0000000005918000 	C:\Program Files\MATLAB\R2013b\bin\win64\libmwmathcore.dll
0x000000006d2b0000 - 0x000000006d313000 	C:\Program Files\MATLAB\R2013b\bin\win64\libmwspmatrix.dll
0x0000000005920000 - 0x0000000005b82000 	C:\Program Files\MATLAB\R2013b\bin\win64\mcos.dll
0x000000006cfc0000 - 0x000000006d01c000 	C:\Program Files\MATLAB\R2013b\bin\win64\libmwcholmod.dll
0x000000006cfb0000 - 0x000000006cfbc000 	C:\Program Files\MATLAB\R2013b\bin\win64\libmwamd.dll
0x000000006cfa0000 - 0x000000006cfab000 	C:\Program Files\MATLAB\R2013b\bin\win64\libmwcolamd.dll
0x000000006cf80000 - 0x000000006cf93000 	C:\Program Files\MATLAB\R2013b\bin\win64\libmwblas.dll
0x000000006cf60000 - 0x000000006cf75000 	C:\Program Files\MATLAB\R2013b\bin\win64\libmwbinder.dll
0x000000006cf50000 - 0x000000006cf5b000 	C:\Program Files\MATLAB\R2013b\bin\win64\libmwompwrapper.dll
0x0000000005b90000 - 0x0000000005c0f000 	C:\Program Files\MATLAB\R2013b\bin\win64\libmwlapack.dll
0x000000006ceb0000 - 0x000000006ced0000 	C:\Program Files\MATLAB\R2013b\bin\win64\m_pcodeio.dll
0x000000006ce50000 - 0x000000006ceac000 	C:\Program Files\MATLAB\R2013b\bin\win64\m_ir.dll
0x0000000005c10000 - 0x00000000062c5000 	C:\Program Files\MATLAB\R2013b\bin\win64\m_parser.dll
0x000000006c780000 - 0x000000006c797000 	C:\Program Files\MATLAB\R2013b\bin\win64\ir_xfmr.dll
0x000000006c770000 - 0x000000006c780000 	C:\Program Files\MATLAB\R2013b\bin\win64\mtok.dll
0x000000006c740000 - 0x000000006c768000 	C:\Program Files\MATLAB\R2013b\bin\win64\m_pcodegen.dll
0x000007fef5330000 - 0x000007fef5455000 	C:\Windows\system32\dbghelp.dll
0x000000006c710000 - 0x000000006c73f000 	C:\Program Files\MATLAB\R2013b\bin\win64\libmwbridge.dll
0x00000000062d0000 - 0x0000000006386000 	C:\Program Files\MATLAB\R2013b\bin\win64\udd.dll
0x0000000006390000 - 0x00000000064e1000 	C:\Program Files\MATLAB\R2013b\bin\win64\libmwgui.dll
0x0000000004130000 - 0x0000000004158000 	C:\Program Files\MATLAB\R2013b\bin\win64\graphics_util.dll
0x000000006af70000 - 0x000000006b028000 	C:\Program Files\MATLAB\R2013b\bin\win64\libtex_base.dll
0x00000000064f0000 - 0x0000000006e56000 	C:\Program Files\MATLAB\R2013b\bin\win64\hg.dll
0x0000000006e60000 - 0x0000000006ebd000 	C:\Program Files\MATLAB\R2013b\bin\win64\libmat.dll
0x0000000006ec0000 - 0x00000000070c8000 	C:\Program Files\MATLAB\R2013b\bin\win64\hdf5dll.dll
0x00000000070d0000 - 0x0000000007198000 	C:\Program Files\MATLAB\R2013b\bin\win64\jmi.dll
0x0000000004170000 - 0x000000000417e000 	C:\Program Files\MATLAB\R2013b\bin\win64\nativejava_services.dll
0x00000000071a0000 - 0x00000000071e2000 	C:\Program Files\MATLAB\R2013b\bin\win64\libmwhardcopy.dll
0x00000000071f0000 - 0x000000000724e000 	C:\Program Files\MATLAB\R2013b\bin\win64\libuij.dll
0x0000000007250000 - 0x0000000007455000 	C:\Program Files\MATLAB\R2013b\bin\win64\hgdatatypes.dll
0x0000000007460000 - 0x0000000007572000 	C:\Program Files\MATLAB\R2013b\bin\win64\hgutils.dll
0x0000000007580000 - 0x000000000762e000 	C:\Program Files\MATLAB\R2013b\bin\win64\udd_mi.dll
0x0000000007630000 - 0x0000000007666000 	C:\Program Files\MATLAB\R2013b\bin\win64\libmwgbtutils.dll
0x0000000007670000 - 0x0000000007683000 	C:\Program Files\MATLAB\R2013b\bin\win64\libmwgbt.dll
0x0000000007690000 - 0x000000000795f000 	C:\Program Files\MATLAB\R2013b\bin\win64\uiw.dll
0x0000000007960000 - 0x0000000007969000 	C:\Program Files\MATLAB\R2013b\bin\win64\uinone.dll
0x0000000007970000 - 0x000000000799c000 	C:\Program Files\MATLAB\R2013b\bin\win64\libmwnativedialogs.dll
0x00000000079b0000 - 0x00000000079bc000 	C:\Program Files\MATLAB\R2013b\bin\win64\libmwplatform_res.dll
0x000007fef8770000 - 0x000007fef8788000 	C:\Windows\system32\MPR.dll
0x000000006aa10000 - 0x000000006af6d000 	C:\Program Files\MATLAB\R2013b\bin\win64\mfc100.dll
0x000007fefa3e0000 - 0x000007fefa3e7000 	C:\Windows\system32\MSIMG32.dll
0x000007fefa2c0000 - 0x000007fefa331000 	C:\Windows\system32\WINSPOOL.DRV
0x00000000079c0000 - 0x00000000079dd000 	C:\Program Files\MATLAB\R2013b\bin\win64\mwoles05.DLL
0x00000000079e0000 - 0x0000000007a4c000 	C:\Program Files\MATLAB\R2013b\bin\win64\comcli.dll
0x0000000007a50000 - 0x0000000007a7b000 	C:\Program Files\MATLAB\R2013b\bin\win64\ATL100.DLL
0x0000000007a80000 - 0x0000000007a8c000 	C:\Program Files\MATLAB\R2013b\bin\win64\mlautoregister.dll
0x0000000007a90000 - 0x0000000007bff000 	C:\Program Files\MATLAB\R2013b\bin\win64\mvm.dll
0x000007feff490000 - 0x000007feff4be000 	C:\Windows\system32\IMM32.DLL
0x000007fefdb70000 - 0x000007fefdc79000 	C:\Windows\system32\MSCTF.dll
0x000007fefbca0000 - 0x000007fefbcf6000 	C:\Windows\system32\UxTheme.dll

VM Arguments:
jvm_args: -XX:PermSize=32m -Xms64m -XX:NewRatio=3 -XX:MaxPermSize=128m -Xmx384m -XX:MaxDirectMemorySize=2147400000 -Dsun.java2d.noddraw=true -Dsun.awt.nopixfmt=true -Xshare:off -Xrs -XX:-UseSplitVerifier -Djava.library.path=C:\Program Files\MATLAB\R2013b\bin\win64;C:\Program Files\MATLAB\R2013b\sys\jxbrowser\win64\lib;C:\Program Files\Micro-Manager-1.4.17 vfprintf abort -Duser.language=en -Duser.country=US -XX:ParallelGCThreads=6 
java_command: <unknown>
Launcher Type: generic

Environment Variables:
PATH=C:\Python27\Lib\site-packages\PyQt4;C:\Windows\system32;C:\Windows;C:\Windows\System32\Wbem;C:\Windows\System32\WindowsPowerShell\v1.0\;C:\Program Files\TortoiseSVN\bin;C:\Python27;C:\Python27\DLLs;C:\Python27\Scripts;C:\Python27\Lib\site-packages\vtk;C:\Python27\gnuplot\binary;C:\Program Files (x86)\pythonxy\SciTE-3.3.2-3;C:\Program Files (x86)\pythonxy\console;C:\MinGW32-xy\bin;C:\Program Files (x86)\IVI Foundation\VISA\WinNT\Bin;C:\BitFlow SDK 5.70\Bin64;C:\BitFlow SDK 5.70\Bin32;C:\Program Files\CameraLink\Serial;C:\Program Files (x86)\CameraLink\Serial;C:\Program Files\SiliconSoftware\Runtime5.2.2\BIN;C:\Program Files\MATLAB\R2013b\bin;C:\Program Files\Micro-Manager-1.4.17;C:\Program Files\Micro-Manager-1.4.17
USERNAME=nicuser
OS=Windows_NT
PROCESSOR_IDENTIFIER=Intel64 Family 6 Model 45 Stepping 7, GenuineIntel



---------------  S Y S T E M  ---------------

OS: Windows 7 , 64 bit Build 7601 Service Pack 1

CPU:total 16 (4 cores per cpu, 2 threads per core) family 6 model 45 stepping 7, cmov, cx8, fxsr, mmx, sse, sse2, sse3, ssse3, sse4.1, sse4.2, popcnt, avx, ht, tsc, tscinvbit, tscinv

Memory: 4k page, physical 33476304k(20988496k free), swap 66950744k(54084948k free)

vm_info: Java HotSpot(TM) 64-Bit Server VM (23.6-b04) for windows-amd64 JRE (1.7.0_11-b21), built on Jan 12 2013 02:38:42 by "java_re" with unknown MS VC++:1600

time: Thu Jul 31 10:40:28 2014
elapsed time: 71 seconds

