#
# A fatal error has been detected by the Java Runtime Environment:
#
#  EXCEPTION_UNCAUGHT_CXX_EXCEPTION (0xe06d7363) at pc=0x000007fefd3e940d, pid=5376, tid=4568
#
# JRE version: 7.0_11-b21
# Java VM: Java HotSpot(TM) 64-Bit Server VM (23.6-b04 mixed mode windows-amd64 compressed oops)
# Problematic frame:
# C  [KERNELBASE.dll+0x940d]
#
# Failed to write core dump. Minidumps are not enabled by default on client versions of Windows
#
# If you would like to submit a bug report, please visit:
#   http://bugreport.sun.com/bugreport/crash.jsp
# The crash happened outside the Java Virtual Machine in native code.
# See problematic frame for where to report the bug.
#

---------------  T H R E A D  ---------------

Current thread (0x0000000073d01800):  JavaThread "AcquisitionEngine2010 Thread (Clojure)" [_thread_in_native, id=4568, stack(0x00000001cc0d0000,0x00000001d00d0000)]

siginfo: ExceptionCode=0xe06d7363, ExceptionInformation=0x0000000019930520 0x00000001d00ce0f0 0x000007feef5b1e08 0x000007feef550000 

Registers:
RAX=0x00000001ae274b8e, RBX=0x00000001d00ce0f0, RCX=0x00000001d00cd730, RDX=0x00000000000000d0
RSP=0x00000001d00cdd40, RBP=0x00000001d00cde70, RSI=0x000000006d8b7c30, RDI=0x000007feef5b1e08
R8 =0x0000000000000000, R9 =0x0000000000000000, R10=0x000007feef550000, R11=0x00000001d00cdd80
R12=0x00000000752e8c70, R13=0x0000000072144290, R14=0x0000000072144320, R15=0x00000001d00ce838
RIP=0x000007fefd3e940d, EFLAGS=0x0000000000000206

Top of Stack: (sp=0x00000001d00cdd40)
0x00000001d00cdd40:   00000001d00ce0f0 000000006d8b7c30
0x00000001d00cdd50:   000007feef5b1e08 000007feef58418f
0x00000001d00cdd60:   00000001e06d7363 0000000000000000
0x00000001d00cdd70:   000007fefd3e940d 000007fe00000004
0x00000001d00cdd80:   0000000019930520 00000001d00ce0f0
0x00000001d00cdd90:   000007feef5b1e08 000007feef550000
0x00000001d00cdda0:   000000006d8b7560 00000001d00cde28
0x00000001d00cddb0:   0000000000001500 000007fef6cb1dee
0x00000001d00cddc0:   0000000069fa2370 00000000000011d8
0x00000001d00cddd0:   00000001d00ce108 000007feef555e14
0x00000001d00cdde0:   0000000072144320 0000000072144290
0x00000001d00cddf0:   00000000752e8c70 000007feef5b1e08
0x00000001d00cde00:   000000006d8b7c30 000007feef5805f9
0x00000001d00cde10:   00000001d00ce0f0 00000001d00cde80
0x00000001d00cde20:   0000000000000001 000007feef5500f8
0x00000001d00cde30:   00000001e06d7363 0000000000000000 

Instructions: (pc=0x000007fefd3e940d)
0x000007fefd3e93ed:   54 24 24 48 89 4c 24 28 4d 85 c9 0f 85 aa 18 00
0x000007fefd3e93fd:   00 89 4c 24 38 48 8d 4c 24 20 ff 15 93 1e 04 00
0x000007fefd3e940d:   48 81 c4 c8 00 00 00 c3 90 90 90 90 90 90 90 90
0x000007fefd3e941d:   90 90 90 48 8b c4 48 83 ec 78 41 f7 c0 fe ff ff 


Register to memory mapping:

RAX=0x00000001ae274b8e is an unknown value
RBX=0x00000001d00ce0f0 is pointing into the stack for thread: 0x0000000073d01800
RCX=0x00000001d00cd730 is pointing into the stack for thread: 0x0000000073d01800
RDX=0x00000000000000d0 is an unknown value
RSP=0x00000001d00cdd40 is pointing into the stack for thread: 0x0000000073d01800
RBP=0x00000001d00cde70 is pointing into the stack for thread: 0x0000000073d01800
RSI=0x000000006d8b7c30 is an unknown value
RDI=0x000007feef5b1e08 is an unknown value
R8 =0x0000000000000000 is an unknown value
R9 =0x0000000000000000 is an unknown value
R10=0x000007feef550000 is an unknown value
R11=0x00000001d00cdd80 is pointing into the stack for thread: 0x0000000073d01800
R12=0x00000000752e8c70 is an unknown value
R13=0x0000000072144290 is an unknown value
R14=0x0000000072144320 is an unknown value
R15=0x00000001d00ce838 is pointing into the stack for thread: 0x0000000073d01800


Stack: [0x00000001cc0d0000,0x00000001d00d0000],  sp=0x00000001d00cdd40,  free space=65527k
Native frames: (J=compiled Java code, j=interpreted, Vv=VM code, C=native code)
C  [KERNELBASE.dll+0x940d]
C  0x000007feef5646fd

Java frames: (J=compiled Java code, j=interpreted, Vv=VM code)
j  mmcorej.MMCoreJJNI.CMMCore_setProperty__SWIG_0(JLmmcorej/CMMCore;Ljava/lang/String;Ljava/lang/String;Ljava/lang/String;)V+0
j  mmcorej.CMMCore.setProperty(Ljava/lang/String;Ljava/lang/String;Ljava/lang/String;)V+8
v  ~StubRoutines::call_stub
j  sun.reflect.NativeMethodAccessorImpl.invoke0(Ljava/lang/reflect/Method;Ljava/lang/Object;[Ljava/lang/Object;)Ljava/lang/Object;+0
j  sun.reflect.NativeMethodAccessorImpl.invoke(Ljava/lang/Object;[Ljava/lang/Object;)Ljava/lang/Object;+87
J  clojure.lang.Reflector.invokeMatchingMethod(Ljava/lang/String;Ljava/util/List;Ljava/lang/Object;[Ljava/lang/Object;)Ljava/lang/Object;
J  clojure.lang.Reflector.invokeInstanceMethod(Ljava/lang/Object;Ljava/lang/String;[Ljava/lang/Object;)Ljava/lang/Object;
j  org.micromanager.acq_engine$set_property$attempt__846__auto____944.invoke()Ljava/lang/Object;+133
j  org.micromanager.acq_engine$set_property$fn__948.invoke()Ljava/lang/Object;+7
j  org.micromanager.acq_engine$set_property.invoke(Ljava/lang/Object;)Ljava/lang/Object;+161
J  clojure.core$map$fn__3811.invoke()Ljava/lang/Object;
J  clojure.lang.LazySeq.sval()Ljava/lang/Object;
J  clojure.lang.RT.seq(Ljava/lang/Object;)Lclojure/lang/ISeq;
J  clojure.core$seq.invoke(Ljava/lang/Object;)Ljava/lang/Object;
j  clojure.core$dorun.invoke(Ljava/lang/Object;)Ljava/lang/Object;+10
j  org.micromanager.acq_engine$return_config.invoke()Ljava/lang/Object;+116
j  org.micromanager.acq_engine$cleanup$fn__1247.invoke()Ljava/lang/Object;+9
j  org.micromanager.acq_engine$cleanup.invoke()Ljava/lang/Object;+95
j  org.micromanager.acq_engine$run_acquisition.invoke(Ljava/lang/Object;Ljava/lang/Object;Ljava/lang/Object;Ljava/lang/Object;Ljava/lang/Object;)Ljava/lang/Object;+338
j  org.micromanager.acq_engine$run$fn__1457.invoke()Ljava/lang/Object;+70
j  clojure.lang.AFn.run()V+1
j  java.lang.Thread.run()V+11
v  ~StubRoutines::call_stub

---------------  P R O C E S S  ---------------

Java Threads: ( => current thread )
  0x0000000073d09800 JavaThread "zSelector" [_thread_blocked, id=5236, stack(0x00000001ac0d0000,0x00000001b00d0000)]
  0x0000000073d09000 JavaThread "pool-10-thread-1" [_thread_blocked, id=1376, stack(0x00000001a80d0000,0x00000001ac0d0000)]
  0x0000000073d08000 JavaThread "pool-11-thread-1" [_thread_blocked, id=5872, stack(0x00000003df0a0000,0x00000003e30a0000)]
  0x0000000073d07800 JavaThread "clojure-agent-send-off-pool-0" [_thread_blocked, id=5808, stack(0x00000003db0a0000,0x00000003df0a0000)]
  0x0000000073d06800 JavaThread "Image Fetcher 0" daemon [_thread_blocked, id=3372, stack(0x00000001d80d0000,0x00000001dc0d0000)]
  0x0000000073d05000 JavaThread "tagged image sink thread" [_thread_blocked, id=5136, stack(0x00000001d40d0000,0x00000001d80d0000)]
  0x0000000073d06000 JavaThread "Timer-2" [_thread_blocked, id=5804, stack(0x00000001d00d0000,0x00000001d40d0000)]
=>0x0000000073d01800 JavaThread "AcquisitionEngine2010 Thread (Clojure)" [_thread_in_native, id=4568, stack(0x00000001cc0d0000,0x00000001d00d0000)]
  0x0000000068e5a800 JavaThread "Inactive RequestProcessor thread [Was:TimedSoftReference/org.openide.util.TimedSoftReference]" daemon [_thread_blocked, id=4060, stack(0x00000001a00d0000,0x00000001a40d0000)]
  0x0000000068e54800 JavaThread "Beanshell interpreter" [_thread_blocked, id=3276, stack(0x000000011c000000,0x0000000120000000)]
  0x0000000068e5c000 JavaThread "Thread-43" [_thread_blocked, id=4788, stack(0x00000000cc000000,0x00000000d0000000)]
  0x0000000068e5d800 JavaThread "Foxtrot Single Worker Thread #1" daemon [_thread_blocked, id=5220, stack(0x0000000114000000,0x0000000118000000)]
  0x0000000068e59000 JavaThread "Code Analyzer updating thread" [_thread_blocked, id=6032, stack(0x0000000110000000,0x0000000114000000)]
  0x0000000068e58000 JavaThread "Code Analyzer updating thread" [_thread_blocked, id=3600, stack(0x000000010c000000,0x0000000110000000)]
  0x0000000068e57800 JavaThread "Code Analyzer updating thread" [_thread_blocked, id=5824, stack(0x0000000108000000,0x000000010c000000)]
  0x0000000068e56800 JavaThread "Code Analyzer updating thread" [_thread_blocked, id=1620, stack(0x0000000104000000,0x0000000108000000)]
  0x0000000068e56000 JavaThread "Active Reference Queue Daemon" daemon [_thread_blocked, id=3208, stack(0x0000000100000000,0x0000000104000000)]
  0x0000000068e50000 JavaThread "Timer-1" daemon [_thread_blocked, id=6092, stack(0x00000000dc000000,0x00000000e0000000)]
  0x0000000068e50800 JavaThread "ClipboardMonitor Timer" daemon [_thread_blocked, id=5568, stack(0x00000000d8000000,0x00000000dc000000)]
  0x0000000068e53000 JavaThread "Explorer NavigationContext request queue" daemon [_thread_blocked, id=5656, stack(0x00000000d4000000,0x00000000d8000000)]
  0x0000000068e52000 JavaThread "AddressBar directory emptiness poller" daemon [_thread_blocked, id=5064, stack(0x00000000c8000000,0x00000000cc000000)]
  0x0000000068e4f000 JavaThread "Explorer Refresh Service 636084077" daemon [_thread_blocked, id=2812, stack(0x00000000c4000000,0x00000000c8000000)]
  0x0000000068e55000 JavaThread "TimerQueue" daemon [_thread_blocked, id=5936, stack(0x00000000c0000000,0x00000000c4000000)]
  0x0000000068e4e000 JavaThread "Thread-3" daemon [_thread_blocked, id=4408, stack(0x00000000b0000000,0x00000000b4000000)]
  0x000000006928b000 JavaThread "FelixPackageAdmin" daemon [_thread_blocked, id=6052, stack(0x00000000bc000000,0x00000000c0000000)]
  0x000000006929c800 JavaThread "FelixStartLevel" daemon [_thread_blocked, id=5360, stack(0x00000000b8000000,0x00000000bc000000)]
  0x0000000069214800 JavaThread "FelixDispatchQueue" daemon [_thread_blocked, id=5864, stack(0x00000000b4000000,0x00000000b8000000)]
  0x00000000691b5800 JavaThread "AWT-EventQueue-0" [_thread_in_Java, id=5828, stack(0x00000000ac000000,0x00000000b0000000)]
  0x0000000068f32000 JavaThread "com.google.common.base.internal.Finalizer" daemon [_thread_blocked, id=5920, stack(0x00000000a8000000,0x00000000ac000000)]
  0x0000000068ee1800 JavaThread "AWT-Windows" daemon [_thread_in_native, id=3304, stack(0x00000000a0000000,0x00000000a4000000)]
  0x0000000068f11000 JavaThread "AWT-Shutdown" [_thread_blocked, id=5896, stack(0x000000009c000000,0x00000000a0000000)]
  0x0000000068e70000 JavaThread "Java2D Disposer" daemon [_thread_blocked, id=1320, stack(0x0000000098000000,0x000000009c000000)]
  0x0000000068b41800 JavaThread "Timer-0" [_thread_blocked, id=5172, stack(0x0000000094000000,0x0000000098000000)]
  0x0000000068b44000 JavaThread "EventMgr Dispatcher" daemon [_thread_in_native, id=5692, stack(0x0000000090000000,0x0000000094000000)]
  0x000000003da5f000 JavaThread "Service Thread" daemon [_thread_blocked, id=4796, stack(0x0000000088000000,0x000000008c000000)]
  0x000000003da5c800 JavaThread "C2 CompilerThread1" daemon [_thread_in_native, id=2952, stack(0x0000000084000000,0x0000000088000000)]
  0x000000003da57800 JavaThread "C2 CompilerThread0" daemon [_thread_in_native, id=6112, stack(0x0000000080000000,0x0000000084000000)]
  0x000000003da56800 JavaThread "Attach Listener" daemon [_thread_blocked, id=5140, stack(0x00000000776c0000,0x000000007b6c0000)]
  0x000000003d9da000 JavaThread "Finalizer" daemon [_thread_blocked, id=2984, stack(0x00000000638e0000,0x00000000678e0000)]
  0x000000003d9d4000 JavaThread "Reference Handler" daemon [_thread_blocked, id=5904, stack(0x000000005f8e0000,0x00000000638e0000)]
  0x000000003d831800 JavaThread "main" [_thread_blocked, id=4176, stack(0x0000000000030000,0x0000000004030000)]

Other Threads:
  0x000000003d9cf800 VMThread [stack: 0x000000005b8e0000,0x000000005f8e0000] [id=5680]
  0x000000003daa3800 WatcherThread [stack: 0x000000008c000000,0x0000000090000000] [id=2400]

VM state:not at safepoint (normal execution)

VM Mutex/Monitor currently owned by a thread: None

Heap
 PSYoungGen      total 74432K, used 18081K [0x00000000fa000000, 0x0000000100000000, 0x0000000100000000)
  eden space 54656K, 30% used [0x00000000fa000000,0x00000000fb016cb8,0x00000000fd560000)
  from space 19776K, 8% used [0x00000000fd560000,0x00000000fd6f18c8,0x00000000fe8b0000)
  to   space 19136K, 0% used [0x00000000fed50000,0x00000000fed50000,0x0000000100000000)
 ParOldGen       total 109184K, used 63313K [0x00000000e8000000, 0x00000000eeaa0000, 0x00000000fa000000)
  object space 109184K, 57% used [0x00000000e8000000,0x00000000ebdd4600,0x00000000eeaa0000)
 PSPermGen       total 130368K, used 85071K [0x00000000e0000000, 0x00000000e7f50000, 0x00000000e8000000)
  object space 130368K, 65% used [0x00000000e0000000,0x00000000e5313ea8,0x00000000e7f50000)

Card table byte_map: [0x000000001ca50000,0x000000001cb60000] byte_map_base: 0x000000001c350000

Polling page: 0x0000000009e20000

Code Cache  [0x000000003dfa0000, 0x000000003e500000, 0x0000000040fa0000)
 total_blobs=2495 nmethods=1720 adapters=724 free_code_cache=43789Kb largest_free_block=44738688

Compilation events (10 events):
Event: 59.583 Thread 0x000000003da5c800 1896             clojure.lang.APersistentVector::hashCode (62 bytes)
Event: 59.584 Thread 0x000000003da57800   36 %           ij.process.ShortProcessor::findMinAndMax @ 38 (91 bytes)
Event: 59.587 Thread 0x000000003da57800 nmethod 36% 0x000000003e1cb450 code [0x000000003e1cb5a0, 0x000000003e1cb838]
Event: 59.587 Thread 0x000000003da57800 1897             clojure.lang.APersistentVector$2::next (19 bytes)
Event: 59.588 Thread 0x000000003da5c800 nmethod 1896 0x000000003e4e2650 code [0x000000003e4e27e0, 0x000000003e4e2c38]
Event: 59.589 Thread 0x000000003da5c800 1898             clojure.lang.APersistentVector$2::hasNext (20 bytes)
Event: 59.589 Thread 0x000000003da5c800 nmethod 1898 0x000000003e4e3350 code [0x000000003e4e34a0, 0x000000003e4e3538]
Event: 59.590 Thread 0x000000003da57800 nmethod 1897 0x000000003e4dd050 code [0x000000003e4dd1c0, 0x000000003e4dd478]
Event: 59.592 Thread 0x000000003da5c800 1899             clojure.lang.APersistentVector::doEquiv (158 bytes)
Event: 59.597 Thread 0x000000003da57800 1900             clojure.pprint$pretty_writer$fn__6851::invoke (348 bytes)

GC Heap History (10 events):
Event: 59.274 GC heap before
{Heap before GC invocations=714 (full 6):
 PSYoungGen      total 81536K, used 76842K [0x00000000fa000000, 0x0000000100000000, 0x0000000100000000)
  eden space 66368K, 100% used [0x00000000fa000000,0x00000000fe0d0000,0x00000000fe0d0000)
  from space 15168K, 69% used [0x00000000fe0d0000,0x00000000feb0a938,0x00000000fefa0000)
  to   space 16576K, 0% used [0x00000000fefd0000,0x00000000fefd0000,0x0000000100000000)
 ParOldGen       total 93504K, used 75200K [0x00000000e8000000, 0x00000000edb50000, 0x00000000fa000000)
  object space 93504K, 80% used [0x00000000e8000000,0x00000000ec970120,0x00000000edb50000)
 PSPermGen       total 131072K, used 83599K [0x00000000e0000000, 0x00000000e8000000, 0x00000000e8000000)
  object space 131072K, 63% used [0x00000000e0000000,0x00000000e51a3f10,0x00000000e8000000)
Event: 59.279 GC heap after
Heap after GC invocations=714 (full 6):
 PSYoungGen      total 69696K, used 16561K [0x00000000fa000000, 0x0000000100000000, 0x0000000100000000)
  eden space 53120K, 0% used [0x00000000fa000000,0x00000000fa000000,0x00000000fd3e0000)
  from space 16576K, 99% used [0x00000000fefd0000,0x00000000ffffc688,0x0000000100000000)
  to   space 22592K, 0% used [0x00000000fd3e0000,0x00000000fd3e0000,0x00000000fe9f0000)
 ParOldGen       total 93504K, used 82456K [0x00000000e8000000, 0x00000000edb50000, 0x00000000fa000000)
  object space 93504K, 88% used [0x00000000e8000000,0x00000000ed0861a8,0x00000000edb50000)
 PSPermGen       total 131072K, used 83599K [0x00000000e0000000, 0x00000000e8000000, 0x00000000e8000000)
  object space 131072K, 63% used [0x00000000e0000000,0x00000000e51a3f10,0x00000000e8000000)
}
Event: 59.279 GC heap before
{Heap before GC invocations=715 (full 7):
 PSYoungGen      total 69696K, used 16561K [0x00000000fa000000, 0x0000000100000000, 0x0000000100000000)
  eden space 53120K, 0% used [0x00000000fa000000,0x00000000fa000000,0x00000000fd3e0000)
  from space 16576K, 99% used [0x00000000fefd0000,0x00000000ffffc688,0x0000000100000000)
  to   space 22592K, 0% used [0x00000000fd3e0000,0x00000000fd3e0000,0x00000000fe9f0000)
 ParOldGen       total 93504K, used 82456K [0x00000000e8000000, 0x00000000edb50000, 0x00000000fa000000)
  object space 93504K, 88% used [0x00000000e8000000,0x00000000ed0861a8,0x00000000edb50000)
 PSPermGen       total 131072K, used 83599K [0x00000000e0000000, 0x00000000e8000000, 0x00000000e8000000)
  object space 131072K, 63% used [0x00000000e0000000,0x00000000e51a3f10,0x00000000e8000000)
Event: 59.381 GC heap after
Heap after GC invocations=715 (full 7):
 PSYoungGen      total 69696K, used 0K [0x00000000fa000000, 0x0000000100000000, 0x0000000100000000)
  eden space 53120K, 0% used [0x00000000fa000000,0x00000000fa000000,0x00000000fd3e0000)
  from space 16576K, 0% used [0x00000000fefd0000,0x00000000fefd0000,0x0000000100000000)
  to   space 22592K, 0% used [0x00000000fd3e0000,0x00000000fd3e0000,0x00000000fe9f0000)
 ParOldGen       total 109184K, used 60553K [0x00000000e8000000, 0x00000000eeaa0000, 0x00000000fa000000)
  object space 109184K, 55% used [0x00000000e8000000,0x00000000ebb225c0,0x00000000eeaa0000)
 PSPermGen       total 130368K, used 83598K [0x00000000e0000000, 0x00000000e7f50000, 0x00000000e8000000)
  object space 130368K, 64% used [0x00000000e0000000,0x00000000e51a3908,0x00000000e7f50000)
}
Event: 59.452 GC heap before
{Heap before GC invocations=716 (full 7):
 PSYoungGen      total 69696K, used 53120K [0x00000000fa000000, 0x0000000100000000, 0x0000000100000000)
  eden space 53120K, 100% used [0x00000000fa000000,0x00000000fd3e0000,0x00000000fd3e0000)
  from space 16576K, 0% used [0x00000000fefd0000,0x00000000fefd0000,0x0000000100000000)
  to   space 22592K, 0% used [0x00000000fd3e0000,0x00000000fd3e0000,0x00000000fe9f0000)
 ParOldGen       total 109184K, used 60553K [0x00000000e8000000, 0x00000000eeaa0000, 0x00000000fa000000)
  object space 109184K, 55% used [0x00000000e8000000,0x00000000ebb225c0,0x00000000eeaa0000)
 PSPermGen       total 130368K, used 84509K [0x00000000e0000000, 0x00000000e7f50000, 0x00000000e8000000)
  object space 130368K, 64% used [0x00000000e0000000,0x00000000e52874b8,0x00000000e7f50000)
Event: 59.456 GC heap after
Heap after GC invocations=716 (full 7):
 PSYoungGen      total 75712K, used 5613K [0x00000000fa000000, 0x0000000100000000, 0x0000000100000000)
  eden space 53120K, 0% used [0x00000000fa000000,0x00000000fa000000,0x00000000fd3e0000)
  from space 22592K, 24% used [0x00000000fd3e0000,0x00000000fd95b578,0x00000000fe9f0000)
  to   space 21056K, 0% used [0x00000000feb70000,0x00000000feb70000,0x0000000100000000)
 ParOldGen       total 109184K, used 60561K [0x00000000e8000000, 0x00000000eeaa0000, 0x00000000fa000000)
  object space 109184K, 55% used [0x00000000e8000000,0x00000000ebb245c0,0x00000000eeaa0000)
 PSPermGen       total 130368K, used 84509K [0x00000000e0000000, 0x00000000e7f50000, 0x00000000e8000000)
  object space 130368K, 64% used [0x00000000e0000000,0x00000000e52874b8,0x00000000e7f50000)
}
Event: 59.518 GC heap before
{Heap before GC invocations=717 (full 7):
 PSYoungGen      total 75712K, used 58733K [0x00000000fa000000, 0x0000000100000000, 0x0000000100000000)
  eden space 53120K, 100% used [0x00000000fa000000,0x00000000fd3e0000,0x00000000fd3e0000)
  from space 22592K, 24% used [0x00000000fd3e0000,0x00000000fd95b578,0x00000000fe9f0000)
  to   space 21056K, 0% used [0x00000000feb70000,0x00000000feb70000,0x0000000100000000)
 ParOldGen       total 109184K, used 60561K [0x00000000e8000000, 0x00000000eeaa0000, 0x00000000fa000000)
  object space 109184K, 55% used [0x00000000e8000000,0x00000000ebb245c0,0x00000000eeaa0000)
 PSPermGen       total 130368K, used 84833K [0x00000000e0000000, 0x00000000e7f50000, 0x00000000e8000000)
  object space 130368K, 65% used [0x00000000e0000000,0x00000000e52d8418,0x00000000e7f50000)
Event: 59.522 GC heap after
Heap after GC invocations=717 (full 7):
 PSYoungGen      total 71616K, used 5120K [0x00000000fa000000, 0x00000000ffc00000, 0x0000000100000000)
  eden space 54656K, 0% used [0x00000000fa000000,0x00000000fa000000,0x00000000fd560000)
  from space 16960K, 30% used [0x00000000feb70000,0x00000000ff070080,0x00000000ffc00000)
  to   space 19776K, 0% used [0x00000000fd560000,0x00000000fd560000,0x00000000fe8b0000)
 ParOldGen       total 109184K, used 62993K [0x00000000e8000000, 0x00000000eeaa0000, 0x00000000fa000000)
  object space 109184K, 57% used [0x00000000e8000000,0x00000000ebd84600,0x00000000eeaa0000)
 PSPermGen       total 130368K, used 84833K [0x00000000e0000000, 0x00000000e7f50000, 0x00000000e8000000)
  object space 130368K, 65% used [0x00000000e0000000,0x00000000e52d8418,0x00000000e7f50000)
}
Event: 59.561 GC heap before
{Heap before GC invocations=718 (full 7):
 PSYoungGen      total 71616K, used 59776K [0x00000000fa000000, 0x00000000ffc00000, 0x0000000100000000)
  eden space 54656K, 100% used [0x00000000fa000000,0x00000000fd560000,0x00000000fd560000)
  from space 16960K, 30% used [0x00000000feb70000,0x00000000ff070080,0x00000000ffc00000)
  to   space 19776K, 0% used [0x00000000fd560000,0x00000000fd560000,0x00000000fe8b0000)
 ParOldGen       total 109184K, used 62993K [0x00000000e8000000, 0x00000000eeaa0000, 0x00000000fa000000)
  object space 109184K, 57% used [0x00000000e8000000,0x00000000ebd84600,0x00000000eeaa0000)
 PSPermGen       total 130368K, used 84939K [0x00000000e0000000, 0x00000000e7f50000, 0x00000000e8000000)
  object space 130368K, 65% used [0x00000000e0000000,0x00000000e52f2fc0,0x00000000e7f50000)
Event: 59.564 GC heap after
Heap after GC invocations=718 (full 7):
 PSYoungGen      total 74432K, used 1606K [0x00000000fa000000, 0x0000000100000000, 0x0000000100000000)
  eden space 54656K, 0% used [0x00000000fa000000,0x00000000fa000000,0x00000000fd560000)
  from space 19776K, 8% used [0x00000000fd560000,0x00000000fd6f18c8,0x00000000fe8b0000)
  to   space 19136K, 0% used [0x00000000fed50000,0x00000000fed50000,0x0000000100000000)
 ParOldGen       total 109184K, used 63313K [0x00000000e8000000, 0x00000000eeaa0000, 0x00000000fa000000)
  object space 109184K, 57% used [0x00000000e8000000,0x00000000ebdd4600,0x00000000eeaa0000)
 PSPermGen       total 130368K, used 84939K [0x00000000e0000000, 0x00000000e7f50000, 0x00000000e8000000)
  object space 130368K, 65% used [0x00000000e0000000,0x00000000e52f2fc0,0x00000000e7f50000)
}

Deoptimization events (10 events):
Event: 59.588 Thread 0x0000000073d01800 Uncommon trap -58 fr.pc 0x000000003e23c43c
Event: 59.589 Thread 0x0000000073d01800 Uncommon trap -34 fr.pc 0x000000003e437fdc
Event: 59.591 Thread 0x0000000073d01800 Uncommon trap -122 fr.pc 0x000000003e4eb418
Event: 59.591 Thread 0x0000000073d01800 Uncommon trap -34 fr.pc 0x000000003e445774
Event: 59.591 Thread 0x0000000073d01800 Uncommon trap -34 fr.pc 0x000000003e445774
Event: 59.591 Thread 0x0000000073d01800 Uncommon trap -34 fr.pc 0x000000003e445774
Event: 59.591 Thread 0x0000000073d01800 Uncommon trap -34 fr.pc 0x000000003e445774
Event: 59.591 Thread 0x0000000073d01800 Uncommon trap -34 fr.pc 0x000000003e23ba48
Event: 59.591 Thread 0x0000000073d01800 Uncommon trap -34 fr.pc 0x000000003e1ceef8
Event: 59.594 Thread 0x0000000073d01800 Uncommon trap -83 fr.pc 0x000000003e1f88f4

Internal exceptions (10 events):
Event: 59.576 Thread 0x00000000691b5800 Threw 0x00000000fa54d228 at C:\jdk7u1_64p\jdk7u11\hotspot\src\share\vm\prims\jvm.cpp:1166
Event: 59.577 Thread 0x00000000691b5800 Threw 0x00000000fa57d9f0 at C:\jdk7u1_64p\jdk7u11\hotspot\src\share\vm\prims\jvm.cpp:1166
Event: 59.578 Thread 0x0000000073d01800 Threw 0x00000000fa4a4e40 at C:\jdk7u1_64p\jdk7u11\hotspot\src\share\vm\prims\jvm.cpp:1166
Event: 59.579 Thread 0x0000000073d01800 Threw 0x00000000fa5d2590 at C:\jdk7u1_64p\jdk7u11\hotspot\src\share\vm\prims\jvm.cpp:1166
Event: 59.580 Thread 0x0000000073d01800 Threw 0x00000000fa605a18 at C:\jdk7u1_64p\jdk7u11\hotspot\src\share\vm\prims\jvm.cpp:1166
Event: 59.580 Thread 0x00000000691b5800 Threw 0x00000000fa619ce0 at C:\jdk7u1_64p\jdk7u11\hotspot\src\share\vm\prims\jvm.cpp:1166
Event: 59.581 Thread 0x00000000691b5800 Threw 0x00000000fa6782f0 at C:\jdk7u1_64p\jdk7u11\hotspot\src\share\vm\prims\jvm.cpp:1166
Event: 59.582 Thread 0x0000000073d01800 Threw 0x00000000fa6e9f50 at C:\jdk7u1_64p\jdk7u11\hotspot\src\share\vm\prims\jvm.cpp:1166
Event: 59.582 Thread 0x0000000073d01800 Threw 0x00000000fa71cb28 at C:\jdk7u1_64p\jdk7u11\hotspot\src\share\vm\prims\jvm.cpp:1166
Event: 59.582 Thread 0x00000000691b5800 Threw 0x00000000fa6df120 at C:\jdk7u1_64p\jdk7u11\hotspot\src\share\vm\prims\jvm.cpp:1166

Events (10 events):
Event: 59.591 Thread 0x0000000073d01800 DEOPT PACKING pc=0x000000003e23ba48 sp=0x00000001d00cf050
Event: 59.591 Thread 0x0000000073d01800 DEOPT UNPACKING pc=0x000000003dfd9164 sp=0x00000001d00cef80 mode 2
Event: 59.591 Thread 0x0000000073d01800 DEOPT PACKING pc=0x000000003e1ceef8 sp=0x00000001d00ceff0
Event: 59.591 Thread 0x0000000073d01800 DEOPT UNPACKING pc=0x000000003dfd9164 sp=0x00000001d00cef88 mode 2
Event: 59.594 Thread 0x0000000073d01800 DEOPT PACKING pc=0x000000003e1f88f4 sp=0x00000001d00ceff0
Event: 59.594 Thread 0x0000000073d01800 DEOPT UNPACKING pc=0x000000003dfd9164 sp=0x00000001d00cef78 mode 2
Event: 59.602 loading class 0x0000000068e72270
Event: 59.602 loading class 0x0000000075784010
Event: 59.602 loading class 0x0000000075784010 done
Event: 59.602 loading class 0x0000000068e72270 done


Dynamic libraries:
0x0000000140000000 - 0x0000000140029000 	C:\Program Files\MATLAB\R2013b\bin\win64\MATLAB.exe
0x00000000774f0000 - 0x0000000077699000 	C:\Windows\SYSTEM32\ntdll.dll
0x00000000772d0000 - 0x00000000773ef000 	C:\Windows\system32\kernel32.dll
0x000007fefd3e0000 - 0x000007fefd44c000 	C:\Windows\system32\KERNELBASE.dll
0x0000000075040000 - 0x00000000750c7000 	C:\Windows\System32\SYSFER.DLL
0x000000006f060000 - 0x000000006f3dc000 	C:\Program Files\MATLAB\R2013b\bin\win64\libmwservices.dll
0x000000006fe80000 - 0x000000006ff56000 	C:\Program Files\MATLAB\R2013b\bin\win64\libmwi18n.dll
0x000000006fe70000 - 0x000000006fe7d000 	C:\Program Files\MATLAB\R2013b\bin\win64\libmwresource_core.dll
0x000000006dd40000 - 0x000000006ddd8000 	C:\Program Files\MATLAB\R2013b\bin\win64\MSVCP100.dll
0x000000006da70000 - 0x000000006db42000 	C:\Program Files\MATLAB\R2013b\bin\win64\MSVCR100.dll
0x0000000073710000 - 0x000000007371e000 	C:\Program Files\MATLAB\R2013b\bin\win64\boost_date_time-vc100-mt-1_49.dll
0x000000006d5a0000 - 0x000000006d5cc000 	C:\Program Files\MATLAB\R2013b\bin\win64\boost_filesystem-vc100-mt-1_49.dll
0x0000000073630000 - 0x0000000073639000 	C:\Program Files\MATLAB\R2013b\bin\win64\boost_system-vc100-mt-1_49.dll
0x000007fefde50000 - 0x000007fefdf2b000 	C:\Windows\system32\ADVAPI32.dll
0x000007fefe370000 - 0x000007fefe40f000 	C:\Windows\system32\msvcrt.dll
0x000007fefdce0000 - 0x000007fefdcff000 	C:\Windows\SYSTEM32\sechost.dll
0x000007fefda40000 - 0x000007fefdb6d000 	C:\Windows\system32\RPCRT4.dll
0x000000006d570000 - 0x000000006d595000 	C:\Program Files\MATLAB\R2013b\bin\win64\LIBEXPAT.dll
0x000000006c3b0000 - 0x000000006c53a000 	C:\Program Files\MATLAB\R2013b\bin\win64\icuin49.dll
0x000000006c590000 - 0x000000006c6ce000 	C:\Program Files\MATLAB\R2013b\bin\win64\icuuc49.dll
0x000000006b280000 - 0x000000006c3a2000 	C:\Program Files\MATLAB\R2013b\bin\win64\icudt49.dll
0x0000000073620000 - 0x0000000073630000 	C:\Program Files\MATLAB\R2013b\bin\win64\icuio49.dll
0x0000000004220000 - 0x00000000042db000 	C:\Program Files\MATLAB\R2013b\bin\win64\libut.dll
0x000000006f960000 - 0x000000006fb07000 	C:\Program Files\MATLAB\R2013b\bin\win64\libmwfl.dll
0x00000000042e0000 - 0x00000000046ef000 	C:\Program Files\MATLAB\R2013b\bin\win64\libmwMATLAB_res.dll
0x000000006d490000 - 0x000000006d56f000 	C:\Program Files\MATLAB\R2013b\bin\win64\boost_regex-vc100-mt-1_49.dll
0x00000000773f0000 - 0x00000000774ea000 	C:\Windows\system32\USER32.dll
0x000007fefddd0000 - 0x000007fefde37000 	C:\Windows\system32\GDI32.dll
0x000007fefde40000 - 0x000007fefde4e000 	C:\Windows\system32\LPK.dll
0x000007feff260000 - 0x000007feff329000 	C:\Windows\system32\USP10.dll
0x0000000070c50000 - 0x0000000070c61000 	C:\Program Files\MATLAB\R2013b\bin\win64\boost_signals-vc100-mt-1_49.dll
0x000000006d470000 - 0x000000006d481000 	C:\Program Files\MATLAB\R2013b\bin\win64\boost_thread-vc100-mt-1_49.dll
0x000000006d030000 - 0x000000006d0bc000 	C:\Program Files\MATLAB\R2013b\bin\win64\boost_log-vc100-mt-1_49.dll
0x00000000776b0000 - 0x00000000776b7000 	C:\Windows\system32\PSAPI.DLL
0x000007fefdd80000 - 0x000007fefddcd000 	C:\Windows\system32\WS2_32.dll
0x000007fefd6e0000 - 0x000007fefd6e8000 	C:\Windows\system32\NSI.dll
0x000007fef55c0000 - 0x000007fef55f3000 	C:\Program Files\MATLAB\R2013b\bin\win64\tbb.dll
0x000007fefe4b0000 - 0x000007fefe4c9000 	C:\Windows\system32\imagehlp.dll
0x000007fefb880000 - 0x000007fefb8ac000 	C:\Windows\system32\POWRPROF.dll
0x000007feff4c0000 - 0x000007feff697000 	C:\Windows\system32\SETUPAPI.dll
0x000007fefd340000 - 0x000007fefd376000 	C:\Windows\system32\CFGMGR32.dll
0x000007feff6a0000 - 0x000007feff777000 	C:\Windows\system32\OLEAUT32.dll
0x000007fefe160000 - 0x000007fefe363000 	C:\Windows\system32\ole32.dll
0x000007fefd3b0000 - 0x000007fefd3ca000 	C:\Windows\system32\DEVOBJ.dll
0x00000000046f0000 - 0x00000000047eb000 	C:\Program Files\MATLAB\R2013b\bin\win64\libmx.dll
0x000007fef7880000 - 0x000007fef78a8000 	C:\Program Files\MATLAB\R2013b\bin\win64\tbbmalloc.dll
0x000000006d450000 - 0x000000006d467000 	C:\Program Files\MATLAB\R2013b\bin\win64\zlib1.dll
0x000000006ef00000 - 0x000000006ef4e000 	C:\Program Files\MATLAB\R2013b\bin\win64\libmwregexp.dll
0x000000006eeb0000 - 0x000000006eef7000 	C:\Program Files\MATLAB\R2013b\bin\win64\mpath.dll
0x00000000047f0000 - 0x0000000004e18000 	C:\Program Files\MATLAB\R2013b\bin\win64\mlutil.dll
0x000000006e870000 - 0x000000006e8e7000 	C:\Program Files\MATLAB\R2013b\bin\win64\xmlcore.dll
0x000000006b030000 - 0x000000006b271000 	C:\Program Files\MATLAB\R2013b\bin\win64\xerces-c_2_7.dll
0x000000006e5f0000 - 0x000000006e613000 	C:\Program Files\MATLAB\R2013b\bin\win64\libmwMATLAB_settings_res.dll
0x000000006f810000 - 0x000000006f820000 	C:\Program Files\MATLAB\R2013b\bin\win64\boost_iostreams-vc100-mt-1_49.dll
0x000000006cee0000 - 0x000000006cf26000 	C:\Program Files\MATLAB\R2013b\bin\win64\boost_serialization-vc100-mt-1_49.dll
0x000007fefe4d0000 - 0x000007feff258000 	C:\Windows\system32\SHELL32.dll
0x000007feff780000 - 0x000007feff7f1000 	C:\Windows\system32\SHLWAPI.dll
0x000000006e580000 - 0x000000006e586000 	C:\Program Files\MATLAB\R2013b\bin\win64\libmwnativedisplay.dll
0x00000000685f0000 - 0x000000006863d000 	C:\Program Files\MATLAB\R2013b\bin\win64\opccore.dll
0x00000000684f0000 - 0x00000000685c6000 	C:\Program Files\MATLAB\R2013b\bin\win64\opcmodel.dll
0x00000000684c0000 - 0x00000000684ed000 	C:\Program Files\MATLAB\R2013b\bin\win64\opczippackage.dll
0x000000006edc0000 - 0x000000006edce000 	C:\Program Files\MATLAB\R2013b\bin\win64\libminizip.dll
0x0000000068340000 - 0x00000000683a6000 	C:\Program Files\MATLAB\R2013b\bin\win64\opcmwservices.dll
0x000007fefa340000 - 0x000007fefa3e0000 	C:\Windows\WinSxS\amd64_microsoft.windows.common-controls_6595b64144ccf1df_5.82.7601.18201_none_a4d3b9377117c3df\COMCTL32.dll
0x000007fefd9a0000 - 0x000007fefda37000 	C:\Windows\system32\COMDLG32.dll
0x000007fefac10000 - 0x000007fefac26000 	C:\Windows\system32\NETAPI32.dll
0x000007fefc750000 - 0x000007fefc75c000 	C:\Windows\system32\netutils.dll
0x000007fefcd30000 - 0x000007fefcd53000 	C:\Windows\system32\srvcli.dll
0x000007fefabf0000 - 0x000007fefac05000 	C:\Windows\system32\wkscli.dll
0x000000006e4d0000 - 0x000000006e57d000 	C:\Program Files\MATLAB\R2013b\bin\win64\mcr.dll
0x000000006e110000 - 0x000000006e4d0000 	C:\Program Files\MATLAB\R2013b\bin\win64\iqm.dll
0x0000000180000000 - 0x00000001800c2000 	C:\Program Files\MATLAB\R2013b\bin\win64\m_dispatcher.dll
0x0000000004e30000 - 0x000000000562b000 	C:\Program Files\MATLAB\R2013b\bin\win64\m_interpreter.dll
0x000000006d760000 - 0x000000006d784000 	C:\Program Files\MATLAB\R2013b\bin\win64\libmex.dll
0x000000006d6e0000 - 0x000000006d75b000 	C:\Program Files\MATLAB\R2013b\bin\win64\profiler.dll
0x0000000005630000 - 0x00000000057a8000 	C:\Program Files\MATLAB\R2013b\bin\win64\libmwmathutil.dll
0x000000006d420000 - 0x000000006d447000 	C:\Program Files\MATLAB\R2013b\bin\win64\libmwmathrng.dll
0x000000006d410000 - 0x000000006d420000 	C:\Program Files\MATLAB\R2013b\bin\win64\libmwmfl_rng.dll
0x00000000057b0000 - 0x00000000058c8000 	C:\Program Files\MATLAB\R2013b\bin\win64\libmwmathcore.dll
0x000000006d2b0000 - 0x000000006d313000 	C:\Program Files\MATLAB\R2013b\bin\win64\libmwspmatrix.dll
0x00000000058d0000 - 0x0000000005b32000 	C:\Program Files\MATLAB\R2013b\bin\win64\mcos.dll
0x000000006cfc0000 - 0x000000006d01c000 	C:\Program Files\MATLAB\R2013b\bin\win64\libmwcholmod.dll
0x000000006cfb0000 - 0x000000006cfbc000 	C:\Program Files\MATLAB\R2013b\bin\win64\libmwamd.dll
0x000000006cfa0000 - 0x000000006cfab000 	C:\Program Files\MATLAB\R2013b\bin\win64\libmwcolamd.dll
0x000000006cf80000 - 0x000000006cf93000 	C:\Program Files\MATLAB\R2013b\bin\win64\libmwblas.dll
0x000000006cf60000 - 0x000000006cf75000 	C:\Program Files\MATLAB\R2013b\bin\win64\libmwbinder.dll
0x000000006cf50000 - 0x000000006cf5b000 	C:\Program Files\MATLAB\R2013b\bin\win64\libmwompwrapper.dll
0x0000000005b40000 - 0x0000000005bbf000 	C:\Program Files\MATLAB\R2013b\bin\win64\libmwlapack.dll
0x000000006ceb0000 - 0x000000006ced0000 	C:\Program Files\MATLAB\R2013b\bin\win64\m_pcodeio.dll
0x000000006ce50000 - 0x000000006ceac000 	C:\Program Files\MATLAB\R2013b\bin\win64\m_ir.dll
0x0000000005bc0000 - 0x0000000006275000 	C:\Program Files\MATLAB\R2013b\bin\win64\m_parser.dll
0x000000006c780000 - 0x000000006c797000 	C:\Program Files\MATLAB\R2013b\bin\win64\ir_xfmr.dll
0x000000006c770000 - 0x000000006c780000 	C:\Program Files\MATLAB\R2013b\bin\win64\mtok.dll
0x000000006c740000 - 0x000000006c768000 	C:\Program Files\MATLAB\R2013b\bin\win64\m_pcodegen.dll
0x000007fef5330000 - 0x000007fef5455000 	C:\Windows\system32\dbghelp.dll
0x000000006c710000 - 0x000000006c73f000 	C:\Program Files\MATLAB\R2013b\bin\win64\libmwbridge.dll
0x0000000006280000 - 0x0000000006336000 	C:\Program Files\MATLAB\R2013b\bin\win64\udd.dll
0x0000000006340000 - 0x0000000006491000 	C:\Program Files\MATLAB\R2013b\bin\win64\libmwgui.dll
0x00000000064a0000 - 0x00000000064c8000 	C:\Program Files\MATLAB\R2013b\bin\win64\graphics_util.dll
0x000000006af70000 - 0x000000006b028000 	C:\Program Files\MATLAB\R2013b\bin\win64\libtex_base.dll
0x00000000064d0000 - 0x0000000006e36000 	C:\Program Files\MATLAB\R2013b\bin\win64\hg.dll
0x0000000006e40000 - 0x0000000006e9d000 	C:\Program Files\MATLAB\R2013b\bin\win64\libmat.dll
0x0000000006ea0000 - 0x00000000070a8000 	C:\Program Files\MATLAB\R2013b\bin\win64\hdf5dll.dll
0x00000000070c0000 - 0x0000000007188000 	C:\Program Files\MATLAB\R2013b\bin\win64\jmi.dll
0x0000000007190000 - 0x000000000719e000 	C:\Program Files\MATLAB\R2013b\bin\win64\nativejava_services.dll
0x00000000071a0000 - 0x00000000071e2000 	C:\Program Files\MATLAB\R2013b\bin\win64\libmwhardcopy.dll
0x00000000071f0000 - 0x000000000724e000 	C:\Program Files\MATLAB\R2013b\bin\win64\libuij.dll
0x0000000007250000 - 0x0000000007455000 	C:\Program Files\MATLAB\R2013b\bin\win64\hgdatatypes.dll
0x0000000007460000 - 0x0000000007572000 	C:\Program Files\MATLAB\R2013b\bin\win64\hgutils.dll
0x0000000007580000 - 0x000000000762e000 	C:\Program Files\MATLAB\R2013b\bin\win64\udd_mi.dll
0x0000000007630000 - 0x0000000007666000 	C:\Program Files\MATLAB\R2013b\bin\win64\libmwgbtutils.dll
0x0000000007670000 - 0x0000000007683000 	C:\Program Files\MATLAB\R2013b\bin\win64\libmwgbt.dll
0x0000000007690000 - 0x000000000795f000 	C:\Program Files\MATLAB\R2013b\bin\win64\uiw.dll
0x0000000007960000 - 0x0000000007969000 	C:\Program Files\MATLAB\R2013b\bin\win64\uinone.dll
0x0000000007970000 - 0x000000000799c000 	C:\Program Files\MATLAB\R2013b\bin\win64\libmwnativedialogs.dll
0x00000000079b0000 - 0x00000000079bc000 	C:\Program Files\MATLAB\R2013b\bin\win64\libmwplatform_res.dll
0x000007fef8770000 - 0x000007fef8788000 	C:\Windows\system32\MPR.dll
0x000000006aa10000 - 0x000000006af6d000 	C:\Program Files\MATLAB\R2013b\bin\win64\mfc100.dll
0x000007fefa3e0000 - 0x000007fefa3e7000 	C:\Windows\system32\MSIMG32.dll
0x000007fefa2c0000 - 0x000007fefa331000 	C:\Windows\system32\WINSPOOL.DRV
0x00000000079c0000 - 0x00000000079dd000 	C:\Program Files\MATLAB\R2013b\bin\win64\mwoles05.DLL
0x00000000079e0000 - 0x0000000007a4c000 	C:\Program Files\MATLAB\R2013b\bin\win64\comcli.dll
0x0000000007a50000 - 0x0000000007a7b000 	C:\Program Files\MATLAB\R2013b\bin\win64\ATL100.DLL
0x0000000007a80000 - 0x0000000007a8c000 	C:\Program Files\MATLAB\R2013b\bin\win64\mlautoregister.dll
0x0000000007a90000 - 0x0000000007bff000 	C:\Program Files\MATLAB\R2013b\bin\win64\mvm.dll
0x000007feff490000 - 0x000007feff4be000 	C:\Windows\system32\IMM32.DLL
0x000007fefdb70000 - 0x000007fefdc79000 	C:\Windows\system32\MSCTF.dll
0x000007fefbca0000 - 0x000007fefbcf6000 	C:\Windows\system32\UxTheme.dll

VM Arguments:
jvm_args: -XX:PermSize=32m -Xms64m -XX:NewRatio=3 -XX:MaxPermSize=128m -Xmx384m -XX:MaxDirectMemorySize=2147400000 -Dsun.java2d.noddraw=true -Dsun.awt.nopixfmt=true -Xshare:off -Xrs -XX:-UseSplitVerifier -Djava.library.path=C:\Program Files\MATLAB\R2013b\bin\win64;C:\Program Files\MATLAB\R2013b\sys\jxbrowser\win64\lib;C:\Program Files\Micro-Manager-1.4.17 vfprintf abort -Duser.language=en -Duser.country=US -XX:ParallelGCThreads=6 
java_command: <unknown>
Launcher Type: generic

Environment Variables:
PATH=C:\Python27\Lib\site-packages\PyQt4;C:\Windows\system32;C:\Windows;C:\Windows\System32\Wbem;C:\Windows\System32\WindowsPowerShell\v1.0\;C:\Program Files\TortoiseSVN\bin;C:\Python27;C:\Python27\DLLs;C:\Python27\Scripts;C:\Python27\Lib\site-packages\vtk;C:\Python27\gnuplot\binary;C:\Program Files (x86)\pythonxy\SciTE-3.3.2-3;C:\Program Files (x86)\pythonxy\console;C:\MinGW32-xy\bin;C:\Program Files (x86)\IVI Foundation\VISA\WinNT\Bin;C:\BitFlow SDK 5.70\Bin64;C:\BitFlow SDK 5.70\Bin32;C:\Program Files\CameraLink\Serial;C:\Program Files (x86)\CameraLink\Serial;C:\Program Files\SiliconSoftware\Runtime5.2.2\BIN;C:\Program Files\MATLAB\R2013b\bin;C:\Program Files\Micro-Manager-1.4.17;C:\Program Files\Micro-Manager-1.4.17
USERNAME=nicuser
OS=Windows_NT
PROCESSOR_IDENTIFIER=Intel64 Family 6 Model 45 Stepping 7, GenuineIntel



---------------  S Y S T E M  ---------------

OS: Windows 7 , 64 bit Build 7601 Service Pack 1

CPU:total 16 (4 cores per cpu, 2 threads per core) family 6 model 45 stepping 7, cmov, cx8, fxsr, mmx, sse, sse2, sse3, ssse3, sse4.1, sse4.2, popcnt, avx, ht, tsc, tscinvbit, tscinv

Memory: 4k page, physical 33476304k(20973064k free), swap 66950744k(54058412k free)

vm_info: Java HotSpot(TM) 64-Bit Server VM (23.6-b04) for windows-amd64 JRE (1.7.0_11-b21), built on Jan 12 2013 02:38:42 by "java_re" with unknown MS VC++:1600

time: Thu Jul 31 10:45:07 2014
elapsed time: 59 seconds

