#
# A fatal error has been detected by the Java Runtime Environment:
#
#  EXCEPTION_UNCAUGHT_CXX_EXCEPTION (0xe06d7363) at pc=0x000007fefd3e940d, pid=3004, tid=4896
#
# JRE version: 7.0_11-b21
# Java VM: Java HotSpot(TM) 64-Bit Server VM (23.6-b04 mixed mode windows-amd64 compressed oops)
# Problematic frame:
# C  [KERNELBASE.dll+0x940d]
#
# Failed to write core dump. Minidumps are not enabled by default on client versions of Windows
#
# If you would like to submit a bug report, please visit:
#   http://bugreport.sun.com/bugreport/crash.jsp
# The crash happened outside the Java Virtual Machine in native code.
# See problematic frame for where to report the bug.
#

---------------  T H R E A D  ---------------

Current thread (0x0000000074227000):  JavaThread "AcquisitionEngine2010 Thread (Clojure)" [_thread_in_native, id=4896, stack(0x0000000174040000,0x0000000178040000)]

siginfo: ExceptionCode=0xe06d7363, ExceptionInformation=0x0000000019930520 0x000000017803e340 0x000007feef281e08 0x000007feef220000 

Registers:
RAX=0x00000001062b4014, RBX=0x000000017803e340, RCX=0x000000017803d980, RDX=0x00000000000000d0
RSP=0x000000017803df90, RBP=0x000000017803e0c0, RSI=0x000000006d9915e0, RDI=0x000007feef281e08
R8 =0x0000000000000000, R9 =0x0000000000000000, R10=0x000007feef220000, R11=0x000000017803dfd0
R12=0x00000000760e6410, R13=0x0000000207b6aad0, R14=0x0000000207b6aab0, R15=0x000000017803ea88
RIP=0x000007fefd3e940d, EFLAGS=0x0000000000000206

Top of Stack: (sp=0x000000017803df90)
0x000000017803df90:   000000017803e340 000000006d9915e0
0x000000017803dfa0:   000007feef281e08 000007feef25418f
0x000000017803dfb0:   00000001e06d7363 0000000000000000
0x000000017803dfc0:   000007fefd3e940d 000007fe00000004
0x000000017803dfd0:   0000000019930520 000000017803e340
0x000000017803dfe0:   000007feef281e08 000007feef220000
0x000000017803dff0:   000000006d994cb0 000000017803e078
0x000000017803e000:   0000000000000bbc 000007fef6c81dee
0x000000017803e010:   000000006c7aaed0 0000000000001320
0x000000017803e020:   000000017803e358 000007feef225e14
0x000000017803e030:   0000000207b6aab0 0000000207b6aad0
0x000000017803e040:   00000000760e6410 000007feef281e08
0x000000017803e050:   000000006d9915e0 000007feef2505f9
0x000000017803e060:   000000017803e340 000000017803e0d0
0x000000017803e070:   0000000000000001 000007feef2200f8
0x000000017803e080:   00000001e06d7363 0000000000000000 

Instructions: (pc=0x000007fefd3e940d)
0x000007fefd3e93ed:   54 24 24 48 89 4c 24 28 4d 85 c9 0f 85 aa 18 00
0x000007fefd3e93fd:   00 89 4c 24 38 48 8d 4c 24 20 ff 15 93 1e 04 00
0x000007fefd3e940d:   48 81 c4 c8 00 00 00 c3 90 90 90 90 90 90 90 90
0x000007fefd3e941d:   90 90 90 48 8b c4 48 83 ec 78 41 f7 c0 fe ff ff 


Register to memory mapping:

RAX=0x00000001062b4014 is pointing into the stack for thread: 0x0000000068b99800
RBX=0x000000017803e340 is pointing into the stack for thread: 0x0000000074227000
RCX=0x000000017803d980 is pointing into the stack for thread: 0x0000000074227000
RDX=0x00000000000000d0 is an unknown value
RSP=0x000000017803df90 is pointing into the stack for thread: 0x0000000074227000
RBP=0x000000017803e0c0 is pointing into the stack for thread: 0x0000000074227000
RSI=0x000000006d9915e0 is an unknown value
RDI=0x000007feef281e08 is an unknown value
R8 =0x0000000000000000 is an unknown value
R9 =0x0000000000000000 is an unknown value
R10=0x000007feef220000 is an unknown value
R11=0x000000017803dfd0 is pointing into the stack for thread: 0x0000000074227000
R12=0x00000000760e6410 is an unknown value
R13=0x0000000207b6aad0 is an unknown value
R14=0x0000000207b6aab0 is an unknown value
R15=0x000000017803ea88 is pointing into the stack for thread: 0x0000000074227000


Stack: [0x0000000174040000,0x0000000178040000],  sp=0x000000017803df90,  free space=65527k
Native frames: (J=compiled Java code, j=interpreted, Vv=VM code, C=native code)
C  [KERNELBASE.dll+0x940d]
C  0x000007feef2346fd

Java frames: (J=compiled Java code, j=interpreted, Vv=VM code)
j  mmcorej.MMCoreJJNI.CMMCore_setProperty__SWIG_0(JLmmcorej/CMMCore;Ljava/lang/String;Ljava/lang/String;Ljava/lang/String;)V+0
j  mmcorej.CMMCore.setProperty(Ljava/lang/String;Ljava/lang/String;Ljava/lang/String;)V+8
v  ~StubRoutines::call_stub
j  sun.reflect.NativeMethodAccessorImpl.invoke0(Ljava/lang/reflect/Method;Ljava/lang/Object;[Ljava/lang/Object;)Ljava/lang/Object;+0
j  sun.reflect.NativeMethodAccessorImpl.invoke(Ljava/lang/Object;[Ljava/lang/Object;)Ljava/lang/Object;+87
J  clojure.lang.Reflector.invokeMatchingMethod(Ljava/lang/String;Ljava/util/List;Ljava/lang/Object;[Ljava/lang/Object;)Ljava/lang/Object;
J  clojure.lang.Reflector.invokeInstanceMethod(Ljava/lang/Object;Ljava/lang/String;[Ljava/lang/Object;)Ljava/lang/Object;
j  org.micromanager.acq_engine$set_property$attempt__846__auto____944.invoke()Ljava/lang/Object;+133
j  org.micromanager.acq_engine$set_property$fn__948.invoke()Ljava/lang/Object;+7
j  org.micromanager.acq_engine$set_property.invoke(Ljava/lang/Object;)Ljava/lang/Object;+161
j  clojure.core$map$fn__3811.invoke()Ljava/lang/Object;+293
J  clojure.lang.LazySeq.sval()Ljava/lang/Object;
J  clojure.lang.RT.seq(Ljava/lang/Object;)Lclojure/lang/ISeq;
J  clojure.core$seq.invoke(Ljava/lang/Object;)Ljava/lang/Object;
j  clojure.core$dorun.invoke(Ljava/lang/Object;)Ljava/lang/Object;+10
j  org.micromanager.acq_engine$return_config.invoke()Ljava/lang/Object;+116
j  org.micromanager.acq_engine$cleanup$fn__1247.invoke()Ljava/lang/Object;+9
j  org.micromanager.acq_engine$cleanup.invoke()Ljava/lang/Object;+95
j  org.micromanager.acq_engine$run_acquisition.invoke(Ljava/lang/Object;Ljava/lang/Object;Ljava/lang/Object;Ljava/lang/Object;Ljava/lang/Object;)Ljava/lang/Object;+338
j  org.micromanager.acq_engine$run$fn__1457.invoke()Ljava/lang/Object;+70
j  clojure.lang.AFn.run()V+1
j  java.lang.Thread.run()V+11
v  ~StubRoutines::call_stub

---------------  P R O C E S S  ---------------

Java Threads: ( => current thread )
  0x0000000074229000 JavaThread "zSelector" [_thread_blocked, id=5876, stack(0x000000016c040000,0x0000000170040000)]
  0x0000000074227800 JavaThread "pool-10-thread-1" [_thread_blocked, id=3872, stack(0x00000000a4000000,0x00000000a8000000)]
  0x0000000074224800 JavaThread "pool-11-thread-1" [_thread_blocked, id=2892, stack(0x00000003991c0000,0x000000039d1c0000)]
  0x0000000074226000 JavaThread "clojure-agent-send-off-pool-0" [_thread_blocked, id=4936, stack(0x00000003951c0000,0x00000003991c0000)]
  0x0000000074222800 JavaThread "Image Fetcher 0" daemon [_thread_blocked, id=5156, stack(0x00000001940d0000,0x00000001980d0000)]
  0x0000000074224000 JavaThread "tagged image sink thread" [_thread_blocked, id=4420, stack(0x000000018c0d0000,0x00000001900d0000)]
  0x0000000074225800 JavaThread "Timer-2" [_thread_blocked, id=4960, stack(0x0000000178040000,0x000000017c040000)]
=>0x0000000074227000 JavaThread "AcquisitionEngine2010 Thread (Clojure)" [_thread_in_native, id=4896, stack(0x0000000174040000,0x0000000178040000)]
  0x0000000068b95800 JavaThread "Swing-Shell" daemon [_thread_blocked, id=1872, stack(0x0000000014620000,0x0000000018620000)]
  0x0000000068ba0800 JavaThread "Beanshell interpreter" [_thread_blocked, id=1144, stack(0x000000011c000000,0x0000000120000000)]
  0x0000000068b9e000 JavaThread "Thread-50" [_thread_blocked, id=4864, stack(0x00000000d0000000,0x00000000d4000000)]
  0x0000000068b9c000 JavaThread "Code Analyzer updating thread" [_thread_blocked, id=4860, stack(0x0000000110000000,0x0000000114000000)]
  0x0000000068b9b000 JavaThread "Code Analyzer updating thread" [_thread_blocked, id=1708, stack(0x000000010c000000,0x0000000110000000)]
  0x0000000068b9a800 JavaThread "Code Analyzer updating thread" [_thread_blocked, id=5032, stack(0x0000000108000000,0x000000010c000000)]
  0x0000000068b99800 JavaThread "Code Analyzer updating thread" [_thread_blocked, id=5592, stack(0x0000000104000000,0x0000000108000000)]
  0x0000000068b98800 JavaThread "Active Reference Queue Daemon" daemon [_thread_blocked, id=5952, stack(0x0000000100000000,0x0000000104000000)]
  0x0000000068b98000 JavaThread "Timer-1" daemon [_thread_blocked, id=2416, stack(0x00000000dc000000,0x00000000e0000000)]
  0x0000000068b97000 JavaThread "ClipboardMonitor Timer" daemon [_thread_blocked, id=5504, stack(0x00000000d8000000,0x00000000dc000000)]
  0x0000000068b96800 JavaThread "Explorer NavigationContext request queue" daemon [_thread_blocked, id=1556, stack(0x00000000d4000000,0x00000000d8000000)]
  0x0000000068b93800 JavaThread "AddressBar directory emptiness poller" daemon [_thread_blocked, id=3712, stack(0x00000000c8000000,0x00000000cc000000)]
  0x0000000068b94000 JavaThread "Explorer Refresh Service 1695505218" daemon [_thread_blocked, id=1384, stack(0x00000000c4000000,0x00000000c8000000)]
  0x0000000068b92800 JavaThread "TimerQueue" daemon [_thread_blocked, id=5772, stack(0x00000000c0000000,0x00000000c4000000)]
  0x0000000068b92000 JavaThread "Thread-3" daemon [_thread_blocked, id=6064, stack(0x00000000b0000000,0x00000000b4000000)]
  0x0000000069106000 JavaThread "FelixPackageAdmin" daemon [_thread_blocked, id=5060, stack(0x00000000bc000000,0x00000000c0000000)]
  0x00000000692b3000 JavaThread "FelixStartLevel" daemon [_thread_blocked, id=5608, stack(0x00000000b8000000,0x00000000bc000000)]
  0x0000000069138800 JavaThread "FelixDispatchQueue" daemon [_thread_blocked, id=3312, stack(0x00000000b4000000,0x00000000b8000000)]
  0x0000000069046000 JavaThread "AWT-EventQueue-0" [_thread_in_Java, id=5448, stack(0x00000000ac000000,0x00000000b0000000)]
  0x0000000068eaa000 JavaThread "com.google.common.base.internal.Finalizer" daemon [_thread_blocked, id=5324, stack(0x00000000a8000000,0x00000000ac000000)]
  0x0000000068f0b000 JavaThread "AWT-Windows" daemon [_thread_in_native, id=4332, stack(0x00000000a0000000,0x00000000a4000000)]
  0x0000000068ead800 JavaThread "AWT-Shutdown" [_thread_blocked, id=5404, stack(0x000000009c000000,0x00000000a0000000)]
  0x0000000068ead000 JavaThread "Java2D Disposer" daemon [_thread_blocked, id=3524, stack(0x0000000098000000,0x000000009c000000)]
  0x0000000068aad800 JavaThread "Timer-0" [_thread_blocked, id=1140, stack(0x0000000094000000,0x0000000098000000)]
  0x0000000068a82800 JavaThread "EventMgr Dispatcher" daemon [_thread_in_native, id=4924, stack(0x0000000090000000,0x0000000094000000)]
  0x000000003d771800 JavaThread "Service Thread" daemon [_thread_blocked, id=2960, stack(0x0000000088000000,0x000000008c000000)]
  0x000000003d767000 JavaThread "C2 CompilerThread1" daemon [_thread_in_native, id=5392, stack(0x0000000084000000,0x0000000088000000)]
  0x000000003d762000 JavaThread "C2 CompilerThread0" daemon [_thread_in_native, id=4432, stack(0x0000000080000000,0x0000000084000000)]
  0x000000003d761800 JavaThread "Attach Listener" daemon [_thread_blocked, id=5344, stack(0x00000000776c0000,0x000000007b6c0000)]
  0x000000003d6ef000 JavaThread "Finalizer" daemon [_thread_blocked, id=4752, stack(0x0000000063820000,0x0000000067820000)]
  0x000000003d6e1000 JavaThread "Reference Handler" daemon [_thread_blocked, id=3720, stack(0x000000005f820000,0x0000000063820000)]
  0x000000003d549800 JavaThread "main" [_thread_blocked, id=3032, stack(0x0000000000030000,0x0000000004030000)]

Other Threads:
  0x000000003d6dc000 VMThread [stack: 0x000000005b820000,0x000000005f820000] [id=5636]
  0x000000003d7c1000 WatcherThread [stack: 0x000000008c000000,0x0000000090000000] [id=6048]

VM state:not at safepoint (normal execution)

VM Mutex/Monitor currently owned by a thread: None

Heap
 PSYoungGen      total 75840K, used 33434K [0x00000000fa000000, 0x0000000100000000, 0x0000000100000000)
  eden space 56960K, 55% used [0x00000000fa000000,0x00000000fbf1fef8,0x00000000fd7a0000)
  from space 18880K, 8% used [0x00000000fe9a0000,0x00000000feb26b98,0x00000000ffc10000)
  to   space 18432K, 0% used [0x00000000fd7a0000,0x00000000fd7a0000,0x00000000fe9a0000)
 ParOldGen       total 118528K, used 62620K [0x00000000e8000000, 0x00000000ef3c0000, 0x00000000fa000000)
  object space 118528K, 52% used [0x00000000e8000000,0x00000000ebd27300,0x00000000ef3c0000)
 PSPermGen       total 122624K, used 85778K [0x00000000e0000000, 0x00000000e77c0000, 0x00000000e8000000)
  object space 122624K, 69% used [0x00000000e0000000,0x00000000e53c4910,0x00000000e77c0000)

Card table byte_map: [0x0000000040cc0000,0x0000000040dd0000] byte_map_base: 0x00000000405c0000

Polling page: 0x000000000a750000

Code Cache  [0x000000003dcc0000, 0x000000003e300000, 0x0000000040cc0000)
 total_blobs=2927 nmethods=2152 adapters=723 free_code_cache=42888Kb largest_free_block=43804928

Compilation events (10 events):
Event: 233.992 Thread 0x000000003d762000 nmethod 2358 0x000000003e26b950 code [0x000000003e26baa0, 0x000000003e26bb18]
Event: 233.992 Thread 0x000000003d762000 2359             clojure.lang.APersistentVector::doEquiv (158 bytes)
Event: 233.995 Thread 0x000000003d767000 nmethod 2356 0x000000003dff7d90 code [0x000000003dff7f60, 0x000000003dff8618]
Event: 233.996 Thread 0x000000003d767000 2360             org.json.JSONTokener::nextClean (157 bytes)
Event: 233.999 Thread 0x000000003d767000 nmethod 2360 0x000000003dff7510 code [0x000000003dff76e0, 0x000000003dff79a0]
Event: 233.999 Thread 0x000000003d767000 2361             java.lang.String::contentEquals (130 bytes)
Event: 234.000 Thread 0x000000003d762000 nmethod 2359 0x000000003e2f4e10 code [0x000000003e2f5000, 0x000000003e2f57a8]
Event: 234.003 Thread 0x000000003d762000 2362   !         org.micromanager.acquisition.MMImageCache::checkForChangingTags (139 bytes)
Event: 234.004 Thread 0x000000003d767000 nmethod 2361 0x000000003e27ced0 code [0x000000003e27d020, 0x000000003e27d478]
Event: 234.004 Thread 0x000000003d767000 2363             org.micromanager.graph.SingleChannelHistogram::calcAndDisplayHistAndStats (548 bytes)

GC Heap History (10 events):
Event: 233.648 GC heap before
{Heap before GC invocations=485 (full 8):
 PSYoungGen      total 77440K, used 68927K [0x00000000fa000000, 0x0000000100000000, 0x0000000100000000)
  eden space 58496K, 100% used [0x00000000fa000000,0x00000000fd920000,0x00000000fd920000)
  from space 18944K, 55% used [0x00000000fec40000,0x00000000ff66fd10,0x00000000ffec0000)
  to   space 19584K, 0% used [0x00000000fd920000,0x00000000fd920000,0x00000000fec40000)
 ParOldGen       total 109184K, used 79465K [0x00000000e8000000, 0x00000000eeaa0000, 0x00000000fa000000)
  object space 109184K, 72% used [0x00000000e8000000,0x00000000ecd9a6d0,0x00000000eeaa0000)
 PSPermGen       total 124800K, used 84211K [0x00000000e0000000, 0x00000000e79e0000, 0x00000000e8000000)
  object space 124800K, 67% used [0x00000000e0000000,0x00000000e523cff8,0x00000000e79e0000)
Event: 233.653 GC heap after
Heap after GC invocations=485 (full 8):
 PSYoungGen      total 73408K, used 14870K [0x00000000fa000000, 0x0000000100000000, 0x0000000100000000)
  eden space 58496K, 0% used [0x00000000fa000000,0x00000000fa000000,0x00000000fd920000)
  from space 14912K, 99% used [0x00000000fd920000,0x00000000fe7a58d0,0x00000000fe7b0000)
  to   space 21632K, 0% used [0x00000000feae0000,0x00000000feae0000,0x0000000100000000)
 ParOldGen       total 109184K, used 89653K [0x00000000e8000000, 0x00000000eeaa0000, 0x00000000fa000000)
  object space 109184K, 82% used [0x00000000e8000000,0x00000000ed78d428,0x00000000eeaa0000)
 PSPermGen       total 124800K, used 84211K [0x00000000e0000000, 0x00000000e79e0000, 0x00000000e8000000)
  object space 124800K, 67% used [0x00000000e0000000,0x00000000e523cff8,0x00000000e79e0000)
}
Event: 233.741 GC heap before
{Heap before GC invocations=486 (full 8):
 PSYoungGen      total 73408K, used 73366K [0x00000000fa000000, 0x0000000100000000, 0x0000000100000000)
  eden space 58496K, 100% used [0x00000000fa000000,0x00000000fd920000,0x00000000fd920000)
  from space 14912K, 99% used [0x00000000fd920000,0x00000000fe7a58d0,0x00000000fe7b0000)
  to   space 21632K, 0% used [0x00000000feae0000,0x00000000feae0000,0x0000000100000000)
 ParOldGen       total 109184K, used 89653K [0x00000000e8000000, 0x00000000eeaa0000, 0x00000000fa000000)
  object space 109184K, 82% used [0x00000000e8000000,0x00000000ed78d428,0x00000000eeaa0000)
 PSPermGen       total 124800K, used 85215K [0x00000000e0000000, 0x00000000e79e0000, 0x00000000e8000000)
  object space 124800K, 68% used [0x00000000e0000000,0x00000000e5337f00,0x00000000e79e0000)
Event: 233.746 GC heap after
Heap after GC invocations=486 (full 8):
 PSYoungGen      total 78144K, used 6187K [0x00000000fa000000, 0x0000000100000000, 0x0000000100000000)
  eden space 56512K, 0% used [0x00000000fa000000,0x00000000fa000000,0x00000000fd730000)
  from space 21632K, 28% used [0x00000000feae0000,0x00000000ff0eada0,0x0000000100000000)
  to   space 20160K, 0% used [0x00000000fd730000,0x00000000fd730000,0x00000000feae0000)
 ParOldGen       total 109184K, used 103942K [0x00000000e8000000, 0x00000000eeaa0000, 0x00000000fa000000)
  object space 109184K, 95% used [0x00000000e8000000,0x00000000ee5818a0,0x00000000eeaa0000)
 PSPermGen       total 124800K, used 85215K [0x00000000e0000000, 0x00000000e79e0000, 0x00000000e8000000)
  object space 124800K, 68% used [0x00000000e0000000,0x00000000e5337f00,0x00000000e79e0000)
}
Event: 233.746 GC heap before
{Heap before GC invocations=487 (full 9):
 PSYoungGen      total 78144K, used 6187K [0x00000000fa000000, 0x0000000100000000, 0x0000000100000000)
  eden space 56512K, 0% used [0x00000000fa000000,0x00000000fa000000,0x00000000fd730000)
  from space 21632K, 28% used [0x00000000feae0000,0x00000000ff0eada0,0x0000000100000000)
  to   space 20160K, 0% used [0x00000000fd730000,0x00000000fd730000,0x00000000feae0000)
 ParOldGen       total 109184K, used 103942K [0x00000000e8000000, 0x00000000eeaa0000, 0x00000000fa000000)
  object space 109184K, 95% used [0x00000000e8000000,0x00000000ee5818a0,0x00000000eeaa0000)
 PSPermGen       total 124800K, used 85215K [0x00000000e0000000, 0x00000000e79e0000, 0x00000000e8000000)
  object space 124800K, 68% used [0x00000000e0000000,0x00000000e5337f00,0x00000000e79e0000)
Event: 233.848 GC heap after
Heap after GC invocations=487 (full 9):
 PSYoungGen      total 78144K, used 0K [0x00000000fa000000, 0x0000000100000000, 0x0000000100000000)
  eden space 56512K, 0% used [0x00000000fa000000,0x00000000fa000000,0x00000000fd730000)
  from space 21632K, 0% used [0x00000000feae0000,0x00000000feae0000,0x0000000100000000)
  to   space 20160K, 0% used [0x00000000fd730000,0x00000000fd730000,0x00000000feae0000)
 ParOldGen       total 118528K, used 61812K [0x00000000e8000000, 0x00000000ef3c0000, 0x00000000fa000000)
  object space 118528K, 52% used [0x00000000e8000000,0x00000000ebc5d2f0,0x00000000ef3c0000)
 PSPermGen       total 122624K, used 85214K [0x00000000e0000000, 0x00000000e77c0000, 0x00000000e8000000)
  object space 122624K, 69% used [0x00000000e0000000,0x00000000e5337878,0x00000000e77c0000)
}
Event: 233.906 GC heap before
{Heap before GC invocations=488 (full 9):
 PSYoungGen      total 78144K, used 56512K [0x00000000fa000000, 0x0000000100000000, 0x0000000100000000)
  eden space 56512K, 100% used [0x00000000fa000000,0x00000000fd730000,0x00000000fd730000)
  from space 21632K, 0% used [0x00000000feae0000,0x00000000feae0000,0x0000000100000000)
  to   space 20160K, 0% used [0x00000000fd730000,0x00000000fd730000,0x00000000feae0000)
 ParOldGen       total 118528K, used 61812K [0x00000000e8000000, 0x00000000ef3c0000, 0x00000000fa000000)
  object space 118528K, 52% used [0x00000000e8000000,0x00000000ebc5d2f0,0x00000000ef3c0000)
 PSPermGen       total 122624K, used 85476K [0x00000000e0000000, 0x00000000e77c0000, 0x00000000e8000000)
  object space 122624K, 69% used [0x00000000e0000000,0x00000000e53790a8,0x00000000e77c0000)
Event: 233.910 GC heap after
Heap after GC invocations=488 (full 9):
 PSYoungGen      total 62208K, used 5664K [0x00000000fa000000, 0x00000000ffc10000, 0x0000000100000000)
  eden space 56512K, 0% used [0x00000000fa000000,0x00000000fa000000,0x00000000fd730000)
  from space 5696K, 99% used [0x00000000fd730000,0x00000000fdcb8090,0x00000000fdcc0000)
  to   space 18880K, 0% used [0x00000000fe9a0000,0x00000000fe9a0000,0x00000000ffc10000)
 ParOldGen       total 118528K, used 61812K [0x00000000e8000000, 0x00000000ef3c0000, 0x00000000fa000000)
  object space 118528K, 52% used [0x00000000e8000000,0x00000000ebc5d2f0,0x00000000ef3c0000)
 PSPermGen       total 122624K, used 85476K [0x00000000e0000000, 0x00000000e77c0000, 0x00000000e8000000)
  object space 122624K, 69% used [0x00000000e0000000,0x00000000e53790a8,0x00000000e77c0000)
}
Event: 233.954 GC heap before
{Heap before GC invocations=489 (full 9):
 PSYoungGen      total 62208K, used 62176K [0x00000000fa000000, 0x00000000ffc10000, 0x0000000100000000)
  eden space 56512K, 100% used [0x00000000fa000000,0x00000000fd730000,0x00000000fd730000)
  from space 5696K, 99% used [0x00000000fd730000,0x00000000fdcb8090,0x00000000fdcc0000)
  to   space 18880K, 0% used [0x00000000fe9a0000,0x00000000fe9a0000,0x00000000ffc10000)
 ParOldGen       total 118528K, used 61812K [0x00000000e8000000, 0x00000000ef3c0000, 0x00000000fa000000)
  object space 118528K, 52% used [0x00000000e8000000,0x00000000ebc5d2f0,0x00000000ef3c0000)
 PSPermGen       total 122624K, used 85641K [0x00000000e0000000, 0x00000000e77c0000, 0x00000000e8000000)
  object space 122624K, 69% used [0x00000000e0000000,0x00000000e53a25e0,0x00000000e77c0000)
Event: 233.958 GC heap after
Heap after GC invocations=489 (full 9):
 PSYoungGen      total 75840K, used 1562K [0x00000000fa000000, 0x0000000100000000, 0x0000000100000000)
  eden space 56960K, 0% used [0x00000000fa000000,0x00000000fa000000,0x00000000fd7a0000)
  from space 18880K, 8% used [0x00000000fe9a0000,0x00000000feb26b98,0x00000000ffc10000)
  to   space 18432K, 0% used [0x00000000fd7a0000,0x00000000fd7a0000,0x00000000fe9a0000)
 ParOldGen       total 118528K, used 62620K [0x00000000e8000000, 0x00000000ef3c0000, 0x00000000fa000000)
  object space 118528K, 52% used [0x00000000e8000000,0x00000000ebd27300,0x00000000ef3c0000)
 PSPermGen       total 122624K, used 85641K [0x00000000e0000000, 0x00000000e77c0000, 0x00000000e8000000)
  object space 122624K, 69% used [0x00000000e0000000,0x00000000e53a25e0,0x00000000e77c0000)
}

Deoptimization events (10 events):
Event: 233.989 Thread 0x0000000074227000 Uncommon trap -122 fr.pc 0x000000003e2e40a4
Event: 233.989 Thread 0x0000000074227000 Uncommon trap -34 fr.pc 0x000000003e19e690
Event: 233.989 Thread 0x0000000074227000 Uncommon trap -34 fr.pc 0x000000003e19e690
Event: 233.989 Thread 0x0000000074227000 Uncommon trap -34 fr.pc 0x000000003e19e690
Event: 233.989 Thread 0x0000000074227000 Uncommon trap -34 fr.pc 0x000000003e19e690
Event: 233.989 Thread 0x0000000074227000 Uncommon trap -34 fr.pc 0x000000003e269f08
Event: 233.989 Thread 0x0000000074227000 Uncommon trap -34 fr.pc 0x000000003dee0db8
Event: 233.991 Thread 0x0000000069046000 Uncommon trap -83 fr.pc 0x000000003e2e7694
Event: 233.991 Thread 0x0000000074227000 Uncommon trap -83 fr.pc 0x000000003de0efb4
Event: 234.011 Thread 0x0000000069046000 Uncommon trap 649 fr.pc 0x000000003e2ee164

Internal exceptions (10 events):
Event: 233.964 Thread 0x0000000074227000 Implicit null exception at 0x000000003e2db0bf to 0x000000003e2db209
Event: 233.964 Thread 0x0000000074227000 Implicit null exception at 0x000000003e1273fc to 0x000000003e12749e
Event: 233.972 Thread 0x0000000074227000 Threw 0x00000000fa5131f0 at C:\jdk7u1_64p\jdk7u11\hotspot\src\share\vm\prims\jvm.cpp:1166
Event: 233.973 Thread 0x0000000074227000 Threw 0x00000000fa7dc808 at C:\jdk7u1_64p\jdk7u11\hotspot\src\share\vm\prims\jvm.cpp:1166
Event: 233.974 Thread 0x0000000074227000 Threw 0x00000000fa80fcf0 at C:\jdk7u1_64p\jdk7u11\hotspot\src\share\vm\prims\jvm.cpp:1166
Event: 233.976 Thread 0x0000000074227000 Threw 0x00000000fa8b91f0 at C:\jdk7u1_64p\jdk7u11\hotspot\src\share\vm\prims\jvm.cpp:1166
Event: 233.977 Thread 0x0000000074227000 Threw 0x00000000fa8ebe40 at C:\jdk7u1_64p\jdk7u11\hotspot\src\share\vm\prims\jvm.cpp:1166
Event: 233.981 Thread 0x0000000069046000 Threw 0x00000000faa5ccc8 at C:\jdk7u1_64p\jdk7u11\hotspot\src\share\vm\prims\jvm.cpp:1166
Event: 234.004 Thread 0x0000000069046000 Threw 0x00000000fb2e5938 at C:\jdk7u1_64p\jdk7u11\hotspot\src\share\vm\prims\jvm.cpp:1166
Event: 234.006 Thread 0x0000000069046000 Threw 0x00000000fb34a648 at C:\jdk7u1_64p\jdk7u11\hotspot\src\share\vm\prims\jvm.cpp:1166

Events (10 events):
Event: 233.999 Executing VM operation: RevokeBias done
Event: 233.999 Executing VM operation: RevokeBias
Event: 233.999 Executing VM operation: RevokeBias done
Event: 234.000 Thread 0x000000003d762000 flushing nmethod 0x000000003e27c2d0
Event: 234.004 loading class 0x0000000073dd8ea0
Event: 234.004 loading class 0x0000000073dd8ea0 done
Event: 234.006 loading class 0x0000000073ddaaf0
Event: 234.006 loading class 0x0000000073ddaaf0 done
Event: 234.011 Thread 0x0000000069046000 DEOPT PACKING pc=0x000000003e2ee164 sp=0x00000000afffeb10
Event: 234.011 Thread 0x0000000069046000 DEOPT UNPACKING pc=0x000000003dcf9164 sp=0x00000000afffeac8 mode 2


Dynamic libraries:
0x0000000140000000 - 0x0000000140029000 	C:\Program Files\MATLAB\R2013b\bin\win64\MATLAB.exe
0x00000000774f0000 - 0x0000000077699000 	C:\Windows\SYSTEM32\ntdll.dll
0x00000000772d0000 - 0x00000000773ef000 	C:\Windows\system32\kernel32.dll
0x000007fefd3e0000 - 0x000007fefd44c000 	C:\Windows\system32\KERNELBASE.dll
0x0000000075040000 - 0x00000000750c7000 	C:\Windows\System32\SYSFER.DLL
0x000000006f060000 - 0x000000006f3dc000 	C:\Program Files\MATLAB\R2013b\bin\win64\libmwservices.dll
0x000000006fe80000 - 0x000000006ff56000 	C:\Program Files\MATLAB\R2013b\bin\win64\libmwi18n.dll
0x000000006fe70000 - 0x000000006fe7d000 	C:\Program Files\MATLAB\R2013b\bin\win64\libmwresource_core.dll
0x000000006dd40000 - 0x000000006ddd8000 	C:\Program Files\MATLAB\R2013b\bin\win64\MSVCP100.dll
0x000000006da70000 - 0x000000006db42000 	C:\Program Files\MATLAB\R2013b\bin\win64\MSVCR100.dll
0x0000000073710000 - 0x000000007371e000 	C:\Program Files\MATLAB\R2013b\bin\win64\boost_date_time-vc100-mt-1_49.dll
0x000000006d5a0000 - 0x000000006d5cc000 	C:\Program Files\MATLAB\R2013b\bin\win64\boost_filesystem-vc100-mt-1_49.dll
0x0000000073630000 - 0x0000000073639000 	C:\Program Files\MATLAB\R2013b\bin\win64\boost_system-vc100-mt-1_49.dll
0x000007fefde50000 - 0x000007fefdf2b000 	C:\Windows\system32\ADVAPI32.dll
0x000007fefe370000 - 0x000007fefe40f000 	C:\Windows\system32\msvcrt.dll
0x000007fefdce0000 - 0x000007fefdcff000 	C:\Windows\SYSTEM32\sechost.dll
0x000007fefda40000 - 0x000007fefdb6d000 	C:\Windows\system32\RPCRT4.dll
0x000000006d570000 - 0x000000006d595000 	C:\Program Files\MATLAB\R2013b\bin\win64\LIBEXPAT.dll
0x000000006c3b0000 - 0x000000006c53a000 	C:\Program Files\MATLAB\R2013b\bin\win64\icuin49.dll
0x000000006c590000 - 0x000000006c6ce000 	C:\Program Files\MATLAB\R2013b\bin\win64\icuuc49.dll
0x000000006b280000 - 0x000000006c3a2000 	C:\Program Files\MATLAB\R2013b\bin\win64\icudt49.dll
0x0000000073620000 - 0x0000000073630000 	C:\Program Files\MATLAB\R2013b\bin\win64\icuio49.dll
0x0000000004120000 - 0x00000000041db000 	C:\Program Files\MATLAB\R2013b\bin\win64\libut.dll
0x000000006f960000 - 0x000000006fb07000 	C:\Program Files\MATLAB\R2013b\bin\win64\libmwfl.dll
0x0000000004310000 - 0x000000000471f000 	C:\Program Files\MATLAB\R2013b\bin\win64\libmwMATLAB_res.dll
0x000000006d490000 - 0x000000006d56f000 	C:\Program Files\MATLAB\R2013b\bin\win64\boost_regex-vc100-mt-1_49.dll
0x00000000773f0000 - 0x00000000774ea000 	C:\Windows\system32\USER32.dll
0x000007fefddd0000 - 0x000007fefde37000 	C:\Windows\system32\GDI32.dll
0x000007fefde40000 - 0x000007fefde4e000 	C:\Windows\system32\LPK.dll
0x000007feff260000 - 0x000007feff329000 	C:\Windows\system32\USP10.dll
0x0000000070c50000 - 0x0000000070c61000 	C:\Program Files\MATLAB\R2013b\bin\win64\boost_signals-vc100-mt-1_49.dll
0x000000006d470000 - 0x000000006d481000 	C:\Program Files\MATLAB\R2013b\bin\win64\boost_thread-vc100-mt-1_49.dll
0x000000006d030000 - 0x000000006d0bc000 	C:\Program Files\MATLAB\R2013b\bin\win64\boost_log-vc100-mt-1_49.dll
0x00000000776b0000 - 0x00000000776b7000 	C:\Windows\system32\PSAPI.DLL
0x000007fefdd80000 - 0x000007fefddcd000 	C:\Windows\system32\WS2_32.dll
0x000007fefd6e0000 - 0x000007fefd6e8000 	C:\Windows\system32\NSI.dll
0x000007fef55c0000 - 0x000007fef55f3000 	C:\Program Files\MATLAB\R2013b\bin\win64\tbb.dll
0x000007fefe4b0000 - 0x000007fefe4c9000 	C:\Windows\system32\imagehlp.dll
0x000007fefb880000 - 0x000007fefb8ac000 	C:\Windows\system32\POWRPROF.dll
0x000007feff4c0000 - 0x000007feff697000 	C:\Windows\system32\SETUPAPI.dll
0x000007fefd340000 - 0x000007fefd376000 	C:\Windows\system32\CFGMGR32.dll
0x000007feff6a0000 - 0x000007feff777000 	C:\Windows\system32\OLEAUT32.dll
0x000007fefe160000 - 0x000007fefe363000 	C:\Windows\system32\ole32.dll
0x000007fefd3b0000 - 0x000007fefd3ca000 	C:\Windows\system32\DEVOBJ.dll
0x0000000004720000 - 0x000000000481b000 	C:\Program Files\MATLAB\R2013b\bin\win64\libmx.dll
0x000007fef7880000 - 0x000007fef78a8000 	C:\Program Files\MATLAB\R2013b\bin\win64\tbbmalloc.dll
0x000000006d450000 - 0x000000006d467000 	C:\Program Files\MATLAB\R2013b\bin\win64\zlib1.dll
0x000000006ef00000 - 0x000000006ef4e000 	C:\Program Files\MATLAB\R2013b\bin\win64\libmwregexp.dll
0x000000006eeb0000 - 0x000000006eef7000 	C:\Program Files\MATLAB\R2013b\bin\win64\mpath.dll
0x0000000004820000 - 0x0000000004e48000 	C:\Program Files\MATLAB\R2013b\bin\win64\mlutil.dll
0x000000006e870000 - 0x000000006e8e7000 	C:\Program Files\MATLAB\R2013b\bin\win64\xmlcore.dll
0x000000006b030000 - 0x000000006b271000 	C:\Program Files\MATLAB\R2013b\bin\win64\xerces-c_2_7.dll
0x000000006e5f0000 - 0x000000006e613000 	C:\Program Files\MATLAB\R2013b\bin\win64\libmwMATLAB_settings_res.dll
0x000000006f810000 - 0x000000006f820000 	C:\Program Files\MATLAB\R2013b\bin\win64\boost_iostreams-vc100-mt-1_49.dll
0x000000006cee0000 - 0x000000006cf26000 	C:\Program Files\MATLAB\R2013b\bin\win64\boost_serialization-vc100-mt-1_49.dll
0x000007fefe4d0000 - 0x000007feff258000 	C:\Windows\system32\SHELL32.dll
0x000007feff780000 - 0x000007feff7f1000 	C:\Windows\system32\SHLWAPI.dll
0x000000006e580000 - 0x000000006e586000 	C:\Program Files\MATLAB\R2013b\bin\win64\libmwnativedisplay.dll
0x00000000685f0000 - 0x000000006863d000 	C:\Program Files\MATLAB\R2013b\bin\win64\opccore.dll
0x00000000684f0000 - 0x00000000685c6000 	C:\Program Files\MATLAB\R2013b\bin\win64\opcmodel.dll
0x00000000684c0000 - 0x00000000684ed000 	C:\Program Files\MATLAB\R2013b\bin\win64\opczippackage.dll
0x000000006edc0000 - 0x000000006edce000 	C:\Program Files\MATLAB\R2013b\bin\win64\libminizip.dll
0x0000000068340000 - 0x00000000683a6000 	C:\Program Files\MATLAB\R2013b\bin\win64\opcmwservices.dll
0x000007fefa340000 - 0x000007fefa3e0000 	C:\Windows\WinSxS\amd64_microsoft.windows.common-controls_6595b64144ccf1df_5.82.7601.18201_none_a4d3b9377117c3df\COMCTL32.dll
0x000007fefd9a0000 - 0x000007fefda37000 	C:\Windows\system32\COMDLG32.dll
0x000007fefac10000 - 0x000007fefac26000 	C:\Windows\system32\NETAPI32.dll
0x000007fefc750000 - 0x000007fefc75c000 	C:\Windows\system32\netutils.dll
0x000007fefcd30000 - 0x000007fefcd53000 	C:\Windows\system32\srvcli.dll
0x000007fefabf0000 - 0x000007fefac05000 	C:\Windows\system32\wkscli.dll
0x000000006e4d0000 - 0x000000006e57d000 	C:\Program Files\MATLAB\R2013b\bin\win64\mcr.dll
0x000000006e110000 - 0x000000006e4d0000 	C:\Program Files\MATLAB\R2013b\bin\win64\iqm.dll
0x0000000180000000 - 0x00000001800c2000 	C:\Program Files\MATLAB\R2013b\bin\win64\m_dispatcher.dll
0x0000000004e50000 - 0x000000000564b000 	C:\Program Files\MATLAB\R2013b\bin\win64\m_interpreter.dll
0x000000006d760000 - 0x000000006d784000 	C:\Program Files\MATLAB\R2013b\bin\win64\libmex.dll
0x000000006d6e0000 - 0x000000006d75b000 	C:\Program Files\MATLAB\R2013b\bin\win64\profiler.dll
0x0000000005650000 - 0x00000000057c8000 	C:\Program Files\MATLAB\R2013b\bin\win64\libmwmathutil.dll
0x000000006d420000 - 0x000000006d447000 	C:\Program Files\MATLAB\R2013b\bin\win64\libmwmathrng.dll
0x000000006d410000 - 0x000000006d420000 	C:\Program Files\MATLAB\R2013b\bin\win64\libmwmfl_rng.dll
0x00000000057d0000 - 0x00000000058e8000 	C:\Program Files\MATLAB\R2013b\bin\win64\libmwmathcore.dll
0x000000006d2b0000 - 0x000000006d313000 	C:\Program Files\MATLAB\R2013b\bin\win64\libmwspmatrix.dll
0x00000000058f0000 - 0x0000000005b52000 	C:\Program Files\MATLAB\R2013b\bin\win64\mcos.dll
0x000000006cfc0000 - 0x000000006d01c000 	C:\Program Files\MATLAB\R2013b\bin\win64\libmwcholmod.dll
0x000000006cfb0000 - 0x000000006cfbc000 	C:\Program Files\MATLAB\R2013b\bin\win64\libmwamd.dll
0x000000006cfa0000 - 0x000000006cfab000 	C:\Program Files\MATLAB\R2013b\bin\win64\libmwcolamd.dll
0x000000006cf80000 - 0x000000006cf93000 	C:\Program Files\MATLAB\R2013b\bin\win64\libmwblas.dll
0x000000006cf60000 - 0x000000006cf75000 	C:\Program Files\MATLAB\R2013b\bin\win64\libmwbinder.dll
0x000000006cf50000 - 0x000000006cf5b000 	C:\Program Files\MATLAB\R2013b\bin\win64\libmwompwrapper.dll
0x0000000005b60000 - 0x0000000005bdf000 	C:\Program Files\MATLAB\R2013b\bin\win64\libmwlapack.dll
0x000000006ceb0000 - 0x000000006ced0000 	C:\Program Files\MATLAB\R2013b\bin\win64\m_pcodeio.dll
0x000000006ce50000 - 0x000000006ceac000 	C:\Program Files\MATLAB\R2013b\bin\win64\m_ir.dll
0x0000000005be0000 - 0x0000000006295000 	C:\Program Files\MATLAB\R2013b\bin\win64\m_parser.dll
0x000000006c780000 - 0x000000006c797000 	C:\Program Files\MATLAB\R2013b\bin\win64\ir_xfmr.dll
0x000000006c770000 - 0x000000006c780000 	C:\Program Files\MATLAB\R2013b\bin\win64\mtok.dll
0x000000006c740000 - 0x000000006c768000 	C:\Program Files\MATLAB\R2013b\bin\win64\m_pcodegen.dll
0x000007fef5330000 - 0x000007fef5455000 	C:\Windows\system32\dbghelp.dll
0x000000006c710000 - 0x000000006c73f000 	C:\Program Files\MATLAB\R2013b\bin\win64\libmwbridge.dll
0x00000000062a0000 - 0x0000000006356000 	C:\Program Files\MATLAB\R2013b\bin\win64\udd.dll
0x0000000006360000 - 0x00000000064b1000 	C:\Program Files\MATLAB\R2013b\bin\win64\libmwgui.dll
0x00000000064c0000 - 0x00000000064e8000 	C:\Program Files\MATLAB\R2013b\bin\win64\graphics_util.dll
0x000000006af70000 - 0x000000006b028000 	C:\Program Files\MATLAB\R2013b\bin\win64\libtex_base.dll
0x00000000064f0000 - 0x0000000006e56000 	C:\Program Files\MATLAB\R2013b\bin\win64\hg.dll
0x0000000006e60000 - 0x0000000006ebd000 	C:\Program Files\MATLAB\R2013b\bin\win64\libmat.dll
0x0000000006ec0000 - 0x00000000070c8000 	C:\Program Files\MATLAB\R2013b\bin\win64\hdf5dll.dll
0x00000000070d0000 - 0x0000000007198000 	C:\Program Files\MATLAB\R2013b\bin\win64\jmi.dll
0x0000000004200000 - 0x000000000420e000 	C:\Program Files\MATLAB\R2013b\bin\win64\nativejava_services.dll
0x00000000071a0000 - 0x00000000071e2000 	C:\Program Files\MATLAB\R2013b\bin\win64\libmwhardcopy.dll
0x00000000071f0000 - 0x000000000724e000 	C:\Program Files\MATLAB\R2013b\bin\win64\libuij.dll
0x0000000007250000 - 0x0000000007455000 	C:\Program Files\MATLAB\R2013b\bin\win64\hgdatatypes.dll
0x0000000007460000 - 0x0000000007572000 	C:\Program Files\MATLAB\R2013b\bin\win64\hgutils.dll
0x0000000007580000 - 0x000000000762e000 	C:\Program Files\MATLAB\R2013b\bin\win64\udd_mi.dll
0x0000000007630000 - 0x0000000007666000 	C:\Program Files\MATLAB\R2013b\bin\win64\libmwgbtutils.dll
0x0000000007670000 - 0x0000000007683000 	C:\Program Files\MATLAB\R2013b\bin\win64\libmwgbt.dll
0x0000000007690000 - 0x000000000795f000 	C:\Program Files\MATLAB\R2013b\bin\win64\uiw.dll
0x0000000007960000 - 0x0000000007969000 	C:\Program Files\MATLAB\R2013b\bin\win64\uinone.dll
0x0000000007970000 - 0x000000000799c000 	C:\Program Files\MATLAB\R2013b\bin\win64\libmwnativedialogs.dll
0x00000000079b0000 - 0x00000000079bc000 	C:\Program Files\MATLAB\R2013b\bin\win64\libmwplatform_res.dll
0x000007fef8770000 - 0x000007fef8788000 	C:\Windows\system32\MPR.dll
0x000000006aa10000 - 0x000000006af6d000 	C:\Program Files\MATLAB\R2013b\bin\win64\mfc100.dll
0x000007fefa3e0000 - 0x000007fefa3e7000 	C:\Windows\system32\MSIMG32.dll
0x000007fefa2c0000 - 0x000007fefa331000 	C:\Windows\system32\WINSPOOL.DRV
0x00000000079c0000 - 0x00000000079dd000 	C:\Program Files\MATLAB\R2013b\bin\win64\mwoles05.DLL
0x00000000079e0000 - 0x0000000007a4c000 	C:\Program Files\MATLAB\R2013b\bin\win64\comcli.dll
0x0000000007a50000 - 0x0000000007a7b000 	C:\Program Files\MATLAB\R2013b\bin\win64\ATL100.DLL
0x0000000007a80000 - 0x0000000007a8c000 	C:\Program Files\MATLAB\R2013b\bin\win64\mlautoregister.dll
0x0000000007a90000 - 0x0000000007bff000 	C:\Program Files\MATLAB\R2013b\bin\win64\mvm.dll
0x000007feff490000 - 0x000007feff4be000 	C:\Windows\system32\IMM32.DLL
0x000007fefdb70000 - 0x000007fefdc79000 	C:\Windows\system32\MSCTF.dll
0x000007fefbca0000 - 0x000007fefbcf6000 	C:\Windows\system32\UxTheme.dll

VM Arguments:
jvm_args: -XX:PermSize=32m -Xms64m -XX:NewRatio=3 -XX:MaxPermSize=128m -Xmx384m -XX:MaxDirectMemorySize=2147400000 -Dsun.java2d.noddraw=true -Dsun.awt.nopixfmt=true -Xshare:off -Xrs -XX:-UseSplitVerifier -Djava.library.path=C:\Program Files\MATLAB\R2013b\bin\win64;C:\Program Files\MATLAB\R2013b\sys\jxbrowser\win64\lib;C:\Program Files\Micro-Manager-1.4.17 vfprintf abort -Duser.language=en -Duser.country=US -XX:ParallelGCThreads=6 
java_command: <unknown>
Launcher Type: generic

Environment Variables:
PATH=C:\Python27\Lib\site-packages\PyQt4;C:\Windows\system32;C:\Windows;C:\Windows\System32\Wbem;C:\Windows\System32\WindowsPowerShell\v1.0\;C:\Program Files\TortoiseSVN\bin;C:\Python27;C:\Python27\DLLs;C:\Python27\Scripts;C:\Python27\Lib\site-packages\vtk;C:\Python27\gnuplot\binary;C:\Program Files (x86)\pythonxy\SciTE-3.3.2-3;C:\Program Files (x86)\pythonxy\console;C:\MinGW32-xy\bin;C:\Program Files (x86)\IVI Foundation\VISA\WinNT\Bin;C:\BitFlow SDK 5.70\Bin64;C:\BitFlow SDK 5.70\Bin32;C:\Program Files\CameraLink\Serial;C:\Program Files (x86)\CameraLink\Serial;C:\Program Files\SiliconSoftware\Runtime5.2.2\BIN;C:\Program Files\MATLAB\R2013b\bin;C:\Program Files\Micro-Manager-1.4.17;C:\Program Files\Micro-Manager-1.4.17
USERNAME=nicuser
OS=Windows_NT
PROCESSOR_IDENTIFIER=Intel64 Family 6 Model 45 Stepping 7, GenuineIntel



---------------  S Y S T E M  ---------------

OS: Windows 7 , 64 bit Build 7601 Service Pack 1

CPU:total 16 (4 cores per cpu, 2 threads per core) family 6 model 45 stepping 7, cmov, cx8, fxsr, mmx, sse, sse2, sse3, ssse3, sse4.1, sse4.2, popcnt, avx, ht, tsc, tscinvbit, tscinv

Memory: 4k page, physical 33476304k(20999056k free), swap 66950744k(54111608k free)

vm_info: Java HotSpot(TM) 64-Bit Server VM (23.6-b04) for windows-amd64 JRE (1.7.0_11-b21), built on Jan 12 2013 02:38:42 by "java_re" with unknown MS VC++:1600

time: Thu Jul 31 10:49:05 2014
elapsed time: 234 seconds

