#
# A fatal error has been detected by the Java Runtime Environment:
#
#  EXCEPTION_ACCESS_VIOLATION (0xc0000005) at pc=0x000007feeec8fd14, pid=4416, tid=1400
#
# JRE version: 7.0_11-b21
# Java VM: Java HotSpot(TM) 64-Bit Server VM (23.6-b04 mixed mode windows-amd64 compressed oops)
# Problematic frame:
# C  0x000007feeec8fd14
#
# Failed to write core dump. Minidumps are not enabled by default on client versions of Windows
#
# If you would like to submit a bug report, please visit:
#   http://bugreport.sun.com/bugreport/crash.jsp
# The crash happened outside the Java Virtual Machine in native code.
# See problematic frame for where to report the bug.
#

---------------  T H R E A D  ---------------

Current thread (0x0000000068f54800):  JavaThread "AWT-EventQueue-0" [_thread_in_native, id=1400, stack(0x00000000a8000000,0x00000000ac000000)]

siginfo: ExceptionCode=0xc0000005, reading address 0x0000000000000050

Registers:
RAX=0x0000000000000000, RBX=0x00000000abffd818, RCX=0x00000000abffd818, RDX=0x0000000000000040
RSP=0x00000000abffd770, RBP=0x00000000abffd8d8, RSI=0x0000000000000000, RDI=0x0000000068f549d8
R8 =0x0000000000000000, R9 =0xffffffffffffffff, R10=0x000000003dd6237c, R11=0x000000006a352070
R12=0x0000000000000000, R13=0x00000000e3c485a8, R14=0x00000000abffd908, R15=0x0000000068f54800
RIP=0x000007feeec8fd14, EFLAGS=0x0000000000010202

Top of Stack: (sp=0x00000000abffd770)
0x00000000abffd770:   00000000abffd7c0 00000000e81b5140
0x00000000abffd780:   000000003dedbb0c 0000000000000000
0x00000000abffd790:   0000000068f549d8 000007feeecadbe0
0x00000000abffd7a0:   00000000abffd818 00000000abffd8d8
0x00000000abffd7b0:   0000000000000000 00000000eaa38708
0x00000000abffd7c0:   00000000e3c485a8 000007feeec98096
0x00000000abffd7d0:   0000000000000000 000000006a1f00bf
0x00000000abffd7e0:   00000000abffd860 000000003de77c5c
0x00000000abffd7f0:   0000000000000000 00000000abffd810
0x00000000abffd800:   0000000000000000 000000000000000f
0x00000000abffd810:   0000000068f54800 00000000eaa38700
0x00000000abffd820:   00000000abffd820 0000000000000000
0x00000000abffd830:   000000000000000f 00000000e20dc8d0
0x00000000abffd840:   0000a2ca44acc223 00000000e20c4958
0x00000000abffd850:   0000000000740511 000000003dd623a8
0x00000000abffd860:   00000000abffd8b8 00000000e3c485a8 

Instructions: (pc=0x000007feeec8fd14)
0x000007feeec8fcf4:   cc cc cc cc cc cc cc cc cc cc cc cc 48 89 5c 24
0x000007feeec8fd04:   08 48 89 6c 24 10 48 89 74 24 18 57 48 83 ec 20
0x000007feeec8fd14:   48 8b 7a 10 49 8b e8 48 8b f2 48 8b d9 49 3b f8
0x000007feeec8fd24:   73 0e 48 8d 0d bb a9 07 00 ff 15 5d 97 07 00 cc 


Register to memory mapping:

RAX=0x0000000000000000 is an unknown value
RBX=0x00000000abffd818 is pointing into the stack for thread: 0x0000000068f54800
RCX=0x00000000abffd818 is pointing into the stack for thread: 0x0000000068f54800
RDX=0x0000000000000040 is an unknown value
RSP=0x00000000abffd770 is pointing into the stack for thread: 0x0000000068f54800
RBP=0x00000000abffd8d8 is pointing into the stack for thread: 0x0000000068f54800
RSI=0x0000000000000000 is an unknown value
RDI=0x0000000068f549d8 is an unknown value
R8 =0x0000000000000000 is an unknown value
R9 =0xffffffffffffffff is an unknown value
R10=0x000000003dd6237c is an Interpreter codelet
method entry point (kind = native)  [0x000000003dd62100, 0x000000003dd62980]  2176 bytes
R11=0x000000006a352070 is an unknown value
R12=0x0000000000000000 is an unknown value
R13=0x00000000e3c485a8 is an oop
{method} 
 - klass: {other class}
R14=0x00000000abffd908 is pointing into the stack for thread: 0x0000000068f54800
R15=0x0000000068f54800 is a thread


Stack: [0x00000000a8000000,0x00000000ac000000],  sp=0x00000000abffd770,  free space=65525k
Native frames: (J=compiled Java code, j=interpreted, Vv=VM code, C=native code)
C  0x000007feeec8fd14
j  mmcorej.CMMCore.getChannelGroup()Ljava/lang/String;+5
j  org.micromanager.acquisition.AcquisitionWrapperEngine.getChannelGroup()Ljava/lang/String;+4
j  org.micromanager.AcqControlDlg.updateGUIContents()V+439
j  org.micromanager.AcqControlDlg.applySettings()V+445
j  org.micromanager.AcqControlDlg.saveAcqSettings()V+16
j  org.micromanager.AcqControlDlg.close()V+16
j  org.micromanager.MMStudioMainFrame.cleanupOnClose(Z)Z+178
j  org.micromanager.MMStudioMainFrame.closeSequence(Z)Z+85
j  org.micromanager.MMStudioMainFrame$1.windowClosing(Ljava/awt/event/WindowEvent;)V+5
j  java.awt.AWTEventMulticaster.windowClosing(Ljava/awt/event/WindowEvent;)V+8
j  java.awt.AWTEventMulticaster.windowClosing(Ljava/awt/event/WindowEvent;)V+8
j  java.awt.AWTEventMulticaster.windowClosing(Ljava/awt/event/WindowEvent;)V+8
j  java.awt.Window.processWindowEvent(Ljava/awt/event/WindowEvent;)V+68
j  javax.swing.JFrame.processWindowEvent(Ljava/awt/event/WindowEvent;)V+2
j  java.awt.Window.processEvent(Ljava/awt/AWTEvent;)V+69
j  java.awt.Component.dispatchEventImpl(Ljava/awt/AWTEvent;)V+581
j  java.awt.Container.dispatchEventImpl(Ljava/awt/AWTEvent;)V+42
j  java.awt.Window.dispatchEventImpl(Ljava/awt/AWTEvent;)V+19
j  java.awt.Component.dispatchEvent(Ljava/awt/AWTEvent;)V+2
j  java.awt.EventQueue.dispatchEventImpl(Ljava/awt/AWTEvent;Ljava/lang/Object;)V+41
j  java.awt.EventQueue.access$200(Ljava/awt/EventQueue;Ljava/awt/AWTEvent;Ljava/lang/Object;)V+3
j  java.awt.EventQueue$3.run()Ljava/lang/Void;+12
j  java.awt.EventQueue$3.run()Ljava/lang/Object;+1
v  ~StubRoutines::call_stub

Java frames: (J=compiled Java code, j=interpreted, Vv=VM code)
j  mmcorej.MMCoreJJNI.CMMCore_getChannelGroup(JLmmcorej/CMMCore;)Ljava/lang/String;+0
j  mmcorej.CMMCore.getChannelGroup()Ljava/lang/String;+5
j  org.micromanager.acquisition.AcquisitionWrapperEngine.getChannelGroup()Ljava/lang/String;+4
j  org.micromanager.AcqControlDlg.updateGUIContents()V+439
j  org.micromanager.AcqControlDlg.applySettings()V+445
j  org.micromanager.AcqControlDlg.saveAcqSettings()V+16
j  org.micromanager.AcqControlDlg.close()V+16
j  org.micromanager.MMStudioMainFrame.cleanupOnClose(Z)Z+178
j  org.micromanager.MMStudioMainFrame.closeSequence(Z)Z+85
j  org.micromanager.MMStudioMainFrame$1.windowClosing(Ljava/awt/event/WindowEvent;)V+5
j  java.awt.AWTEventMulticaster.windowClosing(Ljava/awt/event/WindowEvent;)V+8
j  java.awt.AWTEventMulticaster.windowClosing(Ljava/awt/event/WindowEvent;)V+8
j  java.awt.AWTEventMulticaster.windowClosing(Ljava/awt/event/WindowEvent;)V+8
j  java.awt.Window.processWindowEvent(Ljava/awt/event/WindowEvent;)V+68
j  javax.swing.JFrame.processWindowEvent(Ljava/awt/event/WindowEvent;)V+2
j  java.awt.Window.processEvent(Ljava/awt/AWTEvent;)V+69
j  java.awt.Component.dispatchEventImpl(Ljava/awt/AWTEvent;)V+581
j  java.awt.Container.dispatchEventImpl(Ljava/awt/AWTEvent;)V+42
j  java.awt.Window.dispatchEventImpl(Ljava/awt/AWTEvent;)V+19
j  java.awt.Component.dispatchEvent(Ljava/awt/AWTEvent;)V+2
j  java.awt.EventQueue.dispatchEventImpl(Ljava/awt/AWTEvent;Ljava/lang/Object;)V+41
j  java.awt.EventQueue.access$200(Ljava/awt/EventQueue;Ljava/awt/AWTEvent;Ljava/lang/Object;)V+3
j  java.awt.EventQueue$3.run()Ljava/lang/Void;+12
j  java.awt.EventQueue$3.run()Ljava/lang/Object;+1
v  ~StubRoutines::call_stub
j  java.security.AccessController.doPrivileged(Ljava/security/PrivilegedAction;Ljava/security/AccessControlContext;)Ljava/lang/Object;+0
j  java.security.ProtectionDomain$1.doIntersectionPrivilege(Ljava/security/PrivilegedAction;Ljava/security/AccessControlContext;Ljava/security/AccessControlContext;)Ljava/lang/Object;+28
j  java.security.ProtectionDomain$1.doIntersectionPrivilege(Ljava/security/PrivilegedAction;Ljava/security/AccessControlContext;)Ljava/lang/Object;+6
j  java.awt.EventQueue$4.run()Ljava/lang/Void;+11
j  java.awt.EventQueue$4.run()Ljava/lang/Object;+1
v  ~StubRoutines::call_stub
j  java.security.AccessController.doPrivileged(Ljava/security/PrivilegedAction;Ljava/security/AccessControlContext;)Ljava/lang/Object;+0
j  java.security.ProtectionDomain$1.doIntersectionPrivilege(Ljava/security/PrivilegedAction;Ljava/security/AccessControlContext;Ljava/security/AccessControlContext;)Ljava/lang/Object;+28
j  java.awt.EventQueue.dispatchEvent(Ljava/awt/AWTEvent;)V+73
j  java.awt.EventDispatchThread.pumpOneEventForFilters(I)V+245
j  java.awt.EventDispatchThread.pumpEventsForFilter(ILjava/awt/Conditional;Ljava/awt/EventFilter;)V+35
j  java.awt.EventDispatchThread.pumpEventsForHierarchy(ILjava/awt/Conditional;Ljava/awt/Component;)V+11
j  java.awt.EventDispatchThread.pumpEvents(ILjava/awt/Conditional;)V+4
j  java.awt.EventDispatchThread.pumpEvents(Ljava/awt/Conditional;)V+3
j  java.awt.EventDispatchThread.run()V+9
v  ~StubRoutines::call_stub

---------------  P R O C E S S  ---------------

Java Threads: ( => current thread )
  0x0000000069328000 JavaThread "FileDecorationCache request queue" daemon [_thread_blocked, id=916, stack(0x0000000100000000,0x0000000104000000)]
  0x0000000069320000 JavaThread "Inactive RequestProcessor thread [Was:TimedSoftReference/org.openide.util.TimedSoftReference]" daemon [_thread_blocked, id=4744, stack(0x0000000124000000,0x0000000128000000)]
  0x0000000069329800 JavaThread "Beanshell interpreter" [_thread_blocked, id=3668, stack(0x0000000104000000,0x0000000108000000)]
  0x0000000069329000 JavaThread "Thread-35" [_thread_blocked, id=4428, stack(0x00000000c8000000,0x00000000cc000000)]
  0x0000000069323800 JavaThread "Code Analyzer updating thread" [_thread_blocked, id=5792, stack(0x00000000dc000000,0x00000000e0000000)]
  0x0000000069323000 JavaThread "Active Reference Queue Daemon" daemon [_thread_blocked, id=1604, stack(0x00000000d8000000,0x00000000dc000000)]
  0x0000000069322000 JavaThread "Timer-1" daemon [_thread_blocked, id=1732, stack(0x00000000d4000000,0x00000000d8000000)]
  0x0000000069321800 JavaThread "ClipboardMonitor Timer" daemon [_thread_blocked, id=3872, stack(0x00000000d0000000,0x00000000d4000000)]
  0x0000000069320800 JavaThread "Explorer NavigationContext request queue" daemon [_thread_blocked, id=5696, stack(0x00000000cc000000,0x00000000d0000000)]
  0x000000006931f000 JavaThread "AddressBar directory emptiness poller" daemon [_thread_blocked, id=2852, stack(0x00000000c4000000,0x00000000c8000000)]
  0x000000006931e800 JavaThread "Explorer Refresh Service 208885280" daemon [_thread_blocked, id=1928, stack(0x00000000c0000000,0x00000000c4000000)]
  0x000000006931d800 JavaThread "TimerQueue" daemon [_thread_blocked, id=3372, stack(0x00000000bc000000,0x00000000c0000000)]
  0x000000006931d000 JavaThread "Thread-3" daemon [_thread_blocked, id=1612, stack(0x00000000ac000000,0x00000000b0000000)]
  0x0000000069151000 JavaThread "FelixPackageAdmin" daemon [_thread_blocked, id=1516, stack(0x00000000b8000000,0x00000000bc000000)]
  0x0000000069187000 JavaThread "FelixStartLevel" daemon [_thread_blocked, id=1472, stack(0x00000000b4000000,0x00000000b8000000)]
  0x00000000691ed800 JavaThread "FelixDispatchQueue" daemon [_thread_blocked, id=3524, stack(0x00000000b0000000,0x00000000b4000000)]
=>0x0000000068f54800 JavaThread "AWT-EventQueue-0" [_thread_in_native, id=1400, stack(0x00000000a8000000,0x00000000ac000000)]
  0x0000000068efe000 JavaThread "com.google.common.base.internal.Finalizer" daemon [_thread_blocked, id=1304, stack(0x00000000a4000000,0x00000000a8000000)]
  0x0000000068dec800 JavaThread "AWT-Windows" daemon [_thread_in_native, id=2024, stack(0x000000009c000000,0x00000000a0000000)]
  0x0000000068df1000 JavaThread "AWT-Shutdown" [_thread_blocked, id=2028, stack(0x0000000098000000,0x000000009c000000)]
  0x0000000068e5f800 JavaThread "Java2D Disposer" daemon [_thread_blocked, id=4304, stack(0x0000000094000000,0x0000000098000000)]
  0x0000000068af6800 JavaThread "Timer-0" [_thread_blocked, id=5560, stack(0x0000000090000000,0x0000000094000000)]
  0x0000000068b12000 JavaThread "EventMgr Dispatcher" daemon [_thread_in_native, id=5616, stack(0x000000008c000000,0x0000000090000000)]
  0x000000003d7ff800 JavaThread "Service Thread" daemon [_thread_blocked, id=5600, stack(0x0000000084000000,0x0000000088000000)]
  0x000000003d7f4800 JavaThread "C2 CompilerThread1" daemon [_thread_blocked, id=5604, stack(0x0000000080000000,0x0000000084000000)]
  0x000000003d7f0000 JavaThread "C2 CompilerThread0" daemon [_thread_blocked, id=5480, stack(0x0000000077630000,0x000000007b630000)]
  0x000000003d7ef000 JavaThread "Attach Listener" daemon [_thread_blocked, id=5620, stack(0x000000006ff60000,0x0000000073f60000)]
  0x000000003d771000 JavaThread "Finalizer" daemon [_thread_blocked, id=5952, stack(0x00000000637a0000,0x00000000677a0000)]
  0x000000003d76b000 JavaThread "Reference Handler" daemon [_thread_blocked, id=5956, stack(0x000000005f7a0000,0x00000000637a0000)]
  0x000000001023f800 JavaThread "main" [_thread_in_native, id=6036, stack(0x0000000000030000,0x0000000004030000)]

Other Threads:
  0x000000003d762000 VMThread [stack: 0x000000005b7a0000,0x000000005f7a0000] [id=6004]
  0x000000003d852800 WatcherThread [stack: 0x0000000088000000,0x000000008c000000] [id=3428]

VM state:not at safepoint (normal execution)

VM Mutex/Monitor currently owned by a thread: None

Heap
 PSYoungGen      total 98240K, used 76708K [0x00000000fa000000, 0x0000000100000000, 0x0000000100000000)
  eden space 98176K, 78% used [0x00000000fa000000,0x00000000feae9310,0x00000000fffe0000)
  from space 64K, 0% used [0x00000000ffff0000,0x00000000ffff0000,0x0000000100000000)
  to   space 64K, 0% used [0x00000000fffe0000,0x00000000fffe0000,0x00000000ffff0000)
 ParOldGen       total 107392K, used 64051K [0x00000000e8000000, 0x00000000ee8e0000, 0x00000000fa000000)
  object space 107392K, 59% used [0x00000000e8000000,0x00000000ebe8ceb8,0x00000000ee8e0000)
 PSPermGen       total 113600K, used 70553K [0x00000000e0000000, 0x00000000e6ef0000, 0x00000000e8000000)
  object space 113600K, 62% used [0x00000000e0000000,0x00000000e44e67b0,0x00000000e6ef0000)

Card table byte_map: [0x000000001ca10000,0x000000001cb20000] byte_map_base: 0x000000001c310000

Polling page: 0x0000000009bf0000

Code Cache  [0x000000003dd50000, 0x000000003e070000, 0x0000000040d50000)
 total_blobs=1762 nmethods=1045 adapters=667 free_code_cache=46035Kb largest_free_block=47075328

Compilation events (10 events):
Event: 61.813 Thread 0x000000003d7f0000 1144             javax.swing.SwingUtilities::getPaintingOrigin (33 bytes)
Event: 61.813 Thread 0x000000003d7f4800 1145             sun.java2d.SunGraphics2D::constrain (146 bytes)
Event: 61.816 Thread 0x000000003d7f0000 nmethod 1144 0x000000003e0427d0 code [0x000000003e042920, 0x000000003e042a58]
Event: 61.826 Thread 0x000000003d7f4800 nmethod 1145 0x000000003e035a90 code [0x000000003e035c60, 0x000000003e036390]
Event: 62.508 Thread 0x000000003d7f0000 1146             java.awt.Component::setBoundsOp (51 bytes)
Event: 62.509 Thread 0x000000003d7f0000 nmethod 1146 0x000000003e034d90 code [0x000000003e034ec0, 0x000000003e034f38]
Event: 62.628 Thread 0x000000003d7f4800 1147             java.awt.Dimension::<init> (15 bytes)
Event: 62.629 Thread 0x000000003d7f4800 nmethod 1147 0x000000003e035890 code [0x000000003e0359c0, 0x000000003e035a18]
Event: 62.635 Thread 0x000000003d7f0000 1148             java.awt.Point::<init> (15 bytes)
Event: 62.636 Thread 0x000000003d7f0000 nmethod 1148 0x000000003e035690 code [0x000000003e0357c0, 0x000000003e035818]

GC Heap History (10 events):
Event: 57.634 GC heap before
{Heap before GC invocations=1430 (full 6):
 PSYoungGen      total 98240K, used 98176K [0x00000000fa000000, 0x0000000100000000, 0x0000000100000000)
  eden space 98176K, 100% used [0x00000000fa000000,0x00000000fffe0000,0x00000000fffe0000)
  from space 64K, 0% used [0x00000000fffe0000,0x00000000fffe0000,0x00000000ffff0000)
  to   space 64K, 0% used [0x00000000ffff0000,0x00000000ffff0000,0x0000000100000000)
 ParOldGen       total 107392K, used 64051K [0x00000000e8000000, 0x00000000ee8e0000, 0x00000000fa000000)
  object space 107392K, 59% used [0x00000000e8000000,0x00000000ebe8ceb8,0x00000000ee8e0000)
 PSPermGen       total 113600K, used 70540K [0x00000000e0000000, 0x00000000e6ef0000, 0x00000000e8000000)
  object space 113600K, 62% used [0x00000000e0000000,0x00000000e44e33b0,0x00000000e6ef0000)
Event: 57.635 GC heap after
Heap after GC invocations=1430 (full 6):
 PSYoungGen      total 98240K, used 0K [0x00000000fa000000, 0x0000000100000000, 0x0000000100000000)
  eden space 98176K, 0% used [0x00000000fa000000,0x00000000fa000000,0x00000000fffe0000)
  from space 64K, 0% used [0x00000000ffff0000,0x00000000ffff0000,0x0000000100000000)
  to   space 64K, 0% used [0x00000000fffe0000,0x00000000fffe0000,0x00000000ffff0000)
 ParOldGen       total 107392K, used 64051K [0x00000000e8000000, 0x00000000ee8e0000, 0x00000000fa000000)
  object space 107392K, 59% used [0x00000000e8000000,0x00000000ebe8ceb8,0x00000000ee8e0000)
 PSPermGen       total 113600K, used 70540K [0x00000000e0000000, 0x00000000e6ef0000, 0x00000000e8000000)
  object space 113600K, 62% used [0x00000000e0000000,0x00000000e44e33b0,0x00000000e6ef0000)
}
Event: 57.640 GC heap before
{Heap before GC invocations=1431 (full 6):
 PSYoungGen      total 98240K, used 98176K [0x00000000fa000000, 0x0000000100000000, 0x0000000100000000)
  eden space 98176K, 100% used [0x00000000fa000000,0x00000000fffe0000,0x00000000fffe0000)
  from space 64K, 0% used [0x00000000ffff0000,0x00000000ffff0000,0x0000000100000000)
  to   space 64K, 0% used [0x00000000fffe0000,0x00000000fffe0000,0x00000000ffff0000)
 ParOldGen       total 107392K, used 64051K [0x00000000e8000000, 0x00000000ee8e0000, 0x00000000fa000000)
  object space 107392K, 59% used [0x00000000e8000000,0x00000000ebe8ceb8,0x00000000ee8e0000)
 PSPermGen       total 113600K, used 70540K [0x00000000e0000000, 0x00000000e6ef0000, 0x00000000e8000000)
  object space 113600K, 62% used [0x00000000e0000000,0x00000000e44e33b0,0x00000000e6ef0000)
Event: 57.641 GC heap after
Heap after GC invocations=1431 (full 6):
 PSYoungGen      total 98240K, used 0K [0x00000000fa000000, 0x0000000100000000, 0x0000000100000000)
  eden space 98176K, 0% used [0x00000000fa000000,0x00000000fa000000,0x00000000fffe0000)
  from space 64K, 0% used [0x00000000fffe0000,0x00000000fffe0000,0x00000000ffff0000)
  to   space 64K, 0% used [0x00000000ffff0000,0x00000000ffff0000,0x0000000100000000)
 ParOldGen       total 107392K, used 64051K [0x00000000e8000000, 0x00000000ee8e0000, 0x00000000fa000000)
  object space 107392K, 59% used [0x00000000e8000000,0x00000000ebe8ceb8,0x00000000ee8e0000)
 PSPermGen       total 113600K, used 70540K [0x00000000e0000000, 0x00000000e6ef0000, 0x00000000e8000000)
  object space 113600K, 62% used [0x00000000e0000000,0x00000000e44e33b0,0x00000000e6ef0000)
}
Event: 57.646 GC heap before
{Heap before GC invocations=1432 (full 6):
 PSYoungGen      total 98240K, used 98176K [0x00000000fa000000, 0x0000000100000000, 0x0000000100000000)
  eden space 98176K, 100% used [0x00000000fa000000,0x00000000fffe0000,0x00000000fffe0000)
  from space 64K, 0% used [0x00000000fffe0000,0x00000000fffe0000,0x00000000ffff0000)
  to   space 64K, 0% used [0x00000000ffff0000,0x00000000ffff0000,0x0000000100000000)
 ParOldGen       total 107392K, used 64051K [0x00000000e8000000, 0x00000000ee8e0000, 0x00000000fa000000)
  object space 107392K, 59% used [0x00000000e8000000,0x00000000ebe8ceb8,0x00000000ee8e0000)
 PSPermGen       total 113600K, used 70540K [0x00000000e0000000, 0x00000000e6ef0000, 0x00000000e8000000)
  object space 113600K, 62% used [0x00000000e0000000,0x00000000e44e33b0,0x00000000e6ef0000)
Event: 57.647 GC heap after
Heap after GC invocations=1432 (full 6):
 PSYoungGen      total 98240K, used 0K [0x00000000fa000000, 0x0000000100000000, 0x0000000100000000)
  eden space 98176K, 0% used [0x00000000fa000000,0x00000000fa000000,0x00000000fffe0000)
  from space 64K, 0% used [0x00000000ffff0000,0x00000000ffff0000,0x0000000100000000)
  to   space 64K, 0% used [0x00000000fffe0000,0x00000000fffe0000,0x00000000ffff0000)
 ParOldGen       total 107392K, used 64051K [0x00000000e8000000, 0x00000000ee8e0000, 0x00000000fa000000)
  object space 107392K, 59% used [0x00000000e8000000,0x00000000ebe8ceb8,0x00000000ee8e0000)
 PSPermGen       total 113600K, used 70540K [0x00000000e0000000, 0x00000000e6ef0000, 0x00000000e8000000)
  object space 113600K, 62% used [0x00000000e0000000,0x00000000e44e33b0,0x00000000e6ef0000)
}
Event: 57.652 GC heap before
{Heap before GC invocations=1433 (full 6):
 PSYoungGen      total 98240K, used 98176K [0x00000000fa000000, 0x0000000100000000, 0x0000000100000000)
  eden space 98176K, 100% used [0x00000000fa000000,0x00000000fffe0000,0x00000000fffe0000)
  from space 64K, 0% used [0x00000000ffff0000,0x00000000ffff0000,0x0000000100000000)
  to   space 64K, 0% used [0x00000000fffe0000,0x00000000fffe0000,0x00000000ffff0000)
 ParOldGen       total 107392K, used 64051K [0x00000000e8000000, 0x00000000ee8e0000, 0x00000000fa000000)
  object space 107392K, 59% used [0x00000000e8000000,0x00000000ebe8ceb8,0x00000000ee8e0000)
 PSPermGen       total 113600K, used 70540K [0x00000000e0000000, 0x00000000e6ef0000, 0x00000000e8000000)
  object space 113600K, 62% used [0x00000000e0000000,0x00000000e44e33b0,0x00000000e6ef0000)
Event: 57.653 GC heap after
Heap after GC invocations=1433 (full 6):
 PSYoungGen      total 98240K, used 0K [0x00000000fa000000, 0x0000000100000000, 0x0000000100000000)
  eden space 98176K, 0% used [0x00000000fa000000,0x00000000fa000000,0x00000000fffe0000)
  from space 64K, 0% used [0x00000000fffe0000,0x00000000fffe0000,0x00000000ffff0000)
  to   space 64K, 0% used [0x00000000ffff0000,0x00000000ffff0000,0x0000000100000000)
 ParOldGen       total 107392K, used 64051K [0x00000000e8000000, 0x00000000ee8e0000, 0x00000000fa000000)
  object space 107392K, 59% used [0x00000000e8000000,0x00000000ebe8ceb8,0x00000000ee8e0000)
 PSPermGen       total 113600K, used 70540K [0x00000000e0000000, 0x00000000e6ef0000, 0x00000000e8000000)
  object space 113600K, 62% used [0x00000000e0000000,0x00000000e44e33b0,0x00000000e6ef0000)
}
Event: 57.658 GC heap before
{Heap before GC invocations=1434 (full 6):
 PSYoungGen      total 98240K, used 98176K [0x00000000fa000000, 0x0000000100000000, 0x0000000100000000)
  eden space 98176K, 100% used [0x00000000fa000000,0x00000000fffe0000,0x00000000fffe0000)
  from space 64K, 0% used [0x00000000fffe0000,0x00000000fffe0000,0x00000000ffff0000)
  to   space 64K, 0% used [0x00000000ffff0000,0x00000000ffff0000,0x0000000100000000)
 ParOldGen       total 107392K, used 64051K [0x00000000e8000000, 0x00000000ee8e0000, 0x00000000fa000000)
  object space 107392K, 59% used [0x00000000e8000000,0x00000000ebe8ceb8,0x00000000ee8e0000)
 PSPermGen       total 113600K, used 70540K [0x00000000e0000000, 0x00000000e6ef0000, 0x00000000e8000000)
  object space 113600K, 62% used [0x00000000e0000000,0x00000000e44e33b0,0x00000000e6ef0000)
Event: 57.660 GC heap after
Heap after GC invocations=1434 (full 6):
 PSYoungGen      total 98240K, used 0K [0x00000000fa000000, 0x0000000100000000, 0x0000000100000000)
  eden space 98176K, 0% used [0x00000000fa000000,0x00000000fa000000,0x00000000fffe0000)
  from space 64K, 0% used [0x00000000ffff0000,0x00000000ffff0000,0x0000000100000000)
  to   space 64K, 0% used [0x00000000fffe0000,0x00000000fffe0000,0x00000000ffff0000)
 ParOldGen       total 107392K, used 64051K [0x00000000e8000000, 0x00000000ee8e0000, 0x00000000fa000000)
  object space 107392K, 59% used [0x00000000e8000000,0x00000000ebe8ceb8,0x00000000ee8e0000)
 PSPermGen       total 113600K, used 70540K [0x00000000e0000000, 0x00000000e6ef0000, 0x00000000e8000000)
  object space 113600K, 62% used [0x00000000e0000000,0x00000000e44e33b0,0x00000000e6ef0000)
}

Deoptimization events (10 events):
Event: 33.965 Thread 0x0000000069322000 Uncommon trap -83 fr.pc 0x000000003e00e3f4
Event: 42.178 Thread 0x0000000068f54800 Uncommon trap -83 fr.pc 0x000000003de31684
Event: 42.336 Thread 0x0000000068f54800 Uncommon trap -12 fr.pc 0x000000003ded0410
Event: 42.774 Thread 0x0000000068f54800 Uncommon trap -83 fr.pc 0x000000003de29d4c
Event: 49.051 Thread 0x0000000068f54800 Uncommon trap -83 fr.pc 0x000000003df759ec
Event: 50.075 Thread 0x0000000068f54800 Uncommon trap -83 fr.pc 0x000000003dfd6a38
Event: 50.132 Thread 0x0000000068f54800 Uncommon trap -83 fr.pc 0x000000003dfef3d8
Event: 54.202 Thread 0x0000000068f54800 Uncommon trap -12 fr.pc 0x000000003dfdc19c
Event: 56.156 Thread 0x0000000068f54800 Uncommon trap -28 fr.pc 0x000000003e03bed4
Event: 58.643 Thread 0x0000000068f54800 Uncommon trap -83 fr.pc 0x000000003e010084

Internal exceptions (10 events):
Event: 52.517 Thread 0x0000000068f54800 Threw 0x00000000fd1fa600 at C:\jdk7u1_64p\jdk7u11\hotspot\src\share\vm\prims\jvm.cpp:1166
Event: 61.739 Thread 0x0000000068f54800 Threw 0x00000000fe4d1c00 at C:\jdk7u1_64p\jdk7u11\hotspot\src\share\vm\classfile\systemDictionary.cpp:179
Event: 61.740 Thread 0x0000000068f54800 Threw 0x00000000fe4d21d8 at C:\jdk7u1_64p\jdk7u11\hotspot\src\share\vm\prims\jvm.cpp:1166
Event: 61.740 Thread 0x0000000068f54800 Threw 0x00000000fe4e7a28 at C:\jdk7u1_64p\jdk7u11\hotspot\src\share\vm\prims\jvm.cpp:1166
Event: 61.740 Thread 0x0000000068f54800 Threw 0x00000000fe4e7ef0 at C:\jdk7u1_64p\jdk7u11\hotspot\src\share\vm\classfile\systemDictionary.cpp:179
Event: 61.740 Thread 0x0000000068f54800 Threw 0x00000000fe4e8588 at C:\jdk7u1_64p\jdk7u11\hotspot\src\share\vm\prims\jvm.cpp:1166
Event: 61.741 Thread 0x0000000068f54800 Threw 0x00000000fe50b610 at C:\jdk7u1_64p\jdk7u11\hotspot\src\share\vm\prims\jvm.cpp:1166
Event: 61.741 Thread 0x0000000068f54800 Threw 0x00000000fe50baa8 at C:\jdk7u1_64p\jdk7u11\hotspot\src\share\vm\classfile\systemDictionary.cpp:179
Event: 61.741 Thread 0x0000000068f54800 Threw 0x00000000fe50c238 at C:\jdk7u1_64p\jdk7u11\hotspot\src\share\vm\prims\jvm.cpp:1166
Event: 61.742 Thread 0x0000000068f54800 Threw 0x00000000fe52acb8 at C:\jdk7u1_64p\jdk7u11\hotspot\src\share\vm\prims\jvm.cpp:1166

Events (10 events):
Event: 61.740 loading class 0x000000007c78c0a0
Event: 61.740 loading class 0x000000007c78c0a0 done
Event: 61.741 loading class 0x000000007c78c2e0
Event: 61.741 loading class 0x000000007c78c2e0 done
Event: 61.741 loading class 0x000000007c78c2e0
Event: 61.741 loading class 0x000000007c78c2e0 done
Event: 63.251 loading class 0x000000001022c200
Event: 63.251 loading class 0x000000001022c200 done
Event: 63.251 Executing VM operation: RevokeBias
Event: 63.252 Executing VM operation: RevokeBias done


Dynamic libraries:
0x0000000140000000 - 0x0000000140029000 	C:\Program Files\MATLAB\R2013b\bin\win64\MATLAB.exe
0x0000000077450000 - 0x00000000775f9000 	C:\Windows\SYSTEM32\ntdll.dll
0x0000000077230000 - 0x000000007734f000 	C:\Windows\system32\kernel32.dll
0x000007fefd390000 - 0x000007fefd3fc000 	C:\Windows\system32\KERNELBASE.dll
0x0000000074fa0000 - 0x0000000075027000 	C:\Windows\System32\SYSFER.DLL
0x000000006f060000 - 0x000000006f3dc000 	C:\Program Files\MATLAB\R2013b\bin\win64\libmwservices.dll
0x000000006fe80000 - 0x000000006ff56000 	C:\Program Files\MATLAB\R2013b\bin\win64\libmwi18n.dll
0x000000006fe70000 - 0x000000006fe7d000 	C:\Program Files\MATLAB\R2013b\bin\win64\libmwresource_core.dll
0x000000006db70000 - 0x000000006dc08000 	C:\Program Files\MATLAB\R2013b\bin\win64\MSVCP100.dll
0x000000006d5c0000 - 0x000000006d692000 	C:\Program Files\MATLAB\R2013b\bin\win64\MSVCR100.dll
0x000000006dca0000 - 0x000000006dcae000 	C:\Program Files\MATLAB\R2013b\bin\win64\boost_date_time-vc100-mt-1_49.dll
0x000000006dc70000 - 0x000000006dc9c000 	C:\Program Files\MATLAB\R2013b\bin\win64\boost_filesystem-vc100-mt-1_49.dll
0x000000006dc60000 - 0x000000006dc69000 	C:\Program Files\MATLAB\R2013b\bin\win64\boost_system-vc100-mt-1_49.dll
0x000007fefec00000 - 0x000007fefecdb000 	C:\Windows\system32\ADVAPI32.dll
0x000007fefd6f0000 - 0x000007fefd78f000 	C:\Windows\system32\msvcrt.dll
0x000007fefdc60000 - 0x000007fefdc7f000 	C:\Windows\SYSTEM32\sechost.dll
0x000007fefd790000 - 0x000007fefd8bd000 	C:\Windows\system32\RPCRT4.dll
0x000000006dc30000 - 0x000000006dc55000 	C:\Program Files\MATLAB\R2013b\bin\win64\LIBEXPAT.dll
0x000000006c330000 - 0x000000006c4ba000 	C:\Program Files\MATLAB\R2013b\bin\win64\icuin49.dll
0x000000006c510000 - 0x000000006c64e000 	C:\Program Files\MATLAB\R2013b\bin\win64\icuuc49.dll
0x000000006b200000 - 0x000000006c322000 	C:\Program Files\MATLAB\R2013b\bin\win64\icudt49.dll
0x000000006dc20000 - 0x000000006dc30000 	C:\Program Files\MATLAB\R2013b\bin\win64\icuio49.dll
0x0000000004230000 - 0x00000000042eb000 	C:\Program Files\MATLAB\R2013b\bin\win64\libut.dll
0x000000006f960000 - 0x000000006fb07000 	C:\Program Files\MATLAB\R2013b\bin\win64\libmwfl.dll
0x00000000042f0000 - 0x00000000046ff000 	C:\Program Files\MATLAB\R2013b\bin\win64\libmwMATLAB_res.dll
0x000000006b120000 - 0x000000006b1ff000 	C:\Program Files\MATLAB\R2013b\bin\win64\boost_regex-vc100-mt-1_49.dll
0x0000000077350000 - 0x000000007744a000 	C:\Windows\system32\USER32.dll
0x000007fefeb90000 - 0x000007fefebf7000 	C:\Windows\system32\GDI32.dll
0x000007feff6d0000 - 0x000007feff6de000 	C:\Windows\system32\LPK.dll
0x000007fefd8c0000 - 0x000007fefd989000 	C:\Windows\system32\USP10.dll
0x000000006db50000 - 0x000000006db61000 	C:\Program Files\MATLAB\R2013b\bin\win64\boost_signals-vc100-mt-1_49.dll
0x000000006db30000 - 0x000000006db41000 	C:\Program Files\MATLAB\R2013b\bin\win64\boost_thread-vc100-mt-1_49.dll
0x000000006d4f0000 - 0x000000006d57c000 	C:\Program Files\MATLAB\R2013b\bin\win64\boost_log-vc100-mt-1_49.dll
0x0000000077620000 - 0x0000000077627000 	C:\Windows\system32\PSAPI.DLL
0x000007fefd6a0000 - 0x000007fefd6ed000 	C:\Windows\system32\WS2_32.dll
0x000007feff6c0000 - 0x000007feff6c8000 	C:\Windows\system32\NSI.dll
0x000007fef1060000 - 0x000007fef1093000 	C:\Program Files\MATLAB\R2013b\bin\win64\tbb.dll
0x000007fefeaf0000 - 0x000007fefeb09000 	C:\Windows\system32\imagehlp.dll
0x000007fefbbd0000 - 0x000007fefbbfc000 	C:\Windows\system32\POWRPROF.dll
0x000007fefece0000 - 0x000007fefeeb7000 	C:\Windows\system32\SETUPAPI.dll
0x000007fefd340000 - 0x000007fefd376000 	C:\Windows\system32\CFGMGR32.dll
0x000007fefdc80000 - 0x000007fefdd57000 	C:\Windows\system32\OLEAUT32.dll
0x000007fefeec0000 - 0x000007feff0c3000 	C:\Windows\system32\ole32.dll
0x000007fefd2b0000 - 0x000007fefd2ca000 	C:\Windows\system32\DEVOBJ.dll
0x0000000004700000 - 0x00000000047fb000 	C:\Program Files\MATLAB\R2013b\bin\win64\libmx.dll
0x000007fef7880000 - 0x000007fef78a8000 	C:\Program Files\MATLAB\R2013b\bin\win64\tbbmalloc.dll
0x000000006d800000 - 0x000000006d817000 	C:\Program Files\MATLAB\R2013b\bin\win64\zlib1.dll
0x000000006ef00000 - 0x000000006ef4e000 	C:\Program Files\MATLAB\R2013b\bin\win64\libmwregexp.dll
0x000000006eeb0000 - 0x000000006eef7000 	C:\Program Files\MATLAB\R2013b\bin\win64\mpath.dll
0x0000000004800000 - 0x0000000004e28000 	C:\Program Files\MATLAB\R2013b\bin\win64\mlutil.dll
0x000000006e870000 - 0x000000006e8e7000 	C:\Program Files\MATLAB\R2013b\bin\win64\xmlcore.dll
0x000000006aed0000 - 0x000000006b111000 	C:\Program Files\MATLAB\R2013b\bin\win64\xerces-c_2_7.dll
0x000000006e5f0000 - 0x000000006e613000 	C:\Program Files\MATLAB\R2013b\bin\win64\libmwMATLAB_settings_res.dll
0x000000006dc10000 - 0x000000006dc20000 	C:\Program Files\MATLAB\R2013b\bin\win64\boost_iostreams-vc100-mt-1_49.dll
0x000000006d4a0000 - 0x000000006d4e6000 	C:\Program Files\MATLAB\R2013b\bin\win64\boost_serialization-vc100-mt-1_49.dll
0x000007fefdd60000 - 0x000007fefeae8000 	C:\Windows\system32\SHELL32.dll
0x000007feff6e0000 - 0x000007feff751000 	C:\Windows\system32\SHLWAPI.dll
0x000000006e580000 - 0x000000006e586000 	C:\Program Files\MATLAB\R2013b\bin\win64\libmwnativedisplay.dll
0x00000000685f0000 - 0x000000006863d000 	C:\Program Files\MATLAB\R2013b\bin\win64\opccore.dll
0x00000000684f0000 - 0x00000000685c6000 	C:\Program Files\MATLAB\R2013b\bin\win64\opcmodel.dll
0x00000000684c0000 - 0x00000000684ed000 	C:\Program Files\MATLAB\R2013b\bin\win64\opczippackage.dll
0x000000006d490000 - 0x000000006d49e000 	C:\Program Files\MATLAB\R2013b\bin\win64\libminizip.dll
0x0000000068340000 - 0x00000000683a6000 	C:\Program Files\MATLAB\R2013b\bin\win64\opcmwservices.dll
0x000007fefa190000 - 0x000007fefa230000 	C:\Windows\WinSxS\amd64_microsoft.windows.common-controls_6595b64144ccf1df_5.82.7601.18201_none_a4d3b9377117c3df\COMCTL32.dll
0x000007fefdb20000 - 0x000007fefdbb7000 	C:\Windows\system32\COMDLG32.dll
0x000007fefaa30000 - 0x000007fefaa46000 	C:\Windows\system32\NETAPI32.dll
0x000007fefc6b0000 - 0x000007fefc6bc000 	C:\Windows\system32\netutils.dll
0x000007fefccd0000 - 0x000007fefccf3000 	C:\Windows\system32\srvcli.dll
0x000007fefaa10000 - 0x000007fefaa25000 	C:\Windows\system32\wkscli.dll
0x000000006e4d0000 - 0x000000006e57d000 	C:\Program Files\MATLAB\R2013b\bin\win64\mcr.dll
0x000000006e110000 - 0x000000006e4d0000 	C:\Program Files\MATLAB\R2013b\bin\win64\iqm.dll
0x0000000180000000 - 0x00000001800c2000 	C:\Program Files\MATLAB\R2013b\bin\win64\m_dispatcher.dll
0x0000000004e30000 - 0x000000000562b000 	C:\Program Files\MATLAB\R2013b\bin\win64\m_interpreter.dll
0x000000006d760000 - 0x000000006d784000 	C:\Program Files\MATLAB\R2013b\bin\win64\libmex.dll
0x000000006d6e0000 - 0x000000006d75b000 	C:\Program Files\MATLAB\R2013b\bin\win64\profiler.dll
0x0000000005630000 - 0x00000000057a8000 	C:\Program Files\MATLAB\R2013b\bin\win64\libmwmathutil.dll
0x000000006d420000 - 0x000000006d447000 	C:\Program Files\MATLAB\R2013b\bin\win64\libmwmathrng.dll
0x000000006d410000 - 0x000000006d420000 	C:\Program Files\MATLAB\R2013b\bin\win64\libmwmfl_rng.dll
0x00000000057b0000 - 0x00000000058c8000 	C:\Program Files\MATLAB\R2013b\bin\win64\libmwmathcore.dll
0x000000006d2b0000 - 0x000000006d313000 	C:\Program Files\MATLAB\R2013b\bin\win64\libmwspmatrix.dll
0x00000000058d0000 - 0x0000000005b32000 	C:\Program Files\MATLAB\R2013b\bin\win64\mcos.dll
0x000000006cfc0000 - 0x000000006d01c000 	C:\Program Files\MATLAB\R2013b\bin\win64\libmwcholmod.dll
0x000000006cfb0000 - 0x000000006cfbc000 	C:\Program Files\MATLAB\R2013b\bin\win64\libmwamd.dll
0x000000006cfa0000 - 0x000000006cfab000 	C:\Program Files\MATLAB\R2013b\bin\win64\libmwcolamd.dll
0x000000006cf80000 - 0x000000006cf93000 	C:\Program Files\MATLAB\R2013b\bin\win64\libmwblas.dll
0x000000006cf60000 - 0x000000006cf75000 	C:\Program Files\MATLAB\R2013b\bin\win64\libmwbinder.dll
0x000000006cf50000 - 0x000000006cf5b000 	C:\Program Files\MATLAB\R2013b\bin\win64\libmwompwrapper.dll
0x000000006ced0000 - 0x000000006cf4f000 	C:\Program Files\MATLAB\R2013b\bin\win64\libmwlapack.dll
0x000000006ceb0000 - 0x000000006ced0000 	C:\Program Files\MATLAB\R2013b\bin\win64\m_pcodeio.dll
0x000000006ce50000 - 0x000000006ceac000 	C:\Program Files\MATLAB\R2013b\bin\win64\m_ir.dll
0x0000000005b40000 - 0x00000000061f5000 	C:\Program Files\MATLAB\R2013b\bin\win64\m_parser.dll
0x000000006c780000 - 0x000000006c797000 	C:\Program Files\MATLAB\R2013b\bin\win64\ir_xfmr.dll
0x000000006c770000 - 0x000000006c780000 	C:\Program Files\MATLAB\R2013b\bin\win64\mtok.dll
0x000000006c740000 - 0x000000006c768000 	C:\Program Files\MATLAB\R2013b\bin\win64\m_pcodegen.dll
0x000007feef340000 - 0x000007feef465000 	C:\Windows\system32\dbghelp.dll
0x000000006c710000 - 0x000000006c73f000 	C:\Program Files\MATLAB\R2013b\bin\win64\libmwbridge.dll
0x000000006c650000 - 0x000000006c706000 	C:\Program Files\MATLAB\R2013b\bin\win64\udd.dll
0x0000000006200000 - 0x0000000006351000 	C:\Program Files\MATLAB\R2013b\bin\win64\libmwgui.dll
0x000000006c4d0000 - 0x000000006c4f8000 	C:\Program Files\MATLAB\R2013b\bin\win64\graphics_util.dll
0x000000006ae10000 - 0x000000006aec8000 	C:\Program Files\MATLAB\R2013b\bin\win64\libtex_base.dll
0x0000000006360000 - 0x0000000006cc6000 	C:\Program Files\MATLAB\R2013b\bin\win64\hg.dll
0x0000000006cd0000 - 0x0000000006d2d000 	C:\Program Files\MATLAB\R2013b\bin\win64\libmat.dll
0x0000000006d30000 - 0x0000000006f38000 	C:\Program Files\MATLAB\R2013b\bin\win64\hdf5dll.dll
0x0000000006f50000 - 0x0000000007018000 	C:\Program Files\MATLAB\R2013b\bin\win64\jmi.dll
0x0000000007020000 - 0x000000000702e000 	C:\Program Files\MATLAB\R2013b\bin\win64\nativejava_services.dll
0x0000000007030000 - 0x0000000007072000 	C:\Program Files\MATLAB\R2013b\bin\win64\libmwhardcopy.dll
0x0000000007080000 - 0x00000000070de000 	C:\Program Files\MATLAB\R2013b\bin\win64\libuij.dll
0x00000000070e0000 - 0x00000000072e5000 	C:\Program Files\MATLAB\R2013b\bin\win64\hgdatatypes.dll
0x00000000072f0000 - 0x0000000007402000 	C:\Program Files\MATLAB\R2013b\bin\win64\hgutils.dll
0x0000000007410000 - 0x00000000074be000 	C:\Program Files\MATLAB\R2013b\bin\win64\udd_mi.dll
0x00000000074c0000 - 0x00000000074f6000 	C:\Program Files\MATLAB\R2013b\bin\win64\libmwgbtutils.dll
0x0000000007500000 - 0x0000000007513000 	C:\Program Files\MATLAB\R2013b\bin\win64\libmwgbt.dll
0x0000000007520000 - 0x00000000077ef000 	C:\Program Files\MATLAB\R2013b\bin\win64\uiw.dll
0x00000000077f0000 - 0x00000000077f9000 	C:\Program Files\MATLAB\R2013b\bin\win64\uinone.dll
0x0000000007800000 - 0x000000000782c000 	C:\Program Files\MATLAB\R2013b\bin\win64\libmwnativedialogs.dll
0x0000000007840000 - 0x000000000784c000 	C:\Program Files\MATLAB\R2013b\bin\win64\libmwplatform_res.dll
0x000007fef5710000 - 0x000007fef5728000 	C:\Windows\system32\MPR.dll
0x000000006a8b0000 - 0x000000006ae0d000 	C:\Program Files\MATLAB\R2013b\bin\win64\mfc100.dll
0x000007fefa230000 - 0x000007fefa237000 	C:\Windows\system32\MSIMG32.dll
0x000007fefa110000 - 0x000007fefa181000 	C:\Windows\system32\WINSPOOL.DRV
0x0000000007850000 - 0x000000000786d000 	C:\Program Files\MATLAB\R2013b\bin\win64\mwoles05.DLL
0x0000000007870000 - 0x00000000078dc000 	C:\Program Files\MATLAB\R2013b\bin\win64\comcli.dll
0x000000006d3a0000 - 0x000000006d3cb000 	C:\Program Files\MATLAB\R2013b\bin\win64\ATL100.DLL
0x00000000078e0000 - 0x00000000078ec000 	C:\Program Files\MATLAB\R2013b\bin\win64\mlautoregister.dll
0x00000000078f0000 - 0x0000000007a5f000 	C:\Program Files\MATLAB\R2013b\bin\win64\mvm.dll
0x000007fefdaf0000 - 0x000007fefdb1e000 	C:\Windows\system32\IMM32.DLL
0x000007feff5b0000 - 0x000007feff6b9000 	C:\Windows\system32\MSCTF.dll
0x000007fefbc00000 - 0x000007fefbc56000 	C:\Windows\system32\UxTheme.dll

VM Arguments:
jvm_args: -XX:PermSize=32m -Xms64m -XX:NewRatio=3 -XX:MaxPermSize=128m -Xmx384m -XX:MaxDirectMemorySize=2147400000 -Dsun.java2d.noddraw=true -Dsun.awt.nopixfmt=true -Xshare:off -Xrs -XX:-UseSplitVerifier -Djava.library.path=C:\Program Files\MATLAB\R2013b\bin\win64;C:\Program Files\MATLAB\R2013b\sys\jxbrowser\win64\lib;C:\Program Files\Micro-Manager-1.4.17 vfprintf abort -Duser.language=en -Duser.country=US -XX:ParallelGCThreads=6 
java_command: <unknown>
Launcher Type: generic

Environment Variables:
PATH=C:\Python27\Lib\site-packages\PyQt4;C:\Windows\system32;C:\Windows;C:\Windows\System32\Wbem;C:\Windows\System32\WindowsPowerShell\v1.0\;C:\Program Files\TortoiseSVN\bin;C:\Python27;C:\Python27\DLLs;C:\Python27\Scripts;C:\Python27\Lib\site-packages\vtk;C:\Python27\gnuplot\binary;C:\Program Files (x86)\pythonxy\SciTE-3.3.2-3;C:\Program Files (x86)\pythonxy\console;C:\MinGW32-xy\bin;C:\Program Files (x86)\IVI Foundation\VISA\WinNT\Bin;C:\BitFlow SDK 5.70\Bin64;C:\BitFlow SDK 5.70\Bin32;C:\Program Files\CameraLink\Serial;C:\Program Files (x86)\CameraLink\Serial;C:\Program Files\SiliconSoftware\Runtime5.2.2\BIN;C:\Program Files\MATLAB\R2013b\bin;C:\Program Files\Micro-Manager-1.4.17;C:\Program Files\Micro-Manager-1.4.17
USERNAME=nicuser
OS=Windows_NT
PROCESSOR_IDENTIFIER=Intel64 Family 6 Model 45 Stepping 7, GenuineIntel



---------------  S Y S T E M  ---------------

OS: Windows 7 , 64 bit Build 7601 Service Pack 1

CPU:total 16 (4 cores per cpu, 2 threads per core) family 6 model 45 stepping 7, cmov, cx8, fxsr, mmx, sse, sse2, sse3, ssse3, sse4.1, sse4.2, popcnt, avx, ht, tsc, tscinvbit, tscinv

Memory: 4k page, physical 33476304k(29966260k free), swap 66950744k(62984084k free)

vm_info: Java HotSpot(TM) 64-Bit Server VM (23.6-b04) for windows-amd64 JRE (1.7.0_11-b21), built on Jan 12 2013 02:38:42 by "java_re" with unknown MS VC++:1600

time: Fri Jul 18 13:57:45 2014
elapsed time: 63 seconds

