#
# A fatal error has been detected by the Java Runtime Environment:
#
#  EXCEPTION_ACCESS_VIOLATION (0xc0000005) at pc=0x000000006bbec220, pid=8272, tid=15348
#
# JRE version: 7.0_11-b21
# Java VM: Java HotSpot(TM) 64-Bit Server VM (23.6-b04 mixed mode windows-amd64 compressed oops)
# Problematic frame:
# C  [MSVCR100.dll+0x3c220]
#
# Failed to write core dump. Minidumps are not enabled by default on client versions of Windows
#
# If you would like to submit a bug report, please visit:
#   http://bugreport.sun.com/bugreport/crash.jsp
#

---------------  T H R E A D  ---------------

Current thread (0x0000000073277800):  JavaThread "Live mode timer" [_thread_in_vm, id=15348, stack(0x00000003b0050000,0x00000003b4050000)]

siginfo: ExceptionCode=0xc0000005, reading address 0x00000002661efff8

Registers:
RAX=0x000000000000003f, RBX=0x0000000073277800, RCX=0x00000007cfbc8d68, RDX=0xfffffffa96627298
RSP=0x00000003b404f428, RBP=0x0000000072c2a490, RSI=0x0000000000000000, RDI=0x0000000000800000
R8 =0x00000000005a0000, R9 =0x0000000265f20000, R10=0x00000002664c0000, R11=0x00000007cf628da8
R12=0x0000000265c50040, R13=0x00000006fbd94fd8, R14=0x00000003b404f648, R15=0x0000000073277800
RIP=0x000000006bbec220, EFLAGS=0x0000000000010216

Top of Stack: (sp=0x00000003b404f428)
0x00000003b404f428:   00000000694e20b9 00000003b404f5e0
0x00000003b404f438:   00000000694d7df6 0000000073277800
0x00000003b404f448:   0000000000400000 0000000265c50040
0x00000003b404f458:   0000000073546bc0 0000000073277800
0x00000003b404f468:   0000000000000000 0000000073546ba0
0x00000003b404f478:   00000000df8373c2 0000000072c2a490
0x00000003b404f488:   000007fef5b0c905 00000000732779d8
0x00000003b404f498:   00000003b404f5e0 0000000000400000
0x00000003b404f4a8:   0000000000400000 0000000265c50040
0x00000003b404f4b8:   00000000b404f200 00000000732779d8
0x00000003b404f4c8:   fffffffffffffffe 00000003b404f648
0x00000003b404f4d8:   000000006bc18d17 0000000000000002
0x00000003b404f4e8:   0000000000000050 0000000073277800
0x00000003b404f4f8:   00000003b404f660 000012fda949c16c
0x00000003b404f508:   000000006bc101db 0000000000000000
0x00000003b404f518:   0000000035a46315 00000000df8373c2 

Instructions: (pc=0x000000006bbec220)
0x000000006bbec200:   48 81 e9 80 00 00 00 0f 18 04 0a 0f 18 44 0a 40
0x000000006bbec210:   ff c8 75 ec 48 81 c1 00 10 00 00 b8 40 00 00 00
0x000000006bbec220:   4c 8b 4c 0a f8 4c 8b 54 0a f0 4c 0f c3 49 f8 4c
0x000000006bbec230:   0f c3 51 f0 4c 8b 4c 0a e8 4c 8b 54 0a e0 4c 0f 


Register to memory mapping:

RAX=0x000000000000003f is an unknown value
RBX=0x0000000073277800 is a thread
RCX=0x00000007cfbc8d68 is an unknown value
RDX=0xfffffffa96627298 is an unknown value
RSP=0x00000003b404f428 is pointing into the stack for thread: 0x0000000073277800
RBP=0x0000000072c2a490 is an unknown value
RSI=0x0000000000000000 is an unknown value
RDI=0x0000000000800000 is pointing into the stack for thread: 0x00000000353df000
R8 =0x00000000005a0000 is pointing into the stack for thread: 0x00000000353df000
R9 =0x0000000265f20000 is an unknown value
R10=0x00000002664c0000 is an unknown value
R11=0x00000007cf628da8 is an unknown value
R12=0x0000000265c50040 is an unknown value
R13=0x00000006fbd94fd8 is an oop
{constMethod} 
 - klass: {other class}
 - method:       0x00000006fbd94fe0 {method} 'CMMCore_getLastImageMD__SWIG_0' '(JLmmcorej/CMMCore;JJJLmmcorej/Metadata;)Ljava/lang/Object;' in 'mmcorej/MMCoreJJNI'
 - exceptions:   0x00000006f8001d50
R14=0x00000003b404f648 is pointing into the stack for thread: 0x0000000073277800
R15=0x0000000073277800 is a thread


Stack: [0x00000003b0050000,0x00000003b4050000],  sp=0x00000003b404f428,  free space=65533k
Native frames: (J=compiled Java code, j=interpreted, Vv=VM code, C=native code)
C  [MSVCR100.dll+0x3c220]

Java frames: (J=compiled Java code, j=interpreted, Vv=VM code)
j  mmcorej.MMCoreJJNI.CMMCore_getLastImageMD__SWIG_0(JLmmcorej/CMMCore;JJJLmmcorej/Metadata;)Ljava/lang/Object;+0
j  mmcorej.CMMCore.getLastImageMD(JJLmmcorej/Metadata;)Ljava/lang/Object;+14
j  mmcorej.CMMCore.getLastTaggedImage(I)Lmmcorej/TaggedImage;+13
j  mmcorej.CMMCore.getLastTaggedImage()Lmmcorej/TaggedImage;+2
j  org.micromanager.acquisition.LiveModeTimer$3.run()V+59
j  java.util.TimerThread.mainLoop()V+221
j  java.util.TimerThread.run()V+1
v  ~StubRoutines::call_stub

---------------  P R O C E S S  ---------------

Java Threads: ( => current thread )
  0x000000007b940800 JavaThread "Timer-1167" [_thread_blocked, id=23836, stack(0x00000001800d0000,0x00000001840d0000)]
  0x000000007327b800 JavaThread "pool-11-thread-1" [_thread_blocked, id=11624, stack(0x00000003cc050000,0x00000003d0050000)]
  0x000000007327a800 JavaThread "Display thread" [_thread_blocked, id=9476, stack(0x00000003c8050000,0x00000003cc050000)]
  0x000000007327a000 JavaThread "zSelector" [_thread_blocked, id=30436, stack(0x00000003c4050000,0x00000003c8050000)]
  0x0000000073278800 JavaThread "Thread-101" [_thread_blocked, id=6748, stack(0x00000003bc050000,0x00000003c0050000)]
=>0x0000000073277800 JavaThread "Live mode timer" [_thread_in_vm, id=15348, stack(0x00000003b0050000,0x00000003b4050000)]
  0x0000000035969800 JavaThread "pool-10-thread-1" [_thread_blocked, id=22236, stack(0x000000018c0d0000,0x00000001900d0000)]
  0x000000003596a000 JavaThread "BeanShell interpreter" [_thread_blocked, id=25988, stack(0x0000000103ff0000,0x0000000107ff0000)]
  0x0000000035968800 JavaThread "Thread-57" [_thread_blocked, id=10936, stack(0x00000000dfff0000,0x00000000e3ff0000)]
  0x000000003596b800 JavaThread "Swing-Shell" daemon [_thread_blocked, id=9764, stack(0x0000000117ff0000,0x000000011bff0000)]
  0x00000000668c0800 JavaThread "Code Analyzer updating thread" [_thread_blocked, id=18356, stack(0x00000000ffff0000,0x0000000103ff0000)]
  0x00000000668bf800 JavaThread "Code Analyzer updating thread" [_thread_blocked, id=25124, stack(0x00000000fbff0000,0x00000000ffff0000)]
  0x00000000668bf000 JavaThread "Code Analyzer updating thread" [_thread_blocked, id=30012, stack(0x00000000f7ff0000,0x00000000fbff0000)]
  0x00000000668be000 JavaThread "Code Analyzer updating thread" [_thread_blocked, id=27900, stack(0x00000000f3ff0000,0x00000000f7ff0000)]
  0x00000000668bd800 JavaThread "Code Analyzer updating thread" [_thread_blocked, id=15428, stack(0x00000000efff0000,0x00000000f3ff0000)]
  0x00000000668bb000 JavaThread "Active Reference Queue Daemon" daemon [_thread_blocked, id=12540, stack(0x00000000ebff0000,0x00000000efff0000)]
  0x00000000668bc800 JavaThread "Timer-1" daemon [_thread_blocked, id=31628, stack(0x00000000e3ff0000,0x00000000e7ff0000)]
  0x00000000668bb800 JavaThread "ClipboardMonitor Timer" daemon [_thread_blocked, id=30080, stack(0x00000000e7ff0000,0x00000000ebff0000)]
  0x00000000668b9800 JavaThread "Explorer NavigationContext request queue" daemon [_thread_blocked, id=23280, stack(0x00000000dbff0000,0x00000000dfff0000)]
  0x000000007248c800 JavaThread "AddressBar directory emptiness poller" daemon [_thread_blocked, id=10428, stack(0x00000000cfff0000,0x00000000d3ff0000)]
  0x00000000724c9800 JavaThread "Explorer Refresh Service 573415845" daemon [_thread_blocked, id=19692, stack(0x00000000cbff0000,0x00000000cfff0000)]
  0x0000000066c4c800 JavaThread "TimerQueue" daemon [_thread_blocked, id=21556, stack(0x00000000bfff0000,0x00000000c3ff0000)]
  0x0000000065e9e000 JavaThread "Thread-3" daemon [_thread_blocked, id=29896, stack(0x00000000afff0000,0x00000000b3ff0000)]
  0x0000000065eae000 JavaThread "FelixPackageAdmin" daemon [_thread_blocked, id=3560, stack(0x00000000bbff0000,0x00000000bfff0000)]
  0x0000000065d2b000 JavaThread "FelixStartLevel" daemon [_thread_blocked, id=18836, stack(0x00000000b7ff0000,0x00000000bbff0000)]
  0x0000000065f47000 JavaThread "FelixDispatchQueue" daemon [_thread_blocked, id=25660, stack(0x00000000b3ff0000,0x00000000b7ff0000)]
  0x0000000065c3e000 JavaThread "AWT-EventQueue-0" [_thread_blocked, id=23992, stack(0x00000000abff0000,0x00000000afff0000)]
  0x0000000065b3d000 JavaThread "AWT-Windows" daemon [_thread_blocked, id=19728, stack(0x00000000a3ff0000,0x00000000a7ff0000)]
  0x0000000065acc000 JavaThread "AWT-Shutdown" [_thread_blocked, id=11996, stack(0x000000009fff0000,0x00000000a3ff0000)]
  0x0000000035a3f000 JavaThread "Java2D Disposer" daemon [_thread_blocked, id=656, stack(0x000000009bff0000,0x000000009fff0000)]
  0x0000000035258000 JavaThread "Timer-0" [_thread_blocked, id=25208, stack(0x0000000097ff0000,0x000000009bff0000)]
  0x00000000657df000 JavaThread "EventMgr Dispatcher" daemon [_thread_in_native, id=26244, stack(0x0000000093ff0000,0x0000000097ff0000)]
  0x000000003571b800 JavaThread "Service Thread" daemon [_thread_blocked, id=5928, stack(0x000000008bff0000,0x000000008fff0000)]
  0x000000003571b000 JavaThread "C2 CompilerThread1" daemon [_thread_blocked, id=21136, stack(0x0000000087ff0000,0x000000008bff0000)]
  0x0000000035716000 JavaThread "C2 CompilerThread0" daemon [_thread_blocked, id=19348, stack(0x0000000083ff0000,0x0000000087ff0000)]
  0x0000000035715000 JavaThread "Attach Listener" daemon [_thread_blocked, id=23248, stack(0x000000007fff0000,0x0000000083ff0000)]
  0x0000000035691800 JavaThread "Finalizer" daemon [_thread_blocked, id=23424, stack(0x0000000077680000,0x000000007b680000)]
  0x0000000035277000 JavaThread "Reference Handler" daemon [_thread_blocked, id=18168, stack(0x00000000613e0000,0x00000000653e0000)]
  0x00000000353df000 JavaThread "main" [_thread_blocked, id=24484, stack(0x0000000000030000,0x0000000004030000)]

Other Threads:
  0x0000000035276800 VMThread [stack: 0x000000005d3e0000,0x00000000613e0000] [id=3392]
  0x0000000035760800 WatcherThread [stack: 0x000000008fff0000,0x0000000093ff0000] [id=20404]

VM state:synchronizing (normal execution)

VM Mutex/Monitor currently owned by a thread:  ([mutex/lock_event])
[0x00000000354d27d0] Threads_lock - owner thread: 0x0000000035276800

Heap
 PSYoungGen      total 760192K, used 290687K [0x00000007c0000000, 0x00000007f1680000, 0x0000000800000000)
  eden space 712640K, 36% used [0x00000007c0000000,0x00000007cfe28da8,0x00000007eb7f0000)
  from space 47552K, 63% used [0x00000007ee6f0000,0x00000007f04a70a8,0x00000007f1560000)
  to   space 48128K, 0% used [0x00000007eb7f0000,0x00000007eb7f0000,0x00000007ee6f0000)
 ParOldGen       total 128384K, used 76499K [0x0000000700000000, 0x0000000707d60000, 0x00000007c0000000)
  object space 128384K, 59% used [0x0000000700000000,0x0000000704ab4e40,0x0000000707d60000)
 PSPermGen       total 125440K, used 85354K [0x00000006f8000000, 0x00000006ffa80000, 0x0000000700000000)
  object space 125440K, 68% used [0x00000006f8000000,0x00000006fd35a960,0x00000006ffa80000)

Card table byte_map: [0x0000000038a40000,0x0000000039290000] byte_map_base: 0x0000000035280000

Polling page: 0x0000000007c40000

Code Cache  [0x0000000035a40000, 0x0000000036130000, 0x0000000038a40000)
 total_blobs=2997 nmethods=2221 adapters=724 free_code_cache=42171Kb largest_free_block=43073088

Compilation events (10 events):
Event: 102.227 Thread 0x0000000035716000 2480             org.netbeans.editor.DrawEngine::drawFragment (510 bytes)
Event: 102.237 Thread 0x0000000035716000 nmethod 2480 0x00000000360bf450 code [0x00000000360bf6a0, 0x00000000360c0170]
Event: 102.395 Thread 0x000000003571b000 2481             javax.swing.plaf.basic.BasicLabelUI::propertyChange (70 bytes)
Event: 102.399 Thread 0x000000003571b000 nmethod 2481 0x00000000361002d0 code [0x00000000361004c0, 0x00000000361008c0]
Event: 102.829 Thread 0x0000000035716000 2482             org.netbeans.lib.editor.view.GapBoxView::isXMajorAxis (6 bytes)
Event: 102.829 Thread 0x0000000035716000 nmethod 2482 0x00000000360bf190 code [0x00000000360bf2c0, 0x00000000360bf318]
Event: 103.253 Thread 0x000000003571b000 2483             org.netbeans.editor.DrawEngine::computeFragmentLength (165 bytes)
Event: 103.256 Thread 0x000000003571b000 nmethod 2483 0x00000000360e7a10 code [0x00000000360e7b60, 0x00000000360e7e08]
Event: 103.355 Thread 0x0000000035716000 2484             org.netbeans.lib.editor.view.GapBoxViewChildren::getMajorAxisOffset (122 bytes)
Event: 103.357 Thread 0x0000000035716000 nmethod 2484 0x00000000360e7390 code [0x00000000360e7500, 0x00000000360e7728]

GC Heap History (10 events):
Event: 83.527 GC heap before
{Heap before GC invocations=20 (full 2):
 PSYoungGen      total 598272K, used 587907K [0x00000007c0000000, 0x00000007eb290000, 0x0000000800000000)
  eden space 554304K, 99% used [0x00000007c0000000,0x00000007e1bca6d8,0x00000007e1d50000)
  from space 43968K, 79% used [0x00000007e1d50000,0x00000007e3fa66d8,0x00000007e4840000)
  to   space 47872K, 0% used [0x00000007e83d0000,0x00000007e83d0000,0x00000007eb290000)
 ParOldGen       total 128384K, used 67997K [0x0000000700000000, 0x0000000707d60000, 0x00000007c0000000)
  object space 128384K, 52% used [0x0000000700000000,0x00000007042675d8,0x0000000707d60000)
 PSPermGen       total 125440K, used 85186K [0x00000006f8000000, 0x00000006ffa80000, 0x0000000700000000)
  object space 125440K, 67% used [0x00000006f8000000,0x00000006fd3309a8,0x00000006ffa80000)
Event: 83.552 GC heap after
Heap after GC invocations=20 (full 2):
 PSYoungGen      total 656000K, used 35672K [0x00000007c0000000, 0x00000007eb6f0000, 0x0000000800000000)
  eden space 608128K, 0% used [0x00000007c0000000,0x00000007c0000000,0x00000007e51e0000)
  from space 47872K, 74% used [0x00000007e83d0000,0x00000007ea6a6080,0x00000007eb290000)
  to   space 51136K, 0% used [0x00000007e51e0000,0x00000007e51e0000,0x00000007e83d0000)
 ParOldGen       total 128384K, used 67997K [0x0000000700000000, 0x0000000707d60000, 0x00000007c0000000)
  object space 128384K, 52% used [0x0000000700000000,0x00000007042675d8,0x0000000707d60000)
 PSPermGen       total 125440K, used 85186K [0x00000006f8000000, 0x00000006ffa80000, 0x0000000700000000)
  object space 125440K, 67% used [0x00000006f8000000,0x00000006fd3309a8,0x00000006ffa80000)
}
Event: 87.404 GC heap before
{Heap before GC invocations=21 (full 2):
 PSYoungGen      total 656000K, used 641559K [0x00000007c0000000, 0x00000007eb6f0000, 0x0000000800000000)
  eden space 608128K, 99% used [0x00000007c0000000,0x00000007e4faff48,0x00000007e51e0000)
  from space 47872K, 74% used [0x00000007e83d0000,0x00000007ea6a6080,0x00000007eb290000)
  to   space 51136K, 0% used [0x00000007e51e0000,0x00000007e51e0000,0x00000007e83d0000)
 ParOldGen       total 128384K, used 67997K [0x0000000700000000, 0x0000000707d60000, 0x00000007c0000000)
  object space 128384K, 52% used [0x0000000700000000,0x00000007042675d8,0x0000000707d60000)
 PSPermGen       total 125440K, used 85217K [0x00000006f8000000, 0x00000006ffa80000, 0x0000000700000000)
  object space 125440K, 67% used [0x00000006f8000000,0x00000006fd3386b8,0x00000006ffa80000)
Event: 87.419 GC heap after
Heap after GC invocations=21 (full 2):
 PSYoungGen      total 659264K, used 19438K [0x00000007c0000000, 0x00000007ee560000, 0x0000000800000000)
  eden space 608128K, 0% used [0x00000007c0000000,0x00000007c0000000,0x00000007e51e0000)
  from space 51136K, 38% used [0x00000007e51e0000,0x00000007e64db880,0x00000007e83d0000)
  to   space 48320K, 0% used [0x00000007eb630000,0x00000007eb630000,0x00000007ee560000)
 ParOldGen       total 128384K, used 68005K [0x0000000700000000, 0x0000000707d60000, 0x00000007c0000000)
  object space 128384K, 52% used [0x0000000700000000,0x00000007042695d8,0x0000000707d60000)
 PSPermGen       total 125440K, used 85217K [0x00000006f8000000, 0x00000006ffa80000, 0x0000000700000000)
  object space 125440K, 67% used [0x00000006f8000000,0x00000006fd3386b8,0x00000006ffa80000)
}
Event: 91.439 GC heap before
{Heap before GC invocations=22 (full 2):
 PSYoungGen      total 659264K, used 627442K [0x00000007c0000000, 0x00000007ee560000, 0x0000000800000000)
  eden space 608128K, 99% used [0x00000007c0000000,0x00000007e51c1120,0x00000007e51e0000)
  from space 51136K, 38% used [0x00000007e51e0000,0x00000007e64db880,0x00000007e83d0000)
  to   space 48320K, 0% used [0x00000007eb630000,0x00000007eb630000,0x00000007ee560000)
 ParOldGen       total 128384K, used 68005K [0x0000000700000000, 0x0000000707d60000, 0x00000007c0000000)
  object space 128384K, 52% used [0x0000000700000000,0x00000007042695d8,0x0000000707d60000)
 PSPermGen       total 125440K, used 85243K [0x00000006f8000000, 0x00000006ffa80000, 0x0000000700000000)
  object space 125440K, 67% used [0x00000006f8000000,0x00000006fd33ee28,0x00000006ffa80000)
Event: 91.466 GC heap after
Heap after GC invocations=22 (full 2):
 PSYoungGen      total 708992K, used 33037K [0x00000007c0000000, 0x00000007ee8f0000, 0x0000000800000000)
  eden space 660672K, 0% used [0x00000007c0000000,0x00000007c0000000,0x00000007e8530000)
  from space 48320K, 68% used [0x00000007eb630000,0x00000007ed673708,0x00000007ee560000)
  to   space 50176K, 0% used [0x00000007e8530000,0x00000007e8530000,0x00000007eb630000)
 ParOldGen       total 128384K, used 68005K [0x0000000700000000, 0x0000000707d60000, 0x00000007c0000000)
  object space 128384K, 52% used [0x0000000700000000,0x00000007042695d8,0x0000000707d60000)
 PSPermGen       total 125440K, used 85243K [0x00000006f8000000, 0x00000006ffa80000, 0x0000000700000000)
  object space 125440K, 67% used [0x00000006f8000000,0x00000006fd33ee28,0x00000006ffa80000)
}
Event: 96.095 GC heap before
{Heap before GC invocations=23 (full 2):
 PSYoungGen      total 708992K, used 693094K [0x00000007c0000000, 0x00000007ee8f0000, 0x0000000800000000)
  eden space 660672K, 99% used [0x00000007c0000000,0x00000007e84963e0,0x00000007e8530000)
  from space 48320K, 68% used [0x00000007eb630000,0x00000007ed673708,0x00000007ee560000)
  to   space 50176K, 0% used [0x00000007e8530000,0x00000007e8530000,0x00000007eb630000)
 ParOldGen       total 128384K, used 70832K [0x0000000700000000, 0x0000000707d60000, 0x00000007c0000000)
  object space 128384K, 55% used [0x0000000700000000,0x000000070452c3e8,0x0000000707d60000)
 PSPermGen       total 125440K, used 85272K [0x00000006f8000000, 0x00000006ffa80000, 0x0000000700000000)
  object space 125440K, 67% used [0x00000006f8000000,0x00000006fd346238,0x00000006ffa80000)
Event: 96.108 GC heap after
Heap after GC invocations=23 (full 2):
 PSYoungGen      total 710848K, used 22458K [0x00000007c0000000, 0x00000007f1560000, 0x0000000800000000)
  eden space 660672K, 0% used [0x00000007c0000000,0x00000007c0000000,0x00000007e8530000)
  from space 50176K, 44% used [0x00000007e8530000,0x00000007e9b1ebc8,0x00000007eb630000)
  to   space 47552K, 0% used [0x00000007ee6f0000,0x00000007ee6f0000,0x00000007f1560000)
 ParOldGen       total 128384K, used 70832K [0x0000000700000000, 0x0000000707d60000, 0x00000007c0000000)
  object space 128384K, 55% used [0x0000000700000000,0x000000070452c3e8,0x0000000707d60000)
 PSPermGen       total 125440K, used 85272K [0x00000006f8000000, 0x00000006ffa80000, 0x0000000700000000)
  object space 125440K, 67% used [0x00000006f8000000,0x00000006fd346238,0x00000006ffa80000)
}
Event: 100.916 GC heap before
{Heap before GC invocations=24 (full 2):
 PSYoungGen      total 710848K, used 683130K [0x00000007c0000000, 0x00000007f1560000, 0x0000000800000000)
  eden space 660672K, 100% used [0x00000007c0000000,0x00000007e8530000,0x00000007e8530000)
  from space 50176K, 44% used [0x00000007e8530000,0x00000007e9b1ebc8,0x00000007eb630000)
  to   space 47552K, 0% used [0x00000007ee6f0000,0x00000007ee6f0000,0x00000007f1560000)
 ParOldGen       total 128384K, used 76491K [0x0000000700000000, 0x0000000707d60000, 0x00000007c0000000)
  object space 128384K, 59% used [0x0000000700000000,0x0000000704ab2e40,0x0000000707d60000)
 PSPermGen       total 125440K, used 85310K [0x00000006f8000000, 0x00000006ffa80000, 0x0000000700000000)
  object space 125440K, 68% used [0x00000006f8000000,0x00000006fd34f8a0,0x00000006ffa80000)
Event: 100.943 GC heap after
Heap after GC invocations=24 (full 2):
 PSYoungGen      total 760192K, used 30428K [0x00000007c0000000, 0x00000007f1680000, 0x0000000800000000)
  eden space 712640K, 0% used [0x00000007c0000000,0x00000007c0000000,0x00000007eb7f0000)
  from space 47552K, 63% used [0x00000007ee6f0000,0x00000007f04a70a8,0x00000007f1560000)
  to   space 48128K, 0% used [0x00000007eb7f0000,0x00000007eb7f0000,0x00000007ee6f0000)
 ParOldGen       total 128384K, used 76499K [0x0000000700000000, 0x0000000707d60000, 0x00000007c0000000)
  object space 128384K, 59% used [0x0000000700000000,0x0000000704ab4e40,0x0000000707d60000)
 PSPermGen       total 125440K, used 85310K [0x00000006f8000000, 0x00000006ffa80000, 0x0000000700000000)
  object space 125440K, 68% used [0x00000006f8000000,0x00000006fd34f8a0,0x00000006ffa80000)
}

Deoptimization events (10 events):
Event: 98.236 Thread 0x0000000065c3e000 Uncommon trap -83 fr.pc 0x0000000035ef75f4
Event: 98.642 Thread 0x0000000065c3e000 Uncommon trap -83 fr.pc 0x0000000036038bfc
Event: 99.886 Thread 0x0000000065c3e000 Uncommon trap -12 fr.pc 0x0000000036106784
Event: 101.270 Thread 0x0000000065c3e000 Uncommon trap -58 fr.pc 0x0000000035fb3b18
Event: 101.270 Thread 0x0000000065c3e000 Uncommon trap -58 fr.pc 0x0000000035fb3b18
Event: 102.018 Thread 0x0000000065c3e000 Uncommon trap -34 fr.pc 0x000000003606e23c
Event: 102.364 Thread 0x0000000065c3e000 Uncommon trap -34 fr.pc 0x00000000360598a0
Event: 102.364 Thread 0x0000000065c3e000 Uncommon trap -34 fr.pc 0x00000000360598a0
Event: 102.364 Thread 0x0000000065c3e000 Uncommon trap -34 fr.pc 0x00000000360598a0
Event: 102.365 Thread 0x0000000065c3e000 Uncommon trap -34 fr.pc 0x00000000360598a0

Internal exceptions (10 events):
Event: 98.641 Thread 0x0000000065c3e000 Threw 0x00000007d56f8b90 at C:\jdk7u1_64p\jdk7u11\hotspot\src\share\vm\prims\jni.cpp:716
Event: 98.641 Thread 0x0000000065c3e000 Threw 0x00000007d56fab78 at C:\jdk7u1_64p\jdk7u11\hotspot\src\share\vm\prims\jni.cpp:716
Event: 98.641 Thread 0x0000000065c3e000 Threw 0x00000007d56fca00 at C:\jdk7u1_64p\jdk7u11\hotspot\src\share\vm\prims\jni.cpp:716
Event: 98.641 Thread 0x0000000065c3e000 Threw 0x00000007d56fe648 at C:\jdk7u1_64p\jdk7u11\hotspot\src\share\vm\prims\jni.cpp:716
Event: 98.641 Thread 0x0000000065c3e000 Threw 0x00000007d57002b8 at C:\jdk7u1_64p\jdk7u11\hotspot\src\share\vm\prims\jni.cpp:716
Event: 98.641 Thread 0x0000000065c3e000 Threw 0x00000007d5701f38 at C:\jdk7u1_64p\jdk7u11\hotspot\src\share\vm\prims\jni.cpp:716
Event: 98.641 Thread 0x0000000065c3e000 Threw 0x00000007d5703bb0 at C:\jdk7u1_64p\jdk7u11\hotspot\src\share\vm\prims\jni.cpp:716
Event: 98.642 Thread 0x0000000065c3e000 Implicit null exception at 0x0000000036035509 to 0x0000000036038ba9
Event: 99.886 Thread 0x0000000065c3e000 Implicit null exception at 0x00000000361036e8 to 0x0000000036106779
Event: 100.798 Thread 0x0000000065c3e000 Threw 0x00000007e76d0230 at C:\jdk7u1_64p\jdk7u11\hotspot\src\share\vm\prims\jvm.cpp:1166

Events (10 events):
Event: 102.365 Thread 0x0000000065c3e000 DEOPT PACKING pc=0x00000000360598a0 sp=0x00000000affedb10
Event: 102.365 Thread 0x0000000065c3e000 DEOPT UNPACKING pc=0x0000000035a79164 sp=0x00000000affedac0 mode 2
Event: 102.378 Thread 0x000000007b941800 Thread added: 0x000000007b941800
Event: 102.378 Thread 0x000000007b940800 Thread exited: 0x000000007b940800
Event: 102.383 Thread 0x000000007b941800 Thread exited: 0x000000007b941800
Event: 102.384 Thread 0x000000007b940800 Thread added: 0x000000007b940800
Event: 102.923 Thread 0x000000007b941800 Thread added: 0x000000007b941800
Event: 102.923 Thread 0x000000007b940800 Thread exited: 0x000000007b940800
Event: 102.929 Thread 0x000000007b941800 Thread exited: 0x000000007b941800
Event: 102.929 Thread 0x000000007b940800 Thread added: 0x000000007b940800


Dynamic libraries:
0x0000000140000000 - 0x0000000140029000 	C:\Program Files\MATLAB\R2013b\bin\win64\matlab.exe
0x00000000774b0000 - 0x0000000077659000 	C:\Windows\SYSTEM32\ntdll.dll
0x0000000077390000 - 0x00000000774af000 	C:\Windows\system32\kernel32.dll
0x000007fefd420000 - 0x000007fefd48c000 	C:\Windows\system32\KERNELBASE.dll
0x0000000074f90000 - 0x0000000075017000 	C:\Windows\System32\SYSFER.DLL
0x000000006f060000 - 0x000000006f3dc000 	C:\Program Files\MATLAB\R2013b\bin\win64\libmwservices.dll
0x000000006fe80000 - 0x000000006ff56000 	C:\Program Files\MATLAB\R2013b\bin\win64\libmwi18n.dll
0x000000006fe70000 - 0x000000006fe7d000 	C:\Program Files\MATLAB\R2013b\bin\win64\libmwresource_core.dll
0x000000006d2f0000 - 0x000000006d388000 	C:\Program Files\MATLAB\R2013b\bin\win64\MSVCP100.dll
0x000000006bbb0000 - 0x000000006bc82000 	C:\Program Files\MATLAB\R2013b\bin\win64\MSVCR100.dll
0x0000000072080000 - 0x000000007208e000 	C:\Program Files\MATLAB\R2013b\bin\win64\boost_date_time-vc100-mt-1_49.dll
0x000000006dcc0000 - 0x000000006dcec000 	C:\Program Files\MATLAB\R2013b\bin\win64\boost_filesystem-vc100-mt-1_49.dll
0x000000006dd10000 - 0x000000006dd19000 	C:\Program Files\MATLAB\R2013b\bin\win64\boost_system-vc100-mt-1_49.dll
0x000007feff020000 - 0x000007feff0fb000 	C:\Windows\system32\ADVAPI32.dll
0x000007fefdad0000 - 0x000007fefdb6f000 	C:\Windows\system32\msvcrt.dll
0x000007fefdab0000 - 0x000007fefdacf000 	C:\Windows\SYSTEM32\sechost.dll
0x000007fefd980000 - 0x000007fefdaad000 	C:\Windows\system32\RPCRT4.dll
0x000000006dc90000 - 0x000000006dcb5000 	C:\Program Files\MATLAB\R2013b\bin\win64\LIBEXPAT.dll
0x000000006b750000 - 0x000000006b8da000 	C:\Program Files\MATLAB\R2013b\bin\win64\icuin49.dll
0x000000006b610000 - 0x000000006b74e000 	C:\Program Files\MATLAB\R2013b\bin\win64\icuuc49.dll
0x000000006a4e0000 - 0x000000006b602000 	C:\Program Files\MATLAB\R2013b\bin\win64\icudt49.dll
0x000000006dd00000 - 0x000000006dd10000 	C:\Program Files\MATLAB\R2013b\bin\win64\icuio49.dll
0x0000000004220000 - 0x00000000042db000 	C:\Program Files\MATLAB\R2013b\bin\win64\libut.dll
0x000000006f960000 - 0x000000006fb07000 	C:\Program Files\MATLAB\R2013b\bin\win64\libmwfl.dll
0x00000000042e0000 - 0x00000000046ef000 	C:\Program Files\MATLAB\R2013b\bin\win64\libmwMATLAB_res.dll
0x000000006a400000 - 0x000000006a4df000 	C:\Program Files\MATLAB\R2013b\bin\win64\boost_regex-vc100-mt-1_49.dll
0x0000000077290000 - 0x000000007738a000 	C:\Windows\system32\USER32.dll
0x000007fefec60000 - 0x000007fefecc7000 	C:\Windows\system32\GDI32.dll
0x000007feff3c0000 - 0x000007feff3ce000 	C:\Windows\system32\LPK.dll
0x000007fefdb70000 - 0x000007fefdc39000 	C:\Windows\system32\USP10.dll
0x000000006db20000 - 0x000000006db31000 	C:\Program Files\MATLAB\R2013b\bin\win64\boost_signals-vc100-mt-1_49.dll
0x000000006db00000 - 0x000000006db11000 	C:\Program Files\MATLAB\R2013b\bin\win64\boost_thread-vc100-mt-1_49.dll
0x000000006a370000 - 0x000000006a3fc000 	C:\Program Files\MATLAB\R2013b\bin\win64\boost_log-vc100-mt-1_49.dll
0x0000000077670000 - 0x0000000077677000 	C:\Windows\system32\PSAPI.DLL
0x000007fefefa0000 - 0x000007fefefed000 	C:\Windows\system32\WS2_32.dll
0x000007feff010000 - 0x000007feff018000 	C:\Windows\system32\NSI.dll
0x000007fef5e20000 - 0x000007fef5e53000 	C:\Program Files\MATLAB\R2013b\bin\win64\tbb.dll
0x000007fefeff0000 - 0x000007feff009000 	C:\Windows\system32\imagehlp.dll
0x000007fefb740000 - 0x000007fefb76c000 	C:\Windows\system32\POWRPROF.dll
0x000007feff1e0000 - 0x000007feff3b7000 	C:\Windows\system32\SETUPAPI.dll
0x000007fefd300000 - 0x000007fefd336000 	C:\Windows\system32\CFGMGR32.dll
0x000007feff100000 - 0x000007feff1d7000 	C:\Windows\system32\OLEAUT32.dll
0x000007fefea50000 - 0x000007fefec53000 	C:\Windows\system32\ole32.dll
0x000007fefd290000 - 0x000007fefd2aa000 	C:\Windows\system32\DEVOBJ.dll
0x00000000046f0000 - 0x00000000047eb000 	C:\Program Files\MATLAB\R2013b\bin\win64\libmx.dll
0x000007fef5e70000 - 0x000007fef5e98000 	C:\Program Files\MATLAB\R2013b\bin\win64\tbbmalloc.dll
0x000000006d4b0000 - 0x000000006d4c7000 	C:\Program Files\MATLAB\R2013b\bin\win64\zlib1.dll
0x000000006ef00000 - 0x000000006ef4e000 	C:\Program Files\MATLAB\R2013b\bin\win64\libmwregexp.dll
0x000000006eeb0000 - 0x000000006eef7000 	C:\Program Files\MATLAB\R2013b\bin\win64\mpath.dll
0x00000000047f0000 - 0x0000000004e18000 	C:\Program Files\MATLAB\R2013b\bin\win64\mlutil.dll
0x000000006e870000 - 0x000000006e8e7000 	C:\Program Files\MATLAB\R2013b\bin\win64\xmlcore.dll
0x000000006a120000 - 0x000000006a361000 	C:\Program Files\MATLAB\R2013b\bin\win64\xerces-c_2_7.dll
0x000000006e5f0000 - 0x000000006e613000 	C:\Program Files\MATLAB\R2013b\bin\win64\libmwMATLAB_settings_res.dll
0x000000006dc80000 - 0x000000006dc90000 	C:\Program Files\MATLAB\R2013b\bin\win64\boost_iostreams-vc100-mt-1_49.dll
0x000000006cda0000 - 0x000000006cde6000 	C:\Program Files\MATLAB\R2013b\bin\win64\boost_serialization-vc100-mt-1_49.dll
0x000007fefdc40000 - 0x000007fefe9c8000 	C:\Windows\system32\SHELL32.dll
0x000007fefe9d0000 - 0x000007fefea41000 	C:\Windows\system32\SHLWAPI.dll
0x000000006e580000 - 0x000000006e586000 	C:\Program Files\MATLAB\R2013b\bin\win64\libmwnativedisplay.dll
0x00000000685f0000 - 0x000000006863d000 	C:\Program Files\MATLAB\R2013b\bin\win64\opccore.dll
0x00000000684f0000 - 0x00000000685c6000 	C:\Program Files\MATLAB\R2013b\bin\win64\opcmodel.dll
0x00000000684c0000 - 0x00000000684ed000 	C:\Program Files\MATLAB\R2013b\bin\win64\opczippackage.dll
0x000000006d2e0000 - 0x000000006d2ee000 	C:\Program Files\MATLAB\R2013b\bin\win64\libminizip.dll
0x0000000068340000 - 0x00000000683a6000 	C:\Program Files\MATLAB\R2013b\bin\win64\opcmwservices.dll
0x000007fef9e20000 - 0x000007fef9ec0000 	C:\Windows\WinSxS\amd64_microsoft.windows.common-controls_6595b64144ccf1df_5.82.7601.18201_none_a4d3b9377117c3df\COMCTL32.dll
0x000007feff470000 - 0x000007feff507000 	C:\Windows\system32\COMDLG32.dll
0x000007fefa970000 - 0x000007fefa986000 	C:\Windows\system32\NETAPI32.dll
0x000007fefc6a0000 - 0x000007fefc6ac000 	C:\Windows\system32\netutils.dll
0x000007fefccc0000 - 0x000007fefcce3000 	C:\Windows\system32\srvcli.dll
0x000007fefa930000 - 0x000007fefa945000 	C:\Windows\system32\wkscli.dll
0x000000006e4d0000 - 0x000000006e57d000 	C:\Program Files\MATLAB\R2013b\bin\win64\mcr.dll
0x000000006e110000 - 0x000000006e4d0000 	C:\Program Files\MATLAB\R2013b\bin\win64\iqm.dll
0x0000000180000000 - 0x00000001800c2000 	C:\Program Files\MATLAB\R2013b\bin\win64\m_dispatcher.dll
0x0000000004e30000 - 0x000000000562b000 	C:\Program Files\MATLAB\R2013b\bin\win64\m_interpreter.dll
0x000000006d760000 - 0x000000006d784000 	C:\Program Files\MATLAB\R2013b\bin\win64\libmex.dll
0x000000006d6e0000 - 0x000000006d75b000 	C:\Program Files\MATLAB\R2013b\bin\win64\profiler.dll
0x0000000005630000 - 0x00000000057a8000 	C:\Program Files\MATLAB\R2013b\bin\win64\libmwmathutil.dll
0x000000006d420000 - 0x000000006d447000 	C:\Program Files\MATLAB\R2013b\bin\win64\libmwmathrng.dll
0x000000006d410000 - 0x000000006d420000 	C:\Program Files\MATLAB\R2013b\bin\win64\libmwmfl_rng.dll
0x00000000057b0000 - 0x00000000058c8000 	C:\Program Files\MATLAB\R2013b\bin\win64\libmwmathcore.dll
0x00000000058d0000 - 0x0000000005933000 	C:\Program Files\MATLAB\R2013b\bin\win64\libmwspmatrix.dll
0x0000000005940000 - 0x0000000005ba2000 	C:\Program Files\MATLAB\R2013b\bin\win64\mcos.dll
0x000000006cfc0000 - 0x000000006d01c000 	C:\Program Files\MATLAB\R2013b\bin\win64\libmwcholmod.dll
0x000000006cfb0000 - 0x000000006cfbc000 	C:\Program Files\MATLAB\R2013b\bin\win64\libmwamd.dll
0x000000006cfa0000 - 0x000000006cfab000 	C:\Program Files\MATLAB\R2013b\bin\win64\libmwcolamd.dll
0x000000006cf80000 - 0x000000006cf93000 	C:\Program Files\MATLAB\R2013b\bin\win64\libmwblas.dll
0x000000006cf60000 - 0x000000006cf75000 	C:\Program Files\MATLAB\R2013b\bin\win64\libmwbinder.dll
0x000000006cf50000 - 0x000000006cf5b000 	C:\Program Files\MATLAB\R2013b\bin\win64\libmwompwrapper.dll
0x000000006ced0000 - 0x000000006cf4f000 	C:\Program Files\MATLAB\R2013b\bin\win64\libmwlapack.dll
0x000000006ceb0000 - 0x000000006ced0000 	C:\Program Files\MATLAB\R2013b\bin\win64\m_pcodeio.dll
0x000000006ce50000 - 0x000000006ceac000 	C:\Program Files\MATLAB\R2013b\bin\win64\m_ir.dll
0x0000000005bb0000 - 0x0000000006265000 	C:\Program Files\MATLAB\R2013b\bin\win64\m_parser.dll
0x000000006c780000 - 0x000000006c797000 	C:\Program Files\MATLAB\R2013b\bin\win64\ir_xfmr.dll
0x000000006c770000 - 0x000000006c780000 	C:\Program Files\MATLAB\R2013b\bin\win64\mtok.dll
0x000000006c740000 - 0x000000006c768000 	C:\Program Files\MATLAB\R2013b\bin\win64\m_pcodegen.dll
0x000007feec950000 - 0x000007feeca75000 	C:\Windows\system32\dbghelp.dll
0x000000006c710000 - 0x000000006c73f000 	C:\Program Files\MATLAB\R2013b\bin\win64\libmwbridge.dll
0x000000006c650000 - 0x000000006c706000 	C:\Program Files\MATLAB\R2013b\bin\win64\udd.dll
0x0000000006270000 - 0x00000000063c1000 	C:\Program Files\MATLAB\R2013b\bin\win64\libmwgui.dll
0x000000006c4d0000 - 0x000000006c4f8000 	C:\Program Files\MATLAB\R2013b\bin\win64\graphics_util.dll
0x000000006a060000 - 0x000000006a118000 	C:\Program Files\MATLAB\R2013b\bin\win64\libtex_base.dll
0x00000000063d0000 - 0x0000000006d36000 	C:\Program Files\MATLAB\R2013b\bin\win64\hg.dll
0x000000006ba60000 - 0x000000006babd000 	C:\Program Files\MATLAB\R2013b\bin\win64\libmat.dll
0x0000000006d40000 - 0x0000000006f48000 	C:\Program Files\MATLAB\R2013b\bin\win64\hdf5dll.dll
0x0000000006f60000 - 0x0000000007028000 	C:\Program Files\MATLAB\R2013b\bin\win64\jmi.dll
0x0000000007030000 - 0x000000000703e000 	C:\Program Files\MATLAB\R2013b\bin\win64\nativejava_services.dll
0x0000000007040000 - 0x0000000007082000 	C:\Program Files\MATLAB\R2013b\bin\win64\libmwhardcopy.dll
0x0000000007090000 - 0x00000000070ee000 	C:\Program Files\MATLAB\R2013b\bin\win64\libuij.dll
0x00000000070f0000 - 0x00000000072f5000 	C:\Program Files\MATLAB\R2013b\bin\win64\hgdatatypes.dll
0x0000000007300000 - 0x0000000007412000 	C:\Program Files\MATLAB\R2013b\bin\win64\hgutils.dll
0x0000000007420000 - 0x00000000074ce000 	C:\Program Files\MATLAB\R2013b\bin\win64\udd_mi.dll
0x00000000074d0000 - 0x0000000007506000 	C:\Program Files\MATLAB\R2013b\bin\win64\libmwgbtutils.dll
0x0000000007510000 - 0x0000000007523000 	C:\Program Files\MATLAB\R2013b\bin\win64\libmwgbt.dll
0x0000000007530000 - 0x00000000077ff000 	C:\Program Files\MATLAB\R2013b\bin\win64\uiw.dll
0x0000000007800000 - 0x0000000007809000 	C:\Program Files\MATLAB\R2013b\bin\win64\uinone.dll
0x0000000007810000 - 0x000000000783c000 	C:\Program Files\MATLAB\R2013b\bin\win64\libmwnativedialogs.dll
0x0000000007850000 - 0x000000000785c000 	C:\Program Files\MATLAB\R2013b\bin\win64\libmwplatform_res.dll
0x000007fef5320000 - 0x000007fef5338000 	C:\Windows\system32\MPR.dll
0x0000000069b00000 - 0x000000006a05d000 	C:\Program Files\MATLAB\R2013b\bin\win64\mfc100.dll
0x000007fefa200000 - 0x000007fefa207000 	C:\Windows\system32\MSIMG32.dll
0x000007fef9da0000 - 0x000007fef9e11000 	C:\Windows\system32\WINSPOOL.DRV
0x0000000007860000 - 0x000000000787d000 	C:\Program Files\MATLAB\R2013b\bin\win64\mwoles05.DLL
0x0000000007880000 - 0x00000000078ec000 	C:\Program Files\MATLAB\R2013b\bin\win64\comcli.dll
0x000000006d2b0000 - 0x000000006d2db000 	C:\Program Files\MATLAB\R2013b\bin\win64\ATL100.DLL
0x00000000078f0000 - 0x00000000078fc000 	C:\Program Files\MATLAB\R2013b\bin\win64\mlautoregister.dll
0x0000000007900000 - 0x0000000007a6f000 	C:\Program Files\MATLAB\R2013b\bin\win64\mvm.dll
0x000007fefd7c0000 - 0x000007fefd7ee000 	C:\Windows\system32\IMM32.DLL
0x000007fefd7f0000 - 0x000007fefd8f9000 	C:\Windows\system32\MSCTF.dll
0x000007fefbbf0000 - 0x000007fefbc46000 	C:\Windows\system32\UxTheme.dll

VM Arguments:
jvm_args: -XX:PermSize=32m -Xms64m -XX:NewRatio=3 -XX:MaxPermSize=128m -Xmx4096m -XX:MaxDirectMemorySize=2147400000 -Dsun.java2d.noddraw=true -Dsun.awt.nopixfmt=true -Xshare:off -Xrs -XX:-UseSplitVerifier -Djava.library.path=C:\Program Files\MATLAB\R2013b\bin\win64;C:\Program Files\MATLAB\R2013b\sys\jxbrowser\win64\lib;C:\Program Files\Micro-Manager-1.4.17 vfprintf abort -Duser.language=en -Duser.country=US -XX:ParallelGCThreads=6 
java_command: <unknown>
Launcher Type: generic

Environment Variables:
PATH=C:\Python27\Lib\site-packages\PyQt4;C:\Windows\system32;C:\Windows;C:\Windows\System32\Wbem;C:\Windows\System32\WindowsPowerShell\v1.0\;C:\Program Files\TortoiseSVN\bin;C:\Python27;C:\Python27\DLLs;C:\Python27\Scripts;C:\Python27\Lib\site-packages\vtk;C:\Python27\gnuplot\binary;C:\Program Files (x86)\pythonxy\SciTE-3.3.2-3;C:\Program Files (x86)\pythonxy\console;C:\MinGW32-xy\bin;C:\Program Files (x86)\IVI Foundation\VISA\WinNT\Bin;\Serial;\Serial;C:\Program Files\SiliconSoftware\Runtime5.2.2\BIN;C:\Program Files\MATLAB\R2013b\bin;C:\Program Files\Micro-Manager-1.4.17;C:\BitFlow SDK 5.70\Bin64;C:\BitFlow SDK 5.70\Bin32;C:\Program Files\CameraLink\Serial;C:\Program Files (x86)\CameraLink\Serial;C:\Program Files\Micro-Manager-1.4.17
USERNAME=nicuser
OS=Windows_NT
PROCESSOR_IDENTIFIER=Intel64 Family 6 Model 45 Stepping 7, GenuineIntel



---------------  S Y S T E M  ---------------

OS: Windows 7 , 64 bit Build 7601 Service Pack 1

CPU:total 16 (4 cores per cpu, 2 threads per core) family 6 model 45 stepping 7, cmov, cx8, fxsr, mmx, sse, sse2, sse3, ssse3, sse4.1, sse4.2, popcnt, avx, ht, tsc, tscinvbit, tscinv

Memory: 4k page, physical 33476304k(19888248k free), swap 66950744k(52658008k free)

vm_info: Java HotSpot(TM) 64-Bit Server VM (23.6-b04) for windows-amd64 JRE (1.7.0_11-b21), built on Jan 12 2013 02:38:42 by "java_re" with unknown MS VC++:1600

time: Tue Dec 09 13:38:05 2014
elapsed time: 103 seconds

