#
# A fatal error has been detected by the Java Runtime Environment:
#
#  EXCEPTION_ACCESS_VIOLATION (0xc0000005) at pc=0x00000000775c2e6d, pid=5852, tid=4072
#
# JRE version: 7.0_11-b21
# Java VM: Java HotSpot(TM) 64-Bit Server VM (23.6-b04 mixed mode windows-amd64 compressed oops)
# Problematic frame:
# C  [ntdll.dll+0x22e6d]
#
# Failed to write core dump. Minidumps are not enabled by default on client versions of Windows
#
# If you would like to submit a bug report, please visit:
#   http://bugreport.sun.com/bugreport/crash.jsp
#

---------------  T H R E A D  ---------------

Current thread (0x00000000357d3000):  VMThread [stack: 0x000000005d600000,0x0000000061600000] [id=4072]

siginfo: ExceptionCode=0xc0000005, reading address 0x000000000be10074

Registers:
RAX=0x0000000000000001, RBX=0x0000000000000000, RCX=0x000000000be10000, RDX=0x0000000000000000
RSP=0x00000000615ff8f0, RBP=0x0000000035446b40, RSI=0x0000000000000001, RDI=0x000007feec45041c
R8 =0x00000000615ff878, R9 =0x0000000000008000, R10=0x0000000000000000, R11=0x0000000000000286
R12=0x000007feec420000, R13=0x000007fffff98000, R14=0x00000000776d7be0, R15=0x00000000776d2670
RIP=0x00000000775c2e6d, EFLAGS=0x0000000000010206

Top of Stack: (sp=0x00000000615ff8f0)
0x00000000615ff8f0:   0000000000020000 000000000be10000
0x00000000615ff900:   000000000be10000 00000000239a7ac0
0x00000000615ff910:   000007feec45041c 000007fefd412eea
0x00000000615ff920:   0000000000000000 00000000776d7be0
0x00000000615ff930:   0000000000000000 0000000000000001
0x00000000615ff940:   0000000000000000 000007feec423404
0x00000000615ff950:   0000000000000000 0000000000000001
0x00000000615ff960:   0000000000000001 00000000776d7be0
0x00000000615ff970:   0000000000000000 000007feec45037f
0x00000000615ff980:   0000000000000001 0000000035446b40
0x00000000615ff990:   0000000000000001 000007feec360000
0x00000000615ff9a0:   000007fffff98000 000007feec3ac6e8
0x00000000615ff9b0:   000007fffffdf000 00000000775c43a1
0x00000000615ff9c0:   000000007034f1f0 000000007034f120
0x00000000615ff9d0:   000007feec45041c 000007fffffdf000
0x00000000615ff9e0:   0000000000000000 0000000000000000 

Instructions: (pc=0x00000000775c2e6d)
0x00000000775c2e4d:   90 90 90 90 90 90 90 90 90 90 90 90 90 90 90 90
0x00000000775c2e5d:   90 90 90 48 83 ec 28 48 85 c9 0f 84 df 87 07 00
0x00000000775c2e6d:   0f ba 61 74 18 48 89 7c 24 20 48 8b f9 0f 82 39
0x00000000775c2e7d:   88 07 00 8b 89 98 00 00 00 85 c9 0f 85 37 88 07 


Register to memory mapping:

RAX=0x0000000000000001 is an unknown value
RBX=0x0000000000000000 is an unknown value
RCX=0x000000000be10000 is an unknown value
RDX=0x0000000000000000 is an unknown value
RSP=0x00000000615ff8f0 is an unknown value
RBP=0x0000000035446b40 is an unknown value
RSI=0x0000000000000001 is an unknown value
RDI=0x000007feec45041c is an unknown value
R8 =0x00000000615ff878 is an unknown value
R9 =0x0000000000008000 is an unknown value
R10=0x0000000000000000 is an unknown value
R11=0x0000000000000286 is an unknown value
R12=0x000007feec420000 is an unknown value
R13=0x000007fffff98000 is an unknown value
R14=0x00000000776d7be0 is an unknown value
R15=0x00000000776d2670 is an unknown value


Stack: [0x000000005d600000,0x0000000061600000],  sp=0x00000000615ff8f0,  free space=65534k
Native frames: (J=compiled Java code, j=interpreted, Vv=VM code, C=native code)
C  [ntdll.dll+0x22e6d]

VM_Operation (0x00000000affedb20): Exit, mode: safepoint, requested by thread 0x0000000066054800


---------------  P R O C E S S  ---------------

Java Threads: ( => current thread )
  0x0000000373d51800 JavaThread "FileDecorationCache request queue" daemon [_thread_blocked, id=2916, stack(0x00000001b1050000,0x00000001b5050000)]
  0x0000000373d51000 JavaThread "Code Analyzer updating thread" [_thread_blocked, id=5360, stack(0x00000003bb070000,0x00000003bf070000)]
  0x0000000373d50000 JavaThread "Code Analyzer updating thread" [_thread_blocked, id=1296, stack(0x00000003c7070000,0x00000003cb070000)]
  0x00000003ae240000 JavaThread "Prefs Updater" daemon [_thread_blocked, id=5628, stack(0x0000000174040000,0x0000000178040000)]
  0x00000001bc1c4000 JavaThread "Foxtrot Single Worker Thread #1" daemon [_thread_blocked, id=5704, stack(0x00000001b5050000,0x00000001b9050000)]
  0x0000000072748000 JavaThread "BeanShell interpreter" [_thread_blocked, id=4852, stack(0x00000000ffff0000,0x0000000103ff0000)]
  0x0000000072742000 JavaThread "Thread-57" [_thread_blocked, id=4944, stack(0x00000000d3ff0000,0x00000000d7ff0000)]
  0x0000000072740000 JavaThread "Code Analyzer updating thread" [_thread_blocked, id=5212, stack(0x00000000f7ff0000,0x00000000fbff0000)]
  0x000000007273f000 JavaThread "Code Analyzer updating thread" [_thread_blocked, id=6064, stack(0x00000000f3ff0000,0x00000000f7ff0000)]
  0x000000007273e800 JavaThread "Code Analyzer updating thread" [_thread_blocked, id=6088, stack(0x00000000efff0000,0x00000000f3ff0000)]
  0x000000007273d800 JavaThread "Code Analyzer updating thread" [_thread_blocked, id=5776, stack(0x00000000ebff0000,0x00000000efff0000)]
  0x000000007273d000 JavaThread "Active Reference Queue Daemon" daemon [_thread_blocked, id=5692, stack(0x00000000e7ff0000,0x00000000ebff0000)]
  0x000000007273c000 JavaThread "Timer-1" daemon [_thread_blocked, id=5908, stack(0x00000000e3ff0000,0x00000000e7ff0000)]
  0x000000007273b800 JavaThread "ClipboardMonitor Timer" daemon [_thread_blocked, id=5748, stack(0x00000000dfff0000,0x00000000e3ff0000)]
  0x000000007273a800 JavaThread "Explorer NavigationContext request queue" daemon [_thread_blocked, id=5864, stack(0x00000000dbff0000,0x00000000dfff0000)]
  0x00000000724c8000 JavaThread "AddressBar directory emptiness poller" daemon [_thread_blocked, id=4212, stack(0x00000000cfff0000,0x00000000d3ff0000)]
  0x0000000072b34800 JavaThread "Explorer Refresh Service 1350798625" daemon [_thread_blocked, id=5128, stack(0x00000000cbff0000,0x00000000cfff0000)]
  0x0000000066e7a000 JavaThread "TimerQueue" daemon [_thread_blocked, id=4228, stack(0x00000000bfff0000,0x00000000c3ff0000)]
  0x000000006649f800 JavaThread "Thread-3" daemon [_thread_blocked, id=5888, stack(0x00000000afff0000,0x00000000b3ff0000)]
  0x0000000066054800 JavaThread "AWT-EventQueue-0" [_thread_blocked, id=5912, stack(0x00000000abff0000,0x00000000afff0000)]
  0x0000000065e82000 JavaThread "AWT-Shutdown" [_thread_blocked, id=5980, stack(0x000000009fff0000,0x00000000a3ff0000)]
  0x0000000065d3f800 JavaThread "Java2D Disposer" daemon [_thread_blocked, id=4092, stack(0x000000009bff0000,0x000000009fff0000)]
  0x0000000065cef800 JavaThread "Timer-0" [_thread_blocked, id=3084, stack(0x0000000097ff0000,0x000000009bff0000)]
  0x0000000065c78800 JavaThread "EventMgr Dispatcher" daemon [_thread_in_native, id=5444, stack(0x0000000093ff0000,0x0000000097ff0000)]
  0x000000003586a000 JavaThread "Service Thread" daemon [_thread_blocked, id=4772, stack(0x000000008bff0000,0x000000008fff0000)]
  0x000000003585f000 JavaThread "C2 CompilerThread1" daemon [_thread_blocked, id=5344, stack(0x0000000087ff0000,0x000000008bff0000)]
  0x000000003585a000 JavaThread "C2 CompilerThread0" daemon [_thread_blocked, id=5276, stack(0x0000000083ff0000,0x0000000087ff0000)]
  0x0000000035859000 JavaThread "Attach Listener" daemon [_thread_blocked, id=4776, stack(0x000000007fff0000,0x0000000083ff0000)]
  0x00000000357e3800 JavaThread "Finalizer" daemon [_thread_blocked, id=6112, stack(0x0000000077780000,0x000000007b780000)]
  0x00000000357dd800 JavaThread "Reference Handler" daemon [_thread_blocked, id=5416, stack(0x0000000061600000,0x0000000065600000)]
  0x0000000035625000 JavaThread "main" [_thread_in_native, id=4332, stack(0x0000000000030000,0x0000000004030000)]

Other Threads:
=>0x00000000357d3000 VMThread [stack: 0x000000005d600000,0x0000000061600000] [id=4072]

VM state:at safepoint (shutting down)

VM Mutex/Monitor currently owned by a thread:  ([mutex/lock_event])
[0x00000000349884b0] Threads_lock - owner thread: 0x00000000357d3000

Heap
 PSYoungGen      total 488960K, used 163632K [0x00000007c0000000, 0x00000007f1690000, 0x0000000800000000)
  eden space 488768K, 33% used [0x00000007c0000000,0x00000007c9f9c350,0x00000007ddd50000)
  from space 192K, 100% used [0x00000007f1660000,0x00000007f1690000,0x00000007f1690000)
  to   space 41856K, 0% used [0x00000007ec4d0000,0x00000007ec4d0000,0x00000007eedb0000)
 ParOldGen       total 145408K, used 83225K [0x0000000700000000, 0x0000000708e00000, 0x00000007c0000000)
  object space 145408K, 57% used [0x0000000700000000,0x0000000705146460,0x0000000708e00000)
 PSPermGen       total 131072K, used 89180K [0x00000006f8000000, 0x0000000700000000, 0x0000000700000000)
  object space 131072K, 68% used [0x00000006f8000000,0x00000006fd717340,0x0000000700000000)

Card table byte_map: [0x0000000038c60000,0x00000000394b0000] byte_map_base: 0x00000000354a0000

Polling page: 0x000000000a2f0000

Code Cache  [0x0000000035ba0000, 0x0000000036690000, 0x0000000038ba0000)
 total_blobs=4383 nmethods=3588 adapters=739 free_code_cache=38230Kb largest_free_block=38891456

Compilation events (10 events):
Event: 5318.825 Thread 0x000000003585a000 4047             com.mathworks.mlwidgets.explorer.model.table.UiFileList::access$600 (5 bytes)
Event: 5318.826 Thread 0x000000003585a000 nmethod 4047 0x0000000035e8b1d0 code [0x0000000035e8b300, 0x0000000035e8b358]
Event: 5906.827 Thread 0x000000003585f000 4048  s          com.mathworks.widgets.grouptable.RowListTransactionTarget::startTransaction (107 bytes)
Event: 5906.827 Thread 0x000000003585a000 4049             com.mathworks.widgets.grouptable.GroupingTableModel$7::start (108 bytes)
Event: 5906.834 Thread 0x000000003585a000 nmethod 4049 0x00000000361c2390 code [0x00000000361c2520, 0x00000000361c2a38]
Event: 5906.834 Thread 0x000000003585f000 nmethod 4048 0x000000003627b9d0 code [0x000000003627bbc0, 0x000000003627c4a8]
Event: 5978.784 Thread 0x000000003585f000 4050   !         com.mathworks.util.RequestQueue::execute (74 bytes)
Event: 5978.839 Thread 0x000000003585f000 nmethod 4050 0x0000000036662690 code [0x0000000036662a20, 0x0000000036664518]
Event: 6025.863 Thread 0x000000003585a000 4051             sun.util.locale.LocaleUtils::caseIgnoreMatch (73 bytes)
Event: 6025.866 Thread 0x000000003585a000 nmethod 4051 0x000000003665bb50 code [0x000000003665bca0, 0x000000003665bef8]

GC Heap History (10 events):
Event: 3810.200 GC heap before
{Heap before GC invocations=66 (full 4):
 PSYoungGen      total 619648K, used 619616K [0x00000007c0000000, 0x00000007f9510000, 0x0000000800000000)
  eden space 619456K, 100% used [0x00000007c0000000,0x00000007e5cf0000,0x00000007e5cf0000)
  from space 192K, 83% used [0x00000007f5880000,0x00000007f58a8000,0x00000007f58b0000)
  to   space 43136K, 0% used [0x00000007f6af0000,0x00000007f6af0000,0x00000007f9510000)
 ParOldGen       total 145408K, used 83225K [0x0000000700000000, 0x0000000708e00000, 0x00000007c0000000)
  object space 145408K, 57% used [0x0000000700000000,0x0000000705146460,0x0000000708e00000)
 PSPermGen       total 131072K, used 89114K [0x00000006f8000000, 0x0000000700000000, 0x0000000700000000)
  object space 131072K, 67% used [0x00000006f8000000,0x00000006fd706b50,0x0000000700000000)
Event: 3810.209 GC heap after
Heap after GC invocations=66 (full 4):
 PSYoungGen      total 590784K, used 160K [0x00000007c0000000, 0x00000007f6b20000, 0x0000000800000000)
  eden space 590592K, 0% used [0x00000007c0000000,0x00000007c0000000,0x00000007e40c0000)
  from space 192K, 83% used [0x00000007f6af0000,0x00000007f6b18000,0x00000007f6b20000)
  to   space 43776K, 0% used [0x00000007f15a0000,0x00000007f15a0000,0x00000007f4060000)
 ParOldGen       total 145408K, used 83225K [0x0000000700000000, 0x0000000708e00000, 0x00000007c0000000)
  object space 145408K, 57% used [0x0000000700000000,0x0000000705146460,0x0000000708e00000)
 PSPermGen       total 131072K, used 89114K [0x00000006f8000000, 0x0000000700000000, 0x0000000700000000)
  object space 131072K, 67% used [0x00000006f8000000,0x00000006fd706b50,0x0000000700000000)
}
Event: 4457.872 GC heap before
{Heap before GC invocations=67 (full 4):
 PSYoungGen      total 590784K, used 590752K [0x00000007c0000000, 0x00000007f6b20000, 0x0000000800000000)
  eden space 590592K, 100% used [0x00000007c0000000,0x00000007e40c0000,0x00000007e40c0000)
  from space 192K, 83% used [0x00000007f6af0000,0x00000007f6b18000,0x00000007f6b20000)
  to   space 43776K, 0% used [0x00000007f15a0000,0x00000007f15a0000,0x00000007f4060000)
 ParOldGen       total 145408K, used 83225K [0x0000000700000000, 0x0000000708e00000, 0x00000007c0000000)
  object space 145408K, 57% used [0x0000000700000000,0x0000000705146460,0x0000000708e00000)
 PSPermGen       total 131072K, used 89118K [0x00000006f8000000, 0x0000000700000000, 0x0000000700000000)
  object space 131072K, 67% used [0x00000006f8000000,0x00000006fd707bc8,0x0000000700000000)
Event: 4457.879 GC heap after
Heap after GC invocations=67 (full 4):
 PSYoungGen      total 563328K, used 192K [0x00000007c0000000, 0x00000007f6b00000, 0x0000000800000000)
  eden space 563136K, 0% used [0x00000007c0000000,0x00000007c0000000,0x00000007e25f0000)
  from space 192K, 100% used [0x00000007f15a0000,0x00000007f15d0000,0x00000007f15d0000)
  to   space 43904K, 0% used [0x00000007f4020000,0x00000007f4020000,0x00000007f6b00000)
 ParOldGen       total 145408K, used 83225K [0x0000000700000000, 0x0000000708e00000, 0x00000007c0000000)
  object space 145408K, 57% used [0x0000000700000000,0x0000000705146460,0x0000000708e00000)
 PSPermGen       total 131072K, used 89118K [0x00000006f8000000, 0x0000000700000000, 0x0000000700000000)
  object space 131072K, 67% used [0x00000006f8000000,0x00000006fd707bc8,0x0000000700000000)
}
Event: 5162.831 GC heap before
{Heap before GC invocations=68 (full 4):
 PSYoungGen      total 563328K, used 563328K [0x00000007c0000000, 0x00000007f6b00000, 0x0000000800000000)
  eden space 563136K, 100% used [0x00000007c0000000,0x00000007e25f0000,0x00000007e25f0000)
  from space 192K, 100% used [0x00000007f15a0000,0x00000007f15d0000,0x00000007f15d0000)
  to   space 43904K, 0% used [0x00000007f4020000,0x00000007f4020000,0x00000007f6b00000)
 ParOldGen       total 145408K, used 83225K [0x0000000700000000, 0x0000000708e00000, 0x00000007c0000000)
  object space 145408K, 57% used [0x0000000700000000,0x0000000705146460,0x0000000708e00000)
 PSPermGen       total 131072K, used 89119K [0x00000006f8000000, 0x0000000700000000, 0x0000000700000000)
  object space 131072K, 67% used [0x00000006f8000000,0x00000006fd707eb0,0x0000000700000000)
Event: 5162.844 GC heap after
Heap after GC invocations=68 (full 4):
 PSYoungGen      total 537280K, used 192K [0x00000007c0000000, 0x00000007f4050000, 0x0000000800000000)
  eden space 537088K, 0% used [0x00000007c0000000,0x00000007c0000000,0x00000007e0c80000)
  from space 192K, 100% used [0x00000007f4020000,0x00000007f4050000,0x00000007f4050000)
  to   space 43520K, 0% used [0x00000007eeb50000,0x00000007eeb50000,0x00000007f15d0000)
 ParOldGen       total 145408K, used 83225K [0x0000000700000000, 0x0000000708e00000, 0x00000007c0000000)
  object space 145408K, 57% used [0x0000000700000000,0x0000000705146460,0x0000000708e00000)
 PSPermGen       total 131072K, used 89119K [0x00000006f8000000, 0x0000000700000000, 0x0000000700000000)
  object space 131072K, 67% used [0x00000006f8000000,0x00000006fd707eb0,0x0000000700000000)
}
Event: 5613.667 GC heap before
{Heap before GC invocations=69 (full 4):
 PSYoungGen      total 537280K, used 537280K [0x00000007c0000000, 0x00000007f4050000, 0x0000000800000000)
  eden space 537088K, 100% used [0x00000007c0000000,0x00000007e0c80000,0x00000007e0c80000)
  from space 192K, 100% used [0x00000007f4020000,0x00000007f4050000,0x00000007f4050000)
  to   space 43520K, 0% used [0x00000007eeb50000,0x00000007eeb50000,0x00000007f15d0000)
 ParOldGen       total 145408K, used 83225K [0x0000000700000000, 0x0000000708e00000, 0x00000007c0000000)
  object space 145408K, 57% used [0x0000000700000000,0x0000000705146460,0x0000000708e00000)
 PSPermGen       total 131072K, used 89119K [0x00000006f8000000, 0x0000000700000000, 0x0000000700000000)
  object space 131072K, 67% used [0x00000006f8000000,0x00000006fd707eb0,0x0000000700000000)
Event: 5613.674 GC heap after
Heap after GC invocations=69 (full 4):
 PSYoungGen      total 555840K, used 160K [0x00000007c0000000, 0x00000007f4030000, 0x0000000800000000)
  eden space 512320K, 0% used [0x00000007c0000000,0x00000007c0000000,0x00000007df450000)
  from space 43520K, 0% used [0x00000007eeb50000,0x00000007eeb78000,0x00000007f15d0000)
  to   space 42816K, 0% used [0x00000007f1660000,0x00000007f1660000,0x00000007f4030000)
 ParOldGen       total 145408K, used 83225K [0x0000000700000000, 0x0000000708e00000, 0x00000007c0000000)
  object space 145408K, 57% used [0x0000000700000000,0x0000000705146460,0x0000000708e00000)
 PSPermGen       total 131072K, used 89119K [0x00000006f8000000, 0x0000000700000000, 0x0000000700000000)
  object space 131072K, 67% used [0x00000006f8000000,0x00000006fd707eb0,0x0000000700000000)
}
Event: 5921.882 GC heap before
{Heap before GC invocations=70 (full 4):
 PSYoungGen      total 555840K, used 512480K [0x00000007c0000000, 0x00000007f4030000, 0x0000000800000000)
  eden space 512320K, 100% used [0x00000007c0000000,0x00000007df450000,0x00000007df450000)
  from space 43520K, 0% used [0x00000007eeb50000,0x00000007eeb78000,0x00000007f15d0000)
  to   space 42816K, 0% used [0x00000007f1660000,0x00000007f1660000,0x00000007f4030000)
 ParOldGen       total 145408K, used 83225K [0x0000000700000000, 0x0000000708e00000, 0x00000007c0000000)
  object space 145408K, 57% used [0x0000000700000000,0x0000000705146460,0x0000000708e00000)
 PSPermGen       total 131072K, used 89120K [0x00000006f8000000, 0x0000000700000000, 0x0000000700000000)
  object space 131072K, 67% used [0x00000006f8000000,0x00000006fd7083b0,0x0000000700000000)
Event: 5921.894 GC heap after
Heap after GC invocations=70 (full 4):
 PSYoungGen      total 488960K, used 192K [0x00000007c0000000, 0x00000007f1690000, 0x0000000800000000)
  eden space 488768K, 0% used [0x00000007c0000000,0x00000007c0000000,0x00000007ddd50000)
  from space 192K, 100% used [0x00000007f1660000,0x00000007f1690000,0x00000007f1690000)
  to   space 41856K, 0% used [0x00000007ec4d0000,0x00000007ec4d0000,0x00000007eedb0000)
 ParOldGen       total 145408K, used 83225K [0x0000000700000000, 0x0000000708e00000, 0x00000007c0000000)
  object space 145408K, 57% used [0x0000000700000000,0x0000000705146460,0x0000000708e00000)
 PSPermGen       total 131072K, used 89120K [0x00000006f8000000, 0x0000000700000000, 0x0000000700000000)
  object space 131072K, 67% used [0x00000006f8000000,0x00000006fd7083b0,0x0000000700000000)
}

Deoptimization events (10 events):
Event: 6026.868 Thread 0x0000000066054800 Uncommon trap -58 fr.pc 0x000000003627f838
Event: 6026.869 Thread 0x0000000066054800 Uncommon trap -83 fr.pc 0x00000000362203dc
Event: 6026.869 Thread 0x0000000066054800 Uncommon trap -83 fr.pc 0x00000000361d37f8
Event: 6026.869 Thread 0x0000000066054800 Uncommon trap -83 fr.pc 0x000000003621c788
Event: 6026.872 Thread 0x0000000066054800 Uncommon trap -83 fr.pc 0x00000000361be548
Event: 6026.872 Thread 0x0000000066054800 Uncommon trap -83 fr.pc 0x000000003619e230
Event: 6026.872 Thread 0x0000000066054800 Uncommon trap -83 fr.pc 0x00000000361839e8
Event: 6026.872 Thread 0x0000000066054800 Uncommon trap -83 fr.pc 0x00000000361c5fec
Event: 6026.872 Thread 0x0000000066054800 Uncommon trap -83 fr.pc 0x000000003623f9b0
Event: 6032.238 Thread 0x000000006606d800 Uncommon trap -42 fr.pc 0x0000000035e7eacc

Internal exceptions (10 events):
Event: 6026.850 Thread 0x0000000066054800 Threw 0x00000007c921a848 at C:\jdk7u1_64p\jdk7u11\hotspot\src\share\vm\prims\jvm.cpp:1166
Event: 6026.851 Thread 0x0000000066054800 Threw 0x00000007c92476f0 at C:\jdk7u1_64p\jdk7u11\hotspot\src\share\vm\prims\jvm.cpp:1166
Event: 6026.852 Thread 0x0000000066054800 Threw 0x00000007c9262a58 at C:\jdk7u1_64p\jdk7u11\hotspot\src\share\vm\prims\jvm.cpp:1166
Event: 6026.852 Thread 0x0000000066054800 Threw 0x00000007c927da78 at C:\jdk7u1_64p\jdk7u11\hotspot\src\share\vm\prims\jvm.cpp:1166
Event: 6026.853 Thread 0x0000000066054800 Threw 0x00000007c9298a98 at C:\jdk7u1_64p\jdk7u11\hotspot\src\share\vm\prims\jvm.cpp:1166
Event: 6026.853 Thread 0x0000000066054800 Threw 0x00000007c92b3a48 at C:\jdk7u1_64p\jdk7u11\hotspot\src\share\vm\prims\jvm.cpp:1166
Event: 6026.853 Thread 0x0000000066054800 Threw 0x00000007c92cebd0 at C:\jdk7u1_64p\jdk7u11\hotspot\src\share\vm\prims\jvm.cpp:1166
Event: 6026.854 Thread 0x0000000066054800 Implicit null exception at 0x00000000361b4341 to 0x00000000361b4b7d
Event: 6026.867 Thread 0x0000000066054800 Implicit null exception at 0x00000000361e7e65 to 0x00000000361ea09d
Event: 6026.872 Thread 0x0000000066054800 Implicit null exception at 0x0000000036182836 to 0x00000000361839bd

Events (10 events):
Event: 6032.239 Thread 0x0000000066083000 Thread exited: 0x0000000066083000
Event: 6032.239 Thread 0x000000006606d800 Thread exited: 0x000000006606d800
Event: 6032.239 Thread 0x00000000660ed000 Thread exited: 0x00000000660ed000
Event: 6032.239 Executing VM operation: RevokeBias
Event: 6032.239 Executing VM operation: RevokeBias done
Event: 6032.239 Thread 0x0000000072746800 Thread exited: 0x0000000072746800
Event: 6032.259 Thread 0x0000000065e82800 Thread exited: 0x0000000065e82800
Event: 6032.268 Thread 0x000000033d7a1000 Thread exited: 0x000000033d7a1000
Event: 6032.337 Thread 0x0000000373d52800 Thread exited: 0x0000000373d52800
Event: 6032.338 Executing VM operation: Exit


Dynamic libraries:
0x0000000140000000 - 0x0000000140029000 	C:\Program Files\MATLAB\R2013b\bin\win64\matlab.exe
0x00000000775a0000 - 0x0000000077749000 	C:\Windows\SYSTEM32\ntdll.dll
0x0000000077480000 - 0x000000007759f000 	C:\Windows\system32\kernel32.dll
0x000007fefd410000 - 0x000007fefd47c000 	C:\Windows\system32\KERNELBASE.dll
0x00000000750d0000 - 0x0000000075157000 	C:\Windows\System32\SYSFER.DLL
0x000000006f060000 - 0x000000006f3dc000 	C:\Program Files\MATLAB\R2013b\bin\win64\libmwservices.dll
0x000000006fe80000 - 0x000000006ff56000 	C:\Program Files\MATLAB\R2013b\bin\win64\libmwi18n.dll
0x000000006fe70000 - 0x000000006fe7d000 	C:\Program Files\MATLAB\R2013b\bin\win64\libmwresource_core.dll
0x000000006cb40000 - 0x000000006cbd8000 	C:\Program Files\MATLAB\R2013b\bin\win64\MSVCP100.dll
0x000000006c040000 - 0x000000006c112000 	C:\Program Files\MATLAB\R2013b\bin\win64\MSVCR100.dll
0x0000000073720000 - 0x000000007372e000 	C:\Program Files\MATLAB\R2013b\bin\win64\boost_date_time-vc100-mt-1_49.dll
0x00000000736d0000 - 0x00000000736fc000 	C:\Program Files\MATLAB\R2013b\bin\win64\boost_filesystem-vc100-mt-1_49.dll
0x00000000736b0000 - 0x00000000736b9000 	C:\Program Files\MATLAB\R2013b\bin\win64\boost_system-vc100-mt-1_49.dll
0x000007fefd960000 - 0x000007fefda3b000 	C:\Windows\system32\ADVAPI32.dll
0x000007feff3e0000 - 0x000007feff47f000 	C:\Windows\system32\msvcrt.dll
0x000007fefec70000 - 0x000007fefec8f000 	C:\Windows\SYSTEM32\sechost.dll
0x000007feff2b0000 - 0x000007feff3dd000 	C:\Windows\system32\RPCRT4.dll
0x000000006e560000 - 0x000000006e585000 	C:\Program Files\MATLAB\R2013b\bin\win64\LIBEXPAT.dll
0x000000006bcc0000 - 0x000000006be4a000 	C:\Program Files\MATLAB\R2013b\bin\win64\icuin49.dll
0x000000006bf00000 - 0x000000006c03e000 	C:\Program Files\MATLAB\R2013b\bin\win64\icuuc49.dll
0x000000006ab90000 - 0x000000006bcb2000 	C:\Program Files\MATLAB\R2013b\bin\win64\icudt49.dll
0x00000000736a0000 - 0x00000000736b0000 	C:\Program Files\MATLAB\R2013b\bin\win64\icuio49.dll
0x0000000004120000 - 0x00000000041db000 	C:\Program Files\MATLAB\R2013b\bin\win64\libut.dll
0x000000006f960000 - 0x000000006fb07000 	C:\Program Files\MATLAB\R2013b\bin\win64\libmwfl.dll
0x0000000004330000 - 0x000000000473f000 	C:\Program Files\MATLAB\R2013b\bin\win64\libmwMATLAB_res.dll
0x000000006c120000 - 0x000000006c1ff000 	C:\Program Files\MATLAB\R2013b\bin\win64\boost_regex-vc100-mt-1_49.dll
0x0000000077380000 - 0x000000007747a000 	C:\Windows\system32\USER32.dll
0x000007fefefa0000 - 0x000007feff007000 	C:\Windows\system32\GDI32.dll
0x000007fefebe0000 - 0x000007fefebee000 	C:\Windows\system32\LPK.dll
0x000007fefeb10000 - 0x000007fefebd9000 	C:\Windows\system32\USP10.dll
0x000000006e540000 - 0x000000006e551000 	C:\Program Files\MATLAB\R2013b\bin\win64\boost_signals-vc100-mt-1_49.dll
0x000000006e520000 - 0x000000006e531000 	C:\Program Files\MATLAB\R2013b\bin\win64\boost_thread-vc100-mt-1_49.dll
0x000000006ab00000 - 0x000000006ab8c000 	C:\Program Files\MATLAB\R2013b\bin\win64\boost_log-vc100-mt-1_49.dll
0x0000000077770000 - 0x0000000077777000 	C:\Windows\system32\PSAPI.DLL
0x000007fefda40000 - 0x000007fefda8d000 	C:\Windows\system32\WS2_32.dll
0x000007feff010000 - 0x000007feff018000 	C:\Windows\system32\NSI.dll
0x000007fef80f0000 - 0x000007fef8123000 	C:\Program Files\MATLAB\R2013b\bin\win64\tbb.dll
0x000007feff260000 - 0x000007feff279000 	C:\Windows\system32\imagehlp.dll
0x000007fefb930000 - 0x000007fefb95c000 	C:\Windows\system32\POWRPROF.dll
0x000007feff630000 - 0x000007feff807000 	C:\Windows\system32\SETUPAPI.dll
0x000007fefd480000 - 0x000007fefd4b6000 	C:\Windows\system32\CFGMGR32.dll
0x000007fefea30000 - 0x000007fefeb07000 	C:\Windows\system32\OLEAUT32.dll
0x000007fefe820000 - 0x000007fefea23000 	C:\Windows\system32\ole32.dll
0x000007fefd3f0000 - 0x000007fefd40a000 	C:\Windows\system32\DEVOBJ.dll
0x0000000004740000 - 0x000000000483b000 	C:\Program Files\MATLAB\R2013b\bin\win64\libmx.dll
0x000007feef9b0000 - 0x000007feef9d8000 	C:\Program Files\MATLAB\R2013b\bin\win64\tbbmalloc.dll
0x000000006e500000 - 0x000000006e517000 	C:\Program Files\MATLAB\R2013b\bin\win64\zlib1.dll
0x000000006ef00000 - 0x000000006ef4e000 	C:\Program Files\MATLAB\R2013b\bin\win64\libmwregexp.dll
0x000000006eeb0000 - 0x000000006eef7000 	C:\Program Files\MATLAB\R2013b\bin\win64\mpath.dll
0x0000000004840000 - 0x0000000004e68000 	C:\Program Files\MATLAB\R2013b\bin\win64\mlutil.dll
0x000000006e870000 - 0x000000006e8e7000 	C:\Program Files\MATLAB\R2013b\bin\win64\xmlcore.dll
0x000000006a8b0000 - 0x000000006aaf1000 	C:\Program Files\MATLAB\R2013b\bin\win64\xerces-c_2_7.dll
0x000000006e5f0000 - 0x000000006e613000 	C:\Program Files\MATLAB\R2013b\bin\win64\libmwMATLAB_settings_res.dll
0x0000000073690000 - 0x00000000736a0000 	C:\Program Files\MATLAB\R2013b\bin\win64\boost_iostreams-vc100-mt-1_49.dll
0x000000006d440000 - 0x000000006d486000 	C:\Program Files\MATLAB\R2013b\bin\win64\boost_serialization-vc100-mt-1_49.dll
0x000007fefda90000 - 0x000007fefe818000 	C:\Windows\system32\SHELL32.dll
0x000007fefd8e0000 - 0x000007fefd951000 	C:\Windows\system32\SHLWAPI.dll
0x00000000041f0000 - 0x00000000041f6000 	C:\Program Files\MATLAB\R2013b\bin\win64\libmwnativedisplay.dll
0x00000000685f0000 - 0x000000006863d000 	C:\Program Files\MATLAB\R2013b\bin\win64\opccore.dll
0x00000000684f0000 - 0x00000000685c6000 	C:\Program Files\MATLAB\R2013b\bin\win64\opcmodel.dll
0x00000000684c0000 - 0x00000000684ed000 	C:\Program Files\MATLAB\R2013b\bin\win64\opczippackage.dll
0x0000000070c90000 - 0x0000000070c9e000 	C:\Program Files\MATLAB\R2013b\bin\win64\libminizip.dll
0x0000000068340000 - 0x00000000683a6000 	C:\Program Files\MATLAB\R2013b\bin\win64\opcmwservices.dll
0x000007fefa3c0000 - 0x000007fefa460000 	C:\Windows\WinSxS\amd64_microsoft.windows.common-controls_6595b64144ccf1df_5.82.7601.18201_none_a4d3b9377117c3df\COMCTL32.dll
0x000007feff480000 - 0x000007feff517000 	C:\Windows\system32\COMDLG32.dll
0x000007feface0000 - 0x000007fefacf6000 	C:\Windows\system32\NETAPI32.dll
0x000007fefc850000 - 0x000007fefc85c000 	C:\Windows\system32\netutils.dll
0x000007fefce00000 - 0x000007fefce23000 	C:\Windows\system32\srvcli.dll
0x000007fefacc0000 - 0x000007fefacd5000 	C:\Windows\system32\wkscli.dll
0x0000000004e70000 - 0x0000000004f1d000 	C:\Program Files\MATLAB\R2013b\bin\win64\mcr.dll
0x000000006e110000 - 0x000000006e4d0000 	C:\Program Files\MATLAB\R2013b\bin\win64\iqm.dll
0x0000000180000000 - 0x00000001800c2000 	C:\Program Files\MATLAB\R2013b\bin\win64\m_dispatcher.dll
0x0000000004f20000 - 0x000000000571b000 	C:\Program Files\MATLAB\R2013b\bin\win64\m_interpreter.dll
0x000000006d760000 - 0x000000006d784000 	C:\Program Files\MATLAB\R2013b\bin\win64\libmex.dll
0x000000006d6e0000 - 0x000000006d75b000 	C:\Program Files\MATLAB\R2013b\bin\win64\profiler.dll
0x0000000005720000 - 0x0000000005898000 	C:\Program Files\MATLAB\R2013b\bin\win64\libmwmathutil.dll
0x0000000004200000 - 0x0000000004227000 	C:\Program Files\MATLAB\R2013b\bin\win64\libmwmathrng.dll
0x000000006d410000 - 0x000000006d420000 	C:\Program Files\MATLAB\R2013b\bin\win64\libmwmfl_rng.dll
0x00000000058a0000 - 0x00000000059b8000 	C:\Program Files\MATLAB\R2013b\bin\win64\libmwmathcore.dll
0x000000006d2b0000 - 0x000000006d313000 	C:\Program Files\MATLAB\R2013b\bin\win64\libmwspmatrix.dll
0x00000000059c0000 - 0x0000000005c22000 	C:\Program Files\MATLAB\R2013b\bin\win64\mcos.dll
0x000000006cfc0000 - 0x000000006d01c000 	C:\Program Files\MATLAB\R2013b\bin\win64\libmwcholmod.dll
0x000000006cfb0000 - 0x000000006cfbc000 	C:\Program Files\MATLAB\R2013b\bin\win64\libmwamd.dll
0x000000006cfa0000 - 0x000000006cfab000 	C:\Program Files\MATLAB\R2013b\bin\win64\libmwcolamd.dll
0x000000006cf80000 - 0x000000006cf93000 	C:\Program Files\MATLAB\R2013b\bin\win64\libmwblas.dll
0x000000006cf60000 - 0x000000006cf75000 	C:\Program Files\MATLAB\R2013b\bin\win64\libmwbinder.dll
0x000000006cf50000 - 0x000000006cf5b000 	C:\Program Files\MATLAB\R2013b\bin\win64\libmwompwrapper.dll
0x000000006ced0000 - 0x000000006cf4f000 	C:\Program Files\MATLAB\R2013b\bin\win64\libmwlapack.dll
0x000000006ceb0000 - 0x000000006ced0000 	C:\Program Files\MATLAB\R2013b\bin\win64\m_pcodeio.dll
0x000000006ce50000 - 0x000000006ceac000 	C:\Program Files\MATLAB\R2013b\bin\win64\m_ir.dll
0x0000000005c30000 - 0x00000000062e5000 	C:\Program Files\MATLAB\R2013b\bin\win64\m_parser.dll
0x000000006c780000 - 0x000000006c797000 	C:\Program Files\MATLAB\R2013b\bin\win64\ir_xfmr.dll
0x000000006c770000 - 0x000000006c780000 	C:\Program Files\MATLAB\R2013b\bin\win64\mtok.dll
0x000000006c740000 - 0x000000006c768000 	C:\Program Files\MATLAB\R2013b\bin\win64\m_pcodegen.dll
0x000007feed5d0000 - 0x000007feed6f5000 	C:\Windows\system32\dbghelp.dll
0x000000006c710000 - 0x000000006c73f000 	C:\Program Files\MATLAB\R2013b\bin\win64\libmwbridge.dll
0x000000006c650000 - 0x000000006c706000 	C:\Program Files\MATLAB\R2013b\bin\win64\udd.dll
0x00000000062f0000 - 0x0000000006441000 	C:\Program Files\MATLAB\R2013b\bin\win64\libmwgui.dll
0x000000006c4d0000 - 0x000000006c4f8000 	C:\Program Files\MATLAB\R2013b\bin\win64\graphics_util.dll
0x000000006a7f0000 - 0x000000006a8a8000 	C:\Program Files\MATLAB\R2013b\bin\win64\libtex_base.dll
0x0000000006450000 - 0x0000000006db6000 	C:\Program Files\MATLAB\R2013b\bin\win64\hg.dll
0x0000000006dc0000 - 0x0000000006e1d000 	C:\Program Files\MATLAB\R2013b\bin\win64\libmat.dll
0x0000000006e20000 - 0x0000000007028000 	C:\Program Files\MATLAB\R2013b\bin\win64\hdf5dll.dll
0x0000000007040000 - 0x0000000007108000 	C:\Program Files\MATLAB\R2013b\bin\win64\jmi.dll
0x0000000007110000 - 0x000000000711e000 	C:\Program Files\MATLAB\R2013b\bin\win64\nativejava_services.dll
0x0000000007120000 - 0x0000000007162000 	C:\Program Files\MATLAB\R2013b\bin\win64\libmwhardcopy.dll
0x0000000007170000 - 0x00000000071ce000 	C:\Program Files\MATLAB\R2013b\bin\win64\libuij.dll
0x00000000071d0000 - 0x00000000073d5000 	C:\Program Files\MATLAB\R2013b\bin\win64\hgdatatypes.dll
0x00000000073e0000 - 0x00000000074f2000 	C:\Program Files\MATLAB\R2013b\bin\win64\hgutils.dll
0x0000000007500000 - 0x00000000075ae000 	C:\Program Files\MATLAB\R2013b\bin\win64\udd_mi.dll
0x00000000075b0000 - 0x00000000075e6000 	C:\Program Files\MATLAB\R2013b\bin\win64\libmwgbtutils.dll
0x00000000075f0000 - 0x0000000007603000 	C:\Program Files\MATLAB\R2013b\bin\win64\libmwgbt.dll
0x0000000007610000 - 0x00000000078df000 	C:\Program Files\MATLAB\R2013b\bin\win64\uiw.dll
0x00000000078e0000 - 0x00000000078e9000 	C:\Program Files\MATLAB\R2013b\bin\win64\uinone.dll
0x00000000078f0000 - 0x000000000791c000 	C:\Program Files\MATLAB\R2013b\bin\win64\libmwnativedialogs.dll
0x0000000007930000 - 0x000000000793c000 	C:\Program Files\MATLAB\R2013b\bin\win64\libmwplatform_res.dll
0x000007fef5470000 - 0x000007fef5488000 	C:\Windows\system32\MPR.dll
0x000000006a290000 - 0x000000006a7ed000 	C:\Program Files\MATLAB\R2013b\bin\win64\mfc100.dll
0x000007fefa3b0000 - 0x000007fefa3b7000 	C:\Windows\system32\MSIMG32.dll
0x000007fefa330000 - 0x000007fefa3a1000 	C:\Windows\system32\WINSPOOL.DRV
0x0000000007940000 - 0x000000000795d000 	C:\Program Files\MATLAB\R2013b\bin\win64\mwoles05.DLL
0x0000000007960000 - 0x00000000079cc000 	C:\Program Files\MATLAB\R2013b\bin\win64\comcli.dll
0x000000006e4d0000 - 0x000000006e4fb000 	C:\Program Files\MATLAB\R2013b\bin\win64\ATL100.DLL
0x00000000079d0000 - 0x00000000079dc000 	C:\Program Files\MATLAB\R2013b\bin\win64\mlautoregister.dll
0x00000000079e0000 - 0x0000000007b4f000 	C:\Program Files\MATLAB\R2013b\bin\win64\mvm.dll
0x000007feff280000 - 0x000007feff2ae000 	C:\Windows\system32\IMM32.DLL
0x000007feff520000 - 0x000007feff629000 	C:\Windows\system32\MSCTF.dll
0x000007fefbd30000 - 0x000007fefbd86000 	C:\Windows\system32\UxTheme.dll

VM Arguments:
jvm_args: -XX:PermSize=32m -Xms64m -XX:NewRatio=3 -XX:MaxPermSize=128m -Xmx4096m -XX:MaxDirectMemorySize=2147400000 -Dsun.java2d.noddraw=true -Dsun.awt.nopixfmt=true -Xshare:off -Xrs -XX:-UseSplitVerifier -Djava.library.path=C:\Program Files\MATLAB\R2013b\bin\win64;C:\Program Files\MATLAB\R2013b\sys\jxbrowser\win64\lib;C:\Program Files\Micro-Manager-1.4.17 vfprintf abort -Duser.language=en -Duser.country=US -XX:ParallelGCThreads=6 
java_command: <unknown>
Launcher Type: generic

Environment Variables:
PATH=C:\Python27\Lib\site-packages\PyQt4;C:\Windows\system32;C:\Windows;C:\Windows\System32\Wbem;C:\Windows\System32\WindowsPowerShell\v1.0\;C:\Program Files\TortoiseSVN\bin;C:\Python27;C:\Python27\DLLs;C:\Python27\Scripts;C:\Python27\Lib\site-packages\vtk;C:\Python27\gnuplot\binary;C:\Program Files (x86)\pythonxy\SciTE-3.3.2-3;C:\Program Files (x86)\pythonxy\console;C:\MinGW32-xy\bin;C:\Program Files (x86)\IVI Foundation\VISA\WinNT\Bin;\Serial;\Serial;C:\Program Files\SiliconSoftware\Runtime5.2.2\BIN;C:\Program Files\MATLAB\R2013b\bin;C:\Program Files\Micro-Manager-1.4.17;C:\BitFlow SDK 5.70\Bin64;C:\BitFlow SDK 5.70\Bin32;C:\Program Files\CameraLink\Serial;C:\Program Files (x86)\CameraLink\Serial;C:\Program Files\Micro-Manager-1.4.17
USERNAME=nicuser
OS=Windows_NT
PROCESSOR_IDENTIFIER=Intel64 Family 6 Model 45 Stepping 7, GenuineIntel



---------------  S Y S T E M  ---------------

OS: Windows 7 , 64 bit Build 7601 Service Pack 1

CPU:total 16 (4 cores per cpu, 2 threads per core) family 6 model 45 stepping 7, cmov, cx8, fxsr, mmx, sse, sse2, sse3, ssse3, sse4.1, sse4.2, popcnt, avx, ht, tsc, tscinvbit, tscinv

Memory: 4k page, physical 33476304k(28982804k free), swap 66950744k(62374220k free)

vm_info: Java HotSpot(TM) 64-Bit Server VM (23.6-b04) for windows-amd64 JRE (1.7.0_11-b21), built on Jan 12 2013 02:38:42 by "java_re" with unknown MS VC++:1600

time: Mon Oct 20 12:54:11 2014
elapsed time: 6032 seconds

