#
# A fatal error has been detected by the Java Runtime Environment:
#
#  EXCEPTION_UNCAUGHT_CXX_EXCEPTION (0xe06d7363) at pc=0x000007fefcf9940d, pid=5548, tid=5240
#
# JRE version: 7.0_11-b21
# Java VM: Java HotSpot(TM) 64-Bit Server VM (23.6-b04 mixed mode windows-amd64 compressed oops)
# Problematic frame:
# C  [KERNELBASE.dll+0x940d]
#
# Failed to write core dump. Minidumps are not enabled by default on client versions of Windows
#
# If you would like to submit a bug report, please visit:
#   http://bugreport.sun.com/bugreport/crash.jsp
# The crash happened outside the Java Virtual Machine in native code.
# See problematic frame for where to report the bug.
#

---------------  T H R E A D  ---------------

Current thread (0x0000000073a71000):  JavaThread "AcquisitionEngine2010 Thread (Clojure)" [_thread_in_native, id=5240, stack(0x00000001800d0000,0x00000001840d0000)]

siginfo: ExceptionCode=0xe06d7363, ExceptionInformation=0x0000000019930520 0x00000001840ce3d0 0x000007feef001e08 0x000007feeefa0000 

Registers:
RAX=0x00000001f333e61d, RBX=0x00000001840ce3d0, RCX=0x00000001840cda10, RDX=0x00000000000000d0
RSP=0x00000001840ce020, RBP=0x00000001840ce150, RSI=0x000000006c5d1650, RDI=0x000007feef001e08
R8 =0x0000000000000000, R9 =0x0000000000000000, R10=0x000007feeefa0000, R11=0x00000001840ce060
R12=0x00000000722c6cc0, R13=0x000000007d6d9e20, R14=0x000000007d6d9e00, R15=0x00000001840ceb18
RIP=0x000007fefcf9940d, EFLAGS=0x0000000000000206

Top of Stack: (sp=0x00000001840ce020)
0x00000001840ce020:   00000001840ce3d0 000000006c5d1650
0x00000001840ce030:   000007feef001e08 000007feeefd418f
0x00000001840ce040:   00000001e06d7363 0000000000000000
0x00000001840ce050:   000007fefcf9940d 000007fe00000004
0x00000001840ce060:   0000000019930520 00000001840ce3d0
0x00000001840ce070:   000007feef001e08 000007feeefa0000
0x00000001840ce080:   000000006c5d4d20 00000001840ce108
0x00000001840ce090:   00000000000015ac 000007fef7501dee
0x00000001840ce0a0:   000000006d7aa050 0000000000001478
0x00000001840ce0b0:   00000001840ce3e8 000007feeefa5e14
0x00000001840ce0c0:   000000007d6d9e00 000000007d6d9e20
0x00000001840ce0d0:   00000000722c6cc0 000007feef001e08
0x00000001840ce0e0:   000000006c5d1650 000007feeefd05f9
0x00000001840ce0f0:   00000001840ce3d0 00000001840ce160
0x00000001840ce100:   0000000000000001 000007feeefa00f8
0x00000001840ce110:   00000001e06d7363 0000000000000000 

Instructions: (pc=0x000007fefcf9940d)
0x000007fefcf993ed:   54 24 24 48 89 4c 24 28 4d 85 c9 0f 85 aa 18 00
0x000007fefcf993fd:   00 89 4c 24 38 48 8d 4c 24 20 ff 15 93 1e 04 00
0x000007fefcf9940d:   48 81 c4 c8 00 00 00 c3 90 90 90 90 90 90 90 90
0x000007fefcf9941d:   90 90 90 48 8b c4 48 83 ec 78 41 f7 c0 fe ff ff 


Register to memory mapping:

RAX=0x00000001f333e61d is an unknown value
RBX=0x00000001840ce3d0 is pointing into the stack for thread: 0x0000000073a71000
RCX=0x00000001840cda10 is pointing into the stack for thread: 0x0000000073a71000
RDX=0x00000000000000d0 is an unknown value
RSP=0x00000001840ce020 is pointing into the stack for thread: 0x0000000073a71000
RBP=0x00000001840ce150 is pointing into the stack for thread: 0x0000000073a71000
RSI=0x000000006c5d1650 is an unknown value
RDI=0x000007feef001e08 is an unknown value
R8 =0x0000000000000000 is an unknown value
R9 =0x0000000000000000 is an unknown value
R10=0x000007feeefa0000 is an unknown value
R11=0x00000001840ce060 is pointing into the stack for thread: 0x0000000073a71000
R12=0x00000000722c6cc0 is an unknown value
R13=0x000000007d6d9e20 is an unknown value
R14=0x000000007d6d9e00 is an unknown value
R15=0x00000001840ceb18 is pointing into the stack for thread: 0x0000000073a71000


Stack: [0x00000001800d0000,0x00000001840d0000],  sp=0x00000001840ce020,  free space=65528k
Native frames: (J=compiled Java code, j=interpreted, Vv=VM code, C=native code)
C  [KERNELBASE.dll+0x940d]
C  0x000007feeefb46fd

Java frames: (J=compiled Java code, j=interpreted, Vv=VM code)
j  mmcorej.MMCoreJJNI.CMMCore_setProperty__SWIG_0(JLmmcorej/CMMCore;Ljava/lang/String;Ljava/lang/String;Ljava/lang/String;)V+0
j  mmcorej.CMMCore.setProperty(Ljava/lang/String;Ljava/lang/String;Ljava/lang/String;)V+8
v  ~StubRoutines::call_stub
j  sun.reflect.NativeMethodAccessorImpl.invoke0(Ljava/lang/reflect/Method;Ljava/lang/Object;[Ljava/lang/Object;)Ljava/lang/Object;+0
j  sun.reflect.NativeMethodAccessorImpl.invoke(Ljava/lang/Object;[Ljava/lang/Object;)Ljava/lang/Object;+87
J  java.lang.reflect.Method.invoke(Ljava/lang/Object;[Ljava/lang/Object;)Ljava/lang/Object;
j  clojure.lang.Reflector.invokeMatchingMethod(Ljava/lang/String;Ljava/util/List;Ljava/lang/Object;[Ljava/lang/Object;)Ljava/lang/Object;+244
J  clojure.lang.Reflector.invokeInstanceMethod(Ljava/lang/Object;Ljava/lang/String;[Ljava/lang/Object;)Ljava/lang/Object;
j  org.micromanager.acq_engine$set_property$attempt__846__auto____944.invoke()Ljava/lang/Object;+133
j  org.micromanager.acq_engine$set_property$fn__948.invoke()Ljava/lang/Object;+7
j  org.micromanager.acq_engine$set_property.invoke(Ljava/lang/Object;)Ljava/lang/Object;+161
J  clojure.core$map$fn__3811.invoke()Ljava/lang/Object;
J  clojure.lang.RT.seq(Ljava/lang/Object;)Lclojure/lang/ISeq;
J  clojure.core$seq.invoke(Ljava/lang/Object;)Ljava/lang/Object;
j  clojure.core$dorun.invoke(Ljava/lang/Object;)Ljava/lang/Object;+10
j  org.micromanager.acq_engine$return_config.invoke()Ljava/lang/Object;+116
j  org.micromanager.acq_engine$cleanup$fn__1247.invoke()Ljava/lang/Object;+9
j  org.micromanager.acq_engine$cleanup.invoke()Ljava/lang/Object;+95
j  org.micromanager.acq_engine$run_acquisition.invoke(Ljava/lang/Object;Ljava/lang/Object;Ljava/lang/Object;Ljava/lang/Object;Ljava/lang/Object;)Ljava/lang/Object;+338
j  org.micromanager.acq_engine$run$fn__1457.invoke()Ljava/lang/Object;+70
j  clojure.lang.AFn.run()V+1
j  java.lang.Thread.run()V+11
v  ~StubRoutines::call_stub

---------------  P R O C E S S  ---------------

Java Threads: ( => current thread )
  0x0000000073a6f800 JavaThread "clojure-agent-send-off-pool-0" [_thread_blocked, id=5324, stack(0x0000000388660000,0x000000038c660000)]
  0x0000000073a70000 JavaThread "tagged image sink thread" [_thread_blocked, id=5664, stack(0x00000001840d0000,0x00000001880d0000)]
=>0x0000000073a71000 JavaThread "AcquisitionEngine2010 Thread (Clojure)" [_thread_in_native, id=5240, stack(0x00000001800d0000,0x00000001840d0000)]
  0x0000000073a67000 JavaThread "Inactive RequestProcessor thread [Was:TimedSoftReference/org.openide.util.TimedSoftReference]" daemon [_thread_blocked, id=4612, stack(0x0000000178040000,0x000000017c040000)]
  0x0000000073a6a000 JavaThread "Beanshell interpreter" [_thread_blocked, id=3212, stack(0x0000000107ff0000,0x000000010bff0000)]
  0x0000000073a6e800 JavaThread "Thread-55" [_thread_blocked, id=1524, stack(0x00000000ffff0000,0x0000000103ff0000)]
  0x0000000066325800 JavaThread "Code Analyzer updating thread" [_thread_blocked, id=4144, stack(0x00000000fbff0000,0x00000000ffff0000)]
  0x0000000066325000 JavaThread "Code Analyzer updating thread" [_thread_blocked, id=2672, stack(0x00000000f7ff0000,0x00000000fbff0000)]
  0x0000000066324000 JavaThread "Code Analyzer updating thread" [_thread_blocked, id=5756, stack(0x00000000f3ff0000,0x00000000f7ff0000)]
  0x0000000066323800 JavaThread "Code Analyzer updating thread" [_thread_blocked, id=5564, stack(0x00000000efff0000,0x00000000f3ff0000)]
  0x0000000066322800 JavaThread "Active Reference Queue Daemon" daemon [_thread_blocked, id=1644, stack(0x00000000ebff0000,0x00000000efff0000)]
  0x0000000066322000 JavaThread "Timer-1" daemon [_thread_blocked, id=1364, stack(0x00000000e3ff0000,0x00000000e7ff0000)]
  0x0000000066321000 JavaThread "ClipboardMonitor Timer" daemon [_thread_blocked, id=5536, stack(0x00000000e7ff0000,0x00000000ebff0000)]
  0x0000000066320800 JavaThread "Explorer NavigationContext request queue" daemon [_thread_blocked, id=5836, stack(0x00000000dfff0000,0x00000000e3ff0000)]
  0x000000006631f000 JavaThread "AddressBar directory emptiness poller" daemon [_thread_blocked, id=2128, stack(0x00000000d7ff0000,0x00000000dbff0000)]
  0x000000006631c800 JavaThread "Explorer Refresh Service 636084077" daemon [_thread_blocked, id=5840, stack(0x00000000d3ff0000,0x00000000d7ff0000)]
  0x000000006631f800 JavaThread "TimerQueue" daemon [_thread_blocked, id=5400, stack(0x00000000c3ff0000,0x00000000c7ff0000)]
  0x000000006631c000 JavaThread "Thread-3" daemon [_thread_blocked, id=6096, stack(0x00000000b3ff0000,0x00000000b7ff0000)]
  0x0000000065e67000 JavaThread "FelixPackageAdmin" daemon [_thread_blocked, id=5676, stack(0x00000000bfff0000,0x00000000c3ff0000)]
  0x00000000660e8800 JavaThread "FelixStartLevel" daemon [_thread_blocked, id=2876, stack(0x00000000bbff0000,0x00000000bfff0000)]
  0x000000006610a000 JavaThread "FelixDispatchQueue" daemon [_thread_blocked, id=2144, stack(0x00000000b7ff0000,0x00000000bbff0000)]
  0x0000000066043000 JavaThread "AWT-EventQueue-0" [_thread_blocked, id=5200, stack(0x00000000afff0000,0x00000000b3ff0000)]
  0x0000000065e04800 JavaThread "com.google.common.base.internal.Finalizer" daemon [_thread_blocked, id=1336, stack(0x00000000abff0000,0x00000000afff0000)]
  0x0000000065df4800 JavaThread "AWT-Windows" daemon [_thread_in_native, id=5944, stack(0x00000000a3ff0000,0x00000000a7ff0000)]
  0x0000000065df0000 JavaThread "AWT-Shutdown" [_thread_blocked, id=988, stack(0x000000009fff0000,0x00000000a3ff0000)]
  0x0000000065def000 JavaThread "Java2D Disposer" daemon [_thread_blocked, id=5772, stack(0x000000009bff0000,0x000000009fff0000)]
  0x0000000035681000 JavaThread "Timer-0" [_thread_blocked, id=1192, stack(0x0000000097ff0000,0x000000009bff0000)]
  0x00000000659b9000 JavaThread "EventMgr Dispatcher" daemon [_thread_in_native, id=4976, stack(0x0000000093ff0000,0x0000000097ff0000)]
  0x0000000035b2e000 JavaThread "Service Thread" daemon [_thread_blocked, id=5316, stack(0x000000008bff0000,0x000000008fff0000)]
  0x0000000035b2d000 JavaThread "C2 CompilerThread1" daemon [_thread_blocked, id=4984, stack(0x0000000087ff0000,0x000000008bff0000)]
  0x0000000035b28000 JavaThread "C2 CompilerThread0" daemon [_thread_in_native, id=2124, stack(0x0000000083ff0000,0x0000000087ff0000)]
  0x0000000035b27800 JavaThread "Attach Listener" daemon [_thread_blocked, id=5100, stack(0x000000007fff0000,0x0000000083ff0000)]
  0x0000000035aa5800 JavaThread "Finalizer" daemon [_thread_blocked, id=5168, stack(0x00000000771a0000,0x000000007b1a0000)]
  0x0000000035aa0000 JavaThread "Reference Handler" daemon [_thread_blocked, id=3220, stack(0x0000000061700000,0x0000000065700000)]
  0x0000000035674000 JavaThread "main" [_thread_blocked, id=4040, stack(0x0000000000030000,0x0000000004030000)]

Other Threads:
  0x0000000035a95000 VMThread [stack: 0x000000005d700000,0x0000000061700000] [id=1424]
  0x0000000035b6a800 WatcherThread [stack: 0x000000008fff0000,0x0000000093ff0000] [id=5124]

VM state:not at safepoint (normal execution)

VM Mutex/Monitor currently owned by a thread: None

Heap
 PSYoungGen      total 1040832K, used 972455K [0x00000007c0000000, 0x00000007ffff0000, 0x0000000800000000)
  eden space 1033984K, 93% used [0x00000007c0000000,0x00000007fb501c30,0x00000007ff1c0000)
  from space 6848K, 9% used [0x00000007ff1c0000,0x00000007ff268000,0x00000007ff870000)
  to   space 6528K, 0% used [0x00000007ff990000,0x00000007ff990000,0x00000007ffff0000)
 ParOldGen       total 95680K, used 68574K [0x0000000700000000, 0x0000000705d70000, 0x00000007c0000000)
  object space 95680K, 71% used [0x0000000700000000,0x00000007042f7b20,0x0000000705d70000)
 PSPermGen       total 93248K, used 83185K [0x00000006f8000000, 0x00000006fdb10000, 0x0000000700000000)
  object space 93248K, 89% used [0x00000006f8000000,0x00000006fd13c698,0x00000006fdb10000)

Card table byte_map: [0x0000000038e70000,0x00000000396c0000] byte_map_base: 0x00000000356b0000

Polling page: 0x0000000007e00000

Code Cache  [0x0000000035e70000, 0x0000000036420000, 0x0000000038e70000)
 total_blobs=2686 nmethods=1919 adapters=715 free_code_cache=43478Kb largest_free_block=44424960

Compilation events (10 events):
Event: 49.286 Thread 0x0000000035b28000 2161             javax.swing.text.AbstractDocument$BranchElement::getElement (17 bytes)
Event: 49.287 Thread 0x0000000035b28000 nmethod 2161 0x00000000363ea0d0 code [0x00000000363ea200, 0x00000000363ea2b8]
Event: 49.297 Thread 0x0000000035b2d000 2162             clojure.lang.APersistentVector::hashCode (62 bytes)
Event: 49.300 Thread 0x0000000035b28000 2163             clojure.lang.PersistentHashMap$BitmapIndexedNode::without (187 bytes)
Event: 49.303 Thread 0x0000000035b2d000 nmethod 2162 0x0000000036407ed0 code [0x0000000036408040, 0x0000000036408478]
Event: 49.303 Thread 0x0000000035b2d000 2164             clojure.lang.APersistentVector::doEquiv (158 bytes)
Event: 49.318 Thread 0x0000000035b2d000 nmethod 2164 0x000000003640d510 code [0x000000003640d7e0, 0x000000003640e7f0]
Event: 49.318 Thread 0x0000000035b2d000 2165             clojure.lang.APersistentVector$2::next (19 bytes)
Event: 49.319 Thread 0x0000000035b2d000 nmethod 2165 0x0000000036406c50 code [0x0000000036406da0, 0x0000000036406e38]
Event: 49.319 Thread 0x0000000035b2d000 2166   !         clojure.lang.Reflector::invokeMatchingMethod (299 bytes)

GC Heap History (10 events):
Event: 42.923 GC heap before
{Heap before GC invocations=451 (full 5):
 PSYoungGen      total 1041152K, used 128K [0x00000007c0000000, 0x0000000800000000, 0x0000000800000000)
  eden space 1033536K, 0% used [0x00000007c0000000,0x00000007c0000000,0x00000007ff150000)
  from space 7616K, 1% used [0x00000007ff890000,0x00000007ff8b0000,0x0000000800000000)
  to   space 7424K, 0% used [0x00000007ff150000,0x00000007ff150000,0x00000007ff890000)
 ParOldGen       total 95680K, used 70040K [0x0000000700000000, 0x0000000705d70000, 0x00000007c0000000)
  object space 95680K, 73% used [0x0000000700000000,0x00000007044663e0,0x0000000705d70000)
 PSPermGen       total 93248K, used 82319K [0x00000006f8000000, 0x00000006fdb10000, 0x0000000700000000)
  object space 93248K, 88% used [0x00000006f8000000,0x00000006fd063f28,0x00000006fdb10000)
Event: 43.046 GC heap after
Heap after GC invocations=451 (full 5):
 PSYoungGen      total 1041152K, used 0K [0x00000007c0000000, 0x0000000800000000, 0x0000000800000000)
  eden space 1033536K, 0% used [0x00000007c0000000,0x00000007c0000000,0x00000007ff150000)
  from space 7616K, 0% used [0x00000007ff890000,0x00000007ff890000,0x0000000800000000)
  to   space 7424K, 0% used [0x00000007ff150000,0x00000007ff150000,0x00000007ff890000)
 ParOldGen       total 95680K, used 69868K [0x0000000700000000, 0x0000000705d70000, 0x00000007c0000000)
  object space 95680K, 73% used [0x0000000700000000,0x000000070443b338,0x0000000705d70000)
 PSPermGen       total 93248K, used 82319K [0x00000006f8000000, 0x00000006fdb10000, 0x0000000700000000)
  object space 93248K, 88% used [0x00000006f8000000,0x00000006fd063f28,0x00000006fdb10000)
}
Event: 43.051 GC heap before
{Heap before GC invocations=452 (full 5):
 PSYoungGen      total 1041152K, used 305008K [0x00000007c0000000, 0x0000000800000000, 0x0000000800000000)
  eden space 1033536K, 29% used [0x00000007c0000000,0x00000007d29dc188,0x00000007ff150000)
  from space 7616K, 0% used [0x00000007ff890000,0x00000007ff890000,0x0000000800000000)
  to   space 7424K, 0% used [0x00000007ff150000,0x00000007ff150000,0x00000007ff890000)
 ParOldGen       total 95680K, used 69868K [0x0000000700000000, 0x0000000705d70000, 0x00000007c0000000)
  object space 95680K, 73% used [0x0000000700000000,0x000000070443b338,0x0000000705d70000)
 PSPermGen       total 93248K, used 82319K [0x00000006f8000000, 0x00000006fdb10000, 0x0000000700000000)
  object space 93248K, 88% used [0x00000006f8000000,0x00000006fd063f48,0x00000006fdb10000)
Event: 43.054 GC heap after
Heap after GC invocations=452 (full 5):
 PSYoungGen      total 1040960K, used 224K [0x00000007c0000000, 0x0000000800000000, 0x0000000800000000)
  eden space 1033536K, 0% used [0x00000007c0000000,0x00000007c0000000,0x00000007ff150000)
  from space 7424K, 3% used [0x00000007ff150000,0x00000007ff188000,0x00000007ff890000)
  to   space 7168K, 0% used [0x00000007ff900000,0x00000007ff900000,0x0000000800000000)
 ParOldGen       total 95680K, used 69868K [0x0000000700000000, 0x0000000705d70000, 0x00000007c0000000)
  object space 95680K, 73% used [0x0000000700000000,0x000000070443b338,0x0000000705d70000)
 PSPermGen       total 93248K, used 82319K [0x00000006f8000000, 0x00000006fdb10000, 0x0000000700000000)
  object space 93248K, 88% used [0x00000006f8000000,0x00000006fd063f48,0x00000006fdb10000)
}
Event: 43.054 GC heap before
{Heap before GC invocations=453 (full 6):
 PSYoungGen      total 1040960K, used 224K [0x00000007c0000000, 0x0000000800000000, 0x0000000800000000)
  eden space 1033536K, 0% used [0x00000007c0000000,0x00000007c0000000,0x00000007ff150000)
  from space 7424K, 3% used [0x00000007ff150000,0x00000007ff188000,0x00000007ff890000)
  to   space 7168K, 0% used [0x00000007ff900000,0x00000007ff900000,0x0000000800000000)
 ParOldGen       total 95680K, used 69868K [0x0000000700000000, 0x0000000705d70000, 0x00000007c0000000)
  object space 95680K, 73% used [0x0000000700000000,0x000000070443b338,0x0000000705d70000)
 PSPermGen       total 93248K, used 82319K [0x00000006f8000000, 0x00000006fdb10000, 0x0000000700000000)
  object space 93248K, 88% used [0x00000006f8000000,0x00000006fd063f48,0x00000006fdb10000)
Event: 43.151 GC heap after
Heap after GC invocations=453 (full 6):
 PSYoungGen      total 1040960K, used 0K [0x00000007c0000000, 0x0000000800000000, 0x0000000800000000)
  eden space 1033536K, 0% used [0x00000007c0000000,0x00000007c0000000,0x00000007ff150000)
  from space 7424K, 0% used [0x00000007ff150000,0x00000007ff150000,0x00000007ff890000)
  to   space 7168K, 0% used [0x00000007ff900000,0x00000007ff900000,0x0000000800000000)
 ParOldGen       total 95680K, used 68498K [0x0000000700000000, 0x0000000705d70000, 0x00000007c0000000)
  object space 95680K, 71% used [0x0000000700000000,0x00000007042e4a48,0x0000000705d70000)
 PSPermGen       total 93248K, used 82319K [0x00000006f8000000, 0x00000006fdb10000, 0x0000000700000000)
  object space 93248K, 88% used [0x00000006f8000000,0x00000006fd063f48,0x00000006fdb10000)
}
Event: 43.190 GC heap before
{Heap before GC invocations=454 (full 6):
 PSYoungGen      total 1040960K, used 1033536K [0x00000007c0000000, 0x0000000800000000, 0x0000000800000000)
  eden space 1033536K, 100% used [0x00000007c0000000,0x00000007ff150000,0x00000007ff150000)
  from space 7424K, 0% used [0x00000007ff150000,0x00000007ff150000,0x00000007ff890000)
  to   space 7168K, 0% used [0x00000007ff900000,0x00000007ff900000,0x0000000800000000)
 ParOldGen       total 95680K, used 68503K [0x0000000700000000, 0x0000000705d70000, 0x00000007c0000000)
  object space 95680K, 71% used [0x0000000700000000,0x00000007042e5f60,0x0000000705d70000)
 PSPermGen       total 93248K, used 82352K [0x00000006f8000000, 0x00000006fdb10000, 0x0000000700000000)
  object space 93248K, 88% used [0x00000006f8000000,0x00000006fd06c3a0,0x00000006fdb10000)
Event: 43.194 GC heap after
Heap after GC invocations=454 (full 6):
 PSYoungGen      total 1040256K, used 224K [0x00000007c0000000, 0x00000007fff20000, 0x0000000800000000)
  eden space 1033984K, 0% used [0x00000007c0000000,0x00000007c0000000,0x00000007ff1c0000)
  from space 6272K, 3% used [0x00000007ff900000,0x00000007ff938000,0x00000007fff20000)
  to   space 6848K, 0% used [0x00000007ff1c0000,0x00000007ff1c0000,0x00000007ff870000)
 ParOldGen       total 95680K, used 68503K [0x0000000700000000, 0x0000000705d70000, 0x00000007c0000000)
  object space 95680K, 71% used [0x0000000700000000,0x00000007042e5f60,0x0000000705d70000)
 PSPermGen       total 93248K, used 82352K [0x00000006f8000000, 0x00000006fdb10000, 0x0000000700000000)
  object space 93248K, 88% used [0x00000006f8000000,0x00000006fd06c3a0,0x00000006fdb10000)
}
Event: 44.380 GC heap before
{Heap before GC invocations=455 (full 6):
 PSYoungGen      total 1040256K, used 1034208K [0x00000007c0000000, 0x00000007fff20000, 0x0000000800000000)
  eden space 1033984K, 100% used [0x00000007c0000000,0x00000007ff1c0000,0x00000007ff1c0000)
  from space 6272K, 3% used [0x00000007ff900000,0x00000007ff938000,0x00000007fff20000)
  to   space 6848K, 0% used [0x00000007ff1c0000,0x00000007ff1c0000,0x00000007ff870000)
 ParOldGen       total 95680K, used 68507K [0x0000000700000000, 0x0000000705d70000, 0x00000007c0000000)
  object space 95680K, 71% used [0x0000000700000000,0x00000007042e6c08,0x0000000705d70000)
 PSPermGen       total 93248K, used 82980K [0x00000006f8000000, 0x00000006fdb10000, 0x0000000700000000)
  object space 93248K, 88% used [0x00000006f8000000,0x00000006fd109330,0x00000006fdb10000)
Event: 44.383 GC heap after
Heap after GC invocations=455 (full 6):
 PSYoungGen      total 1040832K, used 672K [0x00000007c0000000, 0x00000007ffff0000, 0x0000000800000000)
  eden space 1033984K, 0% used [0x00000007c0000000,0x00000007c0000000,0x00000007ff1c0000)
  from space 6848K, 9% used [0x00000007ff1c0000,0x00000007ff268000,0x00000007ff870000)
  to   space 6528K, 0% used [0x00000007ff990000,0x00000007ff990000,0x00000007ffff0000)
 ParOldGen       total 95680K, used 68574K [0x0000000700000000, 0x0000000705d70000, 0x00000007c0000000)
  object space 95680K, 71% used [0x0000000700000000,0x00000007042f7b20,0x0000000705d70000)
 PSPermGen       total 93248K, used 82980K [0x00000006f8000000, 0x00000006fdb10000, 0x0000000700000000)
  object space 93248K, 88% used [0x00000006f8000000,0x00000006fd109330,0x00000006fdb10000)
}

Deoptimization events (10 events):
Event: 49.291 Thread 0x0000000073a71000 Uncommon trap -58 fr.pc 0x00000000361e3c28
Event: 49.291 Thread 0x0000000073a71000 Uncommon trap -58 fr.pc 0x000000003621a208
Event: 49.291 Thread 0x0000000073a71000 Uncommon trap -58 fr.pc 0x00000000361e3c28
Event: 49.291 Thread 0x0000000073a71000 Uncommon trap -58 fr.pc 0x000000003621968c
Event: 49.291 Thread 0x0000000073a71000 Uncommon trap -58 fr.pc 0x000000003621a208
Event: 49.291 Thread 0x0000000073a71000 Uncommon trap -58 fr.pc 0x00000000361e3c28
Event: 49.291 Thread 0x0000000073a71000 Uncommon trap -58 fr.pc 0x000000003621a208
Event: 49.297 Thread 0x0000000073a71000 Uncommon trap -58 fr.pc 0x000000003636faa8
Event: 49.297 Thread 0x0000000073a71000 Uncommon trap -34 fr.pc 0x0000000036367ce0
Event: 49.301 Thread 0x0000000073a71000 Uncommon trap -83 fr.pc 0x0000000035fcbcd0

Internal exceptions (10 events):
Event: 49.027 Thread 0x0000000073a6f800 Threw 0x00000007d6356fe0 at C:\jdk7u1_64p\jdk7u11\hotspot\src\share\vm\prims\jvm.cpp:1166
Event: 49.035 Thread 0x0000000073a71000 Threw 0x00000007d5f640c8 at C:\jdk7u1_64p\jdk7u11\hotspot\src\share\vm\prims\jvm.cpp:1166
Event: 49.041 Thread 0x0000000073a70000 Threw 0x00000007d7a41bd8 at C:\jdk7u1_64p\jdk7u11\hotspot\src\share\vm\prims\jvm.cpp:1166
Event: 49.043 Thread 0x0000000073a70000 Threw 0x00000007d7a981e8 at C:\jdk7u1_64p\jdk7u11\hotspot\src\share\vm\prims\jvm.cpp:1166
Event: 49.246 Thread 0x0000000073a71000 Implicit null exception at 0x000000003601ca0c to 0x000000003601cab6
Event: 49.286 Thread 0x0000000073a71000 Threw 0x00000007dfa74698 at C:\jdk7u1_64p\jdk7u11\hotspot\src\share\vm\prims\jvm.cpp:1166
Event: 49.287 Thread 0x0000000073a71000 Threw 0x00000007dfab09c8 at C:\jdk7u1_64p\jdk7u11\hotspot\src\share\vm\prims\jvm.cpp:1166
Event: 49.287 Thread 0x0000000073a71000 Threw 0x00000007dfae3e20 at C:\jdk7u1_64p\jdk7u11\hotspot\src\share\vm\prims\jvm.cpp:1166
Event: 49.289 Thread 0x0000000073a71000 Threw 0x00000007dfb8f578 at C:\jdk7u1_64p\jdk7u11\hotspot\src\share\vm\prims\jvm.cpp:1166
Event: 49.290 Thread 0x0000000073a71000 Threw 0x00000007dfbc2150 at C:\jdk7u1_64p\jdk7u11\hotspot\src\share\vm\prims\jvm.cpp:1166

Events (10 events):
Event: 49.291 Thread 0x0000000073a71000 DEOPT PACKING pc=0x00000000361e3c28 sp=0x00000001840cf3f0
Event: 49.291 Thread 0x0000000073a71000 DEOPT UNPACKING pc=0x0000000035ea9164 sp=0x00000001840cf390 mode 2
Event: 49.291 Thread 0x0000000073a71000 DEOPT PACKING pc=0x000000003621a208 sp=0x00000001840cf3e0
Event: 49.291 Thread 0x0000000073a71000 DEOPT UNPACKING pc=0x0000000035ea9164 sp=0x00000001840cf390 mode 2
Event: 49.297 Thread 0x0000000073a71000 DEOPT PACKING pc=0x000000003636faa8 sp=0x00000001840cf580
Event: 49.297 Thread 0x0000000073a71000 DEOPT UNPACKING pc=0x0000000035ea9164 sp=0x00000001840cf538 mode 2
Event: 49.297 Thread 0x0000000073a71000 DEOPT PACKING pc=0x0000000036367ce0 sp=0x00000001840cf320
Event: 49.297 Thread 0x0000000073a71000 DEOPT UNPACKING pc=0x0000000035ea9164 sp=0x00000001840cf308 mode 2
Event: 49.301 Thread 0x0000000073a71000 DEOPT PACKING pc=0x0000000035fcbcd0 sp=0x00000001840cf340
Event: 49.301 Thread 0x0000000073a71000 DEOPT UNPACKING pc=0x0000000035ea9164 sp=0x00000001840cf2c8 mode 2


Dynamic libraries:
0x0000000140000000 - 0x0000000140029000 	C:\Program Files\MATLAB\R2013b\bin\win64\matlab.exe
0x0000000076fd0000 - 0x0000000077179000 	C:\Windows\SYSTEM32\ntdll.dll
0x0000000076eb0000 - 0x0000000076fcf000 	C:\Windows\system32\kernel32.dll
0x000007fefcf90000 - 0x000007fefcffc000 	C:\Windows\system32\KERNELBASE.dll
0x0000000074b10000 - 0x0000000074b97000 	C:\Windows\System32\SYSFER.DLL
0x000000006f060000 - 0x000000006f3dc000 	C:\Program Files\MATLAB\R2013b\bin\win64\libmwservices.dll
0x000000006fe80000 - 0x000000006ff56000 	C:\Program Files\MATLAB\R2013b\bin\win64\libmwi18n.dll
0x000000006fe70000 - 0x000000006fe7d000 	C:\Program Files\MATLAB\R2013b\bin\win64\libmwresource_core.dll
0x000000006df60000 - 0x000000006dff8000 	C:\Program Files\MATLAB\R2013b\bin\win64\MSVCP100.dll
0x000000006de80000 - 0x000000006df52000 	C:\Program Files\MATLAB\R2013b\bin\win64\MSVCR100.dll
0x00000000731e0000 - 0x00000000731ee000 	C:\Program Files\MATLAB\R2013b\bin\win64\boost_date_time-vc100-mt-1_49.dll
0x0000000073170000 - 0x000000007319c000 	C:\Program Files\MATLAB\R2013b\bin\win64\boost_filesystem-vc100-mt-1_49.dll
0x00000000731d0000 - 0x00000000731d9000 	C:\Program Files\MATLAB\R2013b\bin\win64\boost_system-vc100-mt-1_49.dll
0x000007fefde80000 - 0x000007fefdf5b000 	C:\Windows\system32\ADVAPI32.dll
0x000007fefd6d0000 - 0x000007fefd76f000 	C:\Windows\system32\msvcrt.dll
0x000007fefdf60000 - 0x000007fefdf7f000 	C:\Windows\SYSTEM32\sechost.dll
0x000007fefd5a0000 - 0x000007fefd6cd000 	C:\Windows\system32\RPCRT4.dll
0x0000000073140000 - 0x0000000073165000 	C:\Program Files\MATLAB\R2013b\bin\win64\LIBEXPAT.dll
0x000000006ce30000 - 0x000000006cfba000 	C:\Program Files\MATLAB\R2013b\bin\win64\icuin49.dll
0x000000006d010000 - 0x000000006d14e000 	C:\Program Files\MATLAB\R2013b\bin\win64\icuuc49.dll
0x000000006ac60000 - 0x000000006bd82000 	C:\Program Files\MATLAB\R2013b\bin\win64\icudt49.dll
0x0000000073130000 - 0x0000000073140000 	C:\Program Files\MATLAB\R2013b\bin\win64\icuio49.dll
0x0000000004120000 - 0x00000000041db000 	C:\Program Files\MATLAB\R2013b\bin\win64\libut.dll
0x000000006f960000 - 0x000000006fb07000 	C:\Program Files\MATLAB\R2013b\bin\win64\libmwfl.dll
0x00000000042e0000 - 0x00000000046ef000 	C:\Program Files\MATLAB\R2013b\bin\win64\libmwMATLAB_res.dll
0x000000006dda0000 - 0x000000006de7f000 	C:\Program Files\MATLAB\R2013b\bin\win64\boost_regex-vc100-mt-1_49.dll
0x0000000076db0000 - 0x0000000076eaa000 	C:\Windows\system32\USER32.dll
0x000007fefdd80000 - 0x000007fefdde7000 	C:\Windows\system32\GDI32.dll
0x000007fefddf0000 - 0x000007fefddfe000 	C:\Windows\system32\LPK.dll
0x000007fefdaa0000 - 0x000007fefdb69000 	C:\Windows\system32\USP10.dll
0x0000000073110000 - 0x0000000073121000 	C:\Program Files\MATLAB\R2013b\bin\win64\boost_signals-vc100-mt-1_49.dll
0x00000000730f0000 - 0x0000000073101000 	C:\Program Files\MATLAB\R2013b\bin\win64\boost_thread-vc100-mt-1_49.dll
0x000000006d520000 - 0x000000006d5ac000 	C:\Program Files\MATLAB\R2013b\bin\win64\boost_log-vc100-mt-1_49.dll
0x0000000077190000 - 0x0000000077197000 	C:\Windows\system32\PSAPI.DLL
0x000007fefd3e0000 - 0x000007fefd42d000 	C:\Windows\system32\WS2_32.dll
0x000007fefd9f0000 - 0x000007fefd9f8000 	C:\Windows\system32\NSI.dll
0x000007fef7520000 - 0x000007fef7553000 	C:\Program Files\MATLAB\R2013b\bin\win64\tbb.dll
0x000007fefeff0000 - 0x000007feff009000 	C:\Windows\system32\imagehlp.dll
0x000007fefab70000 - 0x000007fefab9c000 	C:\Windows\system32\POWRPROF.dll
0x000007fefd810000 - 0x000007fefd9e7000 	C:\Windows\system32\SETUPAPI.dll
0x000007fefcf40000 - 0x000007fefcf76000 	C:\Windows\system32\CFGMGR32.dll
0x000007feff010000 - 0x000007feff0e7000 	C:\Windows\system32\OLEAUT32.dll
0x000007fefdb70000 - 0x000007fefdd73000 	C:\Windows\system32\ole32.dll
0x000007fefcf20000 - 0x000007fefcf3a000 	C:\Windows\system32\DEVOBJ.dll
0x00000000046f0000 - 0x00000000047eb000 	C:\Program Files\MATLAB\R2013b\bin\win64\libmx.dll
0x000007fef75e0000 - 0x000007fef7608000 	C:\Program Files\MATLAB\R2013b\bin\win64\tbbmalloc.dll
0x0000000070730000 - 0x0000000070747000 	C:\Program Files\MATLAB\R2013b\bin\win64\zlib1.dll
0x000000006ef00000 - 0x000000006ef4e000 	C:\Program Files\MATLAB\R2013b\bin\win64\libmwregexp.dll
0x000000006eeb0000 - 0x000000006eef7000 	C:\Program Files\MATLAB\R2013b\bin\win64\mpath.dll
0x00000000047f0000 - 0x0000000004e18000 	C:\Program Files\MATLAB\R2013b\bin\win64\mlutil.dll
0x000000006e870000 - 0x000000006e8e7000 	C:\Program Files\MATLAB\R2013b\bin\win64\xmlcore.dll
0x000000006aa10000 - 0x000000006ac51000 	C:\Program Files\MATLAB\R2013b\bin\win64\xerces-c_2_7.dll
0x000000006e5f0000 - 0x000000006e613000 	C:\Program Files\MATLAB\R2013b\bin\win64\libmwMATLAB_settings_res.dll
0x0000000071700000 - 0x0000000071710000 	C:\Program Files\MATLAB\R2013b\bin\win64\boost_iostreams-vc100-mt-1_49.dll
0x000000006d4a0000 - 0x000000006d4e6000 	C:\Program Files\MATLAB\R2013b\bin\win64\boost_serialization-vc100-mt-1_49.dll
0x000007fefdf80000 - 0x000007fefed08000 	C:\Windows\system32\SHELL32.dll
0x000007fefde00000 - 0x000007fefde71000 	C:\Windows\system32\SHLWAPI.dll
0x000000006e580000 - 0x000000006e586000 	C:\Program Files\MATLAB\R2013b\bin\win64\libmwnativedisplay.dll
0x00000000685f0000 - 0x000000006863d000 	C:\Program Files\MATLAB\R2013b\bin\win64\opccore.dll
0x00000000684f0000 - 0x00000000685c6000 	C:\Program Files\MATLAB\R2013b\bin\win64\opcmodel.dll
0x00000000684c0000 - 0x00000000684ed000 	C:\Program Files\MATLAB\R2013b\bin\win64\opczippackage.dll
0x0000000004e30000 - 0x0000000004e3e000 	C:\Program Files\MATLAB\R2013b\bin\win64\libminizip.dll
0x0000000068340000 - 0x00000000683a6000 	C:\Program Files\MATLAB\R2013b\bin\win64\opcmwservices.dll
0x000007fef9740000 - 0x000007fef97e0000 	C:\Windows\WinSxS\amd64_microsoft.windows.common-controls_6595b64144ccf1df_5.82.7601.18201_none_a4d3b9377117c3df\COMCTL32.dll
0x000007fefd770000 - 0x000007fefd807000 	C:\Windows\system32\COMDLG32.dll
0x000007fef9fe0000 - 0x000007fef9ff6000 	C:\Windows\system32\NETAPI32.dll
0x000007fefbf10000 - 0x000007fefbf1c000 	C:\Windows\system32\netutils.dll
0x000007fefc550000 - 0x000007fefc573000 	C:\Windows\system32\srvcli.dll
0x000007fefc460000 - 0x000007fefc475000 	C:\Windows\system32\wkscli.dll
0x000000006e4d0000 - 0x000000006e57d000 	C:\Program Files\MATLAB\R2013b\bin\win64\mcr.dll
0x000000006e110000 - 0x000000006e4d0000 	C:\Program Files\MATLAB\R2013b\bin\win64\iqm.dll
0x0000000180000000 - 0x00000001800c2000 	C:\Program Files\MATLAB\R2013b\bin\win64\m_dispatcher.dll
0x0000000004e40000 - 0x000000000563b000 	C:\Program Files\MATLAB\R2013b\bin\win64\m_interpreter.dll
0x000000006d760000 - 0x000000006d784000 	C:\Program Files\MATLAB\R2013b\bin\win64\libmex.dll
0x000000006d6e0000 - 0x000000006d75b000 	C:\Program Files\MATLAB\R2013b\bin\win64\profiler.dll
0x0000000005640000 - 0x00000000057b8000 	C:\Program Files\MATLAB\R2013b\bin\win64\libmwmathutil.dll
0x000000006d420000 - 0x000000006d447000 	C:\Program Files\MATLAB\R2013b\bin\win64\libmwmathrng.dll
0x000000006d410000 - 0x000000006d420000 	C:\Program Files\MATLAB\R2013b\bin\win64\libmwmfl_rng.dll
0x00000000057c0000 - 0x00000000058d8000 	C:\Program Files\MATLAB\R2013b\bin\win64\libmwmathcore.dll
0x000000006d2b0000 - 0x000000006d313000 	C:\Program Files\MATLAB\R2013b\bin\win64\libmwspmatrix.dll
0x00000000058e0000 - 0x0000000005b42000 	C:\Program Files\MATLAB\R2013b\bin\win64\mcos.dll
0x0000000005b50000 - 0x0000000005bac000 	C:\Program Files\MATLAB\R2013b\bin\win64\libmwcholmod.dll
0x0000000005bb0000 - 0x0000000005bbc000 	C:\Program Files\MATLAB\R2013b\bin\win64\libmwamd.dll
0x0000000005bc0000 - 0x0000000005bcb000 	C:\Program Files\MATLAB\R2013b\bin\win64\libmwcolamd.dll
0x0000000005bd0000 - 0x0000000005be3000 	C:\Program Files\MATLAB\R2013b\bin\win64\libmwblas.dll
0x0000000005bf0000 - 0x0000000005c05000 	C:\Program Files\MATLAB\R2013b\bin\win64\libmwbinder.dll
0x0000000005c10000 - 0x0000000005c1b000 	C:\Program Files\MATLAB\R2013b\bin\win64\libmwompwrapper.dll
0x0000000005c20000 - 0x0000000005c9f000 	C:\Program Files\MATLAB\R2013b\bin\win64\libmwlapack.dll
0x0000000005ca0000 - 0x0000000005cc0000 	C:\Program Files\MATLAB\R2013b\bin\win64\m_pcodeio.dll
0x0000000005cc0000 - 0x0000000005d1c000 	C:\Program Files\MATLAB\R2013b\bin\win64\m_ir.dll
0x0000000005d20000 - 0x00000000063d5000 	C:\Program Files\MATLAB\R2013b\bin\win64\m_parser.dll
0x000000006c780000 - 0x000000006c797000 	C:\Program Files\MATLAB\R2013b\bin\win64\ir_xfmr.dll
0x000000006c770000 - 0x000000006c780000 	C:\Program Files\MATLAB\R2013b\bin\win64\mtok.dll
0x000000006c740000 - 0x000000006c768000 	C:\Program Files\MATLAB\R2013b\bin\win64\m_pcodegen.dll
0x000007feef070000 - 0x000007feef195000 	C:\Windows\system32\dbghelp.dll
0x000000006c710000 - 0x000000006c73f000 	C:\Program Files\MATLAB\R2013b\bin\win64\libmwbridge.dll
0x000000006c650000 - 0x000000006c706000 	C:\Program Files\MATLAB\R2013b\bin\win64\udd.dll
0x00000000063e0000 - 0x0000000006531000 	C:\Program Files\MATLAB\R2013b\bin\win64\libmwgui.dll
0x000000006c4d0000 - 0x000000006c4f8000 	C:\Program Files\MATLAB\R2013b\bin\win64\graphics_util.dll
0x000000006cd70000 - 0x000000006ce28000 	C:\Program Files\MATLAB\R2013b\bin\win64\libtex_base.dll
0x0000000006540000 - 0x0000000006ea6000 	C:\Program Files\MATLAB\R2013b\bin\win64\hg.dll
0x0000000006eb0000 - 0x0000000006f0d000 	C:\Program Files\MATLAB\R2013b\bin\win64\libmat.dll
0x0000000006f10000 - 0x0000000007118000 	C:\Program Files\MATLAB\R2013b\bin\win64\hdf5dll.dll
0x0000000007130000 - 0x00000000071f8000 	C:\Program Files\MATLAB\R2013b\bin\win64\jmi.dll
0x0000000007200000 - 0x000000000720e000 	C:\Program Files\MATLAB\R2013b\bin\win64\nativejava_services.dll
0x0000000007210000 - 0x0000000007252000 	C:\Program Files\MATLAB\R2013b\bin\win64\libmwhardcopy.dll
0x0000000007260000 - 0x00000000072be000 	C:\Program Files\MATLAB\R2013b\bin\win64\libuij.dll
0x00000000072c0000 - 0x00000000074c5000 	C:\Program Files\MATLAB\R2013b\bin\win64\hgdatatypes.dll
0x00000000074d0000 - 0x00000000075e2000 	C:\Program Files\MATLAB\R2013b\bin\win64\hgutils.dll
0x00000000075f0000 - 0x000000000769e000 	C:\Program Files\MATLAB\R2013b\bin\win64\udd_mi.dll
0x00000000076a0000 - 0x00000000076d6000 	C:\Program Files\MATLAB\R2013b\bin\win64\libmwgbtutils.dll
0x00000000076e0000 - 0x00000000076f3000 	C:\Program Files\MATLAB\R2013b\bin\win64\libmwgbt.dll
0x0000000007700000 - 0x00000000079cf000 	C:\Program Files\MATLAB\R2013b\bin\win64\uiw.dll
0x00000000079d0000 - 0x00000000079d9000 	C:\Program Files\MATLAB\R2013b\bin\win64\uinone.dll
0x00000000079e0000 - 0x0000000007a0c000 	C:\Program Files\MATLAB\R2013b\bin\win64\libmwnativedialogs.dll
0x0000000007a20000 - 0x0000000007a2c000 	C:\Program Files\MATLAB\R2013b\bin\win64\libmwplatform_res.dll
0x000007fefba50000 - 0x000007fefba68000 	C:\Windows\system32\MPR.dll
0x000000006a4b0000 - 0x000000006aa0d000 	C:\Program Files\MATLAB\R2013b\bin\win64\mfc100.dll
0x000007fef97e0000 - 0x000007fef97e7000 	C:\Windows\system32\MSIMG32.dll
0x000007fef93a0000 - 0x000007fef9411000 	C:\Windows\system32\WINSPOOL.DRV
0x0000000007a30000 - 0x0000000007a4d000 	C:\Program Files\MATLAB\R2013b\bin\win64\mwoles05.DLL
0x0000000007a50000 - 0x0000000007abc000 	C:\Program Files\MATLAB\R2013b\bin\win64\comcli.dll
0x000000006dd70000 - 0x000000006dd9b000 	C:\Program Files\MATLAB\R2013b\bin\win64\ATL100.DLL
0x0000000007ac0000 - 0x0000000007acc000 	C:\Program Files\MATLAB\R2013b\bin\win64\mlautoregister.dll
0x0000000007ad0000 - 0x0000000007c3f000 	C:\Program Files\MATLAB\R2013b\bin\win64\mvm.dll
0x000007fefed10000 - 0x000007fefed3e000 	C:\Windows\system32\IMM32.DLL
0x000007feff0f0000 - 0x000007feff1f9000 	C:\Windows\system32\MSCTF.dll
0x000007fefb350000 - 0x000007fefb3a6000 	C:\Windows\system32\UxTheme.dll

VM Arguments:
jvm_args: -XX:PermSize=32m -Xms64m -XX:NewRatio=3 -XX:MaxPermSize=128m -Xmx4096m -XX:MaxDirectMemorySize=2147400000 -Dsun.java2d.noddraw=true -Dsun.awt.nopixfmt=true -Xshare:off -Xrs -XX:-UseSplitVerifier -Djava.library.path=C:\Program Files\MATLAB\R2013b\bin\win64;C:\Program Files\MATLAB\R2013b\sys\jxbrowser\win64\lib;C:\Program Files\Micro-Manager-1.4.17 vfprintf abort -Duser.language=en -Duser.country=US -XX:ParallelGCThreads=6 
java_command: <unknown>
Launcher Type: generic

Environment Variables:
PATH=C:\Python27\Lib\site-packages\PyQt4;C:\Windows\system32;C:\Windows;C:\Windows\System32\Wbem;C:\Windows\System32\WindowsPowerShell\v1.0\;C:\Program Files\TortoiseSVN\bin;C:\Python27;C:\Python27\DLLs;C:\Python27\Scripts;C:\Python27\Lib\site-packages\vtk;C:\Python27\gnuplot\binary;C:\Program Files (x86)\pythonxy\SciTE-3.3.2-3;C:\Program Files (x86)\pythonxy\console;C:\MinGW32-xy\bin;C:\Program Files (x86)\IVI Foundation\VISA\WinNT\Bin;\Serial;\Serial;C:\Program Files\SiliconSoftware\Runtime5.2.2\BIN;C:\Program Files\MATLAB\R2013b\bin;C:\Program Files\Micro-Manager-1.4.17;C:\BitFlow SDK 5.70\Bin64;C:\BitFlow SDK 5.70\Bin32;C:\Program Files\CameraLink\Serial;C:\Program Files (x86)\CameraLink\Serial;C:\Program Files\Micro-Manager-1.4.17
USERNAME=nicuser
OS=Windows_NT
PROCESSOR_IDENTIFIER=Intel64 Family 6 Model 45 Stepping 7, GenuineIntel



---------------  S Y S T E M  ---------------

OS: Windows 7 , 64 bit Build 7601 Service Pack 1

CPU:total 16 (4 cores per cpu, 2 threads per core) family 6 model 45 stepping 7, cmov, cx8, fxsr, mmx, sse, sse2, sse3, ssse3, sse4.1, sse4.2, popcnt, avx, ht, tsc, tscinvbit, tscinv

Memory: 4k page, physical 33476304k(20757432k free), swap 66950744k(53382976k free)

vm_info: Java HotSpot(TM) 64-Bit Server VM (23.6-b04) for windows-amd64 JRE (1.7.0_11-b21), built on Jan 12 2013 02:38:42 by "java_re" with unknown MS VC++:1600

time: Thu Aug 21 17:15:01 2014
elapsed time: 49 seconds

